
===========================================================================
report_checks -path_delay max (Setup)
============================================================================
======================= nom_ss_100C_1v60 Corner ===================================

Startpoint: _362_ (rising edge-triggered flip-flop clocked by core_clock)
Endpoint: _366_ (rising edge-triggered flip-flop clocked by core_clock)
Path Group: core_clock
Path Type: max

Fanout         Cap        Slew       Delay        Time   Description
---------------------------------------------------------------------------------------------
                      0.000000    0.000000    0.000000   clock core_clock (rise edge)
                                  0.000000    0.000000   clock network delay (ideal)
                      0.000000    0.000000    0.000000 ^ _362_/CLK (sky130_fd_sc_hd__dfrtp_2)
     5    0.010123    0.112777    0.814400    0.814400 v _362_/Q (sky130_fd_sc_hd__dfrtp_2)
                                                         uart1.counter[0] (net)
                      0.112777    0.000000    0.814400 v _239_/A_N (sky130_fd_sc_hd__and2b_2)
     3    0.006389    0.091987    0.452658    1.267059 ^ _239_/X (sky130_fd_sc_hd__and2b_2)
                                                         _065_ (net)
                      0.091987    0.000000    1.267059 ^ _243_/B1_N (sky130_fd_sc_hd__a21boi_2)
     1    0.002421    0.122507    0.250181    1.517239 ^ _243_/Y (sky130_fd_sc_hd__a21boi_2)
                                                         _069_ (net)
                      0.122507    0.000000    1.517239 ^ _244_/B1 (sky130_fd_sc_hd__o2111a_2)
     2    0.009152    0.139474    0.512566    2.029805 ^ _244_/X (sky130_fd_sc_hd__o2111a_2)
                                                         _070_ (net)
                      0.139474    0.000000    2.029805 ^ _268_/B (sky130_fd_sc_hd__nand4_2)
    10    0.017663    0.370082    0.381048    2.410853 v _268_/Y (sky130_fd_sc_hd__nand4_2)
                                                         _094_ (net)
                      0.370082    0.000000    2.410853 v _321_/A (sky130_fd_sc_hd__and2_2)
     1    0.001838    0.066405    0.485834    2.896687 v _321_/X (sky130_fd_sc_hd__and2_2)
                                                         _012_ (net)
                      0.066405    0.000000    2.896687 v _366_/D (sky130_fd_sc_hd__dfrtp_2)
                                              2.896687   data arrival time

                      0.000000   10.000000   10.000000   clock core_clock (rise edge)
                                  0.000000   10.000000   clock network delay (ideal)
                                  0.000000   10.000000   clock reconvergence pessimism
                                             10.000000 ^ _366_/CLK (sky130_fd_sc_hd__dfrtp_2)
                                 -0.293759    9.706241   library setup time
                                              9.706241   data required time
---------------------------------------------------------------------------------------------
                                              9.706241   data required time
                                             -2.896687   data arrival time
---------------------------------------------------------------------------------------------
                                              6.809554   slack (MET)


Startpoint: _362_ (rising edge-triggered flip-flop clocked by core_clock)
Endpoint: _363_ (rising edge-triggered flip-flop clocked by core_clock)
Path Group: core_clock
Path Type: max

Fanout         Cap        Slew       Delay        Time   Description
---------------------------------------------------------------------------------------------
                      0.000000    0.000000    0.000000   clock core_clock (rise edge)
                                  0.000000    0.000000   clock network delay (ideal)
                      0.000000    0.000000    0.000000 ^ _362_/CLK (sky130_fd_sc_hd__dfrtp_2)
     5    0.010123    0.112777    0.814400    0.814400 v _362_/Q (sky130_fd_sc_hd__dfrtp_2)
                                                         uart1.counter[0] (net)
                      0.112777    0.000000    0.814400 v _239_/A_N (sky130_fd_sc_hd__and2b_2)
     3    0.006389    0.091987    0.452658    1.267059 ^ _239_/X (sky130_fd_sc_hd__and2b_2)
                                                         _065_ (net)
                      0.091987    0.000000    1.267059 ^ _243_/B1_N (sky130_fd_sc_hd__a21boi_2)
     1    0.002421    0.122507    0.250181    1.517239 ^ _243_/Y (sky130_fd_sc_hd__a21boi_2)
                                                         _069_ (net)
                      0.122507    0.000000    1.517239 ^ _244_/B1 (sky130_fd_sc_hd__o2111a_2)
     2    0.009152    0.139474    0.512566    2.029805 ^ _244_/X (sky130_fd_sc_hd__o2111a_2)
                                                         _070_ (net)
                      0.139474    0.000000    2.029805 ^ _268_/B (sky130_fd_sc_hd__nand4_2)
    10    0.017663    0.370082    0.381048    2.410853 v _268_/Y (sky130_fd_sc_hd__nand4_2)
                                                         _094_ (net)
                      0.370082    0.000000    2.410853 v _311_/A (sky130_fd_sc_hd__and2_2)
     1    0.001838    0.066365    0.485834    2.896687 v _311_/X (sky130_fd_sc_hd__and2_2)
                                                         _009_ (net)
                      0.066365    0.000000    2.896687 v _363_/D (sky130_fd_sc_hd__dfrtp_2)
                                              2.896687   data arrival time

                      0.000000   10.000000   10.000000   clock core_clock (rise edge)
                                  0.000000   10.000000   clock network delay (ideal)
                                  0.000000   10.000000   clock reconvergence pessimism
                                             10.000000 ^ _363_/CLK (sky130_fd_sc_hd__dfrtp_2)
                                 -0.293742    9.706258   library setup time
                                              9.706258   data required time
---------------------------------------------------------------------------------------------
                                              9.706258   data required time
                                             -2.896687   data arrival time
---------------------------------------------------------------------------------------------
                                              6.809570   slack (MET)


Startpoint: _362_ (rising edge-triggered flip-flop clocked by core_clock)
Endpoint: _370_ (rising edge-triggered flip-flop clocked by core_clock)
Path Group: core_clock
Path Type: max

Fanout         Cap        Slew       Delay        Time   Description
---------------------------------------------------------------------------------------------
                      0.000000    0.000000    0.000000   clock core_clock (rise edge)
                                  0.000000    0.000000   clock network delay (ideal)
                      0.000000    0.000000    0.000000 ^ _362_/CLK (sky130_fd_sc_hd__dfrtp_2)
     5    0.010123    0.112777    0.814400    0.814400 v _362_/Q (sky130_fd_sc_hd__dfrtp_2)
                                                         uart1.counter[0] (net)
                      0.112777    0.000000    0.814400 v _239_/A_N (sky130_fd_sc_hd__and2b_2)
     3    0.006389    0.091987    0.452658    1.267059 ^ _239_/X (sky130_fd_sc_hd__and2b_2)
                                                         _065_ (net)
                      0.091987    0.000000    1.267059 ^ _243_/B1_N (sky130_fd_sc_hd__a21boi_2)
     1    0.002421    0.122507    0.250181    1.517239 ^ _243_/Y (sky130_fd_sc_hd__a21boi_2)
                                                         _069_ (net)
                      0.122507    0.000000    1.517239 ^ _244_/B1 (sky130_fd_sc_hd__o2111a_2)
     2    0.009152    0.139474    0.512566    2.029805 ^ _244_/X (sky130_fd_sc_hd__o2111a_2)
                                                         _070_ (net)
                      0.139474    0.000000    2.029805 ^ _268_/B (sky130_fd_sc_hd__nand4_2)
    10    0.017663    0.370082    0.381048    2.410853 v _268_/Y (sky130_fd_sc_hd__nand4_2)
                                                         _094_ (net)
                      0.370082    0.000000    2.410853 v _335_/A (sky130_fd_sc_hd__and2_2)
     1    0.001838    0.066380    0.485834    2.896687 v _335_/X (sky130_fd_sc_hd__and2_2)
                                                         _016_ (net)
                      0.066380    0.000000    2.896687 v _370_/D (sky130_fd_sc_hd__dfrtp_2)
                                              2.896687   data arrival time

                      0.000000   10.000000   10.000000   clock core_clock (rise edge)
                                  0.000000   10.000000   clock network delay (ideal)
                                  0.000000   10.000000   clock reconvergence pessimism
                                             10.000000 ^ _370_/CLK (sky130_fd_sc_hd__dfrtp_2)
                                 -0.293749    9.706251   library setup time
                                              9.706251   data required time
---------------------------------------------------------------------------------------------
                                              9.706251   data required time
                                             -2.896687   data arrival time
---------------------------------------------------------------------------------------------
                                              6.809564   slack (MET)


Startpoint: _362_ (rising edge-triggered flip-flop clocked by core_clock)
Endpoint: _368_ (rising edge-triggered flip-flop clocked by core_clock)
Path Group: core_clock
Path Type: max

Fanout         Cap        Slew       Delay        Time   Description
---------------------------------------------------------------------------------------------
                      0.000000    0.000000    0.000000   clock core_clock (rise edge)
                                  0.000000    0.000000   clock network delay (ideal)
                      0.000000    0.000000    0.000000 ^ _362_/CLK (sky130_fd_sc_hd__dfrtp_2)
     5    0.010123    0.112777    0.814400    0.814400 v _362_/Q (sky130_fd_sc_hd__dfrtp_2)
                                                         uart1.counter[0] (net)
                      0.112777    0.000000    0.814400 v _239_/A_N (sky130_fd_sc_hd__and2b_2)
     3    0.006389    0.091987    0.452658    1.267059 ^ _239_/X (sky130_fd_sc_hd__and2b_2)
                                                         _065_ (net)
                      0.091987    0.000000    1.267059 ^ _243_/B1_N (sky130_fd_sc_hd__a21boi_2)
     1    0.002421    0.122507    0.250181    1.517239 ^ _243_/Y (sky130_fd_sc_hd__a21boi_2)
                                                         _069_ (net)
                      0.122507    0.000000    1.517239 ^ _244_/B1 (sky130_fd_sc_hd__o2111a_2)
     2    0.009152    0.139474    0.512566    2.029805 ^ _244_/X (sky130_fd_sc_hd__o2111a_2)
                                                         _070_ (net)
                      0.139474    0.000000    2.029805 ^ _268_/B (sky130_fd_sc_hd__nand4_2)
    10    0.017663    0.370082    0.381048    2.410853 v _268_/Y (sky130_fd_sc_hd__nand4_2)
                                                         _094_ (net)
                      0.370082    0.000000    2.410853 v _327_/A (sky130_fd_sc_hd__and2_2)
     1    0.001838    0.066338    0.485834    2.896687 v _327_/X (sky130_fd_sc_hd__and2_2)
                                                         _014_ (net)
                      0.066338    0.000000    2.896687 v _368_/D (sky130_fd_sc_hd__dfrtp_2)
                                              2.896687   data arrival time

                      0.000000   10.000000   10.000000   clock core_clock (rise edge)
                                  0.000000   10.000000   clock network delay (ideal)
                                  0.000000   10.000000   clock reconvergence pessimism
                                             10.000000 ^ _368_/CLK (sky130_fd_sc_hd__dfrtp_2)
                                 -0.293731    9.706269   library setup time
                                              9.706269   data required time
---------------------------------------------------------------------------------------------
                                              9.706269   data required time
                                             -2.896687   data arrival time
---------------------------------------------------------------------------------------------
                                              6.809582   slack (MET)


Startpoint: _362_ (rising edge-triggered flip-flop clocked by core_clock)
Endpoint: _364_ (rising edge-triggered flip-flop clocked by core_clock)
Path Group: core_clock
Path Type: max

Fanout         Cap        Slew       Delay        Time   Description
---------------------------------------------------------------------------------------------
                      0.000000    0.000000    0.000000   clock core_clock (rise edge)
                                  0.000000    0.000000   clock network delay (ideal)
                      0.000000    0.000000    0.000000 ^ _362_/CLK (sky130_fd_sc_hd__dfrtp_2)
     5    0.010123    0.112777    0.814400    0.814400 v _362_/Q (sky130_fd_sc_hd__dfrtp_2)
                                                         uart1.counter[0] (net)
                      0.112777    0.000000    0.814400 v _239_/A_N (sky130_fd_sc_hd__and2b_2)
     3    0.006389    0.091987    0.452658    1.267059 ^ _239_/X (sky130_fd_sc_hd__and2b_2)
                                                         _065_ (net)
                      0.091987    0.000000    1.267059 ^ _243_/B1_N (sky130_fd_sc_hd__a21boi_2)
     1    0.002421    0.122507    0.250181    1.517239 ^ _243_/Y (sky130_fd_sc_hd__a21boi_2)
                                                         _069_ (net)
                      0.122507    0.000000    1.517239 ^ _244_/B1 (sky130_fd_sc_hd__o2111a_2)
     2    0.009152    0.139474    0.512566    2.029805 ^ _244_/X (sky130_fd_sc_hd__o2111a_2)
                                                         _070_ (net)
                      0.139474    0.000000    2.029805 ^ _268_/B (sky130_fd_sc_hd__nand4_2)
    10    0.017663    0.370082    0.381048    2.410853 v _268_/Y (sky130_fd_sc_hd__nand4_2)
                                                         _094_ (net)
                      0.370082    0.000000    2.410853 v _315_/A (sky130_fd_sc_hd__and2_2)
     1    0.001838    0.066244    0.485834    2.896687 v _315_/X (sky130_fd_sc_hd__and2_2)
                                                         _010_ (net)
                      0.066244    0.000000    2.896687 v _364_/D (sky130_fd_sc_hd__dfrtp_2)
                                              2.896687   data arrival time

                      0.000000   10.000000   10.000000   clock core_clock (rise edge)
                                  0.000000   10.000000   clock network delay (ideal)
                                  0.000000   10.000000   clock reconvergence pessimism
                                             10.000000 ^ _364_/CLK (sky130_fd_sc_hd__dfrtp_2)
                                 -0.293692    9.706308   library setup time
                                              9.706308   data required time
---------------------------------------------------------------------------------------------
                                              9.706308   data required time
                                             -2.896687   data arrival time
---------------------------------------------------------------------------------------------
                                              6.809621   slack (MET)


Startpoint: _362_ (rising edge-triggered flip-flop clocked by core_clock)
Endpoint: _369_ (rising edge-triggered flip-flop clocked by core_clock)
Path Group: core_clock
Path Type: max

Fanout         Cap        Slew       Delay        Time   Description
---------------------------------------------------------------------------------------------
                      0.000000    0.000000    0.000000   clock core_clock (rise edge)
                                  0.000000    0.000000   clock network delay (ideal)
                      0.000000    0.000000    0.000000 ^ _362_/CLK (sky130_fd_sc_hd__dfrtp_2)
     5    0.010123    0.112777    0.814400    0.814400 v _362_/Q (sky130_fd_sc_hd__dfrtp_2)
                                                         uart1.counter[0] (net)
                      0.112777    0.000000    0.814400 v _239_/A_N (sky130_fd_sc_hd__and2b_2)
     3    0.006389    0.091987    0.452658    1.267059 ^ _239_/X (sky130_fd_sc_hd__and2b_2)
                                                         _065_ (net)
                      0.091987    0.000000    1.267059 ^ _243_/B1_N (sky130_fd_sc_hd__a21boi_2)
     1    0.002421    0.122507    0.250181    1.517239 ^ _243_/Y (sky130_fd_sc_hd__a21boi_2)
                                                         _069_ (net)
                      0.122507    0.000000    1.517239 ^ _244_/B1 (sky130_fd_sc_hd__o2111a_2)
     2    0.009152    0.139474    0.512566    2.029805 ^ _244_/X (sky130_fd_sc_hd__o2111a_2)
                                                         _070_ (net)
                      0.139474    0.000000    2.029805 ^ _268_/B (sky130_fd_sc_hd__nand4_2)
    10    0.017663    0.370082    0.381048    2.410853 v _268_/Y (sky130_fd_sc_hd__nand4_2)
                                                         _094_ (net)
                      0.370082    0.000000    2.410853 v _331_/A (sky130_fd_sc_hd__and2_2)
     1    0.001838    0.066246    0.485834    2.896687 v _331_/X (sky130_fd_sc_hd__and2_2)
                                                         _015_ (net)
                      0.066246    0.000000    2.896687 v _369_/D (sky130_fd_sc_hd__dfrtp_2)
                                              2.896687   data arrival time

                      0.000000   10.000000   10.000000   clock core_clock (rise edge)
                                  0.000000   10.000000   clock network delay (ideal)
                                  0.000000   10.000000   clock reconvergence pessimism
                                             10.000000 ^ _369_/CLK (sky130_fd_sc_hd__dfrtp_2)
                                 -0.293693    9.706307   library setup time
                                              9.706307   data required time
---------------------------------------------------------------------------------------------
                                              9.706307   data required time
                                             -2.896687   data arrival time
---------------------------------------------------------------------------------------------
                                              6.809620   slack (MET)


Startpoint: _362_ (rising edge-triggered flip-flop clocked by core_clock)
Endpoint: _365_ (rising edge-triggered flip-flop clocked by core_clock)
Path Group: core_clock
Path Type: max

Fanout         Cap        Slew       Delay        Time   Description
---------------------------------------------------------------------------------------------
                      0.000000    0.000000    0.000000   clock core_clock (rise edge)
                                  0.000000    0.000000   clock network delay (ideal)
                      0.000000    0.000000    0.000000 ^ _362_/CLK (sky130_fd_sc_hd__dfrtp_2)
     5    0.010123    0.112777    0.814400    0.814400 v _362_/Q (sky130_fd_sc_hd__dfrtp_2)
                                                         uart1.counter[0] (net)
                      0.112777    0.000000    0.814400 v _239_/A_N (sky130_fd_sc_hd__and2b_2)
     3    0.006389    0.091987    0.452658    1.267059 ^ _239_/X (sky130_fd_sc_hd__and2b_2)
                                                         _065_ (net)
                      0.091987    0.000000    1.267059 ^ _243_/B1_N (sky130_fd_sc_hd__a21boi_2)
     1    0.002421    0.122507    0.250181    1.517239 ^ _243_/Y (sky130_fd_sc_hd__a21boi_2)
                                                         _069_ (net)
                      0.122507    0.000000    1.517239 ^ _244_/B1 (sky130_fd_sc_hd__o2111a_2)
     2    0.009152    0.139474    0.512566    2.029805 ^ _244_/X (sky130_fd_sc_hd__o2111a_2)
                                                         _070_ (net)
                      0.139474    0.000000    2.029805 ^ _268_/B (sky130_fd_sc_hd__nand4_2)
    10    0.017663    0.370082    0.381048    2.410853 v _268_/Y (sky130_fd_sc_hd__nand4_2)
                                                         _094_ (net)
                      0.370082    0.000000    2.410853 v _317_/A (sky130_fd_sc_hd__and2_2)
     1    0.001838    0.066137    0.485834    2.896687 v _317_/X (sky130_fd_sc_hd__and2_2)
                                                         _011_ (net)
                      0.066137    0.000000    2.896687 v _365_/D (sky130_fd_sc_hd__dfrtp_2)
                                              2.896687   data arrival time

                      0.000000   10.000000   10.000000   clock core_clock (rise edge)
                                  0.000000   10.000000   clock network delay (ideal)
                                  0.000000   10.000000   clock reconvergence pessimism
                                             10.000000 ^ _365_/CLK (sky130_fd_sc_hd__dfrtp_2)
                                 -0.293647    9.706353   library setup time
                                              9.706353   data required time
---------------------------------------------------------------------------------------------
                                              9.706353   data required time
                                             -2.896687   data arrival time
---------------------------------------------------------------------------------------------
                                              6.809666   slack (MET)


Startpoint: _362_ (rising edge-triggered flip-flop clocked by core_clock)
Endpoint: _367_ (rising edge-triggered flip-flop clocked by core_clock)
Path Group: core_clock
Path Type: max

Fanout         Cap        Slew       Delay        Time   Description
---------------------------------------------------------------------------------------------
                      0.000000    0.000000    0.000000   clock core_clock (rise edge)
                                  0.000000    0.000000   clock network delay (ideal)
                      0.000000    0.000000    0.000000 ^ _362_/CLK (sky130_fd_sc_hd__dfrtp_2)
     5    0.010123    0.112777    0.814400    0.814400 v _362_/Q (sky130_fd_sc_hd__dfrtp_2)
                                                         uart1.counter[0] (net)
                      0.112777    0.000000    0.814400 v _239_/A_N (sky130_fd_sc_hd__and2b_2)
     3    0.006389    0.091987    0.452658    1.267059 ^ _239_/X (sky130_fd_sc_hd__and2b_2)
                                                         _065_ (net)
                      0.091987    0.000000    1.267059 ^ _243_/B1_N (sky130_fd_sc_hd__a21boi_2)
     1    0.002421    0.122507    0.250181    1.517239 ^ _243_/Y (sky130_fd_sc_hd__a21boi_2)
                                                         _069_ (net)
                      0.122507    0.000000    1.517239 ^ _244_/B1 (sky130_fd_sc_hd__o2111a_2)
     2    0.009152    0.139474    0.512566    2.029805 ^ _244_/X (sky130_fd_sc_hd__o2111a_2)
                                                         _070_ (net)
                      0.139474    0.000000    2.029805 ^ _268_/B (sky130_fd_sc_hd__nand4_2)
    10    0.017663    0.370082    0.381048    2.410853 v _268_/Y (sky130_fd_sc_hd__nand4_2)
                                                         _094_ (net)
                      0.370082    0.000000    2.410853 v _323_/A (sky130_fd_sc_hd__and2_2)
     1    0.001838    0.066145    0.485834    2.896687 v _323_/X (sky130_fd_sc_hd__and2_2)
                                                         _013_ (net)
                      0.066145    0.000000    2.896687 v _367_/D (sky130_fd_sc_hd__dfrtp_2)
                                              2.896687   data arrival time

                      0.000000   10.000000   10.000000   clock core_clock (rise edge)
                                  0.000000   10.000000   clock network delay (ideal)
                                  0.000000   10.000000   clock reconvergence pessimism
                                             10.000000 ^ _367_/CLK (sky130_fd_sc_hd__dfrtp_2)
                                 -0.293650    9.706349   library setup time
                                              9.706349   data required time
---------------------------------------------------------------------------------------------
                                              9.706349   data required time
                                             -2.896687   data arrival time
---------------------------------------------------------------------------------------------
                                              6.809663   slack (MET)


Startpoint: _362_ (rising edge-triggered flip-flop clocked by core_clock)
Endpoint: _362_ (rising edge-triggered flip-flop clocked by core_clock)
Path Group: core_clock
Path Type: max

Fanout         Cap        Slew       Delay        Time   Description
---------------------------------------------------------------------------------------------
                      0.000000    0.000000    0.000000   clock core_clock (rise edge)
                                  0.000000    0.000000   clock network delay (ideal)
                      0.000000    0.000000    0.000000 ^ _362_/CLK (sky130_fd_sc_hd__dfrtp_2)
     5    0.010123    0.112777    0.814400    0.814400 v _362_/Q (sky130_fd_sc_hd__dfrtp_2)
                                                         uart1.counter[0] (net)
                      0.112777    0.000000    0.814400 v _239_/A_N (sky130_fd_sc_hd__and2b_2)
     3    0.006389    0.091987    0.452658    1.267059 ^ _239_/X (sky130_fd_sc_hd__and2b_2)
                                                         _065_ (net)
                      0.091987    0.000000    1.267059 ^ _243_/B1_N (sky130_fd_sc_hd__a21boi_2)
     1    0.002421    0.122507    0.250181    1.517239 ^ _243_/Y (sky130_fd_sc_hd__a21boi_2)
                                                         _069_ (net)
                      0.122507    0.000000    1.517239 ^ _244_/B1 (sky130_fd_sc_hd__o2111a_2)
     2    0.009152    0.139474    0.512566    2.029805 ^ _244_/X (sky130_fd_sc_hd__o2111a_2)
                                                         _070_ (net)
                      0.139474    0.000000    2.029805 ^ _268_/B (sky130_fd_sc_hd__nand4_2)
    10    0.017663    0.370082    0.381048    2.410853 v _268_/Y (sky130_fd_sc_hd__nand4_2)
                                                         _094_ (net)
                      0.370082    0.000000    2.410853 v _307_/B1 (sky130_fd_sc_hd__o21a_2)
     1    0.001838    0.053995    0.339518    2.750371 v _307_/X (sky130_fd_sc_hd__o21a_2)
                                                         _008_ (net)
                      0.053995    0.000000    2.750371 v _362_/D (sky130_fd_sc_hd__dfrtp_2)
                                              2.750371   data arrival time

                      0.000000   10.000000   10.000000   clock core_clock (rise edge)
                                  0.000000   10.000000   clock network delay (ideal)
                                  0.000000   10.000000   clock reconvergence pessimism
                                             10.000000 ^ _362_/CLK (sky130_fd_sc_hd__dfrtp_2)
                                 -0.288568    9.711432   library setup time
                                              9.711432   data required time
---------------------------------------------------------------------------------------------
                                              9.711432   data required time
                                             -2.750371   data arrival time
---------------------------------------------------------------------------------------------
                                              6.961061   slack (MET)


Startpoint: _362_ (rising edge-triggered flip-flop clocked by core_clock)
Endpoint: _350_ (rising edge-triggered flip-flop clocked by core_clock)
Path Group: core_clock
Path Type: max

Fanout         Cap        Slew       Delay        Time   Description
---------------------------------------------------------------------------------------------
                      0.000000    0.000000    0.000000   clock core_clock (rise edge)
                                  0.000000    0.000000   clock network delay (ideal)
                      0.000000    0.000000    0.000000 ^ _362_/CLK (sky130_fd_sc_hd__dfrtp_2)
     5    0.010123    0.112777    0.814400    0.814400 v _362_/Q (sky130_fd_sc_hd__dfrtp_2)
                                                         uart1.counter[0] (net)
                      0.112777    0.000000    0.814400 v _239_/A_N (sky130_fd_sc_hd__and2b_2)
     3    0.006389    0.091987    0.452658    1.267059 ^ _239_/X (sky130_fd_sc_hd__and2b_2)
                                                         _065_ (net)
                      0.091987    0.000000    1.267059 ^ _243_/B1_N (sky130_fd_sc_hd__a21boi_2)
     1    0.002421    0.122507    0.250181    1.517239 ^ _243_/Y (sky130_fd_sc_hd__a21boi_2)
                                                         _069_ (net)
                      0.122507    0.000000    1.517239 ^ _244_/B1 (sky130_fd_sc_hd__o2111a_2)
     2    0.009152    0.139474    0.512566    2.029805 ^ _244_/X (sky130_fd_sc_hd__o2111a_2)
                                                         _070_ (net)
                      0.139474    0.000000    2.029805 ^ _268_/B (sky130_fd_sc_hd__nand4_2)
    10    0.017663    0.370082    0.381048    2.410853 v _268_/Y (sky130_fd_sc_hd__nand4_2)
                                                         _094_ (net)
                      0.370082    0.000000    2.410853 v _279_/A2_N (sky130_fd_sc_hd__o2bb2ai_2)
     1    0.001838    0.066039    0.330809    2.741662 v _279_/Y (sky130_fd_sc_hd__o2bb2ai_2)
                                                         _000_ (net)
                      0.066039    0.000000    2.741662 v _350_/D (sky130_fd_sc_hd__dfrtp_2)
                                              2.741662   data arrival time

                      0.000000   10.000000   10.000000   clock core_clock (rise edge)
                                  0.000000   10.000000   clock network delay (ideal)
                                  0.000000   10.000000   clock reconvergence pessimism
                                             10.000000 ^ _350_/CLK (sky130_fd_sc_hd__dfrtp_2)
                                 -0.293606    9.706394   library setup time
                                              9.706394   data required time
---------------------------------------------------------------------------------------------
                                              9.706394   data required time
                                             -2.741662   data arrival time
---------------------------------------------------------------------------------------------
                                              6.964732   slack (MET)


Startpoint: _363_ (rising edge-triggered flip-flop clocked by core_clock)
Endpoint: _371_ (rising edge-triggered flip-flop clocked by core_clock)
Path Group: core_clock
Path Type: max

Fanout         Cap        Slew       Delay        Time   Description
---------------------------------------------------------------------------------------------
                      0.000000    0.000000    0.000000   clock core_clock (rise edge)
                                  0.000000    0.000000   clock network delay (ideal)
                      0.000000    0.000000    0.000000 ^ _363_/CLK (sky130_fd_sc_hd__dfrtp_2)
     7    0.024232    0.218758    0.786734    0.786734 ^ _363_/Q (sky130_fd_sc_hd__dfrtp_2)
                                                         uart1.counter[1] (net)
                      0.218758    0.000000    0.786734 ^ _312_/A (sky130_fd_sc_hd__and4_2)
     7    0.030248    0.308653    0.681936    1.468670 ^ _312_/X (sky130_fd_sc_hd__and4_2)
                                                         _128_ (net)
                      0.308653    0.000000    1.468670 ^ _332_/C (sky130_fd_sc_hd__and4_2)
     2    0.013077    0.182473    0.626161    2.094831 ^ _332_/X (sky130_fd_sc_hd__and4_2)
                                                         _142_ (net)
                      0.182473    0.000000    2.094831 ^ _336_/B (sky130_fd_sc_hd__xnor2_2)
     1    0.004585    0.187669    0.237264    2.332095 ^ _336_/Y (sky130_fd_sc_hd__xnor2_2)
                                                         _145_ (net)
                      0.187669    0.000000    2.332095 ^ _337_/A (sky130_fd_sc_hd__nor2_2)
     1    0.001838    0.050962    0.106702    2.438797 v _337_/Y (sky130_fd_sc_hd__nor2_2)
                                                         _017_ (net)
                      0.050962    0.000000    2.438797 v _371_/D (sky130_fd_sc_hd__dfrtp_2)
                                              2.438797   data arrival time

                      0.000000   10.000000   10.000000   clock core_clock (rise edge)
                                  0.000000   10.000000   clock network delay (ideal)
                                  0.000000   10.000000   clock reconvergence pessimism
                                             10.000000 ^ _371_/CLK (sky130_fd_sc_hd__dfrtp_2)
                                 -0.287299    9.712701   library setup time
                                              9.712701   data required time
---------------------------------------------------------------------------------------------
                                              9.712701   data required time
                                             -2.438797   data arrival time
---------------------------------------------------------------------------------------------
                                              7.273903   slack (MET)


Startpoint: _356_ (rising edge-triggered flip-flop clocked by core_clock)
Endpoint: _356_ (rising edge-triggered flip-flop clocked by core_clock)
Path Group: core_clock
Path Type: max

Fanout         Cap        Slew       Delay        Time   Description
---------------------------------------------------------------------------------------------
                      0.000000    0.000000    0.000000   clock core_clock (rise edge)
                                  0.000000    0.000000   clock network delay (ideal)
                      0.000000    0.000000    0.000000 ^ _356_/CLK (sky130_fd_sc_hd__dfrtp_2)
     2    0.002214    0.072705    0.753005    0.753005 v _356_/Q (sky130_fd_sc_hd__dfrtp_2)
                                                         DATA_OUT_Rx[1] (net)
                      0.072705    0.000000    0.753005 v _293_/B1 (sky130_fd_sc_hd__a31o_2)
     1    0.001424    0.055431    0.373575    1.126580 v _293_/X (sky130_fd_sc_hd__a31o_2)
                                                         _113_ (net)
                      0.055431    0.000000    1.126580 v _295_/B (sky130_fd_sc_hd__and3_2)
     1    0.001838    0.067705    0.381575    1.508155 v _295_/X (sky130_fd_sc_hd__and3_2)
                                                         _006_ (net)
                      0.067705    0.000000    1.508155 v _356_/D (sky130_fd_sc_hd__dfrtp_2)
                                              1.508155   data arrival time

                      0.000000   10.000000   10.000000   clock core_clock (rise edge)
                                  0.000000   10.000000   clock network delay (ideal)
                                  0.000000   10.000000   clock reconvergence pessimism
                                             10.000000 ^ _356_/CLK (sky130_fd_sc_hd__dfrtp_2)
                                 -0.294303    9.705697   library setup time
                                              9.705697   data required time
---------------------------------------------------------------------------------------------
                                              9.705697   data required time
                                             -1.508155   data arrival time
---------------------------------------------------------------------------------------------
                                              8.197541   slack (MET)


Startpoint: _353_ (rising edge-triggered flip-flop clocked by core_clock)
Endpoint: _353_ (rising edge-triggered flip-flop clocked by core_clock)
Path Group: core_clock
Path Type: max

Fanout         Cap        Slew       Delay        Time   Description
---------------------------------------------------------------------------------------------
                      0.000000    0.000000    0.000000   clock core_clock (rise edge)
                                  0.000000    0.000000   clock network delay (ideal)
                      0.000000    0.000000    0.000000 ^ _353_/CLK (sky130_fd_sc_hd__dfrtp_2)
     2    0.002325    0.073351    0.754109    0.754109 v _353_/Q (sky130_fd_sc_hd__dfrtp_2)
                                                         DATA_OUT_Rx[5] (net)
                      0.073351    0.000000    0.754109 v _286_/A1 (sky130_fd_sc_hd__o211a_2)
     1    0.001838    0.064864    0.466890    1.220998 v _286_/X (sky130_fd_sc_hd__o211a_2)
                                                         _003_ (net)
                      0.064864    0.000000    1.220998 v _353_/D (sky130_fd_sc_hd__dfrtp_2)
                                              1.220998   data arrival time

                      0.000000   10.000000   10.000000   clock core_clock (rise edge)
                                  0.000000   10.000000   clock network delay (ideal)
                                  0.000000   10.000000   clock reconvergence pessimism
                                             10.000000 ^ _353_/CLK (sky130_fd_sc_hd__dfrtp_2)
                                 -0.293115    9.706885   library setup time
                                              9.706885   data required time
---------------------------------------------------------------------------------------------
                                              9.706885   data required time
                                             -1.220998   data arrival time
---------------------------------------------------------------------------------------------
                                              8.485887   slack (MET)


Startpoint: _354_ (rising edge-triggered flip-flop clocked by core_clock)
Endpoint: _354_ (rising edge-triggered flip-flop clocked by core_clock)
Path Group: core_clock
Path Type: max

Fanout         Cap        Slew       Delay        Time   Description
---------------------------------------------------------------------------------------------
                      0.000000    0.000000    0.000000   clock core_clock (rise edge)
                                  0.000000    0.000000   clock network delay (ideal)
                      0.000000    0.000000    0.000000 ^ _354_/CLK (sky130_fd_sc_hd__dfrtp_2)
     2    0.002325    0.073351    0.754109    0.754109 v _354_/Q (sky130_fd_sc_hd__dfrtp_2)
                                                         DATA_OUT_Rx[4] (net)
                      0.073351    0.000000    0.754109 v _289_/A1 (sky130_fd_sc_hd__o211a_2)
     1    0.001838    0.064864    0.466890    1.220998 v _289_/X (sky130_fd_sc_hd__o211a_2)
                                                         _004_ (net)
                      0.064864    0.000000    1.220998 v _354_/D (sky130_fd_sc_hd__dfrtp_2)
                                              1.220998   data arrival time

                      0.000000   10.000000   10.000000   clock core_clock (rise edge)
                                  0.000000   10.000000   clock network delay (ideal)
                                  0.000000   10.000000   clock reconvergence pessimism
                                             10.000000 ^ _354_/CLK (sky130_fd_sc_hd__dfrtp_2)
                                 -0.293115    9.706885   library setup time
                                              9.706885   data required time
---------------------------------------------------------------------------------------------
                                              9.706885   data required time
                                             -1.220998   data arrival time
---------------------------------------------------------------------------------------------
                                              8.485887   slack (MET)


Startpoint: _374_ (rising edge-triggered flip-flop clocked by core_clock)
Endpoint: _374_ (rising edge-triggered flip-flop clocked by core_clock)
Path Group: core_clock
Path Type: max

Fanout         Cap        Slew       Delay        Time   Description
---------------------------------------------------------------------------------------------
                      0.000000    0.000000    0.000000   clock core_clock (rise edge)
                                  0.000000    0.000000   clock network delay (ideal)
                      0.000000    0.000000    0.000000 ^ _374_/CLK (sky130_fd_sc_hd__dfrtp_2)
     2    0.002325    0.073351    0.754109    0.754109 v _374_/Q (sky130_fd_sc_hd__dfrtp_2)
                                                         DATA_OUT_Rx[2] (net)
                      0.073351    0.000000    0.754109 v _342_/A1 (sky130_fd_sc_hd__o211a_2)
     1    0.001838    0.064864    0.466890    1.220998 v _342_/X (sky130_fd_sc_hd__o211a_2)
                                                         _020_ (net)
                      0.064864    0.000000    1.220998 v _374_/D (sky130_fd_sc_hd__dfrtp_2)
                                              1.220998   data arrival time

                      0.000000   10.000000   10.000000   clock core_clock (rise edge)
                                  0.000000   10.000000   clock network delay (ideal)
                                  0.000000   10.000000   clock reconvergence pessimism
                                             10.000000 ^ _374_/CLK (sky130_fd_sc_hd__dfrtp_2)
                                 -0.293115    9.706885   library setup time
                                              9.706885   data required time
---------------------------------------------------------------------------------------------
                                              9.706885   data required time
                                             -1.220998   data arrival time
---------------------------------------------------------------------------------------------
                                              8.485887   slack (MET)


Startpoint: _375_ (rising edge-triggered flip-flop clocked by core_clock)
Endpoint: _375_ (rising edge-triggered flip-flop clocked by core_clock)
Path Group: core_clock
Path Type: max

Fanout         Cap        Slew       Delay        Time   Description
---------------------------------------------------------------------------------------------
                      0.000000    0.000000    0.000000   clock core_clock (rise edge)
                                  0.000000    0.000000   clock network delay (ideal)
                      0.000000    0.000000    0.000000 ^ _375_/CLK (sky130_fd_sc_hd__dfrtp_2)
     2    0.002325    0.073351    0.754109    0.754109 v _375_/Q (sky130_fd_sc_hd__dfrtp_2)
                                                         DATA_OUT_Rx[3] (net)
                      0.073351    0.000000    0.754109 v _345_/A1 (sky130_fd_sc_hd__o211a_2)
     1    0.001838    0.064864    0.466890    1.220998 v _345_/X (sky130_fd_sc_hd__o211a_2)
                                                         _021_ (net)
                      0.064864    0.000000    1.220998 v _375_/D (sky130_fd_sc_hd__dfrtp_2)
                                              1.220998   data arrival time

                      0.000000   10.000000   10.000000   clock core_clock (rise edge)
                                  0.000000   10.000000   clock network delay (ideal)
                                  0.000000   10.000000   clock reconvergence pessimism
                                             10.000000 ^ _375_/CLK (sky130_fd_sc_hd__dfrtp_2)
                                 -0.293115    9.706885   library setup time
                                              9.706885   data required time
---------------------------------------------------------------------------------------------
                                              9.706885   data required time
                                             -1.220998   data arrival time
---------------------------------------------------------------------------------------------
                                              8.485887   slack (MET)


Startpoint: _351_ (rising edge-triggered flip-flop clocked by core_clock)
Endpoint: _351_ (rising edge-triggered flip-flop clocked by core_clock)
Path Group: core_clock
Path Type: max

Fanout         Cap        Slew       Delay        Time   Description
---------------------------------------------------------------------------------------------
                      0.000000    0.000000    0.000000   clock core_clock (rise edge)
                                  0.000000    0.000000   clock network delay (ideal)
                      0.000000    0.000000    0.000000 ^ _351_/CLK (sky130_fd_sc_hd__dfrtp_2)
     2    0.002340    0.073438    0.754258    0.754258 v _351_/Q (sky130_fd_sc_hd__dfrtp_2)
                                                         DATA_OUT_Rx[7] (net)
                      0.073438    0.000000    0.754258 v _281_/B2 (sky130_fd_sc_hd__a32o_2)
     1    0.001838    0.062315    0.405438    1.159696 v _281_/X (sky130_fd_sc_hd__a32o_2)
                                                         _001_ (net)
                      0.062315    0.000000    1.159696 v _351_/D (sky130_fd_sc_hd__dfrtp_2)
                                              1.159696   data arrival time

                      0.000000   10.000000   10.000000   clock core_clock (rise edge)
                                  0.000000   10.000000   clock network delay (ideal)
                                  0.000000   10.000000   clock reconvergence pessimism
                                             10.000000 ^ _351_/CLK (sky130_fd_sc_hd__dfrtp_2)
                                 -0.292048    9.707952   library setup time
                                              9.707952   data required time
---------------------------------------------------------------------------------------------
                                              9.707952   data required time
                                             -1.159696   data arrival time
---------------------------------------------------------------------------------------------
                                              8.548256   slack (MET)


Startpoint: _352_ (rising edge-triggered flip-flop clocked by core_clock)
Endpoint: _352_ (rising edge-triggered flip-flop clocked by core_clock)
Path Group: core_clock
Path Type: max

Fanout         Cap        Slew       Delay        Time   Description
---------------------------------------------------------------------------------------------
                      0.000000    0.000000    0.000000   clock core_clock (rise edge)
                                  0.000000    0.000000   clock network delay (ideal)
                      0.000000    0.000000    0.000000 ^ _352_/CLK (sky130_fd_sc_hd__dfrtp_2)
     2    0.002340    0.073438    0.754258    0.754258 v _352_/Q (sky130_fd_sc_hd__dfrtp_2)
                                                         DATA_OUT_Rx[6] (net)
                      0.073438    0.000000    0.754258 v _283_/B2 (sky130_fd_sc_hd__a32o_2)
     1    0.001838    0.062183    0.405438    1.159696 v _283_/X (sky130_fd_sc_hd__a32o_2)
                                                         _002_ (net)
                      0.062183    0.000000    1.159696 v _352_/D (sky130_fd_sc_hd__dfrtp_2)
                                              1.159696   data arrival time

                      0.000000   10.000000   10.000000   clock core_clock (rise edge)
                                  0.000000   10.000000   clock network delay (ideal)
                                  0.000000   10.000000   clock reconvergence pessimism
                                             10.000000 ^ _352_/CLK (sky130_fd_sc_hd__dfrtp_2)
                                 -0.291993    9.708007   library setup time
                                              9.708007   data required time
---------------------------------------------------------------------------------------------
                                              9.708007   data required time
                                             -1.159696   data arrival time
---------------------------------------------------------------------------------------------
                                              8.548310   slack (MET)


Startpoint: _355_ (rising edge-triggered flip-flop clocked by core_clock)
Endpoint: _355_ (rising edge-triggered flip-flop clocked by core_clock)
Path Group: core_clock
Path Type: max

Fanout         Cap        Slew       Delay        Time   Description
---------------------------------------------------------------------------------------------
                      0.000000    0.000000    0.000000   clock core_clock (rise edge)
                                  0.000000    0.000000   clock network delay (ideal)
                      0.000000    0.000000    0.000000 ^ _355_/CLK (sky130_fd_sc_hd__dfstp_2)
     2    0.002455    0.064516    1.087768    1.087768 ^ _355_/Q (sky130_fd_sc_hd__dfstp_2)
                                                         DATA_OUT_Rx[0] (net)
                      0.064516    0.000000    1.087768 ^ _292_/A1 (sky130_fd_sc_hd__a211o_2)
     1    0.002386    0.053962    0.227480    1.315248 ^ _292_/X (sky130_fd_sc_hd__a211o_2)
                                                         _005_ (net)
                      0.053962    0.000000    1.315248 ^ _355_/D (sky130_fd_sc_hd__dfstp_2)
                                              1.315248   data arrival time

                      0.000000   10.000000   10.000000   clock core_clock (rise edge)
                                  0.000000   10.000000   clock network delay (ideal)
                                  0.000000   10.000000   clock reconvergence pessimism
                                             10.000000 ^ _355_/CLK (sky130_fd_sc_hd__dfstp_2)
                                 -0.129092    9.870908   library setup time
                                              9.870908   data required time
---------------------------------------------------------------------------------------------
                                              9.870908   data required time
                                             -1.315248   data arrival time
---------------------------------------------------------------------------------------------
                                              8.555660   slack (MET)


Startpoint: _372_ (rising edge-triggered flip-flop clocked by core_clock)
Endpoint: _372_ (rising edge-triggered flip-flop clocked by core_clock)
Path Group: core_clock
Path Type: max

Fanout         Cap        Slew       Delay        Time   Description
---------------------------------------------------------------------------------------------
                      0.000000    0.000000    0.000000   clock core_clock (rise edge)
                                  0.000000    0.000000   clock network delay (ideal)
                      0.000000    0.000000    0.000000 ^ _372_/CLK (sky130_fd_sc_hd__dfrtp_2)
     3    0.003839    0.082151    0.769161    0.769161 v _372_/Q (sky130_fd_sc_hd__dfrtp_2)
                                                         IRQ_Rx (net)
                      0.082151    0.000000    0.769161 v _338_/B1 (sky130_fd_sc_hd__a31o_2)
     1    0.001838    0.058028    0.381063    1.150225 v _338_/X (sky130_fd_sc_hd__a31o_2)
                                                         _018_ (net)
                      0.058028    0.000000    1.150225 v _372_/D (sky130_fd_sc_hd__dfrtp_2)
                                              1.150225   data arrival time

                      0.000000   10.000000   10.000000   clock core_clock (rise edge)
                                  0.000000   10.000000   clock network delay (ideal)
                                  0.000000   10.000000   clock reconvergence pessimism
                                             10.000000 ^ _372_/CLK (sky130_fd_sc_hd__dfrtp_2)
                                 -0.290255    9.709745   library setup time
                                              9.709745   data required time
---------------------------------------------------------------------------------------------
                                              9.709745   data required time
                                             -1.150225   data arrival time
---------------------------------------------------------------------------------------------
                                              8.559521   slack (MET)



