56. Printing statistics.

=== uart ===

   Number of wires:                272
   Number of wire bits:            312
   Number of public wires:          20
   Number of public wire bits:      60
   Number of ports:                 15
   Number of port bits:             34
   Number of memories:               0
   Number of memory bits:            0
   Number of processes:              0
   Number of cells:                290
     $_ANDNOT_                      53
     $_AND_                         12
     $_MUX_                         38
     $_NAND_                         7
     $_NOR_                         18
     $_NOT_                         11
     $_ORNOT_                       11
     $_OR_                          91
     $_XNOR_                         4
     $_XOR_                         15
     sky130_fd_sc_hd__dfrtp_2       28
     sky130_fd_sc_hd__dfstp_2        2

   Area for cell type $_NOT_ is unknown!
   Area for cell type $_AND_ is unknown!
   Area for cell type $_NAND_ is unknown!
   Area for cell type $_OR_ is unknown!
   Area for cell type $_NOR_ is unknown!
   Area for cell type $_XOR_ is unknown!
   Area for cell type $_XNOR_ is unknown!
   Area for cell type $_ANDNOT_ is unknown!
   Area for cell type $_ORNOT_ is unknown!
   Area for cell type $_MUX_ is unknown!

   Chip area for module '\uart': 788.256000
     of which used for sequential elements: 788.256000 (100.00%)

