
===========================================================================
report_checks -path_delay max (Setup)
============================================================================
======================= min_ss_100C_1v60 Corner ===================================

Startpoint: _362_ (rising edge-triggered flip-flop clocked by core_clock)
Endpoint: _366_ (rising edge-triggered flip-flop clocked by core_clock)
Path Group: core_clock
Path Type: max

Fanout         Cap        Slew       Delay        Time   Description
---------------------------------------------------------------------------------------------
                                  0.000000    0.000000   clock core_clock (rise edge)
                                  0.000000    0.000000   clock source latency
     1    0.016245    0.000000    0.000000    0.000000 ^ clk_CPU (in)
                                                         clk_CPU (net)
                      0.000527    0.000264    0.000264 ^ clkbuf_0_clk_CPU/A (sky130_fd_sc_hd__clkbuf_16)
     2    0.018915    0.065944    0.189943    0.190207 ^ clkbuf_0_clk_CPU/X (sky130_fd_sc_hd__clkbuf_16)
                                                         clknet_0_clk_CPU (net)
                      0.065945    0.000251    0.190457 ^ clkbuf_1_0__f_clk_CPU/A (sky130_fd_sc_hd__clkbuf_16)
     8    0.024903    0.073603    0.226722    0.417179 ^ clkbuf_1_0__f_clk_CPU/X (sky130_fd_sc_hd__clkbuf_16)
                                                         clknet_1_0__leaf_clk_CPU (net)
                      0.073603    0.000263    0.417442 ^ _362_/CLK (sky130_fd_sc_hd__dfrtp_1)
     5    0.011494    0.151887    0.818603    1.236045 v _362_/Q (sky130_fd_sc_hd__dfrtp_1)
                                                         uart1.counter[0] (net)
                      0.151887    0.000083    1.236127 v _239_/A_N (sky130_fd_sc_hd__and2b_1)
     3    0.008646    0.147010    0.467266    1.703393 ^ _239_/X (sky130_fd_sc_hd__and2b_1)
                                                         _065_ (net)
                      0.147010    0.000075    1.703469 ^ _243_/B1_N (sky130_fd_sc_hd__a21boi_1)
     1    0.002998    0.181471    0.293250    1.996718 ^ _243_/Y (sky130_fd_sc_hd__a21boi_1)
                                                         _069_ (net)
                      0.181471    0.000018    1.996737 ^ _244_/B1 (sky130_fd_sc_hd__o2111a_1)
     2    0.012935    0.225386    0.556595    2.553332 ^ _244_/X (sky130_fd_sc_hd__o2111a_1)
                                                         _070_ (net)
                      0.225386    0.000157    2.553489 ^ _268_/B (sky130_fd_sc_hd__nand4_4)
    10    0.027526    0.318302    0.369114    2.922603 v _268_/Y (sky130_fd_sc_hd__nand4_4)
                                                         _094_ (net)
                      0.318302    0.000487    2.923090 v _321_/A (sky130_fd_sc_hd__and2_1)
     1    0.002567    0.066197    0.392243    3.315333 v _321_/X (sky130_fd_sc_hd__and2_1)
                                                         _012_ (net)
                      0.066197    0.000025    3.315358 v _366_/D (sky130_fd_sc_hd__dfrtp_1)
                                              3.315358   data arrival time

                                 10.000000   10.000000   clock core_clock (rise edge)
                                  0.000000   10.000000   clock source latency
     1    0.016245    0.000000    0.000000   10.000000 ^ clk_CPU (in)
                                                         clk_CPU (net)
                      0.000527    0.000264   10.000264 ^ clkbuf_0_clk_CPU/A (sky130_fd_sc_hd__clkbuf_16)
     2    0.018915    0.065944    0.189943   10.190207 ^ clkbuf_0_clk_CPU/X (sky130_fd_sc_hd__clkbuf_16)
                                                         clknet_0_clk_CPU (net)
                      0.065945    0.000250   10.190457 ^ clkbuf_1_0__f_clk_CPU/A (sky130_fd_sc_hd__clkbuf_16)
     8    0.024903    0.073603    0.226722   10.417179 ^ clkbuf_1_0__f_clk_CPU/X (sky130_fd_sc_hd__clkbuf_16)
                                                         clknet_1_0__leaf_clk_CPU (net)
                      0.073604    0.000376   10.417555 ^ _366_/CLK (sky130_fd_sc_hd__dfrtp_1)
                                  0.000000   10.417555   clock reconvergence pessimism
                                 -0.274018   10.143538   library setup time
                                             10.143538   data required time
---------------------------------------------------------------------------------------------
                                             10.143538   data required time
                                             -3.315358   data arrival time
---------------------------------------------------------------------------------------------
                                              6.828180   slack (MET)


Startpoint: _362_ (rising edge-triggered flip-flop clocked by core_clock)
Endpoint: _364_ (rising edge-triggered flip-flop clocked by core_clock)
Path Group: core_clock
Path Type: max

Fanout         Cap        Slew       Delay        Time   Description
---------------------------------------------------------------------------------------------
                                  0.000000    0.000000   clock core_clock (rise edge)
                                  0.000000    0.000000   clock source latency
     1    0.016245    0.000000    0.000000    0.000000 ^ clk_CPU (in)
                                                         clk_CPU (net)
                      0.000527    0.000264    0.000264 ^ clkbuf_0_clk_CPU/A (sky130_fd_sc_hd__clkbuf_16)
     2    0.018915    0.065944    0.189943    0.190207 ^ clkbuf_0_clk_CPU/X (sky130_fd_sc_hd__clkbuf_16)
                                                         clknet_0_clk_CPU (net)
                      0.065945    0.000251    0.190457 ^ clkbuf_1_0__f_clk_CPU/A (sky130_fd_sc_hd__clkbuf_16)
     8    0.024903    0.073603    0.226722    0.417179 ^ clkbuf_1_0__f_clk_CPU/X (sky130_fd_sc_hd__clkbuf_16)
                                                         clknet_1_0__leaf_clk_CPU (net)
                      0.073603    0.000263    0.417442 ^ _362_/CLK (sky130_fd_sc_hd__dfrtp_1)
     5    0.011494    0.151887    0.818603    1.236045 v _362_/Q (sky130_fd_sc_hd__dfrtp_1)
                                                         uart1.counter[0] (net)
                      0.151887    0.000083    1.236127 v _239_/A_N (sky130_fd_sc_hd__and2b_1)
     3    0.008646    0.147010    0.467266    1.703393 ^ _239_/X (sky130_fd_sc_hd__and2b_1)
                                                         _065_ (net)
                      0.147010    0.000075    1.703469 ^ _243_/B1_N (sky130_fd_sc_hd__a21boi_1)
     1    0.002998    0.181471    0.293250    1.996718 ^ _243_/Y (sky130_fd_sc_hd__a21boi_1)
                                                         _069_ (net)
                      0.181471    0.000018    1.996737 ^ _244_/B1 (sky130_fd_sc_hd__o2111a_1)
     2    0.012935    0.225386    0.556595    2.553332 ^ _244_/X (sky130_fd_sc_hd__o2111a_1)
                                                         _070_ (net)
                      0.225386    0.000157    2.553489 ^ _268_/B (sky130_fd_sc_hd__nand4_4)
    10    0.027526    0.318302    0.369114    2.922603 v _268_/Y (sky130_fd_sc_hd__nand4_4)
                                                         _094_ (net)
                      0.318302    0.000391    2.922995 v _315_/A (sky130_fd_sc_hd__and2_1)
     1    0.002395    0.064847    0.390448    3.313443 v _315_/X (sky130_fd_sc_hd__and2_1)
                                                         _010_ (net)
                      0.064847    0.000023    3.313466 v _364_/D (sky130_fd_sc_hd__dfrtp_1)
                                              3.313466   data arrival time

                                 10.000000   10.000000   clock core_clock (rise edge)
                                  0.000000   10.000000   clock source latency
     1    0.016245    0.000000    0.000000   10.000000 ^ clk_CPU (in)
                                                         clk_CPU (net)
                      0.000527    0.000264   10.000264 ^ clkbuf_0_clk_CPU/A (sky130_fd_sc_hd__clkbuf_16)
     2    0.018915    0.065944    0.189943   10.190207 ^ clkbuf_0_clk_CPU/X (sky130_fd_sc_hd__clkbuf_16)
                                                         clknet_0_clk_CPU (net)
                      0.065945    0.000250   10.190457 ^ clkbuf_1_0__f_clk_CPU/A (sky130_fd_sc_hd__clkbuf_16)
     8    0.024903    0.073603    0.226722   10.417179 ^ clkbuf_1_0__f_clk_CPU/X (sky130_fd_sc_hd__clkbuf_16)
                                                         clknet_1_0__leaf_clk_CPU (net)
                      0.073603    0.000266   10.417445 ^ _364_/CLK (sky130_fd_sc_hd__dfrtp_1)
                                  0.000000   10.417445   clock reconvergence pessimism
                                 -0.273455   10.143990   library setup time
                                             10.143990   data required time
---------------------------------------------------------------------------------------------
                                             10.143990   data required time
                                             -3.313466   data arrival time
---------------------------------------------------------------------------------------------
                                              6.830524   slack (MET)


Startpoint: _362_ (rising edge-triggered flip-flop clocked by core_clock)
Endpoint: _363_ (rising edge-triggered flip-flop clocked by core_clock)
Path Group: core_clock
Path Type: max

Fanout         Cap        Slew       Delay        Time   Description
---------------------------------------------------------------------------------------------
                                  0.000000    0.000000   clock core_clock (rise edge)
                                  0.000000    0.000000   clock source latency
     1    0.016245    0.000000    0.000000    0.000000 ^ clk_CPU (in)
                                                         clk_CPU (net)
                      0.000527    0.000264    0.000264 ^ clkbuf_0_clk_CPU/A (sky130_fd_sc_hd__clkbuf_16)
     2    0.018915    0.065944    0.189943    0.190207 ^ clkbuf_0_clk_CPU/X (sky130_fd_sc_hd__clkbuf_16)
                                                         clknet_0_clk_CPU (net)
                      0.065945    0.000251    0.190457 ^ clkbuf_1_0__f_clk_CPU/A (sky130_fd_sc_hd__clkbuf_16)
     8    0.024903    0.073603    0.226722    0.417179 ^ clkbuf_1_0__f_clk_CPU/X (sky130_fd_sc_hd__clkbuf_16)
                                                         clknet_1_0__leaf_clk_CPU (net)
                      0.073603    0.000263    0.417442 ^ _362_/CLK (sky130_fd_sc_hd__dfrtp_1)
     5    0.011494    0.151887    0.818603    1.236045 v _362_/Q (sky130_fd_sc_hd__dfrtp_1)
                                                         uart1.counter[0] (net)
                      0.151887    0.000083    1.236127 v _239_/A_N (sky130_fd_sc_hd__and2b_1)
     3    0.008646    0.147010    0.467266    1.703393 ^ _239_/X (sky130_fd_sc_hd__and2b_1)
                                                         _065_ (net)
                      0.147010    0.000075    1.703469 ^ _243_/B1_N (sky130_fd_sc_hd__a21boi_1)
     1    0.002998    0.181471    0.293250    1.996718 ^ _243_/Y (sky130_fd_sc_hd__a21boi_1)
                                                         _069_ (net)
                      0.181471    0.000018    1.996737 ^ _244_/B1 (sky130_fd_sc_hd__o2111a_1)
     2    0.012935    0.225386    0.556595    2.553332 ^ _244_/X (sky130_fd_sc_hd__o2111a_1)
                                                         _070_ (net)
                      0.225386    0.000157    2.553489 ^ _268_/B (sky130_fd_sc_hd__nand4_4)
    10    0.027526    0.318302    0.369114    2.922603 v _268_/Y (sky130_fd_sc_hd__nand4_4)
                                                         _094_ (net)
                      0.318302    0.000269    2.922873 v _311_/A (sky130_fd_sc_hd__and2_1)
     1    0.002290    0.064049    0.389347    3.312220 v _311_/X (sky130_fd_sc_hd__and2_1)
                                                         _009_ (net)
                      0.064049    0.000020    3.312240 v _363_/D (sky130_fd_sc_hd__dfrtp_2)
                                              3.312240   data arrival time

                                 10.000000   10.000000   clock core_clock (rise edge)
                                  0.000000   10.000000   clock source latency
     1    0.016245    0.000000    0.000000   10.000000 ^ clk_CPU (in)
                                                         clk_CPU (net)
                      0.000527    0.000264   10.000264 ^ clkbuf_0_clk_CPU/A (sky130_fd_sc_hd__clkbuf_16)
     2    0.018915    0.065944    0.189943   10.190207 ^ clkbuf_0_clk_CPU/X (sky130_fd_sc_hd__clkbuf_16)
                                                         clknet_0_clk_CPU (net)
                      0.065945    0.000250   10.190457 ^ clkbuf_1_0__f_clk_CPU/A (sky130_fd_sc_hd__clkbuf_16)
     8    0.024903    0.073603    0.226722   10.417179 ^ clkbuf_1_0__f_clk_CPU/X (sky130_fd_sc_hd__clkbuf_16)
                                                         clknet_1_0__leaf_clk_CPU (net)
                      0.073603    0.000226   10.417405 ^ _363_/CLK (sky130_fd_sc_hd__dfrtp_2)
                                  0.000000   10.417405   clock reconvergence pessimism
                                 -0.273162   10.144243   library setup time
                                             10.144243   data required time
---------------------------------------------------------------------------------------------
                                             10.144243   data required time
                                             -3.312240   data arrival time
---------------------------------------------------------------------------------------------
                                              6.832003   slack (MET)


Startpoint: _362_ (rising edge-triggered flip-flop clocked by core_clock)
Endpoint: _368_ (rising edge-triggered flip-flop clocked by core_clock)
Path Group: core_clock
Path Type: max

Fanout         Cap        Slew       Delay        Time   Description
---------------------------------------------------------------------------------------------
                                  0.000000    0.000000   clock core_clock (rise edge)
                                  0.000000    0.000000   clock source latency
     1    0.016245    0.000000    0.000000    0.000000 ^ clk_CPU (in)
                                                         clk_CPU (net)
                      0.000527    0.000264    0.000264 ^ clkbuf_0_clk_CPU/A (sky130_fd_sc_hd__clkbuf_16)
     2    0.018915    0.065944    0.189943    0.190207 ^ clkbuf_0_clk_CPU/X (sky130_fd_sc_hd__clkbuf_16)
                                                         clknet_0_clk_CPU (net)
                      0.065945    0.000251    0.190457 ^ clkbuf_1_0__f_clk_CPU/A (sky130_fd_sc_hd__clkbuf_16)
     8    0.024903    0.073603    0.226722    0.417179 ^ clkbuf_1_0__f_clk_CPU/X (sky130_fd_sc_hd__clkbuf_16)
                                                         clknet_1_0__leaf_clk_CPU (net)
                      0.073603    0.000263    0.417442 ^ _362_/CLK (sky130_fd_sc_hd__dfrtp_1)
     5    0.011494    0.151887    0.818603    1.236045 v _362_/Q (sky130_fd_sc_hd__dfrtp_1)
                                                         uart1.counter[0] (net)
                      0.151887    0.000083    1.236127 v _239_/A_N (sky130_fd_sc_hd__and2b_1)
     3    0.008646    0.147010    0.467266    1.703393 ^ _239_/X (sky130_fd_sc_hd__and2b_1)
                                                         _065_ (net)
                      0.147010    0.000075    1.703469 ^ _243_/B1_N (sky130_fd_sc_hd__a21boi_1)
     1    0.002998    0.181471    0.293250    1.996718 ^ _243_/Y (sky130_fd_sc_hd__a21boi_1)
                                                         _069_ (net)
                      0.181471    0.000018    1.996737 ^ _244_/B1 (sky130_fd_sc_hd__o2111a_1)
     2    0.012935    0.225386    0.556595    2.553332 ^ _244_/X (sky130_fd_sc_hd__o2111a_1)
                                                         _070_ (net)
                      0.225386    0.000157    2.553489 ^ _268_/B (sky130_fd_sc_hd__nand4_4)
    10    0.027526    0.318302    0.369114    2.922603 v _268_/Y (sky130_fd_sc_hd__nand4_4)
                                                         _094_ (net)
                      0.318302    0.000329    2.922933 v _327_/A (sky130_fd_sc_hd__and2_1)
     1    0.002210    0.063821    0.388512    3.311444 v _327_/X (sky130_fd_sc_hd__and2_1)
                                                         _014_ (net)
                      0.063821    0.000019    3.311463 v _368_/D (sky130_fd_sc_hd__dfrtp_2)
                                              3.311463   data arrival time

                                 10.000000   10.000000   clock core_clock (rise edge)
                                  0.000000   10.000000   clock source latency
     1    0.016245    0.000000    0.000000   10.000000 ^ clk_CPU (in)
                                                         clk_CPU (net)
                      0.000527    0.000264   10.000264 ^ clkbuf_0_clk_CPU/A (sky130_fd_sc_hd__clkbuf_16)
     2    0.018915    0.065944    0.189943   10.190207 ^ clkbuf_0_clk_CPU/X (sky130_fd_sc_hd__clkbuf_16)
                                                         clknet_0_clk_CPU (net)
                      0.065945    0.000250   10.190457 ^ clkbuf_1_0__f_clk_CPU/A (sky130_fd_sc_hd__clkbuf_16)
     8    0.024903    0.073603    0.226722   10.417179 ^ clkbuf_1_0__f_clk_CPU/X (sky130_fd_sc_hd__clkbuf_16)
                                                         clknet_1_0__leaf_clk_CPU (net)
                      0.073603    0.000236   10.417416 ^ _368_/CLK (sky130_fd_sc_hd__dfrtp_2)
                                  0.000000   10.417416   clock reconvergence pessimism
                                 -0.273067   10.144349   library setup time
                                             10.144349   data required time
---------------------------------------------------------------------------------------------
                                             10.144349   data required time
                                             -3.311463   data arrival time
---------------------------------------------------------------------------------------------
                                              6.832886   slack (MET)


Startpoint: _362_ (rising edge-triggered flip-flop clocked by core_clock)
Endpoint: _369_ (rising edge-triggered flip-flop clocked by core_clock)
Path Group: core_clock
Path Type: max

Fanout         Cap        Slew       Delay        Time   Description
---------------------------------------------------------------------------------------------
                                  0.000000    0.000000   clock core_clock (rise edge)
                                  0.000000    0.000000   clock source latency
     1    0.016245    0.000000    0.000000    0.000000 ^ clk_CPU (in)
                                                         clk_CPU (net)
                      0.000527    0.000264    0.000264 ^ clkbuf_0_clk_CPU/A (sky130_fd_sc_hd__clkbuf_16)
     2    0.018915    0.065944    0.189943    0.190207 ^ clkbuf_0_clk_CPU/X (sky130_fd_sc_hd__clkbuf_16)
                                                         clknet_0_clk_CPU (net)
                      0.065945    0.000251    0.190457 ^ clkbuf_1_0__f_clk_CPU/A (sky130_fd_sc_hd__clkbuf_16)
     8    0.024903    0.073603    0.226722    0.417179 ^ clkbuf_1_0__f_clk_CPU/X (sky130_fd_sc_hd__clkbuf_16)
                                                         clknet_1_0__leaf_clk_CPU (net)
                      0.073603    0.000263    0.417442 ^ _362_/CLK (sky130_fd_sc_hd__dfrtp_1)
     5    0.011494    0.151887    0.818603    1.236045 v _362_/Q (sky130_fd_sc_hd__dfrtp_1)
                                                         uart1.counter[0] (net)
                      0.151887    0.000083    1.236127 v _239_/A_N (sky130_fd_sc_hd__and2b_1)
     3    0.008646    0.147010    0.467266    1.703393 ^ _239_/X (sky130_fd_sc_hd__and2b_1)
                                                         _065_ (net)
                      0.147010    0.000075    1.703469 ^ _243_/B1_N (sky130_fd_sc_hd__a21boi_1)
     1    0.002998    0.181471    0.293250    1.996718 ^ _243_/Y (sky130_fd_sc_hd__a21boi_1)
                                                         _069_ (net)
                      0.181471    0.000018    1.996737 ^ _244_/B1 (sky130_fd_sc_hd__o2111a_1)
     2    0.012935    0.225386    0.556595    2.553332 ^ _244_/X (sky130_fd_sc_hd__o2111a_1)
                                                         _070_ (net)
                      0.225386    0.000157    2.553489 ^ _268_/B (sky130_fd_sc_hd__nand4_4)
    10    0.027526    0.318302    0.369114    2.922603 v _268_/Y (sky130_fd_sc_hd__nand4_4)
                                                         _094_ (net)
                      0.318302    0.000685    2.923289 v _331_/A (sky130_fd_sc_hd__and2_1)
     1    0.002121    0.064206    0.387591    3.310879 v _331_/X (sky130_fd_sc_hd__and2_1)
                                                         _015_ (net)
                      0.064206    0.000010    3.310889 v _369_/D (sky130_fd_sc_hd__dfrtp_2)
                                              3.310889   data arrival time

                                 10.000000   10.000000   clock core_clock (rise edge)
                                  0.000000   10.000000   clock source latency
     1    0.016245    0.000000    0.000000   10.000000 ^ clk_CPU (in)
                                                         clk_CPU (net)
                      0.000527    0.000264   10.000264 ^ clkbuf_0_clk_CPU/A (sky130_fd_sc_hd__clkbuf_16)
     2    0.018915    0.065944    0.189943   10.190207 ^ clkbuf_0_clk_CPU/X (sky130_fd_sc_hd__clkbuf_16)
                                                         clknet_0_clk_CPU (net)
                      0.065945    0.000250   10.190457 ^ clkbuf_1_0__f_clk_CPU/A (sky130_fd_sc_hd__clkbuf_16)
     8    0.024903    0.073603    0.226722   10.417179 ^ clkbuf_1_0__f_clk_CPU/X (sky130_fd_sc_hd__clkbuf_16)
                                                         clknet_1_0__leaf_clk_CPU (net)
                      0.073606    0.000476   10.417656 ^ _369_/CLK (sky130_fd_sc_hd__dfrtp_2)
                                  0.000000   10.417656   clock reconvergence pessimism
                                 -0.273227   10.144428   library setup time
                                             10.144428   data required time
---------------------------------------------------------------------------------------------
                                             10.144428   data required time
                                             -3.310889   data arrival time
---------------------------------------------------------------------------------------------
                                              6.833539   slack (MET)


Startpoint: _362_ (rising edge-triggered flip-flop clocked by core_clock)
Endpoint: _365_ (rising edge-triggered flip-flop clocked by core_clock)
Path Group: core_clock
Path Type: max

Fanout         Cap        Slew       Delay        Time   Description
---------------------------------------------------------------------------------------------
                                  0.000000    0.000000   clock core_clock (rise edge)
                                  0.000000    0.000000   clock source latency
     1    0.016245    0.000000    0.000000    0.000000 ^ clk_CPU (in)
                                                         clk_CPU (net)
                      0.000527    0.000264    0.000264 ^ clkbuf_0_clk_CPU/A (sky130_fd_sc_hd__clkbuf_16)
     2    0.018915    0.065944    0.189943    0.190207 ^ clkbuf_0_clk_CPU/X (sky130_fd_sc_hd__clkbuf_16)
                                                         clknet_0_clk_CPU (net)
                      0.065945    0.000251    0.190457 ^ clkbuf_1_0__f_clk_CPU/A (sky130_fd_sc_hd__clkbuf_16)
     8    0.024903    0.073603    0.226722    0.417179 ^ clkbuf_1_0__f_clk_CPU/X (sky130_fd_sc_hd__clkbuf_16)
                                                         clknet_1_0__leaf_clk_CPU (net)
                      0.073603    0.000263    0.417442 ^ _362_/CLK (sky130_fd_sc_hd__dfrtp_1)
     5    0.011494    0.151887    0.818603    1.236045 v _362_/Q (sky130_fd_sc_hd__dfrtp_1)
                                                         uart1.counter[0] (net)
                      0.151887    0.000083    1.236127 v _239_/A_N (sky130_fd_sc_hd__and2b_1)
     3    0.008646    0.147010    0.467266    1.703393 ^ _239_/X (sky130_fd_sc_hd__and2b_1)
                                                         _065_ (net)
                      0.147010    0.000075    1.703469 ^ _243_/B1_N (sky130_fd_sc_hd__a21boi_1)
     1    0.002998    0.181471    0.293250    1.996718 ^ _243_/Y (sky130_fd_sc_hd__a21boi_1)
                                                         _069_ (net)
                      0.181471    0.000018    1.996737 ^ _244_/B1 (sky130_fd_sc_hd__o2111a_1)
     2    0.012935    0.225386    0.556595    2.553332 ^ _244_/X (sky130_fd_sc_hd__o2111a_1)
                                                         _070_ (net)
                      0.225386    0.000157    2.553489 ^ _268_/B (sky130_fd_sc_hd__nand4_4)
    10    0.027526    0.318302    0.369114    2.922603 v _268_/Y (sky130_fd_sc_hd__nand4_4)
                                                         _094_ (net)
                      0.318302    0.000638    2.923242 v _317_/A (sky130_fd_sc_hd__and2_1)
     1    0.002158    0.063073    0.387966    3.311208 v _317_/X (sky130_fd_sc_hd__and2_1)
                                                         _011_ (net)
                      0.063073    0.000019    3.311227 v _365_/D (sky130_fd_sc_hd__dfrtp_4)
                                              3.311227   data arrival time

                                 10.000000   10.000000   clock core_clock (rise edge)
                                  0.000000   10.000000   clock source latency
     1    0.016245    0.000000    0.000000   10.000000 ^ clk_CPU (in)
                                                         clk_CPU (net)
                      0.000527    0.000264   10.000264 ^ clkbuf_0_clk_CPU/A (sky130_fd_sc_hd__clkbuf_16)
     2    0.018915    0.065944    0.189943   10.190207 ^ clkbuf_0_clk_CPU/X (sky130_fd_sc_hd__clkbuf_16)
                                                         clknet_0_clk_CPU (net)
                      0.065945    0.000250   10.190457 ^ clkbuf_1_0__f_clk_CPU/A (sky130_fd_sc_hd__clkbuf_16)
     8    0.024903    0.073603    0.226722   10.417179 ^ clkbuf_1_0__f_clk_CPU/X (sky130_fd_sc_hd__clkbuf_16)
                                                         clknet_1_0__leaf_clk_CPU (net)
                      0.073606    0.000458   10.417638 ^ _365_/CLK (sky130_fd_sc_hd__dfrtp_4)
                                  0.000000   10.417638   clock reconvergence pessimism
                                 -0.270930   10.146707   library setup time
                                             10.146707   data required time
---------------------------------------------------------------------------------------------
                                             10.146707   data required time
                                             -3.311227   data arrival time
---------------------------------------------------------------------------------------------
                                              6.835480   slack (MET)


Startpoint: _362_ (rising edge-triggered flip-flop clocked by core_clock)
Endpoint: _370_ (rising edge-triggered flip-flop clocked by core_clock)
Path Group: core_clock
Path Type: max

Fanout         Cap        Slew       Delay        Time   Description
---------------------------------------------------------------------------------------------
                                  0.000000    0.000000   clock core_clock (rise edge)
                                  0.000000    0.000000   clock source latency
     1    0.016245    0.000000    0.000000    0.000000 ^ clk_CPU (in)
                                                         clk_CPU (net)
                      0.000527    0.000264    0.000264 ^ clkbuf_0_clk_CPU/A (sky130_fd_sc_hd__clkbuf_16)
     2    0.018915    0.065944    0.189943    0.190207 ^ clkbuf_0_clk_CPU/X (sky130_fd_sc_hd__clkbuf_16)
                                                         clknet_0_clk_CPU (net)
                      0.065945    0.000251    0.190457 ^ clkbuf_1_0__f_clk_CPU/A (sky130_fd_sc_hd__clkbuf_16)
     8    0.024903    0.073603    0.226722    0.417179 ^ clkbuf_1_0__f_clk_CPU/X (sky130_fd_sc_hd__clkbuf_16)
                                                         clknet_1_0__leaf_clk_CPU (net)
                      0.073603    0.000263    0.417442 ^ _362_/CLK (sky130_fd_sc_hd__dfrtp_1)
     5    0.011494    0.151887    0.818603    1.236045 v _362_/Q (sky130_fd_sc_hd__dfrtp_1)
                                                         uart1.counter[0] (net)
                      0.151887    0.000083    1.236127 v _239_/A_N (sky130_fd_sc_hd__and2b_1)
     3    0.008646    0.147010    0.467266    1.703393 ^ _239_/X (sky130_fd_sc_hd__and2b_1)
                                                         _065_ (net)
                      0.147010    0.000075    1.703469 ^ _243_/B1_N (sky130_fd_sc_hd__a21boi_1)
     1    0.002998    0.181471    0.293250    1.996718 ^ _243_/Y (sky130_fd_sc_hd__a21boi_1)
                                                         _069_ (net)
                      0.181471    0.000018    1.996737 ^ _244_/B1 (sky130_fd_sc_hd__o2111a_1)
     2    0.012935    0.225386    0.556595    2.553332 ^ _244_/X (sky130_fd_sc_hd__o2111a_1)
                                                         _070_ (net)
                      0.225386    0.000157    2.553489 ^ _268_/B (sky130_fd_sc_hd__nand4_4)
    10    0.027526    0.318302    0.369114    2.922603 v _268_/Y (sky130_fd_sc_hd__nand4_4)
                                                         _094_ (net)
                      0.318302    0.000712    2.923315 v _335_/A (sky130_fd_sc_hd__and2_1)
     1    0.002803    0.068030    0.394722    3.318037 v _335_/X (sky130_fd_sc_hd__and2_1)
                                                         _016_ (net)
                      0.068030    0.000025    3.318062 v _370_/D (sky130_fd_sc_hd__dfrtp_2)
                                              3.318062   data arrival time

                                 10.000000   10.000000   clock core_clock (rise edge)
                                  0.000000   10.000000   clock source latency
     1    0.016245    0.000000    0.000000   10.000000 ^ clk_CPU (in)
                                                         clk_CPU (net)
                      0.000527    0.000264   10.000264 ^ clkbuf_0_clk_CPU/A (sky130_fd_sc_hd__clkbuf_16)
     2    0.018915    0.065944    0.189943   10.190207 ^ clkbuf_0_clk_CPU/X (sky130_fd_sc_hd__clkbuf_16)
                                                         clknet_0_clk_CPU (net)
                      0.065945    0.000287   10.190495 ^ clkbuf_1_1__f_clk_CPU/A (sky130_fd_sc_hd__clkbuf_16)
    12    0.036568    0.089622    0.243198   10.433692 ^ clkbuf_1_1__f_clk_CPU/X (sky130_fd_sc_hd__clkbuf_16)
                                                         clknet_1_1__leaf_clk_CPU (net)
                      0.089622    0.000244   10.433937 ^ _370_/CLK (sky130_fd_sc_hd__dfrtp_2)
                                  0.000000   10.433937   clock reconvergence pessimism
                                 -0.270556   10.163381   library setup time
                                             10.163381   data required time
---------------------------------------------------------------------------------------------
                                             10.163381   data required time
                                             -3.318062   data arrival time
---------------------------------------------------------------------------------------------
                                              6.845319   slack (MET)


Startpoint: _362_ (rising edge-triggered flip-flop clocked by core_clock)
Endpoint: _367_ (rising edge-triggered flip-flop clocked by core_clock)
Path Group: core_clock
Path Type: max

Fanout         Cap        Slew       Delay        Time   Description
---------------------------------------------------------------------------------------------
                                  0.000000    0.000000   clock core_clock (rise edge)
                                  0.000000    0.000000   clock source latency
     1    0.016245    0.000000    0.000000    0.000000 ^ clk_CPU (in)
                                                         clk_CPU (net)
                      0.000527    0.000264    0.000264 ^ clkbuf_0_clk_CPU/A (sky130_fd_sc_hd__clkbuf_16)
     2    0.018915    0.065944    0.189943    0.190207 ^ clkbuf_0_clk_CPU/X (sky130_fd_sc_hd__clkbuf_16)
                                                         clknet_0_clk_CPU (net)
                      0.065945    0.000251    0.190457 ^ clkbuf_1_0__f_clk_CPU/A (sky130_fd_sc_hd__clkbuf_16)
     8    0.024903    0.073603    0.226722    0.417179 ^ clkbuf_1_0__f_clk_CPU/X (sky130_fd_sc_hd__clkbuf_16)
                                                         clknet_1_0__leaf_clk_CPU (net)
                      0.073603    0.000263    0.417442 ^ _362_/CLK (sky130_fd_sc_hd__dfrtp_1)
     5    0.011494    0.151887    0.818603    1.236045 v _362_/Q (sky130_fd_sc_hd__dfrtp_1)
                                                         uart1.counter[0] (net)
                      0.151887    0.000083    1.236127 v _239_/A_N (sky130_fd_sc_hd__and2b_1)
     3    0.008646    0.147010    0.467266    1.703393 ^ _239_/X (sky130_fd_sc_hd__and2b_1)
                                                         _065_ (net)
                      0.147010    0.000075    1.703469 ^ _243_/B1_N (sky130_fd_sc_hd__a21boi_1)
     1    0.002998    0.181471    0.293250    1.996718 ^ _243_/Y (sky130_fd_sc_hd__a21boi_1)
                                                         _069_ (net)
                      0.181471    0.000018    1.996737 ^ _244_/B1 (sky130_fd_sc_hd__o2111a_1)
     2    0.012935    0.225386    0.556595    2.553332 ^ _244_/X (sky130_fd_sc_hd__o2111a_1)
                                                         _070_ (net)
                      0.225386    0.000157    2.553489 ^ _268_/B (sky130_fd_sc_hd__nand4_4)
    10    0.027526    0.318302    0.369114    2.922603 v _268_/Y (sky130_fd_sc_hd__nand4_4)
                                                         _094_ (net)
                      0.318302    0.000579    2.923183 v _323_/A (sky130_fd_sc_hd__and2_1)
     1    0.002707    0.067240    0.393716    3.316898 v _323_/X (sky130_fd_sc_hd__and2_1)
                                                         _013_ (net)
                      0.067240    0.000028    3.316926 v _367_/D (sky130_fd_sc_hd__dfrtp_2)
                                              3.316926   data arrival time

                                 10.000000   10.000000   clock core_clock (rise edge)
                                  0.000000   10.000000   clock source latency
     1    0.016245    0.000000    0.000000   10.000000 ^ clk_CPU (in)
                                                         clk_CPU (net)
                      0.000527    0.000264   10.000264 ^ clkbuf_0_clk_CPU/A (sky130_fd_sc_hd__clkbuf_16)
     2    0.018915    0.065944    0.189943   10.190207 ^ clkbuf_0_clk_CPU/X (sky130_fd_sc_hd__clkbuf_16)
                                                         clknet_0_clk_CPU (net)
                      0.065945    0.000287   10.190495 ^ clkbuf_1_1__f_clk_CPU/A (sky130_fd_sc_hd__clkbuf_16)
    12    0.036568    0.089622    0.243198   10.433692 ^ clkbuf_1_1__f_clk_CPU/X (sky130_fd_sc_hd__clkbuf_16)
                                                         clknet_1_1__leaf_clk_CPU (net)
                      0.089622    0.000293   10.433986 ^ _367_/CLK (sky130_fd_sc_hd__dfrtp_2)
                                  0.000000   10.433986   clock reconvergence pessimism
                                 -0.270227   10.163759   library setup time
                                             10.163759   data required time
---------------------------------------------------------------------------------------------
                                             10.163759   data required time
                                             -3.316926   data arrival time
---------------------------------------------------------------------------------------------
                                              6.846833   slack (MET)


Startpoint: _362_ (rising edge-triggered flip-flop clocked by core_clock)
Endpoint: _350_ (rising edge-triggered flip-flop clocked by core_clock)
Path Group: core_clock
Path Type: max

Fanout         Cap        Slew       Delay        Time   Description
---------------------------------------------------------------------------------------------
                                  0.000000    0.000000   clock core_clock (rise edge)
                                  0.000000    0.000000   clock source latency
     1    0.016245    0.000000    0.000000    0.000000 ^ clk_CPU (in)
                                                         clk_CPU (net)
                      0.000527    0.000264    0.000264 ^ clkbuf_0_clk_CPU/A (sky130_fd_sc_hd__clkbuf_16)
     2    0.018915    0.065944    0.189943    0.190207 ^ clkbuf_0_clk_CPU/X (sky130_fd_sc_hd__clkbuf_16)
                                                         clknet_0_clk_CPU (net)
                      0.065945    0.000251    0.190457 ^ clkbuf_1_0__f_clk_CPU/A (sky130_fd_sc_hd__clkbuf_16)
     8    0.024903    0.073603    0.226722    0.417179 ^ clkbuf_1_0__f_clk_CPU/X (sky130_fd_sc_hd__clkbuf_16)
                                                         clknet_1_0__leaf_clk_CPU (net)
                      0.073603    0.000263    0.417442 ^ _362_/CLK (sky130_fd_sc_hd__dfrtp_1)
     5    0.011494    0.151887    0.818603    1.236045 v _362_/Q (sky130_fd_sc_hd__dfrtp_1)
                                                         uart1.counter[0] (net)
                      0.151887    0.000083    1.236127 v _239_/A_N (sky130_fd_sc_hd__and2b_1)
     3    0.008646    0.147010    0.467266    1.703393 ^ _239_/X (sky130_fd_sc_hd__and2b_1)
                                                         _065_ (net)
                      0.147010    0.000075    1.703469 ^ _243_/B1_N (sky130_fd_sc_hd__a21boi_1)
     1    0.002998    0.181471    0.293250    1.996718 ^ _243_/Y (sky130_fd_sc_hd__a21boi_1)
                                                         _069_ (net)
                      0.181471    0.000018    1.996737 ^ _244_/B1 (sky130_fd_sc_hd__o2111a_1)
     2    0.012935    0.225386    0.556595    2.553332 ^ _244_/X (sky130_fd_sc_hd__o2111a_1)
                                                         _070_ (net)
                      0.225386    0.000157    2.553489 ^ _268_/B (sky130_fd_sc_hd__nand4_4)
    10    0.027526    0.318302    0.369114    2.922603 v _268_/Y (sky130_fd_sc_hd__nand4_4)
                                                         _094_ (net)
                      0.318302    0.000213    2.922816 v _279_/A2_N (sky130_fd_sc_hd__o2bb2ai_1)
     1    0.002270    0.093111    0.328514    3.251330 v _279_/Y (sky130_fd_sc_hd__o2bb2ai_1)
                                                         _000_ (net)
                      0.093111    0.000020    3.251350 v _350_/D (sky130_fd_sc_hd__dfrtp_4)
                                              3.251350   data arrival time

                                 10.000000   10.000000   clock core_clock (rise edge)
                                  0.000000   10.000000   clock source latency
     1    0.016245    0.000000    0.000000   10.000000 ^ clk_CPU (in)
                                                         clk_CPU (net)
                      0.000527    0.000264   10.000264 ^ clkbuf_0_clk_CPU/A (sky130_fd_sc_hd__clkbuf_16)
     2    0.018915    0.065944    0.189943   10.190207 ^ clkbuf_0_clk_CPU/X (sky130_fd_sc_hd__clkbuf_16)
                                                         clknet_0_clk_CPU (net)
                      0.065945    0.000250   10.190457 ^ clkbuf_1_0__f_clk_CPU/A (sky130_fd_sc_hd__clkbuf_16)
     8    0.024903    0.073603    0.226722   10.417179 ^ clkbuf_1_0__f_clk_CPU/X (sky130_fd_sc_hd__clkbuf_16)
                                                         clknet_1_0__leaf_clk_CPU (net)
                      0.073603    0.000258   10.417438 ^ _350_/CLK (sky130_fd_sc_hd__dfrtp_4)
                                  0.000000   10.417438   clock reconvergence pessimism
                                 -0.283458   10.133980   library setup time
                                             10.133980   data required time
---------------------------------------------------------------------------------------------
                                             10.133980   data required time
                                             -3.251350   data arrival time
---------------------------------------------------------------------------------------------
                                              6.882630   slack (MET)


Startpoint: _362_ (rising edge-triggered flip-flop clocked by core_clock)
Endpoint: _362_ (rising edge-triggered flip-flop clocked by core_clock)
Path Group: core_clock
Path Type: max

Fanout         Cap        Slew       Delay        Time   Description
---------------------------------------------------------------------------------------------
                                  0.000000    0.000000   clock core_clock (rise edge)
                                  0.000000    0.000000   clock source latency
     1    0.016245    0.000000    0.000000    0.000000 ^ clk_CPU (in)
                                                         clk_CPU (net)
                      0.000527    0.000264    0.000264 ^ clkbuf_0_clk_CPU/A (sky130_fd_sc_hd__clkbuf_16)
     2    0.018915    0.065944    0.189943    0.190207 ^ clkbuf_0_clk_CPU/X (sky130_fd_sc_hd__clkbuf_16)
                                                         clknet_0_clk_CPU (net)
                      0.065945    0.000251    0.190457 ^ clkbuf_1_0__f_clk_CPU/A (sky130_fd_sc_hd__clkbuf_16)
     8    0.024903    0.073603    0.226722    0.417179 ^ clkbuf_1_0__f_clk_CPU/X (sky130_fd_sc_hd__clkbuf_16)
                                                         clknet_1_0__leaf_clk_CPU (net)
                      0.073603    0.000263    0.417442 ^ _362_/CLK (sky130_fd_sc_hd__dfrtp_1)
     5    0.011494    0.151887    0.818603    1.236045 v _362_/Q (sky130_fd_sc_hd__dfrtp_1)
                                                         uart1.counter[0] (net)
                      0.151887    0.000083    1.236127 v _239_/A_N (sky130_fd_sc_hd__and2b_1)
     3    0.008646    0.147010    0.467266    1.703393 ^ _239_/X (sky130_fd_sc_hd__and2b_1)
                                                         _065_ (net)
                      0.147010    0.000075    1.703469 ^ _243_/B1_N (sky130_fd_sc_hd__a21boi_1)
     1    0.002998    0.181471    0.293250    1.996718 ^ _243_/Y (sky130_fd_sc_hd__a21boi_1)
                                                         _069_ (net)
                      0.181471    0.000018    1.996737 ^ _244_/B1 (sky130_fd_sc_hd__o2111a_1)
     2    0.012935    0.225386    0.556595    2.553332 ^ _244_/X (sky130_fd_sc_hd__o2111a_1)
                                                         _070_ (net)
                      0.225386    0.000157    2.553489 ^ _268_/B (sky130_fd_sc_hd__nand4_4)
    10    0.027526    0.318302    0.369114    2.922603 v _268_/Y (sky130_fd_sc_hd__nand4_4)
                                                         _094_ (net)
                      0.318302    0.000193    2.922796 v _307_/B1 (sky130_fd_sc_hd__o21a_1)
     1    0.002066    0.058735    0.292113    3.214909 v _307_/X (sky130_fd_sc_hd__o21a_1)
                                                         _008_ (net)
                      0.058735    0.000017    3.214926 v _362_/D (sky130_fd_sc_hd__dfrtp_1)
                                              3.214926   data arrival time

                                 10.000000   10.000000   clock core_clock (rise edge)
                                  0.000000   10.000000   clock source latency
     1    0.016245    0.000000    0.000000   10.000000 ^ clk_CPU (in)
                                                         clk_CPU (net)
                      0.000527    0.000264   10.000264 ^ clkbuf_0_clk_CPU/A (sky130_fd_sc_hd__clkbuf_16)
     2    0.018915    0.065944    0.189943   10.190207 ^ clkbuf_0_clk_CPU/X (sky130_fd_sc_hd__clkbuf_16)
                                                         clknet_0_clk_CPU (net)
                      0.065945    0.000250   10.190457 ^ clkbuf_1_0__f_clk_CPU/A (sky130_fd_sc_hd__clkbuf_16)
     8    0.024903    0.073603    0.226722   10.417179 ^ clkbuf_1_0__f_clk_CPU/X (sky130_fd_sc_hd__clkbuf_16)
                                                         clknet_1_0__leaf_clk_CPU (net)
                      0.073603    0.000263   10.417442 ^ _362_/CLK (sky130_fd_sc_hd__dfrtp_1)
                                  0.000000   10.417442   clock reconvergence pessimism
                                 -0.270907   10.146536   library setup time
                                             10.146536   data required time
---------------------------------------------------------------------------------------------
                                             10.146536   data required time
                                             -3.214926   data arrival time
---------------------------------------------------------------------------------------------
                                              6.931609   slack (MET)


Startpoint: _362_ (rising edge-triggered flip-flop clocked by core_clock)
Endpoint: _371_ (rising edge-triggered flip-flop clocked by core_clock)
Path Group: core_clock
Path Type: max

Fanout         Cap        Slew       Delay        Time   Description
---------------------------------------------------------------------------------------------
                                  0.000000    0.000000   clock core_clock (rise edge)
                                  0.000000    0.000000   clock source latency
     1    0.016245    0.000000    0.000000    0.000000 ^ clk_CPU (in)
                                                         clk_CPU (net)
                      0.000527    0.000264    0.000264 ^ clkbuf_0_clk_CPU/A (sky130_fd_sc_hd__clkbuf_16)
     2    0.018915    0.065944    0.189943    0.190207 ^ clkbuf_0_clk_CPU/X (sky130_fd_sc_hd__clkbuf_16)
                                                         clknet_0_clk_CPU (net)
                      0.065945    0.000251    0.190457 ^ clkbuf_1_0__f_clk_CPU/A (sky130_fd_sc_hd__clkbuf_16)
     8    0.024903    0.073603    0.226722    0.417179 ^ clkbuf_1_0__f_clk_CPU/X (sky130_fd_sc_hd__clkbuf_16)
                                                         clknet_1_0__leaf_clk_CPU (net)
                      0.073603    0.000263    0.417442 ^ _362_/CLK (sky130_fd_sc_hd__dfrtp_1)
     5    0.011494    0.151887    0.818603    1.236045 v _362_/Q (sky130_fd_sc_hd__dfrtp_1)
                                                         uart1.counter[0] (net)
                      0.151887    0.000083    1.236127 v _239_/A_N (sky130_fd_sc_hd__and2b_1)
     3    0.008646    0.147010    0.467266    1.703393 ^ _239_/X (sky130_fd_sc_hd__and2b_1)
                                                         _065_ (net)
                      0.147010    0.000072    1.703466 ^ _269_/B1 (sky130_fd_sc_hd__o211a_1)
     1    0.004670    0.100173    0.347352    2.050818 ^ _269_/X (sky130_fd_sc_hd__o211a_1)
                                                         _095_ (net)
                      0.100173    0.000090    2.050908 ^ _270_/D1 (sky130_fd_sc_hd__o2111ai_1)
     1    0.003664    0.227547    0.237190    2.288098 v _270_/Y (sky130_fd_sc_hd__o2111ai_1)
                                                         _096_ (net)
                      0.227547    0.000034    2.288132 v _276_/A (sky130_fd_sc_hd__nor3_1)
     1    0.004651    0.346357    0.432916    2.721048 ^ _276_/Y (sky130_fd_sc_hd__nor3_1)
                                                         _102_ (net)
                      0.346357    0.000077    2.721126 ^ _337_/B (sky130_fd_sc_hd__nor2_1)
     1    0.002109    0.079171    0.148388    2.869514 v _337_/Y (sky130_fd_sc_hd__nor2_1)
                                                         _017_ (net)
                      0.079171    0.000018    2.869532 v _371_/D (sky130_fd_sc_hd__dfrtp_1)
                                              2.869532   data arrival time

                                 10.000000   10.000000   clock core_clock (rise edge)
                                  0.000000   10.000000   clock source latency
     1    0.016245    0.000000    0.000000   10.000000 ^ clk_CPU (in)
                                                         clk_CPU (net)
                      0.000527    0.000264   10.000264 ^ clkbuf_0_clk_CPU/A (sky130_fd_sc_hd__clkbuf_16)
     2    0.018915    0.065944    0.189943   10.190207 ^ clkbuf_0_clk_CPU/X (sky130_fd_sc_hd__clkbuf_16)
                                                         clknet_0_clk_CPU (net)
                      0.065945    0.000287   10.190495 ^ clkbuf_1_1__f_clk_CPU/A (sky130_fd_sc_hd__clkbuf_16)
    12    0.036568    0.089622    0.243198   10.433692 ^ clkbuf_1_1__f_clk_CPU/X (sky130_fd_sc_hd__clkbuf_16)
                                                         clknet_1_1__leaf_clk_CPU (net)
                      0.089622    0.000276   10.433969 ^ _371_/CLK (sky130_fd_sc_hd__dfrtp_1)
                                  0.000000   10.433969   clock reconvergence pessimism
                                 -0.275159   10.158810   library setup time
                                             10.158810   data required time
---------------------------------------------------------------------------------------------
                                             10.158810   data required time
                                             -2.869532   data arrival time
---------------------------------------------------------------------------------------------
                                              7.289279   slack (MET)


Startpoint: _356_ (rising edge-triggered flip-flop clocked by core_clock)
Endpoint: _356_ (rising edge-triggered flip-flop clocked by core_clock)
Path Group: core_clock
Path Type: max

Fanout         Cap        Slew       Delay        Time   Description
---------------------------------------------------------------------------------------------
                                  0.000000    0.000000   clock core_clock (rise edge)
                                  0.000000    0.000000   clock source latency
     1    0.016245    0.000000    0.000000    0.000000 ^ clk_CPU (in)
                                                         clk_CPU (net)
                      0.000527    0.000264    0.000264 ^ clkbuf_0_clk_CPU/A (sky130_fd_sc_hd__clkbuf_16)
     2    0.018915    0.065944    0.189943    0.190207 ^ clkbuf_0_clk_CPU/X (sky130_fd_sc_hd__clkbuf_16)
                                                         clknet_0_clk_CPU (net)
                      0.065945    0.000287    0.190493 ^ clkbuf_1_1__f_clk_CPU/A (sky130_fd_sc_hd__clkbuf_16)
    12    0.036568    0.089622    0.243199    0.433692 ^ clkbuf_1_1__f_clk_CPU/X (sky130_fd_sc_hd__clkbuf_16)
                                                         clknet_1_1__leaf_clk_CPU (net)
                      0.089625    0.000670    0.434362 ^ _356_/CLK (sky130_fd_sc_hd__dfrtp_1)
     2    0.006402    0.106518    0.779171    1.213533 v _356_/Q (sky130_fd_sc_hd__dfrtp_1)
                                                         net20 (net)
                      0.106518    0.000055    1.213588 v _293_/B1 (sky130_fd_sc_hd__a31o_1)
     1    0.001764    0.057129    0.331538    1.545127 v _293_/X (sky130_fd_sc_hd__a31o_1)
                                                         _113_ (net)
                      0.057129    0.000015    1.545141 v _295_/B (sky130_fd_sc_hd__and3_1)
     1    0.002558    0.068834    0.320024    1.865166 v _295_/X (sky130_fd_sc_hd__and3_1)
                                                         _006_ (net)
                      0.068834    0.000027    1.865193 v _356_/D (sky130_fd_sc_hd__dfrtp_1)
                                              1.865193   data arrival time

                                 10.000000   10.000000   clock core_clock (rise edge)
                                  0.000000   10.000000   clock source latency
     1    0.016245    0.000000    0.000000   10.000000 ^ clk_CPU (in)
                                                         clk_CPU (net)
                      0.000527    0.000264   10.000264 ^ clkbuf_0_clk_CPU/A (sky130_fd_sc_hd__clkbuf_16)
     2    0.018915    0.065944    0.189943   10.190207 ^ clkbuf_0_clk_CPU/X (sky130_fd_sc_hd__clkbuf_16)
                                                         clknet_0_clk_CPU (net)
                      0.065945    0.000287   10.190495 ^ clkbuf_1_1__f_clk_CPU/A (sky130_fd_sc_hd__clkbuf_16)
    12    0.036568    0.089622    0.243198   10.433692 ^ clkbuf_1_1__f_clk_CPU/X (sky130_fd_sc_hd__clkbuf_16)
                                                         clknet_1_1__leaf_clk_CPU (net)
                      0.089625    0.000670   10.434362 ^ _356_/CLK (sky130_fd_sc_hd__dfrtp_1)
                                  0.000000   10.434362   clock reconvergence pessimism
                                 -0.270848   10.163514   library setup time
                                             10.163514   data required time
---------------------------------------------------------------------------------------------
                                             10.163514   data required time
                                             -1.865193   data arrival time
---------------------------------------------------------------------------------------------
                                              8.298322   slack (MET)


Startpoint: _351_ (rising edge-triggered flip-flop clocked by core_clock)
Endpoint: _351_ (rising edge-triggered flip-flop clocked by core_clock)
Path Group: core_clock
Path Type: max

Fanout         Cap        Slew       Delay        Time   Description
---------------------------------------------------------------------------------------------
                                  0.000000    0.000000   clock core_clock (rise edge)
                                  0.000000    0.000000   clock source latency
     1    0.016245    0.000000    0.000000    0.000000 ^ clk_CPU (in)
                                                         clk_CPU (net)
                      0.000527    0.000264    0.000264 ^ clkbuf_0_clk_CPU/A (sky130_fd_sc_hd__clkbuf_16)
     2    0.018915    0.065944    0.189943    0.190207 ^ clkbuf_0_clk_CPU/X (sky130_fd_sc_hd__clkbuf_16)
                                                         clknet_0_clk_CPU (net)
                      0.065945    0.000287    0.190493 ^ clkbuf_1_1__f_clk_CPU/A (sky130_fd_sc_hd__clkbuf_16)
    12    0.036568    0.089622    0.243199    0.433692 ^ clkbuf_1_1__f_clk_CPU/X (sky130_fd_sc_hd__clkbuf_16)
                                                         clknet_1_1__leaf_clk_CPU (net)
                      0.089627    0.000792    0.434484 ^ _351_/CLK (sky130_fd_sc_hd__dfrtp_1)
     2    0.009568    0.134170    0.808315    1.242799 v _351_/Q (sky130_fd_sc_hd__dfrtp_1)
                                                         net26 (net)
                      0.134170    0.000093    1.242892 v _281_/B2 (sky130_fd_sc_hd__a32o_1)
     1    0.003726    0.079500    0.414115    1.657007 v _281_/X (sky130_fd_sc_hd__a32o_1)
                                                         _001_ (net)
                      0.079500    0.000062    1.657069 v _351_/D (sky130_fd_sc_hd__dfrtp_1)
                                              1.657069   data arrival time

                                 10.000000   10.000000   clock core_clock (rise edge)
                                  0.000000   10.000000   clock source latency
     1    0.016245    0.000000    0.000000   10.000000 ^ clk_CPU (in)
                                                         clk_CPU (net)
                      0.000527    0.000264   10.000264 ^ clkbuf_0_clk_CPU/A (sky130_fd_sc_hd__clkbuf_16)
     2    0.018915    0.065944    0.189943   10.190207 ^ clkbuf_0_clk_CPU/X (sky130_fd_sc_hd__clkbuf_16)
                                                         clknet_0_clk_CPU (net)
                      0.065945    0.000287   10.190495 ^ clkbuf_1_1__f_clk_CPU/A (sky130_fd_sc_hd__clkbuf_16)
    12    0.036568    0.089622    0.243198   10.433692 ^ clkbuf_1_1__f_clk_CPU/X (sky130_fd_sc_hd__clkbuf_16)
                                                         clknet_1_1__leaf_clk_CPU (net)
                      0.089627    0.000791   10.434484 ^ _351_/CLK (sky130_fd_sc_hd__dfrtp_1)
                                  0.000000   10.434484   clock reconvergence pessimism
                                 -0.275294   10.159189   library setup time
                                             10.159189   data required time
---------------------------------------------------------------------------------------------
                                             10.159189   data required time
                                             -1.657069   data arrival time
---------------------------------------------------------------------------------------------
                                              8.502120   slack (MET)


Startpoint: _355_ (rising edge-triggered flip-flop clocked by core_clock)
Endpoint: _355_ (rising edge-triggered flip-flop clocked by core_clock)
Path Group: core_clock
Path Type: max

Fanout         Cap        Slew       Delay        Time   Description
---------------------------------------------------------------------------------------------
                                  0.000000    0.000000   clock core_clock (rise edge)
                                  0.000000    0.000000   clock source latency
     1    0.016245    0.000000    0.000000    0.000000 ^ clk_CPU (in)
                                                         clk_CPU (net)
                      0.000527    0.000264    0.000264 ^ clkbuf_0_clk_CPU/A (sky130_fd_sc_hd__clkbuf_16)
     2    0.018915    0.065944    0.189943    0.190207 ^ clkbuf_0_clk_CPU/X (sky130_fd_sc_hd__clkbuf_16)
                                                         clknet_0_clk_CPU (net)
                      0.065945    0.000287    0.190493 ^ clkbuf_1_1__f_clk_CPU/A (sky130_fd_sc_hd__clkbuf_16)
    12    0.036568    0.089622    0.243199    0.433692 ^ clkbuf_1_1__f_clk_CPU/X (sky130_fd_sc_hd__clkbuf_16)
                                                         clknet_1_1__leaf_clk_CPU (net)
                      0.089625    0.000690    0.434382 ^ _355_/CLK (sky130_fd_sc_hd__dfstp_1)
     2    0.007579    0.134929    1.125365    1.559747 ^ _355_/Q (sky130_fd_sc_hd__dfstp_1)
                                                         net19 (net)
                      0.134929    0.000067    1.559814 ^ _292_/A1 (sky130_fd_sc_hd__a211o_1)
     1    0.002791    0.069501    0.248079    1.807893 ^ _292_/X (sky130_fd_sc_hd__a211o_1)
                                                         _005_ (net)
                      0.069501    0.000025    1.807918 ^ _355_/D (sky130_fd_sc_hd__dfstp_1)
                                              1.807918   data arrival time

                                 10.000000   10.000000   clock core_clock (rise edge)
                                  0.000000   10.000000   clock source latency
     1    0.016245    0.000000    0.000000   10.000000 ^ clk_CPU (in)
                                                         clk_CPU (net)
                      0.000527    0.000264   10.000264 ^ clkbuf_0_clk_CPU/A (sky130_fd_sc_hd__clkbuf_16)
     2    0.018915    0.065944    0.189943   10.190207 ^ clkbuf_0_clk_CPU/X (sky130_fd_sc_hd__clkbuf_16)
                                                         clknet_0_clk_CPU (net)
                      0.065945    0.000287   10.190495 ^ clkbuf_1_1__f_clk_CPU/A (sky130_fd_sc_hd__clkbuf_16)
    12    0.036568    0.089622    0.243198   10.433692 ^ clkbuf_1_1__f_clk_CPU/X (sky130_fd_sc_hd__clkbuf_16)
                                                         clknet_1_1__leaf_clk_CPU (net)
                      0.089625    0.000690   10.434382 ^ _355_/CLK (sky130_fd_sc_hd__dfstp_1)
                                  0.000000   10.434382   clock reconvergence pessimism
                                 -0.117915   10.316468   library setup time
                                             10.316468   data required time
---------------------------------------------------------------------------------------------
                                             10.316468   data required time
                                             -1.807918   data arrival time
---------------------------------------------------------------------------------------------
                                              8.508551   slack (MET)


Startpoint: _352_ (rising edge-triggered flip-flop clocked by core_clock)
Endpoint: _352_ (rising edge-triggered flip-flop clocked by core_clock)
Path Group: core_clock
Path Type: max

Fanout         Cap        Slew       Delay        Time   Description
---------------------------------------------------------------------------------------------
                                  0.000000    0.000000   clock core_clock (rise edge)
                                  0.000000    0.000000   clock source latency
     1    0.016245    0.000000    0.000000    0.000000 ^ clk_CPU (in)
                                                         clk_CPU (net)
                      0.000527    0.000264    0.000264 ^ clkbuf_0_clk_CPU/A (sky130_fd_sc_hd__clkbuf_16)
     2    0.018915    0.065944    0.189943    0.190207 ^ clkbuf_0_clk_CPU/X (sky130_fd_sc_hd__clkbuf_16)
                                                         clknet_0_clk_CPU (net)
                      0.065945    0.000287    0.190493 ^ clkbuf_1_1__f_clk_CPU/A (sky130_fd_sc_hd__clkbuf_16)
    12    0.036568    0.089622    0.243199    0.433692 ^ clkbuf_1_1__f_clk_CPU/X (sky130_fd_sc_hd__clkbuf_16)
                                                         clknet_1_1__leaf_clk_CPU (net)
                      0.089628    0.000809    0.434501 ^ _352_/CLK (sky130_fd_sc_hd__dfrtp_1)
     2    0.008922    0.128356    0.802364    1.236866 v _352_/Q (sky130_fd_sc_hd__dfrtp_1)
                                                         net25 (net)
                      0.128356    0.000063    1.236929 v _283_/B2 (sky130_fd_sc_hd__a32o_1)
     1    0.002641    0.069735    0.398856    1.635784 v _283_/X (sky130_fd_sc_hd__a32o_1)
                                                         _002_ (net)
                      0.069735    0.000028    1.635813 v _352_/D (sky130_fd_sc_hd__dfrtp_1)
                                              1.635813   data arrival time

                                 10.000000   10.000000   clock core_clock (rise edge)
                                  0.000000   10.000000   clock source latency
     1    0.016245    0.000000    0.000000   10.000000 ^ clk_CPU (in)
                                                         clk_CPU (net)
                      0.000527    0.000264   10.000264 ^ clkbuf_0_clk_CPU/A (sky130_fd_sc_hd__clkbuf_16)
     2    0.018915    0.065944    0.189943   10.190207 ^ clkbuf_0_clk_CPU/X (sky130_fd_sc_hd__clkbuf_16)
                                                         clknet_0_clk_CPU (net)
                      0.065945    0.000287   10.190495 ^ clkbuf_1_1__f_clk_CPU/A (sky130_fd_sc_hd__clkbuf_16)
    12    0.036568    0.089622    0.243198   10.433692 ^ clkbuf_1_1__f_clk_CPU/X (sky130_fd_sc_hd__clkbuf_16)
                                                         clknet_1_1__leaf_clk_CPU (net)
                      0.089628    0.000809   10.434502 ^ _352_/CLK (sky130_fd_sc_hd__dfrtp_1)
                                  0.000000   10.434502   clock reconvergence pessimism
                                 -0.271223   10.163279   library setup time
                                             10.163279   data required time
---------------------------------------------------------------------------------------------
                                             10.163279   data required time
                                             -1.635813   data arrival time
---------------------------------------------------------------------------------------------
                                              8.527466   slack (MET)


Startpoint: _375_ (rising edge-triggered flip-flop clocked by core_clock)
Endpoint: _375_ (rising edge-triggered flip-flop clocked by core_clock)
Path Group: core_clock
Path Type: max

Fanout         Cap        Slew       Delay        Time   Description
---------------------------------------------------------------------------------------------
                                  0.000000    0.000000   clock core_clock (rise edge)
                                  0.000000    0.000000   clock source latency
     1    0.016245    0.000000    0.000000    0.000000 ^ clk_CPU (in)
                                                         clk_CPU (net)
                      0.000527    0.000264    0.000264 ^ clkbuf_0_clk_CPU/A (sky130_fd_sc_hd__clkbuf_16)
     2    0.018915    0.065944    0.189943    0.190207 ^ clkbuf_0_clk_CPU/X (sky130_fd_sc_hd__clkbuf_16)
                                                         clknet_0_clk_CPU (net)
                      0.065945    0.000287    0.190493 ^ clkbuf_1_1__f_clk_CPU/A (sky130_fd_sc_hd__clkbuf_16)
    12    0.036568    0.089622    0.243199    0.433692 ^ clkbuf_1_1__f_clk_CPU/X (sky130_fd_sc_hd__clkbuf_16)
                                                         clknet_1_1__leaf_clk_CPU (net)
                      0.089625    0.000658    0.434350 ^ _375_/CLK (sky130_fd_sc_hd__dfrtp_1)
     2    0.006344    0.106041    0.778640    1.212990 v _375_/Q (sky130_fd_sc_hd__dfrtp_1)
                                                         net22 (net)
                      0.106041    0.000068    1.213058 v _345_/A1 (sky130_fd_sc_hd__o211a_1)
     1    0.002665    0.069923    0.414000    1.627058 v _345_/X (sky130_fd_sc_hd__o211a_1)
                                                         _021_ (net)
                      0.069923    0.000028    1.627086 v _375_/D (sky130_fd_sc_hd__dfrtp_1)
                                              1.627086   data arrival time

                                 10.000000   10.000000   clock core_clock (rise edge)
                                  0.000000   10.000000   clock source latency
     1    0.016245    0.000000    0.000000   10.000000 ^ clk_CPU (in)
                                                         clk_CPU (net)
                      0.000527    0.000264   10.000264 ^ clkbuf_0_clk_CPU/A (sky130_fd_sc_hd__clkbuf_16)
     2    0.018915    0.065944    0.189943   10.190207 ^ clkbuf_0_clk_CPU/X (sky130_fd_sc_hd__clkbuf_16)
                                                         clknet_0_clk_CPU (net)
                      0.065945    0.000287   10.190495 ^ clkbuf_1_1__f_clk_CPU/A (sky130_fd_sc_hd__clkbuf_16)
    12    0.036568    0.089622    0.243198   10.433692 ^ clkbuf_1_1__f_clk_CPU/X (sky130_fd_sc_hd__clkbuf_16)
                                                         clknet_1_1__leaf_clk_CPU (net)
                      0.089625    0.000658   10.434351 ^ _375_/CLK (sky130_fd_sc_hd__dfrtp_1)
                                  0.000000   10.434351   clock reconvergence pessimism
                                 -0.271302   10.163049   library setup time
                                             10.163049   data required time
---------------------------------------------------------------------------------------------
                                             10.163049   data required time
                                             -1.627086   data arrival time
---------------------------------------------------------------------------------------------
                                              8.535962   slack (MET)


Startpoint: _374_ (rising edge-triggered flip-flop clocked by core_clock)
Endpoint: _374_ (rising edge-triggered flip-flop clocked by core_clock)
Path Group: core_clock
Path Type: max

Fanout         Cap        Slew       Delay        Time   Description
---------------------------------------------------------------------------------------------
                                  0.000000    0.000000   clock core_clock (rise edge)
                                  0.000000    0.000000   clock source latency
     1    0.016245    0.000000    0.000000    0.000000 ^ clk_CPU (in)
                                                         clk_CPU (net)
                      0.000527    0.000264    0.000264 ^ clkbuf_0_clk_CPU/A (sky130_fd_sc_hd__clkbuf_16)
     2    0.018915    0.065944    0.189943    0.190207 ^ clkbuf_0_clk_CPU/X (sky130_fd_sc_hd__clkbuf_16)
                                                         clknet_0_clk_CPU (net)
                      0.065945    0.000287    0.190493 ^ clkbuf_1_1__f_clk_CPU/A (sky130_fd_sc_hd__clkbuf_16)
    12    0.036568    0.089622    0.243199    0.433692 ^ clkbuf_1_1__f_clk_CPU/X (sky130_fd_sc_hd__clkbuf_16)
                                                         clknet_1_1__leaf_clk_CPU (net)
                      0.089624    0.000606    0.434298 ^ _374_/CLK (sky130_fd_sc_hd__dfrtp_1)
     2    0.006182    0.104717    0.777144    1.211442 v _374_/Q (sky130_fd_sc_hd__dfrtp_1)
                                                         net21 (net)
                      0.104717    0.000058    1.211501 v _342_/A1 (sky130_fd_sc_hd__o211a_1)
     1    0.002553    0.068967    0.412083    1.623584 v _342_/X (sky130_fd_sc_hd__o211a_1)
                                                         _020_ (net)
                      0.068967    0.000025    1.623609 v _374_/D (sky130_fd_sc_hd__dfrtp_1)
                                              1.623609   data arrival time

                                 10.000000   10.000000   clock core_clock (rise edge)
                                  0.000000   10.000000   clock source latency
     1    0.016245    0.000000    0.000000   10.000000 ^ clk_CPU (in)
                                                         clk_CPU (net)
                      0.000527    0.000264   10.000264 ^ clkbuf_0_clk_CPU/A (sky130_fd_sc_hd__clkbuf_16)
     2    0.018915    0.065944    0.189943   10.190207 ^ clkbuf_0_clk_CPU/X (sky130_fd_sc_hd__clkbuf_16)
                                                         clknet_0_clk_CPU (net)
                      0.065945    0.000287   10.190495 ^ clkbuf_1_1__f_clk_CPU/A (sky130_fd_sc_hd__clkbuf_16)
    12    0.036568    0.089622    0.243198   10.433692 ^ clkbuf_1_1__f_clk_CPU/X (sky130_fd_sc_hd__clkbuf_16)
                                                         clknet_1_1__leaf_clk_CPU (net)
                      0.089624    0.000607   10.434299 ^ _374_/CLK (sky130_fd_sc_hd__dfrtp_1)
                                  0.000000   10.434299   clock reconvergence pessimism
                                 -0.270904   10.163395   library setup time
                                             10.163395   data required time
---------------------------------------------------------------------------------------------
                                             10.163395   data required time
                                             -1.623609   data arrival time
---------------------------------------------------------------------------------------------
                                              8.539786   slack (MET)


Startpoint: _353_ (rising edge-triggered flip-flop clocked by core_clock)
Endpoint: _353_ (rising edge-triggered flip-flop clocked by core_clock)
Path Group: core_clock
Path Type: max

Fanout         Cap        Slew       Delay        Time   Description
---------------------------------------------------------------------------------------------
                                  0.000000    0.000000   clock core_clock (rise edge)
                                  0.000000    0.000000   clock source latency
     1    0.016245    0.000000    0.000000    0.000000 ^ clk_CPU (in)
                                                         clk_CPU (net)
                      0.000527    0.000264    0.000264 ^ clkbuf_0_clk_CPU/A (sky130_fd_sc_hd__clkbuf_16)
     2    0.018915    0.065944    0.189943    0.190207 ^ clkbuf_0_clk_CPU/X (sky130_fd_sc_hd__clkbuf_16)
                                                         clknet_0_clk_CPU (net)
                      0.065945    0.000287    0.190493 ^ clkbuf_1_1__f_clk_CPU/A (sky130_fd_sc_hd__clkbuf_16)
    12    0.036568    0.089622    0.243199    0.433692 ^ clkbuf_1_1__f_clk_CPU/X (sky130_fd_sc_hd__clkbuf_16)
                                                         clknet_1_1__leaf_clk_CPU (net)
                      0.089626    0.000749    0.434441 ^ _353_/CLK (sky130_fd_sc_hd__dfrtp_1)
     2    0.006474    0.107112    0.779839    1.214280 v _353_/Q (sky130_fd_sc_hd__dfrtp_1)
                                                         net24 (net)
                      0.107112    0.000065    1.214345 v _286_/A1 (sky130_fd_sc_hd__o211a_1)
     1    0.002190    0.065831    0.408500    1.622845 v _286_/X (sky130_fd_sc_hd__o211a_1)
                                                         _003_ (net)
                      0.065831    0.000019    1.622865 v _353_/D (sky130_fd_sc_hd__dfrtp_1)
                                              1.622865   data arrival time

                                 10.000000   10.000000   clock core_clock (rise edge)
                                  0.000000   10.000000   clock source latency
     1    0.016245    0.000000    0.000000   10.000000 ^ clk_CPU (in)
                                                         clk_CPU (net)
                      0.000527    0.000264   10.000264 ^ clkbuf_0_clk_CPU/A (sky130_fd_sc_hd__clkbuf_16)
     2    0.018915    0.065944    0.189943   10.190207 ^ clkbuf_0_clk_CPU/X (sky130_fd_sc_hd__clkbuf_16)
                                                         clknet_0_clk_CPU (net)
                      0.065945    0.000287   10.190495 ^ clkbuf_1_1__f_clk_CPU/A (sky130_fd_sc_hd__clkbuf_16)
    12    0.036568    0.089622    0.243198   10.433692 ^ clkbuf_1_1__f_clk_CPU/X (sky130_fd_sc_hd__clkbuf_16)
                                                         clknet_1_1__leaf_clk_CPU (net)
                      0.089626    0.000749   10.434442 ^ _353_/CLK (sky130_fd_sc_hd__dfrtp_1)
                                  0.000000   10.434442   clock reconvergence pessimism
                                 -0.269596   10.164845   library setup time
                                             10.164845   data required time
---------------------------------------------------------------------------------------------
                                             10.164845   data required time
                                             -1.622865   data arrival time
---------------------------------------------------------------------------------------------
                                              8.541981   slack (MET)


Startpoint: _354_ (rising edge-triggered flip-flop clocked by core_clock)
Endpoint: _354_ (rising edge-triggered flip-flop clocked by core_clock)
Path Group: core_clock
Path Type: max

Fanout         Cap        Slew       Delay        Time   Description
---------------------------------------------------------------------------------------------
                                  0.000000    0.000000   clock core_clock (rise edge)
                                  0.000000    0.000000   clock source latency
     1    0.016245    0.000000    0.000000    0.000000 ^ clk_CPU (in)
                                                         clk_CPU (net)
                      0.000527    0.000264    0.000264 ^ clkbuf_0_clk_CPU/A (sky130_fd_sc_hd__clkbuf_16)
     2    0.018915    0.065944    0.189943    0.190207 ^ clkbuf_0_clk_CPU/X (sky130_fd_sc_hd__clkbuf_16)
                                                         clknet_0_clk_CPU (net)
                      0.065945    0.000287    0.190493 ^ clkbuf_1_1__f_clk_CPU/A (sky130_fd_sc_hd__clkbuf_16)
    12    0.036568    0.089622    0.243199    0.433692 ^ clkbuf_1_1__f_clk_CPU/X (sky130_fd_sc_hd__clkbuf_16)
                                                         clknet_1_1__leaf_clk_CPU (net)
                      0.089626    0.000701    0.434393 ^ _354_/CLK (sky130_fd_sc_hd__dfrtp_1)
     2    0.005812    0.101735    0.773751    1.208143 v _354_/Q (sky130_fd_sc_hd__dfrtp_1)
                                                         net23 (net)
                      0.101735    0.000046    1.208190 v _289_/A1 (sky130_fd_sc_hd__o211a_1)
     1    0.002117    0.064999    0.405429    1.613619 v _289_/X (sky130_fd_sc_hd__o211a_1)
                                                         _004_ (net)
                      0.064999    0.000018    1.613637 v _354_/D (sky130_fd_sc_hd__dfrtp_1)
                                              1.613637   data arrival time

                                 10.000000   10.000000   clock core_clock (rise edge)
                                  0.000000   10.000000   clock source latency
     1    0.016245    0.000000    0.000000   10.000000 ^ clk_CPU (in)
                                                         clk_CPU (net)
                      0.000527    0.000264   10.000264 ^ clkbuf_0_clk_CPU/A (sky130_fd_sc_hd__clkbuf_16)
     2    0.018915    0.065944    0.189943   10.190207 ^ clkbuf_0_clk_CPU/X (sky130_fd_sc_hd__clkbuf_16)
                                                         clknet_0_clk_CPU (net)
                      0.065945    0.000287   10.190495 ^ clkbuf_1_1__f_clk_CPU/A (sky130_fd_sc_hd__clkbuf_16)
    12    0.036568    0.089622    0.243198   10.433692 ^ clkbuf_1_1__f_clk_CPU/X (sky130_fd_sc_hd__clkbuf_16)
                                                         clknet_1_1__leaf_clk_CPU (net)
                      0.089626    0.000701   10.434393 ^ _354_/CLK (sky130_fd_sc_hd__dfrtp_1)
                                  0.000000   10.434393   clock reconvergence pessimism
                                 -0.269249   10.165144   library setup time
                                             10.165144   data required time
---------------------------------------------------------------------------------------------
                                             10.165144   data required time
                                             -1.613637   data arrival time
---------------------------------------------------------------------------------------------
                                              8.551506   slack (MET)


Startpoint: _372_ (rising edge-triggered flip-flop clocked by core_clock)
Endpoint: _372_ (rising edge-triggered flip-flop clocked by core_clock)
Path Group: core_clock
Path Type: max

Fanout         Cap        Slew       Delay        Time   Description
---------------------------------------------------------------------------------------------
                                  0.000000    0.000000   clock core_clock (rise edge)
                                  0.000000    0.000000   clock source latency
     1    0.016245    0.000000    0.000000    0.000000 ^ clk_CPU (in)
                                                         clk_CPU (net)
                      0.000527    0.000264    0.000264 ^ clkbuf_0_clk_CPU/A (sky130_fd_sc_hd__clkbuf_16)
     2    0.018915    0.065944    0.189943    0.190207 ^ clkbuf_0_clk_CPU/X (sky130_fd_sc_hd__clkbuf_16)
                                                         clknet_0_clk_CPU (net)
                      0.065945    0.000287    0.190493 ^ clkbuf_1_1__f_clk_CPU/A (sky130_fd_sc_hd__clkbuf_16)
    12    0.036568    0.089622    0.243199    0.433692 ^ clkbuf_1_1__f_clk_CPU/X (sky130_fd_sc_hd__clkbuf_16)
                                                         clknet_1_1__leaf_clk_CPU (net)
                      0.089626    0.000703    0.434395 ^ _372_/CLK (sky130_fd_sc_hd__dfrtp_1)
     3    0.007613    0.116719    0.790326    1.224721 v _372_/Q (sky130_fd_sc_hd__dfrtp_1)
                                                         net28 (net)
                      0.116719    0.000067    1.224788 v _338_/B1 (sky130_fd_sc_hd__a31o_1)
     1    0.002184    0.060606    0.340525    1.565313 v _338_/X (sky130_fd_sc_hd__a31o_1)
                                                         _018_ (net)
                      0.060606    0.000019    1.565332 v _372_/D (sky130_fd_sc_hd__dfrtp_1)
                                              1.565332   data arrival time

                                 10.000000   10.000000   clock core_clock (rise edge)
                                  0.000000   10.000000   clock source latency
     1    0.016245    0.000000    0.000000   10.000000 ^ clk_CPU (in)
                                                         clk_CPU (net)
                      0.000527    0.000264   10.000264 ^ clkbuf_0_clk_CPU/A (sky130_fd_sc_hd__clkbuf_16)
     2    0.018915    0.065944    0.189943   10.190207 ^ clkbuf_0_clk_CPU/X (sky130_fd_sc_hd__clkbuf_16)
                                                         clknet_0_clk_CPU (net)
                      0.065945    0.000287   10.190495 ^ clkbuf_1_1__f_clk_CPU/A (sky130_fd_sc_hd__clkbuf_16)
    12    0.036568    0.089622    0.243198   10.433692 ^ clkbuf_1_1__f_clk_CPU/X (sky130_fd_sc_hd__clkbuf_16)
                                                         clknet_1_1__leaf_clk_CPU (net)
                      0.089626    0.000703   10.434395 ^ _372_/CLK (sky130_fd_sc_hd__dfrtp_1)
                                  0.000000   10.434395   clock reconvergence pessimism
                                 -0.267418   10.166977   library setup time
                                             10.166977   data required time
---------------------------------------------------------------------------------------------
                                             10.166977   data required time
                                             -1.565332   data arrival time
---------------------------------------------------------------------------------------------
                                              8.601645   slack (MET)



