
===========================================================================
report_checks -path_delay max (Setup)
============================================================================
======================= max_ff_n40C_1v95 Corner ===================================

Startpoint: _364_ (rising edge-triggered flip-flop clocked by core_clock)
Endpoint: _368_ (rising edge-triggered flip-flop clocked by core_clock)
Path Group: core_clock
Path Type: max

Fanout         Cap        Slew       Delay        Time   Description
---------------------------------------------------------------------------------------------
                                  0.000000    0.000000   clock core_clock (rise edge)
                                  0.000000    0.000000   clock source latency
     1    0.017607    0.000000    0.000000    0.000000 ^ clk_CPU (in)
                                                         clk_CPU (net)
                      0.001243    0.000621    0.000621 ^ clkbuf_0_clk_CPU/A (sky130_fd_sc_hd__clkbuf_16)
     2    0.019708    0.030943    0.075697    0.076318 ^ clkbuf_0_clk_CPU/X (sky130_fd_sc_hd__clkbuf_16)
                                                         clknet_0_clk_CPU (net)
                      0.031010    0.001389    0.077706 ^ clkbuf_1_0__f_clk_CPU/A (sky130_fd_sc_hd__clkbuf_16)
     8    0.028680    0.037271    0.089913    0.167620 ^ clkbuf_1_0__f_clk_CPU/X (sky130_fd_sc_hd__clkbuf_16)
                                                         clknet_1_0__leaf_clk_CPU (net)
                      0.037372    0.001286    0.168906 ^ _364_/CLK (sky130_fd_sc_hd__dfrtp_1)
     6    0.020908    0.082729    0.279130    0.448036 v _364_/Q (sky130_fd_sc_hd__dfrtp_1)
                                                         uart1.counter[2] (net)
                      0.082787    0.001981    0.450017 v _312_/C (sky130_fd_sc_hd__and4_2)
     7    0.027876    0.067641    0.202443    0.652460 v _312_/X (sky130_fd_sc_hd__and4_2)
                                                         _128_ (net)
                      0.067729    0.002190    0.654650 v _319_/C (sky130_fd_sc_hd__and3_1)
     3    0.010417    0.048909    0.150951    0.805601 v _319_/X (sky130_fd_sc_hd__and3_1)
                                                         _133_ (net)
                      0.048913    0.000469    0.806071 v _325_/A2 (sky130_fd_sc_hd__a21oi_1)
     1    0.002955    0.078324    0.101360    0.907430 ^ _325_/Y (sky130_fd_sc_hd__a21oi_1)
                                                         _137_ (net)
                      0.078324    0.000209    0.907639 ^ _326_/B1 (sky130_fd_sc_hd__a41oi_1)
     1    0.003092    0.065113    0.029056    0.936695 v _326_/Y (sky130_fd_sc_hd__a41oi_1)
                                                         _138_ (net)
                      0.065113    0.000176    0.936871 v _327_/B (sky130_fd_sc_hd__and2_1)
     1    0.002520    0.024548    0.107293    1.044164 v _327_/X (sky130_fd_sc_hd__and2_1)
                                                         _014_ (net)
                      0.024548    0.000174    1.044338 v _368_/D (sky130_fd_sc_hd__dfrtp_2)
                                              1.044338   data arrival time

                                 10.000000   10.000000   clock core_clock (rise edge)
                                  0.000000   10.000000   clock source latency
     1    0.017607    0.000000    0.000000   10.000000 ^ clk_CPU (in)
                                                         clk_CPU (net)
                      0.001243    0.000622   10.000622 ^ clkbuf_0_clk_CPU/A (sky130_fd_sc_hd__clkbuf_16)
     2    0.019708    0.030943    0.075696   10.076318 ^ clkbuf_0_clk_CPU/X (sky130_fd_sc_hd__clkbuf_16)
                                                         clknet_0_clk_CPU (net)
                      0.031010    0.001389   10.077707 ^ clkbuf_1_0__f_clk_CPU/A (sky130_fd_sc_hd__clkbuf_16)
     8    0.028680    0.037271    0.089913   10.167620 ^ clkbuf_1_0__f_clk_CPU/X (sky130_fd_sc_hd__clkbuf_16)
                                                         clknet_1_0__leaf_clk_CPU (net)
                      0.037367    0.001243   10.168862 ^ _368_/CLK (sky130_fd_sc_hd__dfrtp_2)
                                  0.000000   10.168862   clock reconvergence pessimism
                                 -0.070488   10.098375   library setup time
                                             10.098375   data required time
---------------------------------------------------------------------------------------------
                                             10.098375   data required time
                                             -1.044338   data arrival time
---------------------------------------------------------------------------------------------
                                              9.054037   slack (MET)


Startpoint: _362_ (rising edge-triggered flip-flop clocked by core_clock)
Endpoint: _366_ (rising edge-triggered flip-flop clocked by core_clock)
Path Group: core_clock
Path Type: max

Fanout         Cap        Slew       Delay        Time   Description
---------------------------------------------------------------------------------------------
                                  0.000000    0.000000   clock core_clock (rise edge)
                                  0.000000    0.000000   clock source latency
     1    0.017607    0.000000    0.000000    0.000000 ^ clk_CPU (in)
                                                         clk_CPU (net)
                      0.001243    0.000621    0.000621 ^ clkbuf_0_clk_CPU/A (sky130_fd_sc_hd__clkbuf_16)
     2    0.019708    0.030943    0.075697    0.076318 ^ clkbuf_0_clk_CPU/X (sky130_fd_sc_hd__clkbuf_16)
                                                         clknet_0_clk_CPU (net)
                      0.031010    0.001389    0.077706 ^ clkbuf_1_0__f_clk_CPU/A (sky130_fd_sc_hd__clkbuf_16)
     8    0.028680    0.037271    0.089913    0.167620 ^ clkbuf_1_0__f_clk_CPU/X (sky130_fd_sc_hd__clkbuf_16)
                                                         clknet_1_0__leaf_clk_CPU (net)
                      0.037367    0.001238    0.168858 ^ _362_/CLK (sky130_fd_sc_hd__dfrtp_1)
     5    0.012764    0.058235    0.257725    0.426583 v _362_/Q (sky130_fd_sc_hd__dfrtp_1)
                                                         uart1.counter[0] (net)
                      0.058237    0.000419    0.427001 v _239_/A_N (sky130_fd_sc_hd__and2b_1)
     3    0.009400    0.071982    0.157553    0.584554 ^ _239_/X (sky130_fd_sc_hd__and2b_1)
                                                         _065_ (net)
                      0.071984    0.000543    0.585097 ^ _243_/B1_N (sky130_fd_sc_hd__a21boi_1)
     1    0.003213    0.081234    0.079972    0.665069 ^ _243_/Y (sky130_fd_sc_hd__a21boi_1)
                                                         _069_ (net)
                      0.081234    0.000141    0.665209 ^ _244_/B1 (sky130_fd_sc_hd__o2111a_1)
     2    0.013262    0.101527    0.142685    0.807895 ^ _244_/X (sky130_fd_sc_hd__o2111a_1)
                                                         _070_ (net)
                      0.101534    0.000925    0.808820 ^ _268_/B (sky130_fd_sc_hd__nand4_4)
    10    0.031141    0.112525    0.106168    0.914988 v _268_/Y (sky130_fd_sc_hd__nand4_4)
                                                         _094_ (net)
                      0.112585    0.001996    0.916983 v _321_/A (sky130_fd_sc_hd__and2_1)
     1    0.002934    0.025664    0.115622    1.032605 v _321_/X (sky130_fd_sc_hd__and2_1)
                                                         _012_ (net)
                      0.025664    0.000191    1.032796 v _366_/D (sky130_fd_sc_hd__dfrtp_1)
                                              1.032796   data arrival time

                                 10.000000   10.000000   clock core_clock (rise edge)
                                  0.000000   10.000000   clock source latency
     1    0.017607    0.000000    0.000000   10.000000 ^ clk_CPU (in)
                                                         clk_CPU (net)
                      0.001243    0.000622   10.000622 ^ clkbuf_0_clk_CPU/A (sky130_fd_sc_hd__clkbuf_16)
     2    0.019708    0.030943    0.075696   10.076318 ^ clkbuf_0_clk_CPU/X (sky130_fd_sc_hd__clkbuf_16)
                                                         clknet_0_clk_CPU (net)
                      0.031010    0.001389   10.077707 ^ clkbuf_1_0__f_clk_CPU/A (sky130_fd_sc_hd__clkbuf_16)
     8    0.028680    0.037271    0.089913   10.167620 ^ clkbuf_1_0__f_clk_CPU/X (sky130_fd_sc_hd__clkbuf_16)
                                                         clknet_1_0__leaf_clk_CPU (net)
                      0.037406    0.001557   10.169177 ^ _366_/CLK (sky130_fd_sc_hd__dfrtp_1)
                                  0.000000   10.169177   clock reconvergence pessimism
                                 -0.069662   10.099514   library setup time
                                             10.099514   data required time
---------------------------------------------------------------------------------------------
                                             10.099514   data required time
                                             -1.032796   data arrival time
---------------------------------------------------------------------------------------------
                                              9.066718   slack (MET)


Startpoint: _362_ (rising edge-triggered flip-flop clocked by core_clock)
Endpoint: _363_ (rising edge-triggered flip-flop clocked by core_clock)
Path Group: core_clock
Path Type: max

Fanout         Cap        Slew       Delay        Time   Description
---------------------------------------------------------------------------------------------
                                  0.000000    0.000000   clock core_clock (rise edge)
                                  0.000000    0.000000   clock source latency
     1    0.017607    0.000000    0.000000    0.000000 ^ clk_CPU (in)
                                                         clk_CPU (net)
                      0.001243    0.000621    0.000621 ^ clkbuf_0_clk_CPU/A (sky130_fd_sc_hd__clkbuf_16)
     2    0.019708    0.030943    0.075697    0.076318 ^ clkbuf_0_clk_CPU/X (sky130_fd_sc_hd__clkbuf_16)
                                                         clknet_0_clk_CPU (net)
                      0.031010    0.001389    0.077706 ^ clkbuf_1_0__f_clk_CPU/A (sky130_fd_sc_hd__clkbuf_16)
     8    0.028680    0.037271    0.089913    0.167620 ^ clkbuf_1_0__f_clk_CPU/X (sky130_fd_sc_hd__clkbuf_16)
                                                         clknet_1_0__leaf_clk_CPU (net)
                      0.037367    0.001238    0.168858 ^ _362_/CLK (sky130_fd_sc_hd__dfrtp_1)
     5    0.012764    0.058235    0.257725    0.426583 v _362_/Q (sky130_fd_sc_hd__dfrtp_1)
                                                         uart1.counter[0] (net)
                      0.058237    0.000419    0.427001 v _239_/A_N (sky130_fd_sc_hd__and2b_1)
     3    0.009400    0.071982    0.157553    0.584554 ^ _239_/X (sky130_fd_sc_hd__and2b_1)
                                                         _065_ (net)
                      0.071984    0.000543    0.585097 ^ _243_/B1_N (sky130_fd_sc_hd__a21boi_1)
     1    0.003213    0.081234    0.079972    0.665069 ^ _243_/Y (sky130_fd_sc_hd__a21boi_1)
                                                         _069_ (net)
                      0.081234    0.000141    0.665209 ^ _244_/B1 (sky130_fd_sc_hd__o2111a_1)
     2    0.013262    0.101527    0.142685    0.807895 ^ _244_/X (sky130_fd_sc_hd__o2111a_1)
                                                         _070_ (net)
                      0.101534    0.000925    0.808820 ^ _268_/B (sky130_fd_sc_hd__nand4_4)
    10    0.031141    0.112525    0.106168    0.914988 v _268_/Y (sky130_fd_sc_hd__nand4_4)
                                                         _094_ (net)
                      0.112559    0.001516    0.916504 v _311_/A (sky130_fd_sc_hd__and2_1)
     1    0.002626    0.024750    0.114356    1.030860 v _311_/X (sky130_fd_sc_hd__and2_1)
                                                         _009_ (net)
                      0.024758    0.000180    1.031040 v _363_/D (sky130_fd_sc_hd__dfrtp_2)
                                              1.031040   data arrival time

                                 10.000000   10.000000   clock core_clock (rise edge)
                                  0.000000   10.000000   clock source latency
     1    0.017607    0.000000    0.000000   10.000000 ^ clk_CPU (in)
                                                         clk_CPU (net)
                      0.001243    0.000622   10.000622 ^ clkbuf_0_clk_CPU/A (sky130_fd_sc_hd__clkbuf_16)
     2    0.019708    0.030943    0.075696   10.076318 ^ clkbuf_0_clk_CPU/X (sky130_fd_sc_hd__clkbuf_16)
                                                         clknet_0_clk_CPU (net)
                      0.031010    0.001389   10.077707 ^ clkbuf_1_0__f_clk_CPU/A (sky130_fd_sc_hd__clkbuf_16)
     8    0.028680    0.037271    0.089913   10.167620 ^ clkbuf_1_0__f_clk_CPU/X (sky130_fd_sc_hd__clkbuf_16)
                                                         clknet_1_0__leaf_clk_CPU (net)
                      0.037314    0.001137   10.168756 ^ _363_/CLK (sky130_fd_sc_hd__dfrtp_2)
                                  0.000000   10.168756   clock reconvergence pessimism
                                 -0.070568   10.098189   library setup time
                                             10.098189   data required time
---------------------------------------------------------------------------------------------
                                             10.098189   data required time
                                             -1.031040   data arrival time
---------------------------------------------------------------------------------------------
                                              9.067150   slack (MET)


Startpoint: _362_ (rising edge-triggered flip-flop clocked by core_clock)
Endpoint: _364_ (rising edge-triggered flip-flop clocked by core_clock)
Path Group: core_clock
Path Type: max

Fanout         Cap        Slew       Delay        Time   Description
---------------------------------------------------------------------------------------------
                                  0.000000    0.000000   clock core_clock (rise edge)
                                  0.000000    0.000000   clock source latency
     1    0.017607    0.000000    0.000000    0.000000 ^ clk_CPU (in)
                                                         clk_CPU (net)
                      0.001243    0.000621    0.000621 ^ clkbuf_0_clk_CPU/A (sky130_fd_sc_hd__clkbuf_16)
     2    0.019708    0.030943    0.075697    0.076318 ^ clkbuf_0_clk_CPU/X (sky130_fd_sc_hd__clkbuf_16)
                                                         clknet_0_clk_CPU (net)
                      0.031010    0.001389    0.077706 ^ clkbuf_1_0__f_clk_CPU/A (sky130_fd_sc_hd__clkbuf_16)
     8    0.028680    0.037271    0.089913    0.167620 ^ clkbuf_1_0__f_clk_CPU/X (sky130_fd_sc_hd__clkbuf_16)
                                                         clknet_1_0__leaf_clk_CPU (net)
                      0.037367    0.001238    0.168858 ^ _362_/CLK (sky130_fd_sc_hd__dfrtp_1)
     5    0.012764    0.058235    0.257725    0.426583 v _362_/Q (sky130_fd_sc_hd__dfrtp_1)
                                                         uart1.counter[0] (net)
                      0.058237    0.000419    0.427001 v _239_/A_N (sky130_fd_sc_hd__and2b_1)
     3    0.009400    0.071982    0.157553    0.584554 ^ _239_/X (sky130_fd_sc_hd__and2b_1)
                                                         _065_ (net)
                      0.071984    0.000543    0.585097 ^ _243_/B1_N (sky130_fd_sc_hd__a21boi_1)
     1    0.003213    0.081234    0.079972    0.665069 ^ _243_/Y (sky130_fd_sc_hd__a21boi_1)
                                                         _069_ (net)
                      0.081234    0.000141    0.665209 ^ _244_/B1 (sky130_fd_sc_hd__o2111a_1)
     2    0.013262    0.101527    0.142685    0.807895 ^ _244_/X (sky130_fd_sc_hd__o2111a_1)
                                                         _070_ (net)
                      0.101534    0.000925    0.808820 ^ _268_/B (sky130_fd_sc_hd__nand4_4)
    10    0.031141    0.112525    0.106168    0.914988 v _268_/Y (sky130_fd_sc_hd__nand4_4)
                                                         _094_ (net)
                      0.112570    0.001725    0.916713 v _315_/A (sky130_fd_sc_hd__and2_1)
     1    0.002765    0.025137    0.114923    1.031637 v _315_/X (sky130_fd_sc_hd__and2_1)
                                                         _010_ (net)
                      0.025146    0.000187    1.031824 v _364_/D (sky130_fd_sc_hd__dfrtp_1)
                                              1.031824   data arrival time

                                 10.000000   10.000000   clock core_clock (rise edge)
                                  0.000000   10.000000   clock source latency
     1    0.017607    0.000000    0.000000   10.000000 ^ clk_CPU (in)
                                                         clk_CPU (net)
                      0.001243    0.000622   10.000622 ^ clkbuf_0_clk_CPU/A (sky130_fd_sc_hd__clkbuf_16)
     2    0.019708    0.030943    0.075696   10.076318 ^ clkbuf_0_clk_CPU/X (sky130_fd_sc_hd__clkbuf_16)
                                                         clknet_0_clk_CPU (net)
                      0.031010    0.001389   10.077707 ^ clkbuf_1_0__f_clk_CPU/A (sky130_fd_sc_hd__clkbuf_16)
     8    0.028680    0.037271    0.089913   10.167620 ^ clkbuf_1_0__f_clk_CPU/X (sky130_fd_sc_hd__clkbuf_16)
                                                         clknet_1_0__leaf_clk_CPU (net)
                      0.037372    0.001286   10.168906 ^ _364_/CLK (sky130_fd_sc_hd__dfrtp_1)
                                  0.000000   10.168906   clock reconvergence pessimism
                                 -0.069480   10.099425   library setup time
                                             10.099425   data required time
---------------------------------------------------------------------------------------------
                                             10.099425   data required time
                                             -1.031824   data arrival time
---------------------------------------------------------------------------------------------
                                              9.067602   slack (MET)


Startpoint: _362_ (rising edge-triggered flip-flop clocked by core_clock)
Endpoint: _369_ (rising edge-triggered flip-flop clocked by core_clock)
Path Group: core_clock
Path Type: max

Fanout         Cap        Slew       Delay        Time   Description
---------------------------------------------------------------------------------------------
                                  0.000000    0.000000   clock core_clock (rise edge)
                                  0.000000    0.000000   clock source latency
     1    0.017607    0.000000    0.000000    0.000000 ^ clk_CPU (in)
                                                         clk_CPU (net)
                      0.001243    0.000621    0.000621 ^ clkbuf_0_clk_CPU/A (sky130_fd_sc_hd__clkbuf_16)
     2    0.019708    0.030943    0.075697    0.076318 ^ clkbuf_0_clk_CPU/X (sky130_fd_sc_hd__clkbuf_16)
                                                         clknet_0_clk_CPU (net)
                      0.031010    0.001389    0.077706 ^ clkbuf_1_0__f_clk_CPU/A (sky130_fd_sc_hd__clkbuf_16)
     8    0.028680    0.037271    0.089913    0.167620 ^ clkbuf_1_0__f_clk_CPU/X (sky130_fd_sc_hd__clkbuf_16)
                                                         clknet_1_0__leaf_clk_CPU (net)
                      0.037367    0.001238    0.168858 ^ _362_/CLK (sky130_fd_sc_hd__dfrtp_1)
     5    0.012764    0.058235    0.257725    0.426583 v _362_/Q (sky130_fd_sc_hd__dfrtp_1)
                                                         uart1.counter[0] (net)
                      0.058237    0.000419    0.427001 v _239_/A_N (sky130_fd_sc_hd__and2b_1)
     3    0.009400    0.071982    0.157553    0.584554 ^ _239_/X (sky130_fd_sc_hd__and2b_1)
                                                         _065_ (net)
                      0.071984    0.000543    0.585097 ^ _243_/B1_N (sky130_fd_sc_hd__a21boi_1)
     1    0.003213    0.081234    0.079972    0.665069 ^ _243_/Y (sky130_fd_sc_hd__a21boi_1)
                                                         _069_ (net)
                      0.081234    0.000141    0.665209 ^ _244_/B1 (sky130_fd_sc_hd__o2111a_1)
     2    0.013262    0.101527    0.142685    0.807895 ^ _244_/X (sky130_fd_sc_hd__o2111a_1)
                                                         _070_ (net)
                      0.101534    0.000925    0.808820 ^ _268_/B (sky130_fd_sc_hd__nand4_4)
    10    0.031141    0.112525    0.106168    0.914988 v _268_/Y (sky130_fd_sc_hd__nand4_4)
                                                         _094_ (net)
                      0.112618    0.002484    0.917472 v _331_/A (sky130_fd_sc_hd__and2_1)
     1    0.002380    0.024088    0.113396    1.030869 v _331_/X (sky130_fd_sc_hd__and2_1)
                                                         _015_ (net)
                      0.024088    0.000112    1.030980 v _369_/D (sky130_fd_sc_hd__dfrtp_2)
                                              1.030980   data arrival time

                                 10.000000   10.000000   clock core_clock (rise edge)
                                  0.000000   10.000000   clock source latency
     1    0.017607    0.000000    0.000000   10.000000 ^ clk_CPU (in)
                                                         clk_CPU (net)
                      0.001243    0.000622   10.000622 ^ clkbuf_0_clk_CPU/A (sky130_fd_sc_hd__clkbuf_16)
     2    0.019708    0.030943    0.075696   10.076318 ^ clkbuf_0_clk_CPU/X (sky130_fd_sc_hd__clkbuf_16)
                                                         clknet_0_clk_CPU (net)
                      0.031010    0.001389   10.077707 ^ clkbuf_1_0__f_clk_CPU/A (sky130_fd_sc_hd__clkbuf_16)
     8    0.028680    0.037271    0.089913   10.167620 ^ clkbuf_1_0__f_clk_CPU/X (sky130_fd_sc_hd__clkbuf_16)
                                                         clknet_1_0__leaf_clk_CPU (net)
                      0.037448    0.001842   10.169462 ^ _369_/CLK (sky130_fd_sc_hd__dfrtp_2)
                                  0.000000   10.169462   clock reconvergence pessimism
                                 -0.070316   10.099146   library setup time
                                             10.099146   data required time
---------------------------------------------------------------------------------------------
                                             10.099146   data required time
                                             -1.030980   data arrival time
---------------------------------------------------------------------------------------------
                                              9.068165   slack (MET)


Startpoint: _362_ (rising edge-triggered flip-flop clocked by core_clock)
Endpoint: _365_ (rising edge-triggered flip-flop clocked by core_clock)
Path Group: core_clock
Path Type: max

Fanout         Cap        Slew       Delay        Time   Description
---------------------------------------------------------------------------------------------
                                  0.000000    0.000000   clock core_clock (rise edge)
                                  0.000000    0.000000   clock source latency
     1    0.017607    0.000000    0.000000    0.000000 ^ clk_CPU (in)
                                                         clk_CPU (net)
                      0.001243    0.000621    0.000621 ^ clkbuf_0_clk_CPU/A (sky130_fd_sc_hd__clkbuf_16)
     2    0.019708    0.030943    0.075697    0.076318 ^ clkbuf_0_clk_CPU/X (sky130_fd_sc_hd__clkbuf_16)
                                                         clknet_0_clk_CPU (net)
                      0.031010    0.001389    0.077706 ^ clkbuf_1_0__f_clk_CPU/A (sky130_fd_sc_hd__clkbuf_16)
     8    0.028680    0.037271    0.089913    0.167620 ^ clkbuf_1_0__f_clk_CPU/X (sky130_fd_sc_hd__clkbuf_16)
                                                         clknet_1_0__leaf_clk_CPU (net)
                      0.037367    0.001238    0.168858 ^ _362_/CLK (sky130_fd_sc_hd__dfrtp_1)
     5    0.012764    0.058235    0.257725    0.426583 v _362_/Q (sky130_fd_sc_hd__dfrtp_1)
                                                         uart1.counter[0] (net)
                      0.058237    0.000419    0.427001 v _239_/A_N (sky130_fd_sc_hd__and2b_1)
     3    0.009400    0.071982    0.157553    0.584554 ^ _239_/X (sky130_fd_sc_hd__and2b_1)
                                                         _065_ (net)
                      0.071984    0.000543    0.585097 ^ _243_/B1_N (sky130_fd_sc_hd__a21boi_1)
     1    0.003213    0.081234    0.079972    0.665069 ^ _243_/Y (sky130_fd_sc_hd__a21boi_1)
                                                         _069_ (net)
                      0.081234    0.000141    0.665209 ^ _244_/B1 (sky130_fd_sc_hd__o2111a_1)
     2    0.013262    0.101527    0.142685    0.807895 ^ _244_/X (sky130_fd_sc_hd__o2111a_1)
                                                         _070_ (net)
                      0.101534    0.000925    0.808820 ^ _268_/B (sky130_fd_sc_hd__nand4_4)
    10    0.031141    0.112525    0.106168    0.914988 v _268_/Y (sky130_fd_sc_hd__nand4_4)
                                                         _094_ (net)
                      0.112609    0.002360    0.917348 v _317_/A (sky130_fd_sc_hd__and2_1)
     1    0.002453    0.024298    0.113675    1.031023 v _317_/X (sky130_fd_sc_hd__and2_1)
                                                         _011_ (net)
                      0.024298    0.000173    1.031196 v _365_/D (sky130_fd_sc_hd__dfrtp_4)
                                              1.031196   data arrival time

                                 10.000000   10.000000   clock core_clock (rise edge)
                                  0.000000   10.000000   clock source latency
     1    0.017607    0.000000    0.000000   10.000000 ^ clk_CPU (in)
                                                         clk_CPU (net)
                      0.001243    0.000622   10.000622 ^ clkbuf_0_clk_CPU/A (sky130_fd_sc_hd__clkbuf_16)
     2    0.019708    0.030943    0.075696   10.076318 ^ clkbuf_0_clk_CPU/X (sky130_fd_sc_hd__clkbuf_16)
                                                         clknet_0_clk_CPU (net)
                      0.031010    0.001389   10.077707 ^ clkbuf_1_0__f_clk_CPU/A (sky130_fd_sc_hd__clkbuf_16)
     8    0.028680    0.037271    0.089913   10.167620 ^ clkbuf_1_0__f_clk_CPU/X (sky130_fd_sc_hd__clkbuf_16)
                                                         clknet_1_0__leaf_clk_CPU (net)
                      0.037439    0.001788   10.169408 ^ _365_/CLK (sky130_fd_sc_hd__dfrtp_4)
                                  0.000000   10.169408   clock reconvergence pessimism
                                 -0.069238   10.100170   library setup time
                                             10.100170   data required time
---------------------------------------------------------------------------------------------
                                             10.100170   data required time
                                             -1.031196   data arrival time
---------------------------------------------------------------------------------------------
                                              9.068974   slack (MET)


Startpoint: _362_ (rising edge-triggered flip-flop clocked by core_clock)
Endpoint: _370_ (rising edge-triggered flip-flop clocked by core_clock)
Path Group: core_clock
Path Type: max

Fanout         Cap        Slew       Delay        Time   Description
---------------------------------------------------------------------------------------------
                                  0.000000    0.000000   clock core_clock (rise edge)
                                  0.000000    0.000000   clock source latency
     1    0.017607    0.000000    0.000000    0.000000 ^ clk_CPU (in)
                                                         clk_CPU (net)
                      0.001243    0.000621    0.000621 ^ clkbuf_0_clk_CPU/A (sky130_fd_sc_hd__clkbuf_16)
     2    0.019708    0.030943    0.075697    0.076318 ^ clkbuf_0_clk_CPU/X (sky130_fd_sc_hd__clkbuf_16)
                                                         clknet_0_clk_CPU (net)
                      0.031010    0.001389    0.077706 ^ clkbuf_1_0__f_clk_CPU/A (sky130_fd_sc_hd__clkbuf_16)
     8    0.028680    0.037271    0.089913    0.167620 ^ clkbuf_1_0__f_clk_CPU/X (sky130_fd_sc_hd__clkbuf_16)
                                                         clknet_1_0__leaf_clk_CPU (net)
                      0.037367    0.001238    0.168858 ^ _362_/CLK (sky130_fd_sc_hd__dfrtp_1)
     5    0.012764    0.058235    0.257725    0.426583 v _362_/Q (sky130_fd_sc_hd__dfrtp_1)
                                                         uart1.counter[0] (net)
                      0.058237    0.000419    0.427001 v _239_/A_N (sky130_fd_sc_hd__and2b_1)
     3    0.009400    0.071982    0.157553    0.584554 ^ _239_/X (sky130_fd_sc_hd__and2b_1)
                                                         _065_ (net)
                      0.071984    0.000543    0.585097 ^ _243_/B1_N (sky130_fd_sc_hd__a21boi_1)
     1    0.003213    0.081234    0.079972    0.665069 ^ _243_/Y (sky130_fd_sc_hd__a21boi_1)
                                                         _069_ (net)
                      0.081234    0.000141    0.665209 ^ _244_/B1 (sky130_fd_sc_hd__o2111a_1)
     2    0.013262    0.101527    0.142685    0.807895 ^ _244_/X (sky130_fd_sc_hd__o2111a_1)
                                                         _070_ (net)
                      0.101534    0.000925    0.808820 ^ _268_/B (sky130_fd_sc_hd__nand4_4)
    10    0.031141    0.112525    0.106168    0.914988 v _268_/Y (sky130_fd_sc_hd__nand4_4)
                                                         _094_ (net)
                      0.112625    0.002589    0.917577 v _335_/A (sky130_fd_sc_hd__and2_1)
     1    0.003164    0.026387    0.116593    1.034170 v _335_/X (sky130_fd_sc_hd__and2_1)
                                                         _016_ (net)
                      0.026387    0.000138    1.034308 v _370_/D (sky130_fd_sc_hd__dfrtp_2)
                                              1.034308   data arrival time

                                 10.000000   10.000000   clock core_clock (rise edge)
                                  0.000000   10.000000   clock source latency
     1    0.017607    0.000000    0.000000   10.000000 ^ clk_CPU (in)
                                                         clk_CPU (net)
                      0.001243    0.000622   10.000622 ^ clkbuf_0_clk_CPU/A (sky130_fd_sc_hd__clkbuf_16)
     2    0.019708    0.030943    0.075696   10.076318 ^ clkbuf_0_clk_CPU/X (sky130_fd_sc_hd__clkbuf_16)
                                                         clknet_0_clk_CPU (net)
                      0.031015    0.001442   10.077761 ^ clkbuf_1_1__f_clk_CPU/A (sky130_fd_sc_hd__clkbuf_16)
    12    0.042116    0.046473    0.097113   10.174872 ^ clkbuf_1_1__f_clk_CPU/X (sky130_fd_sc_hd__clkbuf_16)
                                                         clknet_1_1__leaf_clk_CPU (net)
                      0.046613    0.001835   10.176708 ^ _370_/CLK (sky130_fd_sc_hd__dfrtp_2)
                                  0.000000   10.176708   clock reconvergence pessimism
                                 -0.070256   10.106452   library setup time
                                             10.106452   data required time
---------------------------------------------------------------------------------------------
                                             10.106452   data required time
                                             -1.034308   data arrival time
---------------------------------------------------------------------------------------------
                                              9.072145   slack (MET)


Startpoint: _362_ (rising edge-triggered flip-flop clocked by core_clock)
Endpoint: _367_ (rising edge-triggered flip-flop clocked by core_clock)
Path Group: core_clock
Path Type: max

Fanout         Cap        Slew       Delay        Time   Description
---------------------------------------------------------------------------------------------
                                  0.000000    0.000000   clock core_clock (rise edge)
                                  0.000000    0.000000   clock source latency
     1    0.017607    0.000000    0.000000    0.000000 ^ clk_CPU (in)
                                                         clk_CPU (net)
                      0.001243    0.000621    0.000621 ^ clkbuf_0_clk_CPU/A (sky130_fd_sc_hd__clkbuf_16)
     2    0.019708    0.030943    0.075697    0.076318 ^ clkbuf_0_clk_CPU/X (sky130_fd_sc_hd__clkbuf_16)
                                                         clknet_0_clk_CPU (net)
                      0.031010    0.001389    0.077706 ^ clkbuf_1_0__f_clk_CPU/A (sky130_fd_sc_hd__clkbuf_16)
     8    0.028680    0.037271    0.089913    0.167620 ^ clkbuf_1_0__f_clk_CPU/X (sky130_fd_sc_hd__clkbuf_16)
                                                         clknet_1_0__leaf_clk_CPU (net)
                      0.037367    0.001238    0.168858 ^ _362_/CLK (sky130_fd_sc_hd__dfrtp_1)
     5    0.012764    0.058235    0.257725    0.426583 v _362_/Q (sky130_fd_sc_hd__dfrtp_1)
                                                         uart1.counter[0] (net)
                      0.058237    0.000419    0.427001 v _239_/A_N (sky130_fd_sc_hd__and2b_1)
     3    0.009400    0.071982    0.157553    0.584554 ^ _239_/X (sky130_fd_sc_hd__and2b_1)
                                                         _065_ (net)
                      0.071984    0.000543    0.585097 ^ _243_/B1_N (sky130_fd_sc_hd__a21boi_1)
     1    0.003213    0.081234    0.079972    0.665069 ^ _243_/Y (sky130_fd_sc_hd__a21boi_1)
                                                         _069_ (net)
                      0.081234    0.000141    0.665209 ^ _244_/B1 (sky130_fd_sc_hd__o2111a_1)
     2    0.013262    0.101527    0.142685    0.807895 ^ _244_/X (sky130_fd_sc_hd__o2111a_1)
                                                         _070_ (net)
                      0.101534    0.000925    0.808820 ^ _268_/B (sky130_fd_sc_hd__nand4_4)
    10    0.031141    0.112525    0.106168    0.914988 v _268_/Y (sky130_fd_sc_hd__nand4_4)
                                                         _094_ (net)
                      0.112594    0.002142    0.917130 v _323_/A (sky130_fd_sc_hd__and2_1)
     1    0.003108    0.026228    0.116335    1.033465 v _323_/X (sky130_fd_sc_hd__and2_1)
                                                         _013_ (net)
                      0.026236    0.000197    1.033662 v _367_/D (sky130_fd_sc_hd__dfrtp_2)
                                              1.033662   data arrival time

                                 10.000000   10.000000   clock core_clock (rise edge)
                                  0.000000   10.000000   clock source latency
     1    0.017607    0.000000    0.000000   10.000000 ^ clk_CPU (in)
                                                         clk_CPU (net)
                      0.001243    0.000622   10.000622 ^ clkbuf_0_clk_CPU/A (sky130_fd_sc_hd__clkbuf_16)
     2    0.019708    0.030943    0.075696   10.076318 ^ clkbuf_0_clk_CPU/X (sky130_fd_sc_hd__clkbuf_16)
                                                         clknet_0_clk_CPU (net)
                      0.031015    0.001442   10.077761 ^ clkbuf_1_1__f_clk_CPU/A (sky130_fd_sc_hd__clkbuf_16)
    12    0.042116    0.046473    0.097113   10.174872 ^ clkbuf_1_1__f_clk_CPU/X (sky130_fd_sc_hd__clkbuf_16)
                                                         clknet_1_1__leaf_clk_CPU (net)
                      0.046629    0.001946   10.176819 ^ _367_/CLK (sky130_fd_sc_hd__dfrtp_2)
                                  0.000000   10.176819   clock reconvergence pessimism
                                 -0.070200   10.106618   library setup time
                                             10.106618   data required time
---------------------------------------------------------------------------------------------
                                             10.106618   data required time
                                             -1.033662   data arrival time
---------------------------------------------------------------------------------------------
                                              9.072956   slack (MET)


Startpoint: _362_ (rising edge-triggered flip-flop clocked by core_clock)
Endpoint: _350_ (rising edge-triggered flip-flop clocked by core_clock)
Path Group: core_clock
Path Type: max

Fanout         Cap        Slew       Delay        Time   Description
---------------------------------------------------------------------------------------------
                                  0.000000    0.000000   clock core_clock (rise edge)
                                  0.000000    0.000000   clock source latency
     1    0.017607    0.000000    0.000000    0.000000 ^ clk_CPU (in)
                                                         clk_CPU (net)
                      0.001243    0.000621    0.000621 ^ clkbuf_0_clk_CPU/A (sky130_fd_sc_hd__clkbuf_16)
     2    0.019708    0.030943    0.075697    0.076318 ^ clkbuf_0_clk_CPU/X (sky130_fd_sc_hd__clkbuf_16)
                                                         clknet_0_clk_CPU (net)
                      0.031010    0.001389    0.077706 ^ clkbuf_1_0__f_clk_CPU/A (sky130_fd_sc_hd__clkbuf_16)
     8    0.028680    0.037271    0.089913    0.167620 ^ clkbuf_1_0__f_clk_CPU/X (sky130_fd_sc_hd__clkbuf_16)
                                                         clknet_1_0__leaf_clk_CPU (net)
                      0.037367    0.001238    0.168858 ^ _362_/CLK (sky130_fd_sc_hd__dfrtp_1)
     5    0.012764    0.058235    0.257725    0.426583 v _362_/Q (sky130_fd_sc_hd__dfrtp_1)
                                                         uart1.counter[0] (net)
                      0.058237    0.000419    0.427001 v _239_/A_N (sky130_fd_sc_hd__and2b_1)
     3    0.009400    0.071982    0.157553    0.584554 ^ _239_/X (sky130_fd_sc_hd__and2b_1)
                                                         _065_ (net)
                      0.071984    0.000543    0.585097 ^ _243_/B1_N (sky130_fd_sc_hd__a21boi_1)
     1    0.003213    0.081234    0.079972    0.665069 ^ _243_/Y (sky130_fd_sc_hd__a21boi_1)
                                                         _069_ (net)
                      0.081234    0.000141    0.665209 ^ _244_/B1 (sky130_fd_sc_hd__o2111a_1)
     2    0.013262    0.101527    0.142685    0.807895 ^ _244_/X (sky130_fd_sc_hd__o2111a_1)
                                                         _070_ (net)
                      0.101534    0.000925    0.808820 ^ _268_/B (sky130_fd_sc_hd__nand4_4)
    10    0.031141    0.112525    0.106168    0.914988 v _268_/Y (sky130_fd_sc_hd__nand4_4)
                                                         _094_ (net)
                      0.112556    0.001444    0.916431 v _279_/A2_N (sky130_fd_sc_hd__o2bb2ai_1)
     1    0.002596    0.037923    0.094542    1.010973 v _279_/Y (sky130_fd_sc_hd__o2bb2ai_1)
                                                         _000_ (net)
                      0.037923    0.000179    1.011152 v _350_/D (sky130_fd_sc_hd__dfrtp_4)
                                              1.011152   data arrival time

                                 10.000000   10.000000   clock core_clock (rise edge)
                                  0.000000   10.000000   clock source latency
     1    0.017607    0.000000    0.000000   10.000000 ^ clk_CPU (in)
                                                         clk_CPU (net)
                      0.001243    0.000622   10.000622 ^ clkbuf_0_clk_CPU/A (sky130_fd_sc_hd__clkbuf_16)
     2    0.019708    0.030943    0.075696   10.076318 ^ clkbuf_0_clk_CPU/X (sky130_fd_sc_hd__clkbuf_16)
                                                         clknet_0_clk_CPU (net)
                      0.031010    0.001389   10.077707 ^ clkbuf_1_0__f_clk_CPU/A (sky130_fd_sc_hd__clkbuf_16)
     8    0.028680    0.037271    0.089913   10.167620 ^ clkbuf_1_0__f_clk_CPU/X (sky130_fd_sc_hd__clkbuf_16)
                                                         clknet_1_0__leaf_clk_CPU (net)
                      0.037366    0.001227   10.168846 ^ _350_/CLK (sky130_fd_sc_hd__dfrtp_4)
                                  0.000000   10.168846   clock reconvergence pessimism
                                 -0.074108   10.094739   library setup time
                                             10.094739   data required time
---------------------------------------------------------------------------------------------
                                             10.094739   data required time
                                             -1.011152   data arrival time
---------------------------------------------------------------------------------------------
                                              9.083587   slack (MET)


Startpoint: _362_ (rising edge-triggered flip-flop clocked by core_clock)
Endpoint: _362_ (rising edge-triggered flip-flop clocked by core_clock)
Path Group: core_clock
Path Type: max

Fanout         Cap        Slew       Delay        Time   Description
---------------------------------------------------------------------------------------------
                                  0.000000    0.000000   clock core_clock (rise edge)
                                  0.000000    0.000000   clock source latency
     1    0.017607    0.000000    0.000000    0.000000 ^ clk_CPU (in)
                                                         clk_CPU (net)
                      0.001243    0.000621    0.000621 ^ clkbuf_0_clk_CPU/A (sky130_fd_sc_hd__clkbuf_16)
     2    0.019708    0.030943    0.075697    0.076318 ^ clkbuf_0_clk_CPU/X (sky130_fd_sc_hd__clkbuf_16)
                                                         clknet_0_clk_CPU (net)
                      0.031010    0.001389    0.077706 ^ clkbuf_1_0__f_clk_CPU/A (sky130_fd_sc_hd__clkbuf_16)
     8    0.028680    0.037271    0.089913    0.167620 ^ clkbuf_1_0__f_clk_CPU/X (sky130_fd_sc_hd__clkbuf_16)
                                                         clknet_1_0__leaf_clk_CPU (net)
                      0.037367    0.001238    0.168858 ^ _362_/CLK (sky130_fd_sc_hd__dfrtp_1)
     5    0.012764    0.058235    0.257725    0.426583 v _362_/Q (sky130_fd_sc_hd__dfrtp_1)
                                                         uart1.counter[0] (net)
                      0.058237    0.000419    0.427001 v _239_/A_N (sky130_fd_sc_hd__and2b_1)
     3    0.009400    0.071982    0.157553    0.584554 ^ _239_/X (sky130_fd_sc_hd__and2b_1)
                                                         _065_ (net)
                      0.071984    0.000543    0.585097 ^ _243_/B1_N (sky130_fd_sc_hd__a21boi_1)
     1    0.003213    0.081234    0.079972    0.665069 ^ _243_/Y (sky130_fd_sc_hd__a21boi_1)
                                                         _069_ (net)
                      0.081234    0.000141    0.665209 ^ _244_/B1 (sky130_fd_sc_hd__o2111a_1)
     2    0.013262    0.101527    0.142685    0.807895 ^ _244_/X (sky130_fd_sc_hd__o2111a_1)
                                                         _070_ (net)
                      0.101534    0.000925    0.808820 ^ _268_/B (sky130_fd_sc_hd__nand4_4)
    10    0.031141    0.112525    0.106168    0.914988 v _268_/Y (sky130_fd_sc_hd__nand4_4)
                                                         _094_ (net)
                      0.112556    0.001435    0.916423 v _307_/B1 (sky130_fd_sc_hd__o21a_1)
     1    0.002352    0.023566    0.090775    1.007198 v _307_/X (sky130_fd_sc_hd__o21a_1)
                                                         _008_ (net)
                      0.023566    0.000168    1.007366 v _362_/D (sky130_fd_sc_hd__dfrtp_1)
                                              1.007366   data arrival time

                                 10.000000   10.000000   clock core_clock (rise edge)
                                  0.000000   10.000000   clock source latency
     1    0.017607    0.000000    0.000000   10.000000 ^ clk_CPU (in)
                                                         clk_CPU (net)
                      0.001243    0.000622   10.000622 ^ clkbuf_0_clk_CPU/A (sky130_fd_sc_hd__clkbuf_16)
     2    0.019708    0.030943    0.075696   10.076318 ^ clkbuf_0_clk_CPU/X (sky130_fd_sc_hd__clkbuf_16)
                                                         clknet_0_clk_CPU (net)
                      0.031010    0.001389   10.077707 ^ clkbuf_1_0__f_clk_CPU/A (sky130_fd_sc_hd__clkbuf_16)
     8    0.028680    0.037271    0.089913   10.167620 ^ clkbuf_1_0__f_clk_CPU/X (sky130_fd_sc_hd__clkbuf_16)
                                                         clknet_1_0__leaf_clk_CPU (net)
                      0.037367    0.001238   10.168858 ^ _362_/CLK (sky130_fd_sc_hd__dfrtp_1)
                                  0.000000   10.168858   clock reconvergence pessimism
                                 -0.068917   10.099941   library setup time
                                             10.099941   data required time
---------------------------------------------------------------------------------------------
                                             10.099941   data required time
                                             -1.007366   data arrival time
---------------------------------------------------------------------------------------------
                                              9.092576   slack (MET)


Startpoint: _364_ (rising edge-triggered flip-flop clocked by core_clock)
Endpoint: _371_ (rising edge-triggered flip-flop clocked by core_clock)
Path Group: core_clock
Path Type: max

Fanout         Cap        Slew       Delay        Time   Description
---------------------------------------------------------------------------------------------
                                  0.000000    0.000000   clock core_clock (rise edge)
                                  0.000000    0.000000   clock source latency
     1    0.017607    0.000000    0.000000    0.000000 ^ clk_CPU (in)
                                                         clk_CPU (net)
                      0.001243    0.000621    0.000621 ^ clkbuf_0_clk_CPU/A (sky130_fd_sc_hd__clkbuf_16)
     2    0.019708    0.030943    0.075697    0.076318 ^ clkbuf_0_clk_CPU/X (sky130_fd_sc_hd__clkbuf_16)
                                                         clknet_0_clk_CPU (net)
                      0.031010    0.001389    0.077706 ^ clkbuf_1_0__f_clk_CPU/A (sky130_fd_sc_hd__clkbuf_16)
     8    0.028680    0.037271    0.089913    0.167620 ^ clkbuf_1_0__f_clk_CPU/X (sky130_fd_sc_hd__clkbuf_16)
                                                         clknet_1_0__leaf_clk_CPU (net)
                      0.037372    0.001286    0.168906 ^ _364_/CLK (sky130_fd_sc_hd__dfrtp_1)
     6    0.021647    0.147853    0.285910    0.454816 ^ _364_/Q (sky130_fd_sc_hd__dfrtp_1)
                                                         uart1.counter[2] (net)
                      0.147883    0.002055    0.456871 ^ _312_/C (sky130_fd_sc_hd__and4_2)
     7    0.029216    0.123577    0.215944    0.672815 ^ _312_/X (sky130_fd_sc_hd__and4_2)
                                                         _128_ (net)
                      0.123649    0.002754    0.675569 ^ _332_/C (sky130_fd_sc_hd__and4_1)
     2    0.009114    0.077083    0.152692    0.828261 ^ _332_/X (sky130_fd_sc_hd__and4_1)
                                                         _142_ (net)
                      0.077086    0.000559    0.828820 ^ _336_/B (sky130_fd_sc_hd__xnor2_1)
     1    0.003189    0.087546    0.074564    0.903384 ^ _336_/Y (sky130_fd_sc_hd__xnor2_1)
                                                         _145_ (net)
                      0.087546    0.000240    0.903624 ^ _337_/A (sky130_fd_sc_hd__nor2_1)
     1    0.002389    0.033409    0.029580    0.933204 v _337_/Y (sky130_fd_sc_hd__nor2_1)
                                                         _017_ (net)
                      0.033409    0.000175    0.933379 v _371_/D (sky130_fd_sc_hd__dfrtp_1)
                                              0.933379   data arrival time

                                 10.000000   10.000000   clock core_clock (rise edge)
                                  0.000000   10.000000   clock source latency
     1    0.017607    0.000000    0.000000   10.000000 ^ clk_CPU (in)
                                                         clk_CPU (net)
                      0.001243    0.000622   10.000622 ^ clkbuf_0_clk_CPU/A (sky130_fd_sc_hd__clkbuf_16)
     2    0.019708    0.030943    0.075696   10.076318 ^ clkbuf_0_clk_CPU/X (sky130_fd_sc_hd__clkbuf_16)
                                                         clknet_0_clk_CPU (net)
                      0.031015    0.001442   10.077761 ^ clkbuf_1_1__f_clk_CPU/A (sky130_fd_sc_hd__clkbuf_16)
    12    0.042116    0.046473    0.097113   10.174872 ^ clkbuf_1_1__f_clk_CPU/X (sky130_fd_sc_hd__clkbuf_16)
                                                         clknet_1_1__leaf_clk_CPU (net)
                      0.046622    0.001894   10.176767 ^ _371_/CLK (sky130_fd_sc_hd__dfrtp_1)
                                  0.000000   10.176767   clock reconvergence pessimism
                                 -0.071541   10.105227   library setup time
                                             10.105227   data required time
---------------------------------------------------------------------------------------------
                                             10.105227   data required time
                                             -0.933379   data arrival time
---------------------------------------------------------------------------------------------
                                              9.171846   slack (MET)


Startpoint: _356_ (rising edge-triggered flip-flop clocked by core_clock)
Endpoint: _356_ (rising edge-triggered flip-flop clocked by core_clock)
Path Group: core_clock
Path Type: max

Fanout         Cap        Slew       Delay        Time   Description
---------------------------------------------------------------------------------------------
                                  0.000000    0.000000   clock core_clock (rise edge)
                                  0.000000    0.000000   clock source latency
     1    0.017607    0.000000    0.000000    0.000000 ^ clk_CPU (in)
                                                         clk_CPU (net)
                      0.001243    0.000621    0.000621 ^ clkbuf_0_clk_CPU/A (sky130_fd_sc_hd__clkbuf_16)
     2    0.019708    0.030943    0.075697    0.076318 ^ clkbuf_0_clk_CPU/X (sky130_fd_sc_hd__clkbuf_16)
                                                         clknet_0_clk_CPU (net)
                      0.031015    0.001442    0.077760 ^ clkbuf_1_1__f_clk_CPU/A (sky130_fd_sc_hd__clkbuf_16)
    12    0.042116    0.046473    0.097113    0.174873 ^ clkbuf_1_1__f_clk_CPU/X (sky130_fd_sc_hd__clkbuf_16)
                                                         clknet_1_1__leaf_clk_CPU (net)
                      0.046848    0.003180    0.178053 ^ _356_/CLK (sky130_fd_sc_hd__dfrtp_1)
     2    0.007021    0.041561    0.241533    0.419586 v _356_/Q (sky130_fd_sc_hd__dfrtp_1)
                                                         net20 (net)
                      0.041564    0.000398    0.419984 v _293_/B1 (sky130_fd_sc_hd__a31o_1)
     1    0.001972    0.024858    0.069129    0.489113 v _293_/X (sky130_fd_sc_hd__a31o_1)
                                                         _113_ (net)
                      0.024858    0.000134    0.489247 v _295_/B (sky130_fd_sc_hd__and3_1)
     1    0.002979    0.027917    0.098193    0.587440 v _295_/X (sky130_fd_sc_hd__and3_1)
                                                         _006_ (net)
                      0.027917    0.000204    0.587644 v _356_/D (sky130_fd_sc_hd__dfrtp_1)
                                              0.587644   data arrival time

                                 10.000000   10.000000   clock core_clock (rise edge)
                                  0.000000   10.000000   clock source latency
     1    0.017607    0.000000    0.000000   10.000000 ^ clk_CPU (in)
                                                         clk_CPU (net)
                      0.001243    0.000622   10.000622 ^ clkbuf_0_clk_CPU/A (sky130_fd_sc_hd__clkbuf_16)
     2    0.019708    0.030943    0.075696   10.076318 ^ clkbuf_0_clk_CPU/X (sky130_fd_sc_hd__clkbuf_16)
                                                         clknet_0_clk_CPU (net)
                      0.031015    0.001442   10.077761 ^ clkbuf_1_1__f_clk_CPU/A (sky130_fd_sc_hd__clkbuf_16)
    12    0.042116    0.046473    0.097113   10.174872 ^ clkbuf_1_1__f_clk_CPU/X (sky130_fd_sc_hd__clkbuf_16)
                                                         clknet_1_1__leaf_clk_CPU (net)
                      0.046848    0.003180   10.178053 ^ _356_/CLK (sky130_fd_sc_hd__dfrtp_1)
                                  0.000000   10.178053   clock reconvergence pessimism
                                 -0.069559   10.108494   library setup time
                                             10.108494   data required time
---------------------------------------------------------------------------------------------
                                             10.108494   data required time
                                             -0.587644   data arrival time
---------------------------------------------------------------------------------------------
                                              9.520850   slack (MET)


Startpoint: _375_ (rising edge-triggered flip-flop clocked by core_clock)
Endpoint: _375_ (rising edge-triggered flip-flop clocked by core_clock)
Path Group: core_clock
Path Type: max

Fanout         Cap        Slew       Delay        Time   Description
---------------------------------------------------------------------------------------------
                                  0.000000    0.000000   clock core_clock (rise edge)
                                  0.000000    0.000000   clock source latency
     1    0.017607    0.000000    0.000000    0.000000 ^ clk_CPU (in)
                                                         clk_CPU (net)
                      0.001243    0.000621    0.000621 ^ clkbuf_0_clk_CPU/A (sky130_fd_sc_hd__clkbuf_16)
     2    0.019708    0.030943    0.075697    0.076318 ^ clkbuf_0_clk_CPU/X (sky130_fd_sc_hd__clkbuf_16)
                                                         clknet_0_clk_CPU (net)
                      0.031015    0.001442    0.077760 ^ clkbuf_1_1__f_clk_CPU/A (sky130_fd_sc_hd__clkbuf_16)
    12    0.042116    0.046473    0.097113    0.174873 ^ clkbuf_1_1__f_clk_CPU/X (sky130_fd_sc_hd__clkbuf_16)
                                                         clknet_1_1__leaf_clk_CPU (net)
                      0.046843    0.003159    0.178031 ^ _375_/CLK (sky130_fd_sc_hd__dfrtp_1)
     2    0.006827    0.040858    0.240846    0.418878 v _375_/Q (sky130_fd_sc_hd__dfrtp_1)
                                                         net22 (net)
                      0.040905    0.000410    0.419288 v _345_/A1 (sky130_fd_sc_hd__o211a_1)
     1    0.003103    0.029016    0.140936    0.560223 v _345_/X (sky130_fd_sc_hd__o211a_1)
                                                         _021_ (net)
                      0.029017    0.000199    0.560422 v _375_/D (sky130_fd_sc_hd__dfrtp_1)
                                              0.560422   data arrival time

                                 10.000000   10.000000   clock core_clock (rise edge)
                                  0.000000   10.000000   clock source latency
     1    0.017607    0.000000    0.000000   10.000000 ^ clk_CPU (in)
                                                         clk_CPU (net)
                      0.001243    0.000622   10.000622 ^ clkbuf_0_clk_CPU/A (sky130_fd_sc_hd__clkbuf_16)
     2    0.019708    0.030943    0.075696   10.076318 ^ clkbuf_0_clk_CPU/X (sky130_fd_sc_hd__clkbuf_16)
                                                         clknet_0_clk_CPU (net)
                      0.031015    0.001442   10.077761 ^ clkbuf_1_1__f_clk_CPU/A (sky130_fd_sc_hd__clkbuf_16)
    12    0.042116    0.046473    0.097113   10.174872 ^ clkbuf_1_1__f_clk_CPU/X (sky130_fd_sc_hd__clkbuf_16)
                                                         clknet_1_1__leaf_clk_CPU (net)
                      0.046843    0.003158   10.178031 ^ _375_/CLK (sky130_fd_sc_hd__dfrtp_1)
                                  0.000000   10.178031   clock reconvergence pessimism
                                 -0.069952   10.108079   library setup time
                                             10.108079   data required time
---------------------------------------------------------------------------------------------
                                             10.108079   data required time
                                             -0.560422   data arrival time
---------------------------------------------------------------------------------------------
                                              9.547657   slack (MET)


Startpoint: _374_ (rising edge-triggered flip-flop clocked by core_clock)
Endpoint: _374_ (rising edge-triggered flip-flop clocked by core_clock)
Path Group: core_clock
Path Type: max

Fanout         Cap        Slew       Delay        Time   Description
---------------------------------------------------------------------------------------------
                                  0.000000    0.000000   clock core_clock (rise edge)
                                  0.000000    0.000000   clock source latency
     1    0.017607    0.000000    0.000000    0.000000 ^ clk_CPU (in)
                                                         clk_CPU (net)
                      0.001243    0.000621    0.000621 ^ clkbuf_0_clk_CPU/A (sky130_fd_sc_hd__clkbuf_16)
     2    0.019708    0.030943    0.075697    0.076318 ^ clkbuf_0_clk_CPU/X (sky130_fd_sc_hd__clkbuf_16)
                                                         clknet_0_clk_CPU (net)
                      0.031015    0.001442    0.077760 ^ clkbuf_1_1__f_clk_CPU/A (sky130_fd_sc_hd__clkbuf_16)
    12    0.042116    0.046473    0.097113    0.174873 ^ clkbuf_1_1__f_clk_CPU/X (sky130_fd_sc_hd__clkbuf_16)
                                                         clknet_1_1__leaf_clk_CPU (net)
                      0.046827    0.003080    0.177953 ^ _374_/CLK (sky130_fd_sc_hd__dfrtp_1)
     2    0.006620    0.040174    0.240098    0.418051 v _374_/Q (sky130_fd_sc_hd__dfrtp_1)
                                                         net21 (net)
                      0.040217    0.000380    0.418431 v _342_/A1 (sky130_fd_sc_hd__o211a_1)
     1    0.002946    0.028513    0.139922    0.558352 v _342_/X (sky130_fd_sc_hd__o211a_1)
                                                         _020_ (net)
                      0.028530    0.000192    0.558544 v _374_/D (sky130_fd_sc_hd__dfrtp_1)
                                              0.558544   data arrival time

                                 10.000000   10.000000   clock core_clock (rise edge)
                                  0.000000   10.000000   clock source latency
     1    0.017607    0.000000    0.000000   10.000000 ^ clk_CPU (in)
                                                         clk_CPU (net)
                      0.001243    0.000622   10.000622 ^ clkbuf_0_clk_CPU/A (sky130_fd_sc_hd__clkbuf_16)
     2    0.019708    0.030943    0.075696   10.076318 ^ clkbuf_0_clk_CPU/X (sky130_fd_sc_hd__clkbuf_16)
                                                         clknet_0_clk_CPU (net)
                      0.031015    0.001442   10.077761 ^ clkbuf_1_1__f_clk_CPU/A (sky130_fd_sc_hd__clkbuf_16)
    12    0.042116    0.046473    0.097113   10.174872 ^ clkbuf_1_1__f_clk_CPU/X (sky130_fd_sc_hd__clkbuf_16)
                                                         clknet_1_1__leaf_clk_CPU (net)
                      0.046827    0.003080   10.177953 ^ _374_/CLK (sky130_fd_sc_hd__dfrtp_1)
                                  0.000000   10.177953   clock reconvergence pessimism
                                 -0.069779   10.108174   library setup time
                                             10.108174   data required time
---------------------------------------------------------------------------------------------
                                             10.108174   data required time
                                             -0.558544   data arrival time
---------------------------------------------------------------------------------------------
                                              9.549630   slack (MET)


Startpoint: _353_ (rising edge-triggered flip-flop clocked by core_clock)
Endpoint: _353_ (rising edge-triggered flip-flop clocked by core_clock)
Path Group: core_clock
Path Type: max

Fanout         Cap        Slew       Delay        Time   Description
---------------------------------------------------------------------------------------------
                                  0.000000    0.000000   clock core_clock (rise edge)
                                  0.000000    0.000000   clock source latency
     1    0.017607    0.000000    0.000000    0.000000 ^ clk_CPU (in)
                                                         clk_CPU (net)
                      0.001243    0.000621    0.000621 ^ clkbuf_0_clk_CPU/A (sky130_fd_sc_hd__clkbuf_16)
     2    0.019708    0.030943    0.075697    0.076318 ^ clkbuf_0_clk_CPU/X (sky130_fd_sc_hd__clkbuf_16)
                                                         clknet_0_clk_CPU (net)
                      0.031015    0.001442    0.077760 ^ clkbuf_1_1__f_clk_CPU/A (sky130_fd_sc_hd__clkbuf_16)
    12    0.042116    0.046473    0.097113    0.174873 ^ clkbuf_1_1__f_clk_CPU/X (sky130_fd_sc_hd__clkbuf_16)
                                                         clknet_1_1__leaf_clk_CPU (net)
                      0.046889    0.003379    0.178252 ^ _353_/CLK (sky130_fd_sc_hd__dfrtp_1)
     2    0.006999    0.041488    0.241470    0.419722 v _353_/Q (sky130_fd_sc_hd__dfrtp_1)
                                                         net24 (net)
                      0.041492    0.000433    0.420154 v _286_/A1 (sky130_fd_sc_hd__o211a_1)
     1    0.002497    0.027067    0.138153    0.558307 v _286_/X (sky130_fd_sc_hd__o211a_1)
                                                         _003_ (net)
                      0.027067    0.000177    0.558484 v _353_/D (sky130_fd_sc_hd__dfrtp_1)
                                              0.558484   data arrival time

                                 10.000000   10.000000   clock core_clock (rise edge)
                                  0.000000   10.000000   clock source latency
     1    0.017607    0.000000    0.000000   10.000000 ^ clk_CPU (in)
                                                         clk_CPU (net)
                      0.001243    0.000622   10.000622 ^ clkbuf_0_clk_CPU/A (sky130_fd_sc_hd__clkbuf_16)
     2    0.019708    0.030943    0.075696   10.076318 ^ clkbuf_0_clk_CPU/X (sky130_fd_sc_hd__clkbuf_16)
                                                         clknet_0_clk_CPU (net)
                      0.031015    0.001442   10.077761 ^ clkbuf_1_1__f_clk_CPU/A (sky130_fd_sc_hd__clkbuf_16)
    12    0.042116    0.046473    0.097113   10.174872 ^ clkbuf_1_1__f_clk_CPU/X (sky130_fd_sc_hd__clkbuf_16)
                                                         clknet_1_1__leaf_clk_CPU (net)
                      0.046889    0.003380   10.178252 ^ _353_/CLK (sky130_fd_sc_hd__dfrtp_1)
                                  0.000000   10.178252   clock reconvergence pessimism
                                 -0.069251   10.109001   library setup time
                                             10.109001   data required time
---------------------------------------------------------------------------------------------
                                             10.109001   data required time
                                             -0.558484   data arrival time
---------------------------------------------------------------------------------------------
                                              9.550516   slack (MET)


Startpoint: _354_ (rising edge-triggered flip-flop clocked by core_clock)
Endpoint: _354_ (rising edge-triggered flip-flop clocked by core_clock)
Path Group: core_clock
Path Type: max

Fanout         Cap        Slew       Delay        Time   Description
---------------------------------------------------------------------------------------------
                                  0.000000    0.000000   clock core_clock (rise edge)
                                  0.000000    0.000000   clock source latency
     1    0.017607    0.000000    0.000000    0.000000 ^ clk_CPU (in)
                                                         clk_CPU (net)
                      0.001243    0.000621    0.000621 ^ clkbuf_0_clk_CPU/A (sky130_fd_sc_hd__clkbuf_16)
     2    0.019708    0.030943    0.075697    0.076318 ^ clkbuf_0_clk_CPU/X (sky130_fd_sc_hd__clkbuf_16)
                                                         clknet_0_clk_CPU (net)
                      0.031015    0.001442    0.077760 ^ clkbuf_1_1__f_clk_CPU/A (sky130_fd_sc_hd__clkbuf_16)
    12    0.042116    0.046473    0.097113    0.174873 ^ clkbuf_1_1__f_clk_CPU/X (sky130_fd_sc_hd__clkbuf_16)
                                                         clknet_1_1__leaf_clk_CPU (net)
                      0.046857    0.003224    0.178097 ^ _354_/CLK (sky130_fd_sc_hd__dfrtp_1)
     2    0.006154    0.038617    0.238469    0.416566 v _354_/Q (sky130_fd_sc_hd__dfrtp_1)
                                                         net23 (net)
                      0.038617    0.000309    0.416874 v _289_/A1 (sky130_fd_sc_hd__o211a_1)
     1    0.002402    0.026778    0.136685    0.553559 v _289_/X (sky130_fd_sc_hd__o211a_1)
                                                         _004_ (net)
                      0.026778    0.000169    0.553729 v _354_/D (sky130_fd_sc_hd__dfrtp_1)
                                              0.553729   data arrival time

                                 10.000000   10.000000   clock core_clock (rise edge)
                                  0.000000   10.000000   clock source latency
     1    0.017607    0.000000    0.000000   10.000000 ^ clk_CPU (in)
                                                         clk_CPU (net)
                      0.001243    0.000622   10.000622 ^ clkbuf_0_clk_CPU/A (sky130_fd_sc_hd__clkbuf_16)
     2    0.019708    0.030943    0.075696   10.076318 ^ clkbuf_0_clk_CPU/X (sky130_fd_sc_hd__clkbuf_16)
                                                         clknet_0_clk_CPU (net)
                      0.031015    0.001442   10.077761 ^ clkbuf_1_1__f_clk_CPU/A (sky130_fd_sc_hd__clkbuf_16)
    12    0.042116    0.046473    0.097113   10.174872 ^ clkbuf_1_1__f_clk_CPU/X (sky130_fd_sc_hd__clkbuf_16)
                                                         clknet_1_1__leaf_clk_CPU (net)
                      0.046857    0.003224   10.178097 ^ _354_/CLK (sky130_fd_sc_hd__dfrtp_1)
                                  0.000000   10.178097   clock reconvergence pessimism
                                 -0.069151   10.108946   library setup time
                                             10.108946   data required time
---------------------------------------------------------------------------------------------
                                             10.108946   data required time
                                             -0.553729   data arrival time
---------------------------------------------------------------------------------------------
                                              9.555218   slack (MET)


Startpoint: _355_ (rising edge-triggered flip-flop clocked by core_clock)
Endpoint: _355_ (rising edge-triggered flip-flop clocked by core_clock)
Path Group: core_clock
Path Type: max

Fanout         Cap        Slew       Delay        Time   Description
---------------------------------------------------------------------------------------------
                                  0.000000    0.000000   clock core_clock (rise edge)
                                  0.000000    0.000000   clock source latency
     1    0.017607    0.000000    0.000000    0.000000 ^ clk_CPU (in)
                                                         clk_CPU (net)
                      0.001243    0.000621    0.000621 ^ clkbuf_0_clk_CPU/A (sky130_fd_sc_hd__clkbuf_16)
     2    0.019708    0.030943    0.075697    0.076318 ^ clkbuf_0_clk_CPU/X (sky130_fd_sc_hd__clkbuf_16)
                                                         clknet_0_clk_CPU (net)
                      0.031015    0.001442    0.077760 ^ clkbuf_1_1__f_clk_CPU/A (sky130_fd_sc_hd__clkbuf_16)
    12    0.042116    0.046473    0.097113    0.174873 ^ clkbuf_1_1__f_clk_CPU/X (sky130_fd_sc_hd__clkbuf_16)
                                                         clknet_1_1__leaf_clk_CPU (net)
                      0.046853    0.003207    0.178080 ^ _355_/CLK (sky130_fd_sc_hd__dfstp_1)
     2    0.008376    0.065821    0.329388    0.507468 ^ _355_/Q (sky130_fd_sc_hd__dfstp_1)
                                                         net19 (net)
                      0.065823    0.000478    0.507945 ^ _292_/A1 (sky130_fd_sc_hd__a211o_1)
     1    0.003038    0.029865    0.074640    0.582585 ^ _292_/X (sky130_fd_sc_hd__a211o_1)
                                                         _005_ (net)
                      0.029867    0.000220    0.582806 ^ _355_/D (sky130_fd_sc_hd__dfstp_1)
                                              0.582806   data arrival time

                                 10.000000   10.000000   clock core_clock (rise edge)
                                  0.000000   10.000000   clock source latency
     1    0.017607    0.000000    0.000000   10.000000 ^ clk_CPU (in)
                                                         clk_CPU (net)
                      0.001243    0.000622   10.000622 ^ clkbuf_0_clk_CPU/A (sky130_fd_sc_hd__clkbuf_16)
     2    0.019708    0.030943    0.075696   10.076318 ^ clkbuf_0_clk_CPU/X (sky130_fd_sc_hd__clkbuf_16)
                                                         clknet_0_clk_CPU (net)
                      0.031015    0.001442   10.077761 ^ clkbuf_1_1__f_clk_CPU/A (sky130_fd_sc_hd__clkbuf_16)
    12    0.042116    0.046473    0.097113   10.174872 ^ clkbuf_1_1__f_clk_CPU/X (sky130_fd_sc_hd__clkbuf_16)
                                                         clknet_1_1__leaf_clk_CPU (net)
                      0.046853    0.003207   10.178080 ^ _355_/CLK (sky130_fd_sc_hd__dfstp_1)
                                  0.000000   10.178080   clock reconvergence pessimism
                                 -0.032117   10.145963   library setup time
                                             10.145963   data required time
---------------------------------------------------------------------------------------------
                                             10.145963   data required time
                                             -0.582806   data arrival time
---------------------------------------------------------------------------------------------
                                              9.563157   slack (MET)


Startpoint: _351_ (rising edge-triggered flip-flop clocked by core_clock)
Endpoint: _351_ (rising edge-triggered flip-flop clocked by core_clock)
Path Group: core_clock
Path Type: max

Fanout         Cap        Slew       Delay        Time   Description
---------------------------------------------------------------------------------------------
                                  0.000000    0.000000   clock core_clock (rise edge)
                                  0.000000    0.000000   clock source latency
     1    0.017607    0.000000    0.000000    0.000000 ^ clk_CPU (in)
                                                         clk_CPU (net)
                      0.001243    0.000621    0.000621 ^ clkbuf_0_clk_CPU/A (sky130_fd_sc_hd__clkbuf_16)
     2    0.019708    0.030943    0.075697    0.076318 ^ clkbuf_0_clk_CPU/X (sky130_fd_sc_hd__clkbuf_16)
                                                         clknet_0_clk_CPU (net)
                      0.031015    0.001442    0.077760 ^ clkbuf_1_1__f_clk_CPU/A (sky130_fd_sc_hd__clkbuf_16)
    12    0.042116    0.046473    0.097113    0.174873 ^ clkbuf_1_1__f_clk_CPU/X (sky130_fd_sc_hd__clkbuf_16)
                                                         clknet_1_1__leaf_clk_CPU (net)
                      0.046903    0.003444    0.178317 ^ _351_/CLK (sky130_fd_sc_hd__dfrtp_1)
     2    0.010645    0.052148    0.254719    0.433035 v _351_/Q (sky130_fd_sc_hd__dfrtp_1)
                                                         net26 (net)
                      0.052152    0.000473    0.433508 v _281_/B2 (sky130_fd_sc_hd__a32o_1)
     1    0.004364    0.032388    0.096395    0.529903 v _281_/X (sky130_fd_sc_hd__a32o_1)
                                                         _001_ (net)
                      0.032393    0.000320    0.530223 v _351_/D (sky130_fd_sc_hd__dfrtp_1)
                                              0.530223   data arrival time

                                 10.000000   10.000000   clock core_clock (rise edge)
                                  0.000000   10.000000   clock source latency
     1    0.017607    0.000000    0.000000   10.000000 ^ clk_CPU (in)
                                                         clk_CPU (net)
                      0.001243    0.000622   10.000622 ^ clkbuf_0_clk_CPU/A (sky130_fd_sc_hd__clkbuf_16)
     2    0.019708    0.030943    0.075696   10.076318 ^ clkbuf_0_clk_CPU/X (sky130_fd_sc_hd__clkbuf_16)
                                                         clknet_0_clk_CPU (net)
                      0.031015    0.001442   10.077761 ^ clkbuf_1_1__f_clk_CPU/A (sky130_fd_sc_hd__clkbuf_16)
    12    0.042116    0.046473    0.097113   10.174872 ^ clkbuf_1_1__f_clk_CPU/X (sky130_fd_sc_hd__clkbuf_16)
                                                         clknet_1_1__leaf_clk_CPU (net)
                      0.046903    0.003444   10.178317 ^ _351_/CLK (sky130_fd_sc_hd__dfrtp_1)
                                  0.000000   10.178317   clock reconvergence pessimism
                                 -0.071151   10.107167   library setup time
                                             10.107167   data required time
---------------------------------------------------------------------------------------------
                                             10.107167   data required time
                                             -0.530223   data arrival time
---------------------------------------------------------------------------------------------
                                              9.576944   slack (MET)


Startpoint: _352_ (rising edge-triggered flip-flop clocked by core_clock)
Endpoint: _352_ (rising edge-triggered flip-flop clocked by core_clock)
Path Group: core_clock
Path Type: max

Fanout         Cap        Slew       Delay        Time   Description
---------------------------------------------------------------------------------------------
                                  0.000000    0.000000   clock core_clock (rise edge)
                                  0.000000    0.000000   clock source latency
     1    0.017607    0.000000    0.000000    0.000000 ^ clk_CPU (in)
                                                         clk_CPU (net)
                      0.001243    0.000621    0.000621 ^ clkbuf_0_clk_CPU/A (sky130_fd_sc_hd__clkbuf_16)
     2    0.019708    0.030943    0.075697    0.076318 ^ clkbuf_0_clk_CPU/X (sky130_fd_sc_hd__clkbuf_16)
                                                         clknet_0_clk_CPU (net)
                      0.031015    0.001442    0.077760 ^ clkbuf_1_1__f_clk_CPU/A (sky130_fd_sc_hd__clkbuf_16)
    12    0.042116    0.046473    0.097113    0.174873 ^ clkbuf_1_1__f_clk_CPU/X (sky130_fd_sc_hd__clkbuf_16)
                                                         clknet_1_1__leaf_clk_CPU (net)
                      0.046921    0.003525    0.178397 ^ _352_/CLK (sky130_fd_sc_hd__dfrtp_1)
     2    0.010051    0.051286    0.252547    0.430944 v _352_/Q (sky130_fd_sc_hd__dfrtp_1)
                                                         net25 (net)
                      0.051289    0.000435    0.431379 v _283_/B2 (sky130_fd_sc_hd__a32o_1)
     1    0.003051    0.028123    0.091424    0.522803 v _283_/X (sky130_fd_sc_hd__a32o_1)
                                                         _002_ (net)
                      0.028123    0.000199    0.523002 v _352_/D (sky130_fd_sc_hd__dfrtp_1)
                                              0.523002   data arrival time

                                 10.000000   10.000000   clock core_clock (rise edge)
                                  0.000000   10.000000   clock source latency
     1    0.017607    0.000000    0.000000   10.000000 ^ clk_CPU (in)
                                                         clk_CPU (net)
                      0.001243    0.000622   10.000622 ^ clkbuf_0_clk_CPU/A (sky130_fd_sc_hd__clkbuf_16)
     2    0.019708    0.030943    0.075696   10.076318 ^ clkbuf_0_clk_CPU/X (sky130_fd_sc_hd__clkbuf_16)
                                                         clknet_0_clk_CPU (net)
                      0.031015    0.001442   10.077761 ^ clkbuf_1_1__f_clk_CPU/A (sky130_fd_sc_hd__clkbuf_16)
    12    0.042116    0.046473    0.097113   10.174872 ^ clkbuf_1_1__f_clk_CPU/X (sky130_fd_sc_hd__clkbuf_16)
                                                         clknet_1_1__leaf_clk_CPU (net)
                      0.046921    0.003525   10.178398 ^ _352_/CLK (sky130_fd_sc_hd__dfrtp_1)
                                  0.000000   10.178398   clock reconvergence pessimism
                                 -0.069625   10.108773   library setup time
                                             10.108773   data required time
---------------------------------------------------------------------------------------------
                                             10.108773   data required time
                                             -0.523002   data arrival time
---------------------------------------------------------------------------------------------
                                              9.585771   slack (MET)


Startpoint: _372_ (rising edge-triggered flip-flop clocked by core_clock)
Endpoint: _372_ (rising edge-triggered flip-flop clocked by core_clock)
Path Group: core_clock
Path Type: max

Fanout         Cap        Slew       Delay        Time   Description
---------------------------------------------------------------------------------------------
                                  0.000000    0.000000   clock core_clock (rise edge)
                                  0.000000    0.000000   clock source latency
     1    0.017607    0.000000    0.000000    0.000000 ^ clk_CPU (in)
                                                         clk_CPU (net)
                      0.001243    0.000621    0.000621 ^ clkbuf_0_clk_CPU/A (sky130_fd_sc_hd__clkbuf_16)
     2    0.019708    0.030943    0.075697    0.076318 ^ clkbuf_0_clk_CPU/X (sky130_fd_sc_hd__clkbuf_16)
                                                         clknet_0_clk_CPU (net)
                      0.031015    0.001442    0.077760 ^ clkbuf_1_1__f_clk_CPU/A (sky130_fd_sc_hd__clkbuf_16)
    12    0.042116    0.046473    0.097113    0.174873 ^ clkbuf_1_1__f_clk_CPU/X (sky130_fd_sc_hd__clkbuf_16)
                                                         clknet_1_1__leaf_clk_CPU (net)
                      0.046863    0.003254    0.178127 ^ _372_/CLK (sky130_fd_sc_hd__dfrtp_1)
     3    0.008073    0.045169    0.245327    0.423454 v _372_/Q (sky130_fd_sc_hd__dfrtp_1)
                                                         net28 (net)
                      0.045174    0.000468    0.423922 v _338_/B1 (sky130_fd_sc_hd__a31o_1)
     1    0.002488    0.026370    0.072500    0.496422 v _338_/X (sky130_fd_sc_hd__a31o_1)
                                                         _018_ (net)
                      0.026370    0.000175    0.496597 v _372_/D (sky130_fd_sc_hd__dfrtp_1)
                                              0.496597   data arrival time

                                 10.000000   10.000000   clock core_clock (rise edge)
                                  0.000000   10.000000   clock source latency
     1    0.017607    0.000000    0.000000   10.000000 ^ clk_CPU (in)
                                                         clk_CPU (net)
                      0.001243    0.000622   10.000622 ^ clkbuf_0_clk_CPU/A (sky130_fd_sc_hd__clkbuf_16)
     2    0.019708    0.030943    0.075696   10.076318 ^ clkbuf_0_clk_CPU/X (sky130_fd_sc_hd__clkbuf_16)
                                                         clknet_0_clk_CPU (net)
                      0.031015    0.001442   10.077761 ^ clkbuf_1_1__f_clk_CPU/A (sky130_fd_sc_hd__clkbuf_16)
    12    0.042116    0.046473    0.097113   10.174872 ^ clkbuf_1_1__f_clk_CPU/X (sky130_fd_sc_hd__clkbuf_16)
                                                         clknet_1_1__leaf_clk_CPU (net)
                      0.046863    0.003254   10.178127 ^ _372_/CLK (sky130_fd_sc_hd__dfrtp_1)
                                  0.000000   10.178127   clock reconvergence pessimism
                                 -0.069005   10.109122   library setup time
                                             10.109122   data required time
---------------------------------------------------------------------------------------------
                                             10.109122   data required time
                                             -0.496597   data arrival time
---------------------------------------------------------------------------------------------
                                              9.612525   slack (MET)



