Reading OpenROAD database at '/foss/designs/uart/runs/RUN_2024-11-22_04-47-22/35-openroad-globalrouting/uart.odb'…
Reading library file at '/foss/pdks/sky130A/libs.ref/sky130_fd_sc_hd/lib/sky130_fd_sc_hd__tt_025C_1v80.lib'…
Reading design constraints file at '/foss/designs/uart/src/constrains.sdc'…
[INFO] Setting signal min routing layer to: met1 and clock min routing layer to met1. 
[INFO] Setting signal max routing layer to: met5 and clock max routing layer to met5. 
-congestion_iterations 50 -verbose
[INFO GRT-0020] Min routing layer: met1
[INFO GRT-0021] Max routing layer: met5
[INFO GRT-0022] Global adjustment: 30%
[INFO GRT-0023] Grid origin: (0, 0)
[INFO GRT-0043] No OR_DEFAULT vias defined.
[INFO GRT-0088] Layer li1     Track-Pitch = 0.4600  line-2-Via Pitch: 0.3400
[INFO GRT-0088] Layer met1    Track-Pitch = 0.3400  line-2-Via Pitch: 0.3400
[INFO GRT-0088] Layer met2    Track-Pitch = 0.4600  line-2-Via Pitch: 0.3500
[INFO GRT-0088] Layer met3    Track-Pitch = 0.6800  line-2-Via Pitch: 0.6150
[INFO GRT-0088] Layer met4    Track-Pitch = 0.9200  line-2-Via Pitch: 1.0400
[INFO GRT-0088] Layer met5    Track-Pitch = 3.4000  line-2-Via Pitch: 3.1100
[INFO GRT-0019] Found 4 clock nets.
[INFO GRT-0001] Minimum degree: 2
[INFO GRT-0002] Maximum degree: 31
[INFO GRT-0003] Macros: 0
[INFO GRT-0043] No OR_DEFAULT vias defined.
[INFO GRT-0004] Blockages: 424

[INFO GRT-0053] Routing resources analysis:
          Routing      Original      Derated      Resource
Layer     Direction    Resources     Resources    Reduction (%)
---------------------------------------------------------------
li1        Vertical            0             0          0.00%
met1       Horizontal       3340          1608          51.86%
met2       Vertical         2433          1488          38.84%
met3       Horizontal       1670          1058          36.65%
met4       Vertical          994           568          42.86%
met5       Horizontal        334           143          57.19%
---------------------------------------------------------------

[INFO GRT-0197] Via related to pin nodes: 1458
[INFO GRT-0198] Via related Steiner nodes: 18
[INFO GRT-0199] Via filling finished.
[INFO GRT-0111] Final number of vias: 1793
[INFO GRT-0112] Final usage 3D: 6107

[INFO GRT-0096] Final congestion report:
Layer         Resource        Demand        Usage (%)    Max H / Max V / Total Overflow
---------------------------------------------------------------------------------------
li1                  0             0            0.00%             0 /  0 /  0
met1              1608           359           22.33%             0 /  0 /  0
met2              1488           362           24.33%             0 /  0 /  0
met3              1058             7            0.66%             0 /  0 /  0
met4               568             0            0.00%             0 /  0 /  0
met5               143             0            0.00%             0 /  0 /  0
---------------------------------------------------------------------------------------
Total             4865           728           14.96%             0 /  0 /  0

[INFO GRT-0018] Total wirelength: 9280 um
[INFO GRT-0014] Routed nets: 265
[INFO GRT-0006] Repairing antennas, iteration 1.
[INFO GRT-0043] No OR_DEFAULT vias defined.
[INFO GRT-0012] Found 0 antenna violations.
Placement Analysis
---------------------------------
total displacement          0.0 u
average displacement        0.0 u
max displacement            0.0 u
original HPWL            4284.8 u
legalized HPWL           4417.0 u
delta HPWL                    3 %

[INFO DPL-0020] Mirrored 83 instances
[INFO DPL-0021] HPWL before            4417.0 u
[INFO DPL-0022] HPWL after             4284.8 u
[INFO DPL-0023] HPWL delta               -3.0 %
-congestion_iterations 50 -verbose
[INFO GRT-0020] Min routing layer: met1
[INFO GRT-0021] Max routing layer: met5
[INFO GRT-0022] Global adjustment: 30%
[INFO GRT-0023] Grid origin: (0, 0)
[INFO GRT-0043] No OR_DEFAULT vias defined.
[INFO GRT-0088] Layer li1     Track-Pitch = 0.4600  line-2-Via Pitch: 0.3400
[INFO GRT-0088] Layer met1    Track-Pitch = 0.3400  line-2-Via Pitch: 0.3400
[INFO GRT-0088] Layer met2    Track-Pitch = 0.4600  line-2-Via Pitch: 0.3500
[INFO GRT-0088] Layer met3    Track-Pitch = 0.6800  line-2-Via Pitch: 0.6150
[INFO GRT-0088] Layer met4    Track-Pitch = 0.9200  line-2-Via Pitch: 1.0400
[INFO GRT-0088] Layer met5    Track-Pitch = 3.4000  line-2-Via Pitch: 3.1100
[INFO GRT-0019] Found 4 clock nets.
[INFO GRT-0001] Minimum degree: 2
[INFO GRT-0002] Maximum degree: 31
[INFO GRT-0003] Macros: 0
[INFO GRT-0043] No OR_DEFAULT vias defined.
[INFO GRT-0004] Blockages: 424

[INFO GRT-0053] Routing resources analysis:
          Routing      Original      Derated      Resource
Layer     Direction    Resources     Resources    Reduction (%)
---------------------------------------------------------------
li1        Vertical            0             0          0.00%
met1       Horizontal       3340          1608          51.86%
met2       Vertical         2433          1488          38.84%
met3       Horizontal       1670          1058          36.65%
met4       Vertical          994           568          42.86%
met5       Horizontal        334           143          57.19%
---------------------------------------------------------------

[INFO GRT-0197] Via related to pin nodes: 1458
[INFO GRT-0198] Via related Steiner nodes: 18
[INFO GRT-0199] Via filling finished.
[INFO GRT-0111] Final number of vias: 1793
[INFO GRT-0112] Final usage 3D: 6107

[INFO GRT-0096] Final congestion report:
Layer         Resource        Demand        Usage (%)    Max H / Max V / Total Overflow
---------------------------------------------------------------------------------------
li1                  0             0            0.00%             0 /  0 /  0
met1              1608           359           22.33%             0 /  0 /  0
met2              1488           362           24.33%             0 /  0 /  0
met3              1058             7            0.66%             0 /  0 /  0
met4               568             0            0.00%             0 /  0 /  0
met5               143             0            0.00%             0 /  0 /  0
---------------------------------------------------------------------------------------
Total             4865           728           14.96%             0 /  0 /  0

[INFO GRT-0018] Total wirelength: 9280 um
[INFO GRT-0014] Routed nets: 265
[INFO] Setting RC values…
Setting global connections for newly added cells…
[INFO] Setting global connections...
Writing OpenROAD database to '/foss/designs/uart/runs/RUN_2024-11-22_04-47-22/38-openroad-repairantennas/1-diodeinsertion/uart.odb'…
Writing layout to '/foss/designs/uart/runs/RUN_2024-11-22_04-47-22/38-openroad-repairantennas/1-diodeinsertion/uart.def'…
