Reading OpenROAD database at '/foss/designs/uart/runs/RUN_2024-11-22_04-47-22/29-openroad-repairdesignpostgpl/uart.odb'…
Reading library file at '/foss/pdks/sky130A/libs.ref/sky130_fd_sc_hd/lib/sky130_fd_sc_hd__tt_025C_1v80.lib'…
Reading design constraints file at '/foss/designs/uart/src/constrains.sdc'…
Placement Analysis
---------------------------------
total displacement          0.0 u
average displacement        0.0 u
max displacement            0.0 u
original HPWL            4179.8 u
legalized HPWL           4286.0 u
delta HPWL                    3 %

[INFO DPL-0020] Mirrored 83 instances
[INFO DPL-0021] HPWL before            4286.0 u
[INFO DPL-0022] HPWL after             4179.8 u
[INFO DPL-0023] HPWL delta               -2.5 %
Setting global connections for newly added cells…
[INFO] Setting global connections...
Writing OpenROAD database to '/foss/designs/uart/runs/RUN_2024-11-22_04-47-22/30-openroad-detailedplacement/uart.odb'…
Writing netlist to '/foss/designs/uart/runs/RUN_2024-11-22_04-47-22/30-openroad-detailedplacement/uart.nl.v'…
Writing powered netlist to '/foss/designs/uart/runs/RUN_2024-11-22_04-47-22/30-openroad-detailedplacement/uart.pnl.v'…
Writing layout to '/foss/designs/uart/runs/RUN_2024-11-22_04-47-22/30-openroad-detailedplacement/uart.def'…
Writing timing constraints to '/foss/designs/uart/runs/RUN_2024-11-22_04-47-22/30-openroad-detailedplacement/uart.sdc'…
