Reading OpenROAD database at '/foss/designs/uart/runs/RUN_2024-11-22_04-47-22/48-openroad-fillinsertion/uart.odb'…
Reading library file at '/foss/pdks/sky130A/libs.ref/sky130_fd_sc_hd/lib/sky130_fd_sc_hd__tt_025C_1v80.lib'…
Reading design constraints file at '/foss/designs/uart/src/constrains.sdc'…
[INFO] Setting RC values…
[INFO] Using voltage extracted from lib (1.8000000000V) for power nets and 0V for ground nets…
%OL_CREATE_REPORT irdrop.rpt
[INFO PSM-0040] All shapes on net VPWR are connected.
########## IR report #################
Net              : VPWR
Corner           : nom_tt_025C_1v80
Supply voltage   : 1.80e+00 V
Worstcase voltage: 1.80e+00 V
Average voltage  : 1.80e+00 V
Average IR drop  : 1.17e-04 V
Worstcase IR drop: 5.48e-04 V
Percentage drop  : 0.03 %
######################################
[INFO PSM-0040] All shapes on net VGND are connected.
########## IR report #################
Net              : VGND
Corner           : nom_tt_025C_1v80
Supply voltage   : 0.00e+00 V
Worstcase voltage: 3.71e-04 V
Average voltage  : 1.07e-04 V
Average IR drop  : 1.07e-04 V
Worstcase IR drop: 3.71e-04 V
Percentage drop  : 0.02 %
######################################
%OL_END_REPORT
