
===========================================================================
report_checks -path_delay min (Hold)
============================================================================
======================= nom_ff_n40C_1v95 Corner ===================================

Startpoint: _372_ (rising edge-triggered flip-flop clocked by core_clock)
Endpoint: _372_ (rising edge-triggered flip-flop clocked by core_clock)
Path Group: core_clock
Path Type: min

Fanout         Cap        Slew       Delay        Time   Description
---------------------------------------------------------------------------------------------
                      0.000000    0.000000    0.000000   clock core_clock (rise edge)
                                  0.000000    0.000000   clock network delay (ideal)
                      0.000000    0.000000    0.000000 ^ _372_/CLK (sky130_fd_sc_hd__dfrtp_2)
     3    0.004435    0.032250    0.203219    0.203219 ^ _372_/Q (sky130_fd_sc_hd__dfrtp_2)
                                                         IRQ_Rx (net)
                      0.032250    0.000000    0.203219 ^ _338_/B1 (sky130_fd_sc_hd__a31o_2)
     1    0.002087    0.018312    0.050703    0.253922 ^ _338_/X (sky130_fd_sc_hd__a31o_2)
                                                         _018_ (net)
                      0.018312    0.000000    0.253922 ^ _372_/D (sky130_fd_sc_hd__dfrtp_2)
                                              0.253922   data arrival time

                      0.000000    0.000000    0.000000   clock core_clock (rise edge)
                                  0.000000    0.000000   clock network delay (ideal)
                                  0.000000    0.000000   clock reconvergence pessimism
                                              0.000000 ^ _372_/CLK (sky130_fd_sc_hd__dfrtp_2)
                                 -0.019625   -0.019625   library hold time
                                             -0.019625   data required time
---------------------------------------------------------------------------------------------
                                             -0.019625   data required time
                                             -0.253922   data arrival time
---------------------------------------------------------------------------------------------
                                              0.273547   slack (MET)


Startpoint: _352_ (rising edge-triggered flip-flop clocked by core_clock)
Endpoint: _352_ (rising edge-triggered flip-flop clocked by core_clock)
Path Group: core_clock
Path Type: min

Fanout         Cap        Slew       Delay        Time   Description
---------------------------------------------------------------------------------------------
                      0.000000    0.000000    0.000000   clock core_clock (rise edge)
                                  0.000000    0.000000   clock network delay (ideal)
                      0.000000    0.000000    0.000000 ^ _352_/CLK (sky130_fd_sc_hd__dfrtp_2)
     2    0.002705    0.026299    0.196529    0.196529 ^ _352_/Q (sky130_fd_sc_hd__dfrtp_2)
                                                         DATA_OUT_Rx[6] (net)
                      0.026299    0.000000    0.196529 ^ _283_/B2 (sky130_fd_sc_hd__a32o_2)
     1    0.002087    0.022455    0.060948    0.257476 ^ _283_/X (sky130_fd_sc_hd__a32o_2)
                                                         _002_ (net)
                      0.022455    0.000000    0.257476 ^ _352_/D (sky130_fd_sc_hd__dfrtp_2)
                                              0.257476   data arrival time

                      0.000000    0.000000    0.000000   clock core_clock (rise edge)
                                  0.000000    0.000000   clock network delay (ideal)
                                  0.000000    0.000000   clock reconvergence pessimism
                                              0.000000 ^ _352_/CLK (sky130_fd_sc_hd__dfrtp_2)
                                 -0.019930   -0.019930   library hold time
                                             -0.019930   data required time
---------------------------------------------------------------------------------------------
                                             -0.019930   data required time
                                             -0.257476   data arrival time
---------------------------------------------------------------------------------------------
                                              0.277406   slack (MET)


Startpoint: _351_ (rising edge-triggered flip-flop clocked by core_clock)
Endpoint: _351_ (rising edge-triggered flip-flop clocked by core_clock)
Path Group: core_clock
Path Type: min

Fanout         Cap        Slew       Delay        Time   Description
---------------------------------------------------------------------------------------------
                      0.000000    0.000000    0.000000   clock core_clock (rise edge)
                                  0.000000    0.000000   clock network delay (ideal)
                      0.000000    0.000000    0.000000 ^ _351_/CLK (sky130_fd_sc_hd__dfrtp_2)
     2    0.002705    0.026299    0.196529    0.196529 ^ _351_/Q (sky130_fd_sc_hd__dfrtp_2)
                                                         DATA_OUT_Rx[7] (net)
                      0.026299    0.000000    0.196529 ^ _281_/B2 (sky130_fd_sc_hd__a32o_2)
     1    0.002087    0.022467    0.060948    0.257476 ^ _281_/X (sky130_fd_sc_hd__a32o_2)
                                                         _001_ (net)
                      0.022467    0.000000    0.257476 ^ _351_/D (sky130_fd_sc_hd__dfrtp_2)
                                              0.257476   data arrival time

                      0.000000    0.000000    0.000000   clock core_clock (rise edge)
                                  0.000000    0.000000   clock network delay (ideal)
                                  0.000000    0.000000   clock reconvergence pessimism
                                              0.000000 ^ _351_/CLK (sky130_fd_sc_hd__dfrtp_2)
                                 -0.019931   -0.019931   library hold time
                                             -0.019931   data required time
---------------------------------------------------------------------------------------------
                                             -0.019931   data required time
                                             -0.257476   data arrival time
---------------------------------------------------------------------------------------------
                                              0.277407   slack (MET)


Startpoint: _353_ (rising edge-triggered flip-flop clocked by core_clock)
Endpoint: _353_ (rising edge-triggered flip-flop clocked by core_clock)
Path Group: core_clock
Path Type: min

Fanout         Cap        Slew       Delay        Time   Description
---------------------------------------------------------------------------------------------
                      0.000000    0.000000    0.000000   clock core_clock (rise edge)
                                  0.000000    0.000000   clock network delay (ideal)
                      0.000000    0.000000    0.000000 ^ _353_/CLK (sky130_fd_sc_hd__dfrtp_2)
     2    0.002563    0.025811    0.195980    0.195980 ^ _353_/Q (sky130_fd_sc_hd__dfrtp_2)
                                                         DATA_OUT_Rx[5] (net)
                      0.025811    0.000000    0.195980 ^ _286_/A1 (sky130_fd_sc_hd__o211a_2)
     1    0.002087    0.023749    0.092840    0.288819 ^ _286_/X (sky130_fd_sc_hd__o211a_2)
                                                         _003_ (net)
                      0.023749    0.000000    0.288819 ^ _353_/D (sky130_fd_sc_hd__dfrtp_2)
                                              0.288819   data arrival time

                      0.000000    0.000000    0.000000   clock core_clock (rise edge)
                                  0.000000    0.000000   clock network delay (ideal)
                                  0.000000    0.000000   clock reconvergence pessimism
                                              0.000000 ^ _353_/CLK (sky130_fd_sc_hd__dfrtp_2)
                                 -0.020025   -0.020025   library hold time
                                             -0.020025   data required time
---------------------------------------------------------------------------------------------
                                             -0.020025   data required time
                                             -0.288819   data arrival time
---------------------------------------------------------------------------------------------
                                              0.308845   slack (MET)


Startpoint: _354_ (rising edge-triggered flip-flop clocked by core_clock)
Endpoint: _354_ (rising edge-triggered flip-flop clocked by core_clock)
Path Group: core_clock
Path Type: min

Fanout         Cap        Slew       Delay        Time   Description
---------------------------------------------------------------------------------------------
                      0.000000    0.000000    0.000000   clock core_clock (rise edge)
                                  0.000000    0.000000   clock network delay (ideal)
                      0.000000    0.000000    0.000000 ^ _354_/CLK (sky130_fd_sc_hd__dfrtp_2)
     2    0.002563    0.025811    0.195980    0.195980 ^ _354_/Q (sky130_fd_sc_hd__dfrtp_2)
                                                         DATA_OUT_Rx[4] (net)
                      0.025811    0.000000    0.195980 ^ _289_/A1 (sky130_fd_sc_hd__o211a_2)
     1    0.002087    0.023759    0.092840    0.288819 ^ _289_/X (sky130_fd_sc_hd__o211a_2)
                                                         _004_ (net)
                      0.023759    0.000000    0.288819 ^ _354_/D (sky130_fd_sc_hd__dfrtp_2)
                                              0.288819   data arrival time

                      0.000000    0.000000    0.000000   clock core_clock (rise edge)
                                  0.000000    0.000000   clock network delay (ideal)
                                  0.000000    0.000000   clock reconvergence pessimism
                                              0.000000 ^ _354_/CLK (sky130_fd_sc_hd__dfrtp_2)
                                 -0.020026   -0.020026   library hold time
                                             -0.020026   data required time
---------------------------------------------------------------------------------------------
                                             -0.020026   data required time
                                             -0.288819   data arrival time
---------------------------------------------------------------------------------------------
                                              0.308845   slack (MET)


Startpoint: _374_ (rising edge-triggered flip-flop clocked by core_clock)
Endpoint: _374_ (rising edge-triggered flip-flop clocked by core_clock)
Path Group: core_clock
Path Type: min

Fanout         Cap        Slew       Delay        Time   Description
---------------------------------------------------------------------------------------------
                      0.000000    0.000000    0.000000   clock core_clock (rise edge)
                                  0.000000    0.000000   clock network delay (ideal)
                      0.000000    0.000000    0.000000 ^ _374_/CLK (sky130_fd_sc_hd__dfrtp_2)
     2    0.002563    0.025811    0.195980    0.195980 ^ _374_/Q (sky130_fd_sc_hd__dfrtp_2)
                                                         DATA_OUT_Rx[2] (net)
                      0.025811    0.000000    0.195980 ^ _342_/A1 (sky130_fd_sc_hd__o211a_2)
     1    0.002087    0.023759    0.092840    0.288819 ^ _342_/X (sky130_fd_sc_hd__o211a_2)
                                                         _020_ (net)
                      0.023759    0.000000    0.288819 ^ _374_/D (sky130_fd_sc_hd__dfrtp_2)
                                              0.288819   data arrival time

                      0.000000    0.000000    0.000000   clock core_clock (rise edge)
                                  0.000000    0.000000   clock network delay (ideal)
                                  0.000000    0.000000   clock reconvergence pessimism
                                              0.000000 ^ _374_/CLK (sky130_fd_sc_hd__dfrtp_2)
                                 -0.020026   -0.020026   library hold time
                                             -0.020026   data required time
---------------------------------------------------------------------------------------------
                                             -0.020026   data required time
                                             -0.288819   data arrival time
---------------------------------------------------------------------------------------------
                                              0.308845   slack (MET)


Startpoint: _375_ (rising edge-triggered flip-flop clocked by core_clock)
Endpoint: _375_ (rising edge-triggered flip-flop clocked by core_clock)
Path Group: core_clock
Path Type: min

Fanout         Cap        Slew       Delay        Time   Description
---------------------------------------------------------------------------------------------
                      0.000000    0.000000    0.000000   clock core_clock (rise edge)
                                  0.000000    0.000000   clock network delay (ideal)
                      0.000000    0.000000    0.000000 ^ _375_/CLK (sky130_fd_sc_hd__dfrtp_2)
     2    0.002563    0.025811    0.195980    0.195980 ^ _375_/Q (sky130_fd_sc_hd__dfrtp_2)
                                                         DATA_OUT_Rx[3] (net)
                      0.025811    0.000000    0.195980 ^ _345_/A1 (sky130_fd_sc_hd__o211a_2)
     1    0.002087    0.023759    0.092840    0.288819 ^ _345_/X (sky130_fd_sc_hd__o211a_2)
                                                         _021_ (net)
                      0.023759    0.000000    0.288819 ^ _375_/D (sky130_fd_sc_hd__dfrtp_2)
                                              0.288819   data arrival time

                      0.000000    0.000000    0.000000   clock core_clock (rise edge)
                                  0.000000    0.000000   clock network delay (ideal)
                                  0.000000    0.000000   clock reconvergence pessimism
                                              0.000000 ^ _375_/CLK (sky130_fd_sc_hd__dfrtp_2)
                                 -0.020026   -0.020026   library hold time
                                             -0.020026   data required time
---------------------------------------------------------------------------------------------
                                             -0.020026   data required time
                                             -0.288819   data arrival time
---------------------------------------------------------------------------------------------
                                              0.308845   slack (MET)


Startpoint: _356_ (rising edge-triggered flip-flop clocked by core_clock)
Endpoint: _356_ (rising edge-triggered flip-flop clocked by core_clock)
Path Group: core_clock
Path Type: min

Fanout         Cap        Slew       Delay        Time   Description
---------------------------------------------------------------------------------------------
                      0.000000    0.000000    0.000000   clock core_clock (rise edge)
                                  0.000000    0.000000   clock network delay (ideal)
                      0.000000    0.000000    0.000000 ^ _356_/CLK (sky130_fd_sc_hd__dfrtp_2)
     2    0.002557    0.025790    0.195956    0.195956 ^ _356_/Q (sky130_fd_sc_hd__dfrtp_2)
                                                         DATA_OUT_Rx[1] (net)
                      0.025790    0.000000    0.195956 ^ _293_/B1 (sky130_fd_sc_hd__a31o_2)
     1    0.001620    0.016354    0.047518    0.243475 ^ _293_/X (sky130_fd_sc_hd__a31o_2)
                                                         _113_ (net)
                      0.016354    0.000000    0.243475 ^ _295_/B (sky130_fd_sc_hd__and3_2)
     1    0.002087    0.025381    0.087095    0.330570 ^ _295_/X (sky130_fd_sc_hd__and3_2)
                                                         _006_ (net)
                      0.025381    0.000000    0.330570 ^ _356_/D (sky130_fd_sc_hd__dfrtp_2)
                                              0.330570   data arrival time

                      0.000000    0.000000    0.000000   clock core_clock (rise edge)
                                  0.000000    0.000000   clock network delay (ideal)
                                  0.000000    0.000000   clock reconvergence pessimism
                                              0.000000 ^ _356_/CLK (sky130_fd_sc_hd__dfrtp_2)
                                 -0.020145   -0.020145   library hold time
                                             -0.020145   data required time
---------------------------------------------------------------------------------------------
                                             -0.020145   data required time
                                             -0.330570   data arrival time
---------------------------------------------------------------------------------------------
                                              0.350715   slack (MET)


Startpoint: _350_ (rising edge-triggered flip-flop clocked by core_clock)
Endpoint: _350_ (rising edge-triggered flip-flop clocked by core_clock)
Path Group: core_clock
Path Type: min

Fanout         Cap        Slew       Delay        Time   Description
---------------------------------------------------------------------------------------------
                      0.000000    0.000000    0.000000   clock core_clock (rise edge)
                                  0.000000    0.000000   clock network delay (ideal)
                      0.000000    0.000000    0.000000 ^ _350_/CLK (sky130_fd_sc_hd__dfrtp_2)
    13    0.029344    0.114558    0.269468    0.269468 ^ _350_/Q (sky130_fd_sc_hd__dfrtp_2)
                                                         uart_clock (net)
                      0.114558    0.000000    0.269468 ^ _279_/A1_N (sky130_fd_sc_hd__o2bb2ai_2)
     1    0.002087    0.023063    0.064695    0.334163 ^ _279_/Y (sky130_fd_sc_hd__o2bb2ai_2)
                                                         _000_ (net)
                      0.023063    0.000000    0.334163 ^ _350_/D (sky130_fd_sc_hd__dfrtp_2)
                                              0.334163   data arrival time

                      0.000000    0.000000    0.000000   clock core_clock (rise edge)
                                  0.000000    0.000000   clock network delay (ideal)
                                  0.000000    0.000000   clock reconvergence pessimism
                                              0.000000 ^ _350_/CLK (sky130_fd_sc_hd__dfrtp_2)
                                 -0.019975   -0.019975   library hold time
                                             -0.019975   data required time
---------------------------------------------------------------------------------------------
                                             -0.019975   data required time
                                             -0.334163   data arrival time
---------------------------------------------------------------------------------------------
                                              0.354138   slack (MET)


Startpoint: _371_ (rising edge-triggered flip-flop clocked by core_clock)
Endpoint: _371_ (rising edge-triggered flip-flop clocked by core_clock)
Path Group: core_clock
Path Type: min

Fanout         Cap        Slew       Delay        Time   Description
---------------------------------------------------------------------------------------------
                      0.000000    0.000000    0.000000   clock core_clock (rise edge)
                                  0.000000    0.000000   clock network delay (ideal)
                      0.000000    0.000000    0.000000 ^ _371_/CLK (sky130_fd_sc_hd__dfrtp_2)
     4    0.016577    0.071586    0.237873    0.237873 ^ _371_/Q (sky130_fd_sc_hd__dfrtp_2)
                                                         uart1.counter[9] (net)
                      0.071586    0.000000    0.237873 ^ _336_/A (sky130_fd_sc_hd__xnor2_2)
     1    0.004193    0.026233    0.043188    0.281061 v _336_/Y (sky130_fd_sc_hd__xnor2_2)
                                                         _145_ (net)
                      0.026233    0.000000    0.281061 v _337_/A (sky130_fd_sc_hd__nor2_2)
     1    0.002087    0.038745    0.056361    0.337422 ^ _337_/Y (sky130_fd_sc_hd__nor2_2)
                                                         _017_ (net)
                      0.038745    0.000000    0.337422 ^ _371_/D (sky130_fd_sc_hd__dfrtp_2)
                                              0.337422   data arrival time

                      0.000000    0.000000    0.000000   clock core_clock (rise edge)
                                  0.000000    0.000000   clock network delay (ideal)
                                  0.000000    0.000000   clock reconvergence pessimism
                                              0.000000 ^ _371_/CLK (sky130_fd_sc_hd__dfrtp_2)
                                 -0.021128   -0.021128   library hold time
                                             -0.021128   data required time
---------------------------------------------------------------------------------------------
                                             -0.021128   data required time
                                             -0.337422   data arrival time
---------------------------------------------------------------------------------------------
                                              0.358551   slack (MET)


Startpoint: _355_ (rising edge-triggered flip-flop clocked by core_clock)
Endpoint: _355_ (rising edge-triggered flip-flop clocked by core_clock)
Path Group: core_clock
Path Type: min

Fanout         Cap        Slew       Delay        Time   Description
---------------------------------------------------------------------------------------------
                      0.000000    0.000000    0.000000   clock core_clock (rise edge)
                                  0.000000    0.000000   clock network delay (ideal)
                      0.000000    0.000000    0.000000 ^ _355_/CLK (sky130_fd_sc_hd__dfstp_2)
     2    0.002487    0.025992    0.289279    0.289279 ^ _355_/Q (sky130_fd_sc_hd__dfstp_2)
                                                         DATA_OUT_Rx[0] (net)
                      0.025992    0.000000    0.289279 ^ _292_/A1 (sky130_fd_sc_hd__a211o_2)
     1    0.002517    0.017133    0.064366    0.353644 ^ _292_/X (sky130_fd_sc_hd__a211o_2)
                                                         _005_ (net)
                      0.017133    0.000000    0.353644 ^ _355_/D (sky130_fd_sc_hd__dfstp_2)
                                              0.353644   data arrival time

                      0.000000    0.000000    0.000000   clock core_clock (rise edge)
                                  0.000000    0.000000   clock network delay (ideal)
                                  0.000000    0.000000   clock reconvergence pessimism
                                              0.000000 ^ _355_/CLK (sky130_fd_sc_hd__dfstp_2)
                                 -0.018260   -0.018260   library hold time
                                             -0.018260   data required time
---------------------------------------------------------------------------------------------
                                             -0.018260   data required time
                                             -0.353644   data arrival time
---------------------------------------------------------------------------------------------
                                              0.371905   slack (MET)


Startpoint: _362_ (rising edge-triggered flip-flop clocked by core_clock)
Endpoint: _362_ (rising edge-triggered flip-flop clocked by core_clock)
Path Group: core_clock
Path Type: min

Fanout         Cap        Slew       Delay        Time   Description
---------------------------------------------------------------------------------------------
                      0.000000    0.000000    0.000000   clock core_clock (rise edge)
                                  0.000000    0.000000   clock network delay (ideal)
                      0.000000    0.000000    0.000000 ^ _362_/CLK (sky130_fd_sc_hd__dfrtp_2)
     5    0.011398    0.054658    0.223701    0.223701 ^ _362_/Q (sky130_fd_sc_hd__dfrtp_2)
                                                         uart1.counter[0] (net)
                      0.054658    0.000000    0.223701 ^ _306_/B (sky130_fd_sc_hd__and2b_2)
     1    0.002575    0.023201    0.083265    0.306966 ^ _306_/X (sky130_fd_sc_hd__and2b_2)
                                                         _124_ (net)
                      0.023201    0.000000    0.306966 ^ _307_/A2 (sky130_fd_sc_hd__o21a_2)
     1    0.002087    0.018371    0.059357    0.366323 ^ _307_/X (sky130_fd_sc_hd__o21a_2)
                                                         _008_ (net)
                      0.018371    0.000000    0.366323 ^ _362_/D (sky130_fd_sc_hd__dfrtp_2)
                                              0.366323   data arrival time

                      0.000000    0.000000    0.000000   clock core_clock (rise edge)
                                  0.000000    0.000000   clock network delay (ideal)
                                  0.000000    0.000000   clock reconvergence pessimism
                                              0.000000 ^ _362_/CLK (sky130_fd_sc_hd__dfrtp_2)
                                 -0.019629   -0.019629   library hold time
                                             -0.019629   data required time
---------------------------------------------------------------------------------------------
                                             -0.019629   data required time
                                             -0.366323   data arrival time
---------------------------------------------------------------------------------------------
                                              0.385952   slack (MET)


Startpoint: _362_ (rising edge-triggered flip-flop clocked by core_clock)
Endpoint: _363_ (rising edge-triggered flip-flop clocked by core_clock)
Path Group: core_clock
Path Type: min

Fanout         Cap        Slew       Delay        Time   Description
---------------------------------------------------------------------------------------------
                      0.000000    0.000000    0.000000   clock core_clock (rise edge)
                                  0.000000    0.000000   clock network delay (ideal)
                      0.000000    0.000000    0.000000 ^ _362_/CLK (sky130_fd_sc_hd__dfrtp_2)
     5    0.011398    0.054658    0.223701    0.223701 ^ _362_/Q (sky130_fd_sc_hd__dfrtp_2)
                                                         uart1.counter[0] (net)
                      0.054658    0.000000    0.223701 ^ _309_/A1 (sky130_fd_sc_hd__a21oi_2)
     1    0.004145    0.020141    0.030889    0.254590 v _309_/Y (sky130_fd_sc_hd__a21oi_2)
                                                         _126_ (net)
                      0.020141    0.000000    0.254590 v _310_/B (sky130_fd_sc_hd__nor2_2)
     1    0.001632    0.035210    0.036167    0.290757 ^ _310_/Y (sky130_fd_sc_hd__nor2_2)
                                                         _127_ (net)
                      0.035210    0.000000    0.290757 ^ _311_/B (sky130_fd_sc_hd__and2_2)
     1    0.002087    0.022946    0.076968    0.367725 ^ _311_/X (sky130_fd_sc_hd__and2_2)
                                                         _009_ (net)
                      0.022946    0.000000    0.367725 ^ _363_/D (sky130_fd_sc_hd__dfrtp_2)
                                              0.367725   data arrival time

                      0.000000    0.000000    0.000000   clock core_clock (rise edge)
                                  0.000000    0.000000   clock network delay (ideal)
                                  0.000000    0.000000   clock reconvergence pessimism
                                              0.000000 ^ _363_/CLK (sky130_fd_sc_hd__dfrtp_2)
                                 -0.019966   -0.019966   library hold time
                                             -0.019966   data required time
---------------------------------------------------------------------------------------------
                                             -0.019966   data required time
                                             -0.367725   data arrival time
---------------------------------------------------------------------------------------------
                                              0.387691   slack (MET)


Startpoint: _369_ (rising edge-triggered flip-flop clocked by core_clock)
Endpoint: _369_ (rising edge-triggered flip-flop clocked by core_clock)
Path Group: core_clock
Path Type: min

Fanout         Cap        Slew       Delay        Time   Description
---------------------------------------------------------------------------------------------
                      0.000000    0.000000    0.000000   clock core_clock (rise edge)
                                  0.000000    0.000000   clock network delay (ideal)
                      0.000000    0.000000    0.000000 ^ _369_/CLK (sky130_fd_sc_hd__dfrtp_2)
     5    0.020623    0.085204    0.247886    0.247886 ^ _369_/Q (sky130_fd_sc_hd__dfrtp_2)
                                                         uart1.counter[7] (net)
                      0.085204    0.000000    0.247886 ^ _329_/B1 (sky130_fd_sc_hd__a41oi_2)
     1    0.004269    0.024991    0.021950    0.269836 v _329_/Y (sky130_fd_sc_hd__a41oi_2)
                                                         _140_ (net)
                      0.024991    0.000000    0.269836 v _330_/B1 (sky130_fd_sc_hd__a31oi_2)
     1    0.001632    0.026493    0.033370    0.303206 ^ _330_/Y (sky130_fd_sc_hd__a31oi_2)
                                                         _141_ (net)
                      0.026493    0.000000    0.303206 ^ _331_/B (sky130_fd_sc_hd__and2_2)
     1    0.002087    0.022948    0.074777    0.377983 ^ _331_/X (sky130_fd_sc_hd__and2_2)
                                                         _015_ (net)
                      0.022948    0.000000    0.377983 ^ _369_/D (sky130_fd_sc_hd__dfrtp_2)
                                              0.377983   data arrival time

                      0.000000    0.000000    0.000000   clock core_clock (rise edge)
                                  0.000000    0.000000   clock network delay (ideal)
                                  0.000000    0.000000   clock reconvergence pessimism
                                              0.000000 ^ _369_/CLK (sky130_fd_sc_hd__dfrtp_2)
                                 -0.019966   -0.019966   library hold time
                                             -0.019966   data required time
---------------------------------------------------------------------------------------------
                                             -0.019966   data required time
                                             -0.377983   data arrival time
---------------------------------------------------------------------------------------------
                                              0.397949   slack (MET)


Startpoint: _370_ (rising edge-triggered flip-flop clocked by core_clock)
Endpoint: _370_ (rising edge-triggered flip-flop clocked by core_clock)
Path Group: core_clock
Path Type: min

Fanout         Cap        Slew       Delay        Time   Description
---------------------------------------------------------------------------------------------
                      0.000000    0.000000    0.000000   clock core_clock (rise edge)
                                  0.000000    0.000000   clock network delay (ideal)
                      0.000000    0.000000    0.000000 ^ _370_/CLK (sky130_fd_sc_hd__dfrtp_2)
     5    0.018530    0.078159    0.242706    0.242706 ^ _370_/Q (sky130_fd_sc_hd__dfrtp_2)
                                                         uart1.counter[8] (net)
                      0.078159    0.000000    0.242706 ^ _333_/B1 (sky130_fd_sc_hd__a31oi_2)
     1    0.004145    0.024859    0.023033    0.265739 v _333_/Y (sky130_fd_sc_hd__a31oi_2)
                                                         _143_ (net)
                      0.024859    0.000000    0.265739 v _334_/B (sky130_fd_sc_hd__nor2_2)
     1    0.001632    0.035261    0.037700    0.303439 ^ _334_/Y (sky130_fd_sc_hd__nor2_2)
                                                         _144_ (net)
                      0.035261    0.000000    0.303439 ^ _335_/B (sky130_fd_sc_hd__and2_2)
     1    0.002087    0.022946    0.076981    0.380420 ^ _335_/X (sky130_fd_sc_hd__and2_2)
                                                         _016_ (net)
                      0.022946    0.000000    0.380420 ^ _370_/D (sky130_fd_sc_hd__dfrtp_2)
                                              0.380420   data arrival time

                      0.000000    0.000000    0.000000   clock core_clock (rise edge)
                                  0.000000    0.000000   clock network delay (ideal)
                                  0.000000    0.000000   clock reconvergence pessimism
                                              0.000000 ^ _370_/CLK (sky130_fd_sc_hd__dfrtp_2)
                                 -0.019966   -0.019966   library hold time
                                             -0.019966   data required time
---------------------------------------------------------------------------------------------
                                             -0.019966   data required time
                                             -0.380420   data arrival time
---------------------------------------------------------------------------------------------
                                              0.400386   slack (MET)


Startpoint: _366_ (rising edge-triggered flip-flop clocked by core_clock)
Endpoint: _366_ (rising edge-triggered flip-flop clocked by core_clock)
Path Group: core_clock
Path Type: min

Fanout         Cap        Slew       Delay        Time   Description
---------------------------------------------------------------------------------------------
                      0.000000    0.000000    0.000000   clock core_clock (rise edge)
                                  0.000000    0.000000   clock network delay (ideal)
                      0.000000    0.000000    0.000000 ^ _366_/CLK (sky130_fd_sc_hd__dfrtp_2)
     5    0.014202    0.063653    0.231831    0.231831 ^ _366_/Q (sky130_fd_sc_hd__dfrtp_2)
                                                         uart1.counter[4] (net)
                      0.063653    0.000000    0.231831 ^ _318_/B1 (sky130_fd_sc_hd__a21oi_2)
     1    0.004193    0.020563    0.020443    0.252274 v _318_/Y (sky130_fd_sc_hd__a21oi_2)
                                                         _132_ (net)
                      0.020563    0.000000    0.252274 v _320_/A (sky130_fd_sc_hd__nor2_2)
     1    0.001632    0.035816    0.051706    0.303979 ^ _320_/Y (sky130_fd_sc_hd__nor2_2)
                                                         _134_ (net)
                      0.035816    0.000000    0.303979 ^ _321_/B (sky130_fd_sc_hd__and2_2)
     1    0.002087    0.022945    0.077121    0.381100 ^ _321_/X (sky130_fd_sc_hd__and2_2)
                                                         _012_ (net)
                      0.022945    0.000000    0.381100 ^ _366_/D (sky130_fd_sc_hd__dfrtp_2)
                                              0.381100   data arrival time

                      0.000000    0.000000    0.000000   clock core_clock (rise edge)
                                  0.000000    0.000000   clock network delay (ideal)
                                  0.000000    0.000000   clock reconvergence pessimism
                                              0.000000 ^ _366_/CLK (sky130_fd_sc_hd__dfrtp_2)
                                 -0.019966   -0.019966   library hold time
                                             -0.019966   data required time
---------------------------------------------------------------------------------------------
                                             -0.019966   data required time
                                             -0.381100   data arrival time
---------------------------------------------------------------------------------------------
                                              0.401066   slack (MET)


Startpoint: _364_ (rising edge-triggered flip-flop clocked by core_clock)
Endpoint: _364_ (rising edge-triggered flip-flop clocked by core_clock)
Path Group: core_clock
Path Type: min

Fanout         Cap        Slew       Delay        Time   Description
---------------------------------------------------------------------------------------------
                      0.000000    0.000000    0.000000   clock core_clock (rise edge)
                                  0.000000    0.000000   clock network delay (ideal)
                      0.000000    0.000000    0.000000 ^ _364_/CLK (sky130_fd_sc_hd__dfrtp_2)
     6    0.017852    0.075877    0.241028    0.241028 ^ _364_/Q (sky130_fd_sc_hd__dfrtp_2)
                                                         uart1.counter[2] (net)
                      0.075877    0.000000    0.241028 ^ _313_/A (sky130_fd_sc_hd__nor2_2)
     1    0.004145    0.023720    0.027118    0.268146 v _313_/Y (sky130_fd_sc_hd__nor2_2)
                                                         _129_ (net)
                      0.023720    0.000000    0.268146 v _314_/B (sky130_fd_sc_hd__nor2_2)
     1    0.001632    0.035178    0.037249    0.305395 ^ _314_/Y (sky130_fd_sc_hd__nor2_2)
                                                         _130_ (net)
                      0.035178    0.000000    0.305395 ^ _315_/B (sky130_fd_sc_hd__and2_2)
     1    0.002087    0.022946    0.076960    0.382356 ^ _315_/X (sky130_fd_sc_hd__and2_2)
                                                         _010_ (net)
                      0.022946    0.000000    0.382356 ^ _364_/D (sky130_fd_sc_hd__dfrtp_2)
                                              0.382356   data arrival time

                      0.000000    0.000000    0.000000   clock core_clock (rise edge)
                                  0.000000    0.000000   clock network delay (ideal)
                                  0.000000    0.000000   clock reconvergence pessimism
                                              0.000000 ^ _364_/CLK (sky130_fd_sc_hd__dfrtp_2)
                                 -0.019966   -0.019966   library hold time
                                             -0.019966   data required time
---------------------------------------------------------------------------------------------
                                             -0.019966   data required time
                                             -0.382356   data arrival time
---------------------------------------------------------------------------------------------
                                              0.402321   slack (MET)


Startpoint: _368_ (rising edge-triggered flip-flop clocked by core_clock)
Endpoint: _368_ (rising edge-triggered flip-flop clocked by core_clock)
Path Group: core_clock
Path Type: min

Fanout         Cap        Slew       Delay        Time   Description
---------------------------------------------------------------------------------------------
                      0.000000    0.000000    0.000000   clock core_clock (rise edge)
                                  0.000000    0.000000   clock network delay (ideal)
                      0.000000    0.000000    0.000000 ^ _368_/CLK (sky130_fd_sc_hd__dfrtp_2)
     7    0.024469    0.098149    0.257404    0.257404 ^ _368_/Q (sky130_fd_sc_hd__dfrtp_2)
                                                         uart1.counter[6] (net)
                      0.098149    0.000000    0.257404 ^ _325_/B1 (sky130_fd_sc_hd__a21oi_2)
     1    0.004371    0.026383    0.020336    0.277740 v _325_/Y (sky130_fd_sc_hd__a21oi_2)
                                                         _137_ (net)
                      0.026383    0.000000    0.277740 v _326_/B1 (sky130_fd_sc_hd__a41oi_2)
     1    0.001632    0.023073    0.031321    0.309061 ^ _326_/Y (sky130_fd_sc_hd__a41oi_2)
                                                         _138_ (net)
                      0.023073    0.000000    0.309061 ^ _327_/B (sky130_fd_sc_hd__and2_2)
     1    0.002087    0.022949    0.073916    0.382978 ^ _327_/X (sky130_fd_sc_hd__and2_2)
                                                         _014_ (net)
                      0.022949    0.000000    0.382978 ^ _368_/D (sky130_fd_sc_hd__dfrtp_2)
                                              0.382978   data arrival time

                      0.000000    0.000000    0.000000   clock core_clock (rise edge)
                                  0.000000    0.000000   clock network delay (ideal)
                                  0.000000    0.000000   clock reconvergence pessimism
                                              0.000000 ^ _368_/CLK (sky130_fd_sc_hd__dfrtp_2)
                                 -0.019966   -0.019966   library hold time
                                             -0.019966   data required time
---------------------------------------------------------------------------------------------
                                             -0.019966   data required time
                                             -0.382978   data arrival time
---------------------------------------------------------------------------------------------
                                              0.402944   slack (MET)


Startpoint: _367_ (rising edge-triggered flip-flop clocked by core_clock)
Endpoint: _367_ (rising edge-triggered flip-flop clocked by core_clock)
Path Group: core_clock
Path Type: min

Fanout         Cap        Slew       Delay        Time   Description
---------------------------------------------------------------------------------------------
                      0.000000    0.000000    0.000000   clock core_clock (rise edge)
                                  0.000000    0.000000   clock network delay (ideal)
                      0.000000    0.000000    0.000000 ^ _367_/CLK (sky130_fd_sc_hd__dfrtp_2)
     5    0.021892    0.089476    0.251026    0.251026 ^ _367_/Q (sky130_fd_sc_hd__dfrtp_2)
                                                         uart1.counter[5] (net)
                      0.089476    0.000000    0.251026 ^ _322_/A (sky130_fd_sc_hd__xor2_2)
     1    0.001632    0.040991    0.069035    0.320061 ^ _322_/X (sky130_fd_sc_hd__xor2_2)
                                                         _135_ (net)
                      0.040991    0.000000    0.320061 ^ _323_/B (sky130_fd_sc_hd__and2_2)
     1    0.002087    0.022944    0.078422    0.398483 ^ _323_/X (sky130_fd_sc_hd__and2_2)
                                                         _013_ (net)
                      0.022944    0.000000    0.398483 ^ _367_/D (sky130_fd_sc_hd__dfrtp_2)
                                              0.398483   data arrival time

                      0.000000    0.000000    0.000000   clock core_clock (rise edge)
                                  0.000000    0.000000   clock network delay (ideal)
                                  0.000000    0.000000   clock reconvergence pessimism
                                              0.000000 ^ _367_/CLK (sky130_fd_sc_hd__dfrtp_2)
                                 -0.019966   -0.019966   library hold time
                                             -0.019966   data required time
---------------------------------------------------------------------------------------------
                                             -0.019966   data required time
                                             -0.398483   data arrival time
---------------------------------------------------------------------------------------------
                                              0.418449   slack (MET)


Startpoint: _365_ (rising edge-triggered flip-flop clocked by core_clock)
Endpoint: _365_ (rising edge-triggered flip-flop clocked by core_clock)
Path Group: core_clock
Path Type: min

Fanout         Cap        Slew       Delay        Time   Description
---------------------------------------------------------------------------------------------
                      0.000000    0.000000    0.000000   clock core_clock (rise edge)
                                  0.000000    0.000000   clock network delay (ideal)
                      0.000000    0.000000    0.000000 ^ _365_/CLK (sky130_fd_sc_hd__dfrtp_2)
    10    0.042103    0.157504    0.301044    0.301044 ^ _365_/Q (sky130_fd_sc_hd__dfrtp_2)
                                                         uart1.counter[3] (net)
                      0.157504    0.000000    0.301044 ^ _316_/A (sky130_fd_sc_hd__xor2_2)
     1    0.001632    0.041095    0.072045    0.373089 ^ _316_/X (sky130_fd_sc_hd__xor2_2)
                                                         _131_ (net)
                      0.041095    0.000000    0.373089 ^ _317_/B (sky130_fd_sc_hd__and2_2)
     1    0.002087    0.022944    0.078448    0.451538 ^ _317_/X (sky130_fd_sc_hd__and2_2)
                                                         _011_ (net)
                      0.022944    0.000000    0.451538 ^ _365_/D (sky130_fd_sc_hd__dfrtp_2)
                                              0.451538   data arrival time

                      0.000000    0.000000    0.000000   clock core_clock (rise edge)
                                  0.000000    0.000000   clock network delay (ideal)
                                  0.000000    0.000000   clock reconvergence pessimism
                                              0.000000 ^ _365_/CLK (sky130_fd_sc_hd__dfrtp_2)
                                 -0.019966   -0.019966   library hold time
                                             -0.019966   data required time
---------------------------------------------------------------------------------------------
                                             -0.019966   data required time
                                             -0.451538   data arrival time
---------------------------------------------------------------------------------------------
                                              0.471503   slack (MET)



