
===========================================================================
report_checks -path_delay max (Setup)
============================================================================
======================= nom_tt_025C_1v80 Corner ===================================

Startpoint: _364_ (rising edge-triggered flip-flop clocked by core_clock)
Endpoint: _368_ (rising edge-triggered flip-flop clocked by core_clock)
Path Group: core_clock
Path Type: max

Fanout         Cap        Slew       Delay        Time   Description
---------------------------------------------------------------------------------------------
                      0.000000    0.000000    0.000000   clock core_clock (rise edge)
                                  0.000000    0.000000   clock network delay (ideal)
                      0.000000    0.000000    0.000000 ^ _364_/CLK (sky130_fd_sc_hd__dfrtp_2)
     6    0.016572    0.075244    0.410406    0.410406 v _364_/Q (sky130_fd_sc_hd__dfrtp_2)
                                                         uart1.counter[2] (net)
                      0.075244    0.000000    0.410406 v _312_/C (sky130_fd_sc_hd__and4_2)
     7    0.027914    0.094743    0.299072    0.709478 v _312_/X (sky130_fd_sc_hd__and4_2)
                                                         _128_ (net)
                      0.094743    0.000000    0.709478 v _319_/C (sky130_fd_sc_hd__and3_2)
     3    0.016582    0.070970    0.267841    0.977319 v _319_/X (sky130_fd_sc_hd__and3_2)
                                                         _133_ (net)
                      0.070970    0.000000    0.977319 v _325_/A2 (sky130_fd_sc_hd__a21oi_2)
     1    0.004821    0.102415    0.147555    1.124874 ^ _325_/Y (sky130_fd_sc_hd__a21oi_2)
                                                         _137_ (net)
                      0.102415    0.000000    1.124874 ^ _326_/B1 (sky130_fd_sc_hd__a41oi_2)
     1    0.001403    0.077440    0.035097    1.159971 v _326_/Y (sky130_fd_sc_hd__a41oi_2)
                                                         _138_ (net)
                      0.077440    0.000000    1.159971 v _327_/B (sky130_fd_sc_hd__and2_2)
     1    0.001949    0.034511    0.193034    1.353005 v _327_/X (sky130_fd_sc_hd__and2_2)
                                                         _014_ (net)
                      0.034511    0.000000    1.353005 v _368_/D (sky130_fd_sc_hd__dfrtp_2)
                                              1.353005   data arrival time

                      0.000000   10.000000   10.000000   clock core_clock (rise edge)
                                  0.000000   10.000000   clock network delay (ideal)
                                  0.000000   10.000000   clock reconvergence pessimism
                                             10.000000 ^ _368_/CLK (sky130_fd_sc_hd__dfrtp_2)
                                 -0.121289    9.878712   library setup time
                                              9.878712   data required time
---------------------------------------------------------------------------------------------
                                              9.878712   data required time
                                             -1.353005   data arrival time
---------------------------------------------------------------------------------------------
                                              8.525706   slack (MET)


Startpoint: _362_ (rising edge-triggered flip-flop clocked by core_clock)
Endpoint: _363_ (rising edge-triggered flip-flop clocked by core_clock)
Path Group: core_clock
Path Type: max

Fanout         Cap        Slew       Delay        Time   Description
---------------------------------------------------------------------------------------------
                      0.000000    0.000000    0.000000   clock core_clock (rise edge)
                                  0.000000    0.000000   clock network delay (ideal)
                      0.000000    0.000000    0.000000 ^ _362_/CLK (sky130_fd_sc_hd__dfrtp_2)
     5    0.010283    0.060638    0.392035    0.392035 v _362_/Q (sky130_fd_sc_hd__dfrtp_2)
                                                         uart1.counter[0] (net)
                      0.060638    0.000000    0.392035 v _239_/A_N (sky130_fd_sc_hd__and2b_2)
     3    0.006472    0.052449    0.221251    0.613285 ^ _239_/X (sky130_fd_sc_hd__and2b_2)
                                                         _065_ (net)
                      0.052449    0.000000    0.613285 ^ _243_/B1_N (sky130_fd_sc_hd__a21boi_2)
     1    0.002418    0.075910    0.135493    0.748778 ^ _243_/Y (sky130_fd_sc_hd__a21boi_2)
                                                         _069_ (net)
                      0.075910    0.000000    0.748778 ^ _244_/B1 (sky130_fd_sc_hd__o2111a_2)
     2    0.009083    0.074284    0.225008    0.973786 ^ _244_/X (sky130_fd_sc_hd__o2111a_2)
                                                         _070_ (net)
                      0.074284    0.000000    0.973786 ^ _268_/B (sky130_fd_sc_hd__nand4_2)
    10    0.017929    0.167694    0.164027    1.137813 v _268_/Y (sky130_fd_sc_hd__nand4_2)
                                                         _094_ (net)
                      0.167694    0.000000    1.137813 v _311_/A (sky130_fd_sc_hd__and2_2)
     1    0.001949    0.034565    0.213744    1.351558 v _311_/X (sky130_fd_sc_hd__and2_2)
                                                         _009_ (net)
                      0.034565    0.000000    1.351558 v _363_/D (sky130_fd_sc_hd__dfrtp_2)
                                              1.351558   data arrival time

                      0.000000   10.000000   10.000000   clock core_clock (rise edge)
                                  0.000000   10.000000   clock network delay (ideal)
                                  0.000000   10.000000   clock reconvergence pessimism
                                             10.000000 ^ _363_/CLK (sky130_fd_sc_hd__dfrtp_2)
                                 -0.121313    9.878688   library setup time
                                              9.878688   data required time
---------------------------------------------------------------------------------------------
                                              9.878688   data required time
                                             -1.351558   data arrival time
---------------------------------------------------------------------------------------------
                                              8.527129   slack (MET)


Startpoint: _362_ (rising edge-triggered flip-flop clocked by core_clock)
Endpoint: _364_ (rising edge-triggered flip-flop clocked by core_clock)
Path Group: core_clock
Path Type: max

Fanout         Cap        Slew       Delay        Time   Description
---------------------------------------------------------------------------------------------
                      0.000000    0.000000    0.000000   clock core_clock (rise edge)
                                  0.000000    0.000000   clock network delay (ideal)
                      0.000000    0.000000    0.000000 ^ _362_/CLK (sky130_fd_sc_hd__dfrtp_2)
     5    0.010283    0.060638    0.392035    0.392035 v _362_/Q (sky130_fd_sc_hd__dfrtp_2)
                                                         uart1.counter[0] (net)
                      0.060638    0.000000    0.392035 v _239_/A_N (sky130_fd_sc_hd__and2b_2)
     3    0.006472    0.052449    0.221251    0.613285 ^ _239_/X (sky130_fd_sc_hd__and2b_2)
                                                         _065_ (net)
                      0.052449    0.000000    0.613285 ^ _243_/B1_N (sky130_fd_sc_hd__a21boi_2)
     1    0.002418    0.075910    0.135493    0.748778 ^ _243_/Y (sky130_fd_sc_hd__a21boi_2)
                                                         _069_ (net)
                      0.075910    0.000000    0.748778 ^ _244_/B1 (sky130_fd_sc_hd__o2111a_2)
     2    0.009083    0.074284    0.225008    0.973786 ^ _244_/X (sky130_fd_sc_hd__o2111a_2)
                                                         _070_ (net)
                      0.074284    0.000000    0.973786 ^ _268_/B (sky130_fd_sc_hd__nand4_2)
    10    0.017929    0.167694    0.164027    1.137813 v _268_/Y (sky130_fd_sc_hd__nand4_2)
                                                         _094_ (net)
                      0.167694    0.000000    1.137813 v _315_/A (sky130_fd_sc_hd__and2_2)
     1    0.001949    0.034553    0.213744    1.351558 v _315_/X (sky130_fd_sc_hd__and2_2)
                                                         _010_ (net)
                      0.034553    0.000000    1.351558 v _364_/D (sky130_fd_sc_hd__dfrtp_2)
                                              1.351558   data arrival time

                      0.000000   10.000000   10.000000   clock core_clock (rise edge)
                                  0.000000   10.000000   clock network delay (ideal)
                                  0.000000   10.000000   clock reconvergence pessimism
                                             10.000000 ^ _364_/CLK (sky130_fd_sc_hd__dfrtp_2)
                                 -0.121307    9.878693   library setup time
                                              9.878693   data required time
---------------------------------------------------------------------------------------------
                                              9.878693   data required time
                                             -1.351558   data arrival time
---------------------------------------------------------------------------------------------
                                              8.527135   slack (MET)


Startpoint: _362_ (rising edge-triggered flip-flop clocked by core_clock)
Endpoint: _366_ (rising edge-triggered flip-flop clocked by core_clock)
Path Group: core_clock
Path Type: max

Fanout         Cap        Slew       Delay        Time   Description
---------------------------------------------------------------------------------------------
                      0.000000    0.000000    0.000000   clock core_clock (rise edge)
                                  0.000000    0.000000   clock network delay (ideal)
                      0.000000    0.000000    0.000000 ^ _362_/CLK (sky130_fd_sc_hd__dfrtp_2)
     5    0.010283    0.060638    0.392035    0.392035 v _362_/Q (sky130_fd_sc_hd__dfrtp_2)
                                                         uart1.counter[0] (net)
                      0.060638    0.000000    0.392035 v _239_/A_N (sky130_fd_sc_hd__and2b_2)
     3    0.006472    0.052449    0.221251    0.613285 ^ _239_/X (sky130_fd_sc_hd__and2b_2)
                                                         _065_ (net)
                      0.052449    0.000000    0.613285 ^ _243_/B1_N (sky130_fd_sc_hd__a21boi_2)
     1    0.002418    0.075910    0.135493    0.748778 ^ _243_/Y (sky130_fd_sc_hd__a21boi_2)
                                                         _069_ (net)
                      0.075910    0.000000    0.748778 ^ _244_/B1 (sky130_fd_sc_hd__o2111a_2)
     2    0.009083    0.074284    0.225008    0.973786 ^ _244_/X (sky130_fd_sc_hd__o2111a_2)
                                                         _070_ (net)
                      0.074284    0.000000    0.973786 ^ _268_/B (sky130_fd_sc_hd__nand4_2)
    10    0.017929    0.167694    0.164027    1.137813 v _268_/Y (sky130_fd_sc_hd__nand4_2)
                                                         _094_ (net)
                      0.167694    0.000000    1.137813 v _321_/A (sky130_fd_sc_hd__and2_2)
     1    0.001949    0.034569    0.213744    1.351558 v _321_/X (sky130_fd_sc_hd__and2_2)
                                                         _012_ (net)
                      0.034569    0.000000    1.351558 v _366_/D (sky130_fd_sc_hd__dfrtp_2)
                                              1.351558   data arrival time

                      0.000000   10.000000   10.000000   clock core_clock (rise edge)
                                  0.000000   10.000000   clock network delay (ideal)
                                  0.000000   10.000000   clock reconvergence pessimism
                                             10.000000 ^ _366_/CLK (sky130_fd_sc_hd__dfrtp_2)
                                 -0.121314    9.878686   library setup time
                                              9.878686   data required time
---------------------------------------------------------------------------------------------
                                              9.878686   data required time
                                             -1.351558   data arrival time
---------------------------------------------------------------------------------------------
                                              8.527127   slack (MET)


Startpoint: _362_ (rising edge-triggered flip-flop clocked by core_clock)
Endpoint: _365_ (rising edge-triggered flip-flop clocked by core_clock)
Path Group: core_clock
Path Type: max

Fanout         Cap        Slew       Delay        Time   Description
---------------------------------------------------------------------------------------------
                      0.000000    0.000000    0.000000   clock core_clock (rise edge)
                                  0.000000    0.000000   clock network delay (ideal)
                      0.000000    0.000000    0.000000 ^ _362_/CLK (sky130_fd_sc_hd__dfrtp_2)
     5    0.010283    0.060638    0.392035    0.392035 v _362_/Q (sky130_fd_sc_hd__dfrtp_2)
                                                         uart1.counter[0] (net)
                      0.060638    0.000000    0.392035 v _239_/A_N (sky130_fd_sc_hd__and2b_2)
     3    0.006472    0.052449    0.221251    0.613285 ^ _239_/X (sky130_fd_sc_hd__and2b_2)
                                                         _065_ (net)
                      0.052449    0.000000    0.613285 ^ _243_/B1_N (sky130_fd_sc_hd__a21boi_2)
     1    0.002418    0.075910    0.135493    0.748778 ^ _243_/Y (sky130_fd_sc_hd__a21boi_2)
                                                         _069_ (net)
                      0.075910    0.000000    0.748778 ^ _244_/B1 (sky130_fd_sc_hd__o2111a_2)
     2    0.009083    0.074284    0.225008    0.973786 ^ _244_/X (sky130_fd_sc_hd__o2111a_2)
                                                         _070_ (net)
                      0.074284    0.000000    0.973786 ^ _268_/B (sky130_fd_sc_hd__nand4_2)
    10    0.017929    0.167694    0.164027    1.137813 v _268_/Y (sky130_fd_sc_hd__nand4_2)
                                                         _094_ (net)
                      0.167694    0.000000    1.137813 v _317_/A (sky130_fd_sc_hd__and2_2)
     1    0.001949    0.034533    0.213744    1.351558 v _317_/X (sky130_fd_sc_hd__and2_2)
                                                         _011_ (net)
                      0.034533    0.000000    1.351558 v _365_/D (sky130_fd_sc_hd__dfrtp_2)
                                              1.351558   data arrival time

                      0.000000   10.000000   10.000000   clock core_clock (rise edge)
                                  0.000000   10.000000   clock network delay (ideal)
                                  0.000000   10.000000   clock reconvergence pessimism
                                             10.000000 ^ _365_/CLK (sky130_fd_sc_hd__dfrtp_2)
                                 -0.121298    9.878702   library setup time
                                              9.878702   data required time
---------------------------------------------------------------------------------------------
                                              9.878702   data required time
                                             -1.351558   data arrival time
---------------------------------------------------------------------------------------------
                                              8.527143   slack (MET)


Startpoint: _362_ (rising edge-triggered flip-flop clocked by core_clock)
Endpoint: _367_ (rising edge-triggered flip-flop clocked by core_clock)
Path Group: core_clock
Path Type: max

Fanout         Cap        Slew       Delay        Time   Description
---------------------------------------------------------------------------------------------
                      0.000000    0.000000    0.000000   clock core_clock (rise edge)
                                  0.000000    0.000000   clock network delay (ideal)
                      0.000000    0.000000    0.000000 ^ _362_/CLK (sky130_fd_sc_hd__dfrtp_2)
     5    0.010283    0.060638    0.392035    0.392035 v _362_/Q (sky130_fd_sc_hd__dfrtp_2)
                                                         uart1.counter[0] (net)
                      0.060638    0.000000    0.392035 v _239_/A_N (sky130_fd_sc_hd__and2b_2)
     3    0.006472    0.052449    0.221251    0.613285 ^ _239_/X (sky130_fd_sc_hd__and2b_2)
                                                         _065_ (net)
                      0.052449    0.000000    0.613285 ^ _243_/B1_N (sky130_fd_sc_hd__a21boi_2)
     1    0.002418    0.075910    0.135493    0.748778 ^ _243_/Y (sky130_fd_sc_hd__a21boi_2)
                                                         _069_ (net)
                      0.075910    0.000000    0.748778 ^ _244_/B1 (sky130_fd_sc_hd__o2111a_2)
     2    0.009083    0.074284    0.225008    0.973786 ^ _244_/X (sky130_fd_sc_hd__o2111a_2)
                                                         _070_ (net)
                      0.074284    0.000000    0.973786 ^ _268_/B (sky130_fd_sc_hd__nand4_2)
    10    0.017929    0.167694    0.164027    1.137813 v _268_/Y (sky130_fd_sc_hd__nand4_2)
                                                         _094_ (net)
                      0.167694    0.000000    1.137813 v _323_/A (sky130_fd_sc_hd__and2_2)
     1    0.001949    0.034547    0.213744    1.351558 v _323_/X (sky130_fd_sc_hd__and2_2)
                                                         _013_ (net)
                      0.034547    0.000000    1.351558 v _367_/D (sky130_fd_sc_hd__dfrtp_2)
                                              1.351558   data arrival time

                      0.000000   10.000000   10.000000   clock core_clock (rise edge)
                                  0.000000   10.000000   clock network delay (ideal)
                                  0.000000   10.000000   clock reconvergence pessimism
                                             10.000000 ^ _367_/CLK (sky130_fd_sc_hd__dfrtp_2)
                                 -0.121305    9.878695   library setup time
                                              9.878695   data required time
---------------------------------------------------------------------------------------------
                                              9.878695   data required time
                                             -1.351558   data arrival time
---------------------------------------------------------------------------------------------
                                              8.527138   slack (MET)


Startpoint: _362_ (rising edge-triggered flip-flop clocked by core_clock)
Endpoint: _370_ (rising edge-triggered flip-flop clocked by core_clock)
Path Group: core_clock
Path Type: max

Fanout         Cap        Slew       Delay        Time   Description
---------------------------------------------------------------------------------------------
                      0.000000    0.000000    0.000000   clock core_clock (rise edge)
                                  0.000000    0.000000   clock network delay (ideal)
                      0.000000    0.000000    0.000000 ^ _362_/CLK (sky130_fd_sc_hd__dfrtp_2)
     5    0.010283    0.060638    0.392035    0.392035 v _362_/Q (sky130_fd_sc_hd__dfrtp_2)
                                                         uart1.counter[0] (net)
                      0.060638    0.000000    0.392035 v _239_/A_N (sky130_fd_sc_hd__and2b_2)
     3    0.006472    0.052449    0.221251    0.613285 ^ _239_/X (sky130_fd_sc_hd__and2b_2)
                                                         _065_ (net)
                      0.052449    0.000000    0.613285 ^ _243_/B1_N (sky130_fd_sc_hd__a21boi_2)
     1    0.002418    0.075910    0.135493    0.748778 ^ _243_/Y (sky130_fd_sc_hd__a21boi_2)
                                                         _069_ (net)
                      0.075910    0.000000    0.748778 ^ _244_/B1 (sky130_fd_sc_hd__o2111a_2)
     2    0.009083    0.074284    0.225008    0.973786 ^ _244_/X (sky130_fd_sc_hd__o2111a_2)
                                                         _070_ (net)
                      0.074284    0.000000    0.973786 ^ _268_/B (sky130_fd_sc_hd__nand4_2)
    10    0.017929    0.167694    0.164027    1.137813 v _268_/Y (sky130_fd_sc_hd__nand4_2)
                                                         _094_ (net)
                      0.167694    0.000000    1.137813 v _335_/A (sky130_fd_sc_hd__and2_2)
     1    0.001949    0.034566    0.213744    1.351558 v _335_/X (sky130_fd_sc_hd__and2_2)
                                                         _016_ (net)
                      0.034566    0.000000    1.351558 v _370_/D (sky130_fd_sc_hd__dfrtp_2)
                                              1.351558   data arrival time

                      0.000000   10.000000   10.000000   clock core_clock (rise edge)
                                  0.000000   10.000000   clock network delay (ideal)
                                  0.000000   10.000000   clock reconvergence pessimism
                                             10.000000 ^ _370_/CLK (sky130_fd_sc_hd__dfrtp_2)
                                 -0.121313    9.878688   library setup time
                                              9.878688   data required time
---------------------------------------------------------------------------------------------
                                              9.878688   data required time
                                             -1.351558   data arrival time
---------------------------------------------------------------------------------------------
                                              8.527129   slack (MET)


Startpoint: _362_ (rising edge-triggered flip-flop clocked by core_clock)
Endpoint: _369_ (rising edge-triggered flip-flop clocked by core_clock)
Path Group: core_clock
Path Type: max

Fanout         Cap        Slew       Delay        Time   Description
---------------------------------------------------------------------------------------------
                      0.000000    0.000000    0.000000   clock core_clock (rise edge)
                                  0.000000    0.000000   clock network delay (ideal)
                      0.000000    0.000000    0.000000 ^ _362_/CLK (sky130_fd_sc_hd__dfrtp_2)
     5    0.010283    0.060638    0.392035    0.392035 v _362_/Q (sky130_fd_sc_hd__dfrtp_2)
                                                         uart1.counter[0] (net)
                      0.060638    0.000000    0.392035 v _239_/A_N (sky130_fd_sc_hd__and2b_2)
     3    0.006472    0.052449    0.221251    0.613285 ^ _239_/X (sky130_fd_sc_hd__and2b_2)
                                                         _065_ (net)
                      0.052449    0.000000    0.613285 ^ _243_/B1_N (sky130_fd_sc_hd__a21boi_2)
     1    0.002418    0.075910    0.135493    0.748778 ^ _243_/Y (sky130_fd_sc_hd__a21boi_2)
                                                         _069_ (net)
                      0.075910    0.000000    0.748778 ^ _244_/B1 (sky130_fd_sc_hd__o2111a_2)
     2    0.009083    0.074284    0.225008    0.973786 ^ _244_/X (sky130_fd_sc_hd__o2111a_2)
                                                         _070_ (net)
                      0.074284    0.000000    0.973786 ^ _268_/B (sky130_fd_sc_hd__nand4_2)
    10    0.017929    0.167694    0.164027    1.137813 v _268_/Y (sky130_fd_sc_hd__nand4_2)
                                                         _094_ (net)
                      0.167694    0.000000    1.137813 v _331_/A (sky130_fd_sc_hd__and2_2)
     1    0.001949    0.034518    0.213744    1.351558 v _331_/X (sky130_fd_sc_hd__and2_2)
                                                         _015_ (net)
                      0.034518    0.000000    1.351558 v _369_/D (sky130_fd_sc_hd__dfrtp_2)
                                              1.351558   data arrival time

                      0.000000   10.000000   10.000000   clock core_clock (rise edge)
                                  0.000000   10.000000   clock network delay (ideal)
                                  0.000000   10.000000   clock reconvergence pessimism
                                             10.000000 ^ _369_/CLK (sky130_fd_sc_hd__dfrtp_2)
                                 -0.121292    9.878708   library setup time
                                              9.878708   data required time
---------------------------------------------------------------------------------------------
                                              9.878708   data required time
                                             -1.351558   data arrival time
---------------------------------------------------------------------------------------------
                                              8.527150   slack (MET)


Startpoint: _362_ (rising edge-triggered flip-flop clocked by core_clock)
Endpoint: _350_ (rising edge-triggered flip-flop clocked by core_clock)
Path Group: core_clock
Path Type: max

Fanout         Cap        Slew       Delay        Time   Description
---------------------------------------------------------------------------------------------
                      0.000000    0.000000    0.000000   clock core_clock (rise edge)
                                  0.000000    0.000000   clock network delay (ideal)
                      0.000000    0.000000    0.000000 ^ _362_/CLK (sky130_fd_sc_hd__dfrtp_2)
     5    0.010283    0.060638    0.392035    0.392035 v _362_/Q (sky130_fd_sc_hd__dfrtp_2)
                                                         uart1.counter[0] (net)
                      0.060638    0.000000    0.392035 v _239_/A_N (sky130_fd_sc_hd__and2b_2)
     3    0.006472    0.052449    0.221251    0.613285 ^ _239_/X (sky130_fd_sc_hd__and2b_2)
                                                         _065_ (net)
                      0.052449    0.000000    0.613285 ^ _243_/B1_N (sky130_fd_sc_hd__a21boi_2)
     1    0.002418    0.075910    0.135493    0.748778 ^ _243_/Y (sky130_fd_sc_hd__a21boi_2)
                                                         _069_ (net)
                      0.075910    0.000000    0.748778 ^ _244_/B1 (sky130_fd_sc_hd__o2111a_2)
     2    0.009083    0.074284    0.225008    0.973786 ^ _244_/X (sky130_fd_sc_hd__o2111a_2)
                                                         _070_ (net)
                      0.074284    0.000000    0.973786 ^ _268_/B (sky130_fd_sc_hd__nand4_2)
    10    0.017929    0.167694    0.164027    1.137813 v _268_/Y (sky130_fd_sc_hd__nand4_2)
                                                         _094_ (net)
                      0.167694    0.000000    1.137813 v _279_/A2_N (sky130_fd_sc_hd__o2bb2ai_2)
     1    0.001949    0.038849    0.159883    1.297697 v _279_/Y (sky130_fd_sc_hd__o2bb2ai_2)
                                                         _000_ (net)
                      0.038849    0.000000    1.297697 v _350_/D (sky130_fd_sc_hd__dfrtp_2)
                                              1.297697   data arrival time

                      0.000000   10.000000   10.000000   clock core_clock (rise edge)
                                  0.000000   10.000000   clock network delay (ideal)
                                  0.000000   10.000000   clock reconvergence pessimism
                                             10.000000 ^ _350_/CLK (sky130_fd_sc_hd__dfrtp_2)
                                 -0.123197    9.876802   library setup time
                                              9.876802   data required time
---------------------------------------------------------------------------------------------
                                              9.876802   data required time
                                             -1.297697   data arrival time
---------------------------------------------------------------------------------------------
                                              8.579106   slack (MET)


Startpoint: _362_ (rising edge-triggered flip-flop clocked by core_clock)
Endpoint: _362_ (rising edge-triggered flip-flop clocked by core_clock)
Path Group: core_clock
Path Type: max

Fanout         Cap        Slew       Delay        Time   Description
---------------------------------------------------------------------------------------------
                      0.000000    0.000000    0.000000   clock core_clock (rise edge)
                                  0.000000    0.000000   clock network delay (ideal)
                      0.000000    0.000000    0.000000 ^ _362_/CLK (sky130_fd_sc_hd__dfrtp_2)
     5    0.010283    0.060638    0.392035    0.392035 v _362_/Q (sky130_fd_sc_hd__dfrtp_2)
                                                         uart1.counter[0] (net)
                      0.060638    0.000000    0.392035 v _239_/A_N (sky130_fd_sc_hd__and2b_2)
     3    0.006472    0.052449    0.221251    0.613285 ^ _239_/X (sky130_fd_sc_hd__and2b_2)
                                                         _065_ (net)
                      0.052449    0.000000    0.613285 ^ _243_/B1_N (sky130_fd_sc_hd__a21boi_2)
     1    0.002418    0.075910    0.135493    0.748778 ^ _243_/Y (sky130_fd_sc_hd__a21boi_2)
                                                         _069_ (net)
                      0.075910    0.000000    0.748778 ^ _244_/B1 (sky130_fd_sc_hd__o2111a_2)
     2    0.009083    0.074284    0.225008    0.973786 ^ _244_/X (sky130_fd_sc_hd__o2111a_2)
                                                         _070_ (net)
                      0.074284    0.000000    0.973786 ^ _268_/B (sky130_fd_sc_hd__nand4_2)
    10    0.017929    0.167694    0.164027    1.137813 v _268_/Y (sky130_fd_sc_hd__nand4_2)
                                                         _094_ (net)
                      0.167694    0.000000    1.137813 v _307_/B1 (sky130_fd_sc_hd__o21a_2)
     1    0.001949    0.031336    0.160872    1.298686 v _307_/X (sky130_fd_sc_hd__o21a_2)
                                                         _008_ (net)
                      0.031336    0.000000    1.298686 v _362_/D (sky130_fd_sc_hd__dfrtp_2)
                                              1.298686   data arrival time

                      0.000000   10.000000   10.000000   clock core_clock (rise edge)
                                  0.000000   10.000000   clock network delay (ideal)
                                  0.000000   10.000000   clock reconvergence pessimism
                                             10.000000 ^ _362_/CLK (sky130_fd_sc_hd__dfrtp_2)
                                 -0.119892    9.880109   library setup time
                                              9.880109   data required time
---------------------------------------------------------------------------------------------
                                              9.880109   data required time
                                             -1.298686   data arrival time
---------------------------------------------------------------------------------------------
                                              8.581423   slack (MET)


Startpoint: _363_ (rising edge-triggered flip-flop clocked by core_clock)
Endpoint: _371_ (rising edge-triggered flip-flop clocked by core_clock)
Path Group: core_clock
Path Type: max

Fanout         Cap        Slew       Delay        Time   Description
---------------------------------------------------------------------------------------------
                      0.000000    0.000000    0.000000   clock core_clock (rise edge)
                                  0.000000    0.000000   clock network delay (ideal)
                      0.000000    0.000000    0.000000 ^ _363_/CLK (sky130_fd_sc_hd__dfrtp_2)
     7    0.024435    0.133080    0.399627    0.399627 ^ _363_/Q (sky130_fd_sc_hd__dfrtp_2)
                                                         uart1.counter[1] (net)
                      0.133080    0.000000    0.399627 ^ _312_/A (sky130_fd_sc_hd__and4_2)
     7    0.030338    0.180138    0.338347    0.737974 ^ _312_/X (sky130_fd_sc_hd__and4_2)
                                                         _128_ (net)
                      0.180138    0.000000    0.737974 ^ _332_/C (sky130_fd_sc_hd__and4_2)
     2    0.013053    0.101826    0.291348    1.029322 ^ _332_/X (sky130_fd_sc_hd__and4_2)
                                                         _142_ (net)
                      0.101826    0.000000    1.029322 ^ _336_/B (sky130_fd_sc_hd__xnor2_2)
     1    0.004611    0.121325    0.116190    1.145512 ^ _336_/Y (sky130_fd_sc_hd__xnor2_2)
                                                         _145_ (net)
                      0.121325    0.000000    1.145512 ^ _337_/A (sky130_fd_sc_hd__nor2_2)
     1    0.001949    0.031608    0.048746    1.194258 v _337_/Y (sky130_fd_sc_hd__nor2_2)
                                                         _017_ (net)
                      0.031608    0.000000    1.194258 v _371_/D (sky130_fd_sc_hd__dfrtp_2)
                                              1.194258   data arrival time

                      0.000000   10.000000   10.000000   clock core_clock (rise edge)
                                  0.000000   10.000000   clock network delay (ideal)
                                  0.000000   10.000000   clock reconvergence pessimism
                                             10.000000 ^ _371_/CLK (sky130_fd_sc_hd__dfrtp_2)
                                 -0.120011    9.879989   library setup time
                                              9.879989   data required time
---------------------------------------------------------------------------------------------
                                              9.879989   data required time
                                             -1.194258   data arrival time
---------------------------------------------------------------------------------------------
                                              8.685731   slack (MET)


Startpoint: _356_ (rising edge-triggered flip-flop clocked by core_clock)
Endpoint: _356_ (rising edge-triggered flip-flop clocked by core_clock)
Path Group: core_clock
Path Type: max

Fanout         Cap        Slew       Delay        Time   Description
---------------------------------------------------------------------------------------------
                      0.000000    0.000000    0.000000   clock core_clock (rise edge)
                                  0.000000    0.000000   clock network delay (ideal)
                      0.000000    0.000000    0.000000 ^ _356_/CLK (sky130_fd_sc_hd__dfrtp_2)
     2    0.002147    0.036779    0.357881    0.357881 v _356_/Q (sky130_fd_sc_hd__dfrtp_2)
                                                         DATA_OUT_Rx[1] (net)
                      0.036779    0.000000    0.357881 v _293_/B1 (sky130_fd_sc_hd__a31o_2)
     1    0.001475    0.033312    0.197094    0.554975 v _293_/X (sky130_fd_sc_hd__a31o_2)
                                                         _113_ (net)
                      0.033312    0.000000    0.554975 v _295_/B (sky130_fd_sc_hd__and3_2)
     1    0.001949    0.035203    0.177719    0.732694 v _295_/X (sky130_fd_sc_hd__and3_2)
                                                         _006_ (net)
                      0.035203    0.000000    0.732694 v _356_/D (sky130_fd_sc_hd__dfrtp_2)
                                              0.732694   data arrival time

                      0.000000   10.000000   10.000000   clock core_clock (rise edge)
                                  0.000000   10.000000   clock network delay (ideal)
                                  0.000000   10.000000   clock reconvergence pessimism
                                             10.000000 ^ _356_/CLK (sky130_fd_sc_hd__dfrtp_2)
                                 -0.121593    9.878407   library setup time
                                              9.878407   data required time
---------------------------------------------------------------------------------------------
                                              9.878407   data required time
                                             -0.732694   data arrival time
---------------------------------------------------------------------------------------------
                                              9.145713   slack (MET)


Startpoint: _353_ (rising edge-triggered flip-flop clocked by core_clock)
Endpoint: _353_ (rising edge-triggered flip-flop clocked by core_clock)
Path Group: core_clock
Path Type: max

Fanout         Cap        Slew       Delay        Time   Description
---------------------------------------------------------------------------------------------
                      0.000000    0.000000    0.000000   clock core_clock (rise edge)
                                  0.000000    0.000000   clock network delay (ideal)
                      0.000000    0.000000    0.000000 ^ _353_/CLK (sky130_fd_sc_hd__dfrtp_2)
     2    0.002281    0.037243    0.358622    0.358622 v _353_/Q (sky130_fd_sc_hd__dfrtp_2)
                                                         DATA_OUT_Rx[5] (net)
                      0.037243    0.000000    0.358622 v _286_/A1 (sky130_fd_sc_hd__o211a_2)
     1    0.001949    0.038335    0.242390    0.601011 v _286_/X (sky130_fd_sc_hd__o211a_2)
                                                         _003_ (net)
                      0.038335    0.000000    0.601011 v _353_/D (sky130_fd_sc_hd__dfrtp_2)
                                              0.601011   data arrival time

                      0.000000   10.000000   10.000000   clock core_clock (rise edge)
                                  0.000000   10.000000   clock network delay (ideal)
                                  0.000000   10.000000   clock reconvergence pessimism
                                             10.000000 ^ _353_/CLK (sky130_fd_sc_hd__dfrtp_2)
                                 -0.122971    9.877029   library setup time
                                              9.877029   data required time
---------------------------------------------------------------------------------------------
                                              9.877029   data required time
                                             -0.601011   data arrival time
---------------------------------------------------------------------------------------------
                                              9.276017   slack (MET)


Startpoint: _354_ (rising edge-triggered flip-flop clocked by core_clock)
Endpoint: _354_ (rising edge-triggered flip-flop clocked by core_clock)
Path Group: core_clock
Path Type: max

Fanout         Cap        Slew       Delay        Time   Description
---------------------------------------------------------------------------------------------
                      0.000000    0.000000    0.000000   clock core_clock (rise edge)
                                  0.000000    0.000000   clock network delay (ideal)
                      0.000000    0.000000    0.000000 ^ _354_/CLK (sky130_fd_sc_hd__dfrtp_2)
     2    0.002281    0.037243    0.358622    0.358622 v _354_/Q (sky130_fd_sc_hd__dfrtp_2)
                                                         DATA_OUT_Rx[4] (net)
                      0.037243    0.000000    0.358622 v _289_/A1 (sky130_fd_sc_hd__o211a_2)
     1    0.001949    0.038335    0.242390    0.601011 v _289_/X (sky130_fd_sc_hd__o211a_2)
                                                         _004_ (net)
                      0.038335    0.000000    0.601011 v _354_/D (sky130_fd_sc_hd__dfrtp_2)
                                              0.601011   data arrival time

                      0.000000   10.000000   10.000000   clock core_clock (rise edge)
                                  0.000000   10.000000   clock network delay (ideal)
                                  0.000000   10.000000   clock reconvergence pessimism
                                             10.000000 ^ _354_/CLK (sky130_fd_sc_hd__dfrtp_2)
                                 -0.122971    9.877029   library setup time
                                              9.877029   data required time
---------------------------------------------------------------------------------------------
                                              9.877029   data required time
                                             -0.601011   data arrival time
---------------------------------------------------------------------------------------------
                                              9.276017   slack (MET)


Startpoint: _374_ (rising edge-triggered flip-flop clocked by core_clock)
Endpoint: _374_ (rising edge-triggered flip-flop clocked by core_clock)
Path Group: core_clock
Path Type: max

Fanout         Cap        Slew       Delay        Time   Description
---------------------------------------------------------------------------------------------
                      0.000000    0.000000    0.000000   clock core_clock (rise edge)
                                  0.000000    0.000000   clock network delay (ideal)
                      0.000000    0.000000    0.000000 ^ _374_/CLK (sky130_fd_sc_hd__dfrtp_2)
     2    0.002281    0.037243    0.358622    0.358622 v _374_/Q (sky130_fd_sc_hd__dfrtp_2)
                                                         DATA_OUT_Rx[2] (net)
                      0.037243    0.000000    0.358622 v _342_/A1 (sky130_fd_sc_hd__o211a_2)
     1    0.001949    0.038335    0.242390    0.601011 v _342_/X (sky130_fd_sc_hd__o211a_2)
                                                         _020_ (net)
                      0.038335    0.000000    0.601011 v _374_/D (sky130_fd_sc_hd__dfrtp_2)
                                              0.601011   data arrival time

                      0.000000   10.000000   10.000000   clock core_clock (rise edge)
                                  0.000000   10.000000   clock network delay (ideal)
                                  0.000000   10.000000   clock reconvergence pessimism
                                             10.000000 ^ _374_/CLK (sky130_fd_sc_hd__dfrtp_2)
                                 -0.122971    9.877029   library setup time
                                              9.877029   data required time
---------------------------------------------------------------------------------------------
                                              9.877029   data required time
                                             -0.601011   data arrival time
---------------------------------------------------------------------------------------------
                                              9.276017   slack (MET)


Startpoint: _375_ (rising edge-triggered flip-flop clocked by core_clock)
Endpoint: _375_ (rising edge-triggered flip-flop clocked by core_clock)
Path Group: core_clock
Path Type: max

Fanout         Cap        Slew       Delay        Time   Description
---------------------------------------------------------------------------------------------
                      0.000000    0.000000    0.000000   clock core_clock (rise edge)
                                  0.000000    0.000000   clock network delay (ideal)
                      0.000000    0.000000    0.000000 ^ _375_/CLK (sky130_fd_sc_hd__dfrtp_2)
     2    0.002281    0.037243    0.358622    0.358622 v _375_/Q (sky130_fd_sc_hd__dfrtp_2)
                                                         DATA_OUT_Rx[3] (net)
                      0.037243    0.000000    0.358622 v _345_/A1 (sky130_fd_sc_hd__o211a_2)
     1    0.001949    0.038335    0.242390    0.601011 v _345_/X (sky130_fd_sc_hd__o211a_2)
                                                         _021_ (net)
                      0.038335    0.000000    0.601011 v _375_/D (sky130_fd_sc_hd__dfrtp_2)
                                              0.601011   data arrival time

                      0.000000   10.000000   10.000000   clock core_clock (rise edge)
                                  0.000000   10.000000   clock network delay (ideal)
                                  0.000000   10.000000   clock reconvergence pessimism
                                             10.000000 ^ _375_/CLK (sky130_fd_sc_hd__dfrtp_2)
                                 -0.122971    9.877029   library setup time
                                              9.877029   data required time
---------------------------------------------------------------------------------------------
                                              9.877029   data required time
                                             -0.601011   data arrival time
---------------------------------------------------------------------------------------------
                                              9.276017   slack (MET)


Startpoint: _351_ (rising edge-triggered flip-flop clocked by core_clock)
Endpoint: _351_ (rising edge-triggered flip-flop clocked by core_clock)
Path Group: core_clock
Path Type: max

Fanout         Cap        Slew       Delay        Time   Description
---------------------------------------------------------------------------------------------
                      0.000000    0.000000    0.000000   clock core_clock (rise edge)
                                  0.000000    0.000000   clock network delay (ideal)
                      0.000000    0.000000    0.000000 ^ _351_/CLK (sky130_fd_sc_hd__dfrtp_2)
     2    0.002270    0.037205    0.358561    0.358561 v _351_/Q (sky130_fd_sc_hd__dfrtp_2)
                                                         DATA_OUT_Rx[7] (net)
                      0.037205    0.000000    0.358561 v _281_/B2 (sky130_fd_sc_hd__a32o_2)
     1    0.001949    0.037380    0.218640    0.577201 v _281_/X (sky130_fd_sc_hd__a32o_2)
                                                         _001_ (net)
                      0.037380    0.000000    0.577201 v _351_/D (sky130_fd_sc_hd__dfrtp_2)
                                              0.577201   data arrival time

                      0.000000   10.000000   10.000000   clock core_clock (rise edge)
                                  0.000000   10.000000   clock network delay (ideal)
                                  0.000000   10.000000   clock reconvergence pessimism
                                             10.000000 ^ _351_/CLK (sky130_fd_sc_hd__dfrtp_2)
                                 -0.122551    9.877449   library setup time
                                              9.877449   data required time
---------------------------------------------------------------------------------------------
                                              9.877449   data required time
                                             -0.577201   data arrival time
---------------------------------------------------------------------------------------------
                                              9.300249   slack (MET)


Startpoint: _352_ (rising edge-triggered flip-flop clocked by core_clock)
Endpoint: _352_ (rising edge-triggered flip-flop clocked by core_clock)
Path Group: core_clock
Path Type: max

Fanout         Cap        Slew       Delay        Time   Description
---------------------------------------------------------------------------------------------
                      0.000000    0.000000    0.000000   clock core_clock (rise edge)
                                  0.000000    0.000000   clock network delay (ideal)
                      0.000000    0.000000    0.000000 ^ _352_/CLK (sky130_fd_sc_hd__dfrtp_2)
     2    0.002270    0.037205    0.358561    0.358561 v _352_/Q (sky130_fd_sc_hd__dfrtp_2)
                                                         DATA_OUT_Rx[6] (net)
                      0.037205    0.000000    0.358561 v _283_/B2 (sky130_fd_sc_hd__a32o_2)
     1    0.001949    0.037355    0.218640    0.577201 v _283_/X (sky130_fd_sc_hd__a32o_2)
                                                         _002_ (net)
                      0.037355    0.000000    0.577201 v _352_/D (sky130_fd_sc_hd__dfrtp_2)
                                              0.577201   data arrival time

                      0.000000   10.000000   10.000000   clock core_clock (rise edge)
                                  0.000000   10.000000   clock network delay (ideal)
                                  0.000000   10.000000   clock reconvergence pessimism
                                             10.000000 ^ _352_/CLK (sky130_fd_sc_hd__dfrtp_2)
                                 -0.122540    9.877460   library setup time
                                              9.877460   data required time
---------------------------------------------------------------------------------------------
                                              9.877460   data required time
                                             -0.577201   data arrival time
---------------------------------------------------------------------------------------------
                                              9.300260   slack (MET)


Startpoint: _372_ (rising edge-triggered flip-flop clocked by core_clock)
Endpoint: _372_ (rising edge-triggered flip-flop clocked by core_clock)
Path Group: core_clock
Path Type: max

Fanout         Cap        Slew       Delay        Time   Description
---------------------------------------------------------------------------------------------
                      0.000000    0.000000    0.000000   clock core_clock (rise edge)
                                  0.000000    0.000000   clock network delay (ideal)
                      0.000000    0.000000    0.000000 ^ _372_/CLK (sky130_fd_sc_hd__dfrtp_2)
     3    0.003794    0.042484    0.366981    0.366981 v _372_/Q (sky130_fd_sc_hd__dfrtp_2)
                                                         IRQ_Rx (net)
                      0.042484    0.000000    0.366981 v _338_/B1 (sky130_fd_sc_hd__a31o_2)
     1    0.001949    0.034819    0.201335    0.568316 v _338_/X (sky130_fd_sc_hd__a31o_2)
                                                         _018_ (net)
                      0.034819    0.000000    0.568316 v _372_/D (sky130_fd_sc_hd__dfrtp_2)
                                              0.568316   data arrival time

                      0.000000   10.000000   10.000000   clock core_clock (rise edge)
                                  0.000000   10.000000   clock network delay (ideal)
                                  0.000000   10.000000   clock reconvergence pessimism
                                             10.000000 ^ _372_/CLK (sky130_fd_sc_hd__dfrtp_2)
                                 -0.121424    9.878575   library setup time
                                              9.878575   data required time
---------------------------------------------------------------------------------------------
                                              9.878575   data required time
                                             -0.568316   data arrival time
---------------------------------------------------------------------------------------------
                                              9.310260   slack (MET)


Startpoint: _355_ (rising edge-triggered flip-flop clocked by core_clock)
Endpoint: _355_ (rising edge-triggered flip-flop clocked by core_clock)
Path Group: core_clock
Path Type: max

Fanout         Cap        Slew       Delay        Time   Description
---------------------------------------------------------------------------------------------
                      0.000000    0.000000    0.000000   clock core_clock (rise edge)
                                  0.000000    0.000000   clock network delay (ideal)
                      0.000000    0.000000    0.000000 ^ _355_/CLK (sky130_fd_sc_hd__dfstp_2)
     2    0.002240    0.020582    0.334460    0.334460 v _355_/Q (sky130_fd_sc_hd__dfstp_2)
                                                         DATA_OUT_Rx[0] (net)
                      0.020582    0.000000    0.334460 v _292_/A1 (sky130_fd_sc_hd__a211o_2)
     1    0.002233    0.045050    0.272439    0.606899 v _292_/X (sky130_fd_sc_hd__a211o_2)
                                                         _005_ (net)
                      0.045050    0.000000    0.606899 v _355_/D (sky130_fd_sc_hd__dfstp_2)
                                              0.606899   data arrival time

                      0.000000   10.000000   10.000000   clock core_clock (rise edge)
                                  0.000000   10.000000   clock network delay (ideal)
                                  0.000000   10.000000   clock reconvergence pessimism
                                             10.000000 ^ _355_/CLK (sky130_fd_sc_hd__dfstp_2)
                                 -0.081670    9.918330   library setup time
                                              9.918330   data required time
---------------------------------------------------------------------------------------------
                                              9.918330   data required time
                                             -0.606899   data arrival time
---------------------------------------------------------------------------------------------
                                              9.311431   slack (MET)



