Reading technology LEF file at '/foss/pdks/sky130A/libs.ref/sky130_fd_sc_hd/techlef/sky130_fd_sc_hd__max.tlef'…
[INFO ODB-0227] LEF file: /foss/pdks/sky130A/libs.ref/sky130_fd_sc_hd/techlef/sky130_fd_sc_hd__max.tlef, created 13 layers, 25 vias
Reading cell LEF file at '/foss/pdks/sky130A/libs.ref/sky130_fd_sc_hd/lef/sky130_ef_sc_hd.lef'…
[WARNING ODB-0220] WARNING (LEFPARS-2008): NOWIREEXTENSIONATPIN statement is obsolete in version 5.6 or later.
The NOWIREEXTENSIONATPIN statement will be ignored. See file /foss/pdks/sky130A/libs.ref/sky130_fd_sc_hd/lef/sky130_ef_sc_hd.lef at line 2.

[INFO ODB-0227] LEF file: /foss/pdks/sky130A/libs.ref/sky130_fd_sc_hd/lef/sky130_ef_sc_hd.lef, created 4 library cells
Reading cell LEF file at '/foss/pdks/sky130A/libs.ref/sky130_fd_sc_hd/lef/sky130_fd_sc_hd.lef'…
[WARNING ODB-0220] WARNING (LEFPARS-2008): NOWIREEXTENSIONATPIN statement is obsolete in version 5.6 or later.
The NOWIREEXTENSIONATPIN statement will be ignored. See file /foss/pdks/sky130A/libs.ref/sky130_fd_sc_hd/lef/sky130_fd_sc_hd.lef at line 2.

[INFO ODB-0227] LEF file: /foss/pdks/sky130A/libs.ref/sky130_fd_sc_hd/lef/sky130_fd_sc_hd.lef, created 437 library cells
[INFO ODB-0127] Reading DEF file: /foss/designs/uart/runs/RUN_2024-11-22_04-47-22/48-openroad-fillinsertion/uart.def
[INFO ODB-0128] Design: uart
[INFO ODB-0130]     Created 36 pins.
[INFO ODB-0131]     Created 733 components and 3724 component-terminals.
[INFO ODB-0132]     Created 2 special nets and 2788 connections.
[INFO ODB-0133]     Created 265 nets and 934 connections.
[INFO ODB-0134] Finished DEF file: /foss/designs/uart/runs/RUN_2024-11-22_04-47-22/48-openroad-fillinsertion/uart.def
Using RCX ruleset '/foss/pdks/sky130A/libs.tech/openlane/rules.openrcx.sky130A.max.calibre'…
[INFO RCX-0431] Defined process_corner CURRENT_CORNER with ext_model_index 0
[INFO RCX-0029] Defined extraction corner CURRENT_CORNER
[INFO RCX-0008] extracting parasitics of uart ...
[INFO RCX-0435] Reading extraction model file /foss/pdks/sky130A/libs.tech/openlane/rules.openrcx.sky130A.max.calibre ...
[INFO RCX-0436] RC segment generation uart (max_merge_res 50.0) ...
[INFO RCX-0040] Final 1379 rc segments
[INFO RCX-0439] Coupling Cap extraction uart ...
[INFO RCX-0440] Coupling threshhold is 0.1000 fF, coupling capacitance less than 0.1000 fF will be grounded.
[INFO RCX-0043] 1890 wires to be extracted
[INFO RCX-0442] 51% completion -- 975 wires have been extracted
[INFO RCX-0442] 100% completion -- 1890 wires have been extracted
[INFO RCX-0045] Extract 265 nets, 1644 rsegs, 1644 caps, 1995 ccs
[INFO RCX-0015] Finished extracting uart.
Setting global connections for newly added cells…
[INFO] Setting global connections...
Writing extracted parasitics to '/foss/designs/uart/runs/RUN_2024-11-22_04-47-22/49-openroad-rcx/max/uart.max.spef'…
[INFO RCX-0016] Writing SPEF ...
[INFO RCX-0443] 265 nets finished
[INFO RCX-0017] Finished writing SPEF ...
