
===========================================================================
report_checks -path_delay min (Hold)
============================================================================
======================= nom_tt_025C_1v80 Corner ===================================

Startpoint: _372_ (rising edge-triggered flip-flop clocked by core_clock)
Endpoint: _372_ (rising edge-triggered flip-flop clocked by core_clock)
Path Group: core_clock
Path Type: min

Fanout         Cap        Slew       Delay        Time   Description
---------------------------------------------------------------------------------------------
                                  0.000000    0.000000   clock core_clock (rise edge)
                                  0.000000    0.000000   clock source latency
     1    0.016973    0.000000    0.000000    0.000000 ^ clk_CPU (in)
                                                         clk_CPU (net)
                      0.000876    0.000438    0.000438 ^ clkbuf_0_clk_CPU/A (sky130_fd_sc_hd__clkbuf_16)
     2    0.019264    0.041209    0.109122    0.109560 ^ clkbuf_0_clk_CPU/X (sky130_fd_sc_hd__clkbuf_16)
                                                         clknet_0_clk_CPU (net)
                      0.041212    0.000628    0.110188 ^ clkbuf_1_1__f_clk_CPU/A (sky130_fd_sc_hd__clkbuf_16)
    12    0.039289    0.059055    0.139668    0.249856 ^ clkbuf_1_1__f_clk_CPU/X (sky130_fd_sc_hd__clkbuf_16)
                                                         clknet_1_1__leaf_clk_CPU (net)
                      0.059100    0.001403    0.251259 ^ _372_/CLK (sky130_fd_sc_hd__dfrtp_1)
     3    0.008435    0.088777    0.358252    0.609510 ^ _372_/Q (sky130_fd_sc_hd__dfrtp_1)
                                                         net28 (net)
                      0.088777    0.000198    0.609708 ^ _338_/B1 (sky130_fd_sc_hd__a31o_1)
     1    0.002390    0.037688    0.097412    0.707121 ^ _338_/X (sky130_fd_sc_hd__a31o_1)
                                                         _018_ (net)
                      0.037688    0.000069    0.707190 ^ _372_/D (sky130_fd_sc_hd__dfrtp_1)
                                              0.707190   data arrival time

                                  0.000000    0.000000   clock core_clock (rise edge)
                                  0.000000    0.000000   clock source latency
     1    0.016973    0.000000    0.000000    0.000000 ^ clk_CPU (in)
                                                         clk_CPU (net)
                      0.000876    0.000438    0.000438 ^ clkbuf_0_clk_CPU/A (sky130_fd_sc_hd__clkbuf_16)
     2    0.019264    0.041209    0.109122    0.109560 ^ clkbuf_0_clk_CPU/X (sky130_fd_sc_hd__clkbuf_16)
                                                         clknet_0_clk_CPU (net)
                      0.041212    0.000628    0.110188 ^ clkbuf_1_1__f_clk_CPU/A (sky130_fd_sc_hd__clkbuf_16)
    12    0.039289    0.059055    0.139668    0.249856 ^ clkbuf_1_1__f_clk_CPU/X (sky130_fd_sc_hd__clkbuf_16)
                                                         clknet_1_1__leaf_clk_CPU (net)
                      0.059100    0.001403    0.251259 ^ _372_/CLK (sky130_fd_sc_hd__dfrtp_1)
                                  0.000000    0.251259   clock reconvergence pessimism
                                 -0.031308    0.219951   library hold time
                                              0.219951   data required time
---------------------------------------------------------------------------------------------
                                              0.219951   data required time
                                             -0.707190   data arrival time
---------------------------------------------------------------------------------------------
                                              0.487238   slack (MET)


Startpoint: _354_ (rising edge-triggered flip-flop clocked by core_clock)
Endpoint: _354_ (rising edge-triggered flip-flop clocked by core_clock)
Path Group: core_clock
Path Type: min

Fanout         Cap        Slew       Delay        Time   Description
---------------------------------------------------------------------------------------------
                                  0.000000    0.000000   clock core_clock (rise edge)
                                  0.000000    0.000000   clock source latency
     1    0.016973    0.000000    0.000000    0.000000 ^ clk_CPU (in)
                                                         clk_CPU (net)
                      0.000876    0.000438    0.000438 ^ clkbuf_0_clk_CPU/A (sky130_fd_sc_hd__clkbuf_16)
     2    0.019264    0.041209    0.109122    0.109560 ^ clkbuf_0_clk_CPU/X (sky130_fd_sc_hd__clkbuf_16)
                                                         clknet_0_clk_CPU (net)
                      0.041212    0.000628    0.110188 ^ clkbuf_1_1__f_clk_CPU/A (sky130_fd_sc_hd__clkbuf_16)
    12    0.039289    0.059055    0.139668    0.249856 ^ clkbuf_1_1__f_clk_CPU/X (sky130_fd_sc_hd__clkbuf_16)
                                                         clknet_1_1__leaf_clk_CPU (net)
                      0.059099    0.001394    0.251250 ^ _354_/CLK (sky130_fd_sc_hd__dfrtp_1)
     2    0.006378    0.072500    0.344404    0.595654 ^ _354_/Q (sky130_fd_sc_hd__dfrtp_1)
                                                         net23 (net)
                      0.072500    0.000143    0.595797 ^ _289_/A1 (sky130_fd_sc_hd__o211a_1)
     1    0.002315    0.036883    0.148053    0.743850 ^ _289_/X (sky130_fd_sc_hd__o211a_1)
                                                         _004_ (net)
                      0.036883    0.000065    0.743915 ^ _354_/D (sky130_fd_sc_hd__dfrtp_1)
                                              0.743915   data arrival time

                                  0.000000    0.000000   clock core_clock (rise edge)
                                  0.000000    0.000000   clock source latency
     1    0.016973    0.000000    0.000000    0.000000 ^ clk_CPU (in)
                                                         clk_CPU (net)
                      0.000876    0.000438    0.000438 ^ clkbuf_0_clk_CPU/A (sky130_fd_sc_hd__clkbuf_16)
     2    0.019264    0.041209    0.109122    0.109560 ^ clkbuf_0_clk_CPU/X (sky130_fd_sc_hd__clkbuf_16)
                                                         clknet_0_clk_CPU (net)
                      0.041212    0.000628    0.110188 ^ clkbuf_1_1__f_clk_CPU/A (sky130_fd_sc_hd__clkbuf_16)
    12    0.039289    0.059055    0.139668    0.249856 ^ clkbuf_1_1__f_clk_CPU/X (sky130_fd_sc_hd__clkbuf_16)
                                                         clknet_1_1__leaf_clk_CPU (net)
                      0.059099    0.001394    0.251250 ^ _354_/CLK (sky130_fd_sc_hd__dfrtp_1)
                                  0.000000    0.251250   clock reconvergence pessimism
                                 -0.031139    0.220111   library hold time
                                              0.220111   data required time
---------------------------------------------------------------------------------------------
                                              0.220111   data required time
                                             -0.743915   data arrival time
---------------------------------------------------------------------------------------------
                                              0.523804   slack (MET)


Startpoint: _353_ (rising edge-triggered flip-flop clocked by core_clock)
Endpoint: _353_ (rising edge-triggered flip-flop clocked by core_clock)
Path Group: core_clock
Path Type: min

Fanout         Cap        Slew       Delay        Time   Description
---------------------------------------------------------------------------------------------
                                  0.000000    0.000000   clock core_clock (rise edge)
                                  0.000000    0.000000   clock source latency
     1    0.016973    0.000000    0.000000    0.000000 ^ clk_CPU (in)
                                                         clk_CPU (net)
                      0.000876    0.000438    0.000438 ^ clkbuf_0_clk_CPU/A (sky130_fd_sc_hd__clkbuf_16)
     2    0.019264    0.041209    0.109122    0.109560 ^ clkbuf_0_clk_CPU/X (sky130_fd_sc_hd__clkbuf_16)
                                                         clknet_0_clk_CPU (net)
                      0.041212    0.000628    0.110188 ^ clkbuf_1_1__f_clk_CPU/A (sky130_fd_sc_hd__clkbuf_16)
    12    0.039289    0.059055    0.139668    0.249856 ^ clkbuf_1_1__f_clk_CPU/X (sky130_fd_sc_hd__clkbuf_16)
                                                         clknet_1_1__leaf_clk_CPU (net)
                      0.059105    0.001469    0.251325 ^ _353_/CLK (sky130_fd_sc_hd__dfrtp_1)
     2    0.007115    0.078329    0.349351    0.600676 ^ _353_/Q (sky130_fd_sc_hd__dfrtp_1)
                                                         net24 (net)
                      0.078329    0.000185    0.600861 ^ _286_/A1 (sky130_fd_sc_hd__o211a_1)
     1    0.002398    0.037568    0.150183    0.751045 ^ _286_/X (sky130_fd_sc_hd__o211a_1)
                                                         _003_ (net)
                      0.037569    0.000068    0.751113 ^ _353_/D (sky130_fd_sc_hd__dfrtp_1)
                                              0.751113   data arrival time

                                  0.000000    0.000000   clock core_clock (rise edge)
                                  0.000000    0.000000   clock source latency
     1    0.016973    0.000000    0.000000    0.000000 ^ clk_CPU (in)
                                                         clk_CPU (net)
                      0.000876    0.000438    0.000438 ^ clkbuf_0_clk_CPU/A (sky130_fd_sc_hd__clkbuf_16)
     2    0.019264    0.041209    0.109122    0.109560 ^ clkbuf_0_clk_CPU/X (sky130_fd_sc_hd__clkbuf_16)
                                                         clknet_0_clk_CPU (net)
                      0.041212    0.000628    0.110188 ^ clkbuf_1_1__f_clk_CPU/A (sky130_fd_sc_hd__clkbuf_16)
    12    0.039289    0.059055    0.139668    0.249856 ^ clkbuf_1_1__f_clk_CPU/X (sky130_fd_sc_hd__clkbuf_16)
                                                         clknet_1_1__leaf_clk_CPU (net)
                      0.059105    0.001469    0.251325 ^ _353_/CLK (sky130_fd_sc_hd__dfrtp_1)
                                  0.000000    0.251325   clock reconvergence pessimism
                                 -0.031282    0.220043   library hold time
                                              0.220043   data required time
---------------------------------------------------------------------------------------------
                                              0.220043   data required time
                                             -0.751113   data arrival time
---------------------------------------------------------------------------------------------
                                              0.531070   slack (MET)


Startpoint: _374_ (rising edge-triggered flip-flop clocked by core_clock)
Endpoint: _374_ (rising edge-triggered flip-flop clocked by core_clock)
Path Group: core_clock
Path Type: min

Fanout         Cap        Slew       Delay        Time   Description
---------------------------------------------------------------------------------------------
                                  0.000000    0.000000   clock core_clock (rise edge)
                                  0.000000    0.000000   clock source latency
     1    0.016973    0.000000    0.000000    0.000000 ^ clk_CPU (in)
                                                         clk_CPU (net)
                      0.000876    0.000438    0.000438 ^ clkbuf_0_clk_CPU/A (sky130_fd_sc_hd__clkbuf_16)
     2    0.019264    0.041209    0.109122    0.109560 ^ clkbuf_0_clk_CPU/X (sky130_fd_sc_hd__clkbuf_16)
                                                         clknet_0_clk_CPU (net)
                      0.041212    0.000628    0.110188 ^ clkbuf_1_1__f_clk_CPU/A (sky130_fd_sc_hd__clkbuf_16)
    12    0.039289    0.059055    0.139668    0.249856 ^ clkbuf_1_1__f_clk_CPU/X (sky130_fd_sc_hd__clkbuf_16)
                                                         clknet_1_1__leaf_clk_CPU (net)
                      0.059091    0.001275    0.251130 ^ _374_/CLK (sky130_fd_sc_hd__dfrtp_1)
     2    0.006768    0.075577    0.347007    0.598137 ^ _374_/Q (sky130_fd_sc_hd__dfrtp_1)
                                                         net21 (net)
                      0.075577    0.000164    0.598301 ^ _342_/A1 (sky130_fd_sc_hd__o211a_1)
     1    0.002811    0.041158    0.152672    0.750973 ^ _342_/X (sky130_fd_sc_hd__o211a_1)
                                                         _020_ (net)
                      0.041158    0.000081    0.751055 ^ _374_/D (sky130_fd_sc_hd__dfrtp_1)
                                              0.751055   data arrival time

                                  0.000000    0.000000   clock core_clock (rise edge)
                                  0.000000    0.000000   clock source latency
     1    0.016973    0.000000    0.000000    0.000000 ^ clk_CPU (in)
                                                         clk_CPU (net)
                      0.000876    0.000438    0.000438 ^ clkbuf_0_clk_CPU/A (sky130_fd_sc_hd__clkbuf_16)
     2    0.019264    0.041209    0.109122    0.109560 ^ clkbuf_0_clk_CPU/X (sky130_fd_sc_hd__clkbuf_16)
                                                         clknet_0_clk_CPU (net)
                      0.041212    0.000628    0.110188 ^ clkbuf_1_1__f_clk_CPU/A (sky130_fd_sc_hd__clkbuf_16)
    12    0.039289    0.059055    0.139668    0.249856 ^ clkbuf_1_1__f_clk_CPU/X (sky130_fd_sc_hd__clkbuf_16)
                                                         clknet_1_1__leaf_clk_CPU (net)
                      0.059091    0.001275    0.251130 ^ _374_/CLK (sky130_fd_sc_hd__dfrtp_1)
                                  0.000000    0.251130   clock reconvergence pessimism
                                 -0.032035    0.219095   library hold time
                                              0.219095   data required time
---------------------------------------------------------------------------------------------
                                              0.219095   data required time
                                             -0.751055   data arrival time
---------------------------------------------------------------------------------------------
                                              0.531959   slack (MET)


Startpoint: _352_ (rising edge-triggered flip-flop clocked by core_clock)
Endpoint: _352_ (rising edge-triggered flip-flop clocked by core_clock)
Path Group: core_clock
Path Type: min

Fanout         Cap        Slew       Delay        Time   Description
---------------------------------------------------------------------------------------------
                                  0.000000    0.000000   clock core_clock (rise edge)
                                  0.000000    0.000000   clock source latency
     1    0.016973    0.000000    0.000000    0.000000 ^ clk_CPU (in)
                                                         clk_CPU (net)
                      0.000876    0.000438    0.000438 ^ clkbuf_0_clk_CPU/A (sky130_fd_sc_hd__clkbuf_16)
     2    0.019264    0.041209    0.109122    0.109560 ^ clkbuf_0_clk_CPU/X (sky130_fd_sc_hd__clkbuf_16)
                                                         clknet_0_clk_CPU (net)
                      0.041212    0.000628    0.110188 ^ clkbuf_1_1__f_clk_CPU/A (sky130_fd_sc_hd__clkbuf_16)
    12    0.039289    0.059055    0.139668    0.249856 ^ clkbuf_1_1__f_clk_CPU/X (sky130_fd_sc_hd__clkbuf_16)
                                                         clknet_1_1__leaf_clk_CPU (net)
                      0.059111    0.001557    0.251412 ^ _352_/CLK (sky130_fd_sc_hd__dfrtp_1)
     2    0.009924    0.099690    0.367908    0.619321 ^ _352_/Q (sky130_fd_sc_hd__dfrtp_1)
                                                         net25 (net)
                      0.099690    0.000202    0.619522 ^ _283_/B2 (sky130_fd_sc_hd__a32o_1)
     1    0.002897    0.049369    0.131065    0.750588 ^ _283_/X (sky130_fd_sc_hd__a32o_1)
                                                         _002_ (net)
                      0.049369    0.000086    0.750674 ^ _352_/D (sky130_fd_sc_hd__dfrtp_1)
                                              0.750674   data arrival time

                                  0.000000    0.000000   clock core_clock (rise edge)
                                  0.000000    0.000000   clock source latency
     1    0.016973    0.000000    0.000000    0.000000 ^ clk_CPU (in)
                                                         clk_CPU (net)
                      0.000876    0.000438    0.000438 ^ clkbuf_0_clk_CPU/A (sky130_fd_sc_hd__clkbuf_16)
     2    0.019264    0.041209    0.109122    0.109560 ^ clkbuf_0_clk_CPU/X (sky130_fd_sc_hd__clkbuf_16)
                                                         clknet_0_clk_CPU (net)
                      0.041212    0.000628    0.110188 ^ clkbuf_1_1__f_clk_CPU/A (sky130_fd_sc_hd__clkbuf_16)
    12    0.039289    0.059055    0.139668    0.249856 ^ clkbuf_1_1__f_clk_CPU/X (sky130_fd_sc_hd__clkbuf_16)
                                                         clknet_1_1__leaf_clk_CPU (net)
                      0.059111    0.001557    0.251412 ^ _352_/CLK (sky130_fd_sc_hd__dfrtp_1)
                                  0.000000    0.251412   clock reconvergence pessimism
                                 -0.033750    0.217662   library hold time
                                              0.217662   data required time
---------------------------------------------------------------------------------------------
                                              0.217662   data required time
                                             -0.750674   data arrival time
---------------------------------------------------------------------------------------------
                                              0.533012   slack (MET)


Startpoint: _375_ (rising edge-triggered flip-flop clocked by core_clock)
Endpoint: _375_ (rising edge-triggered flip-flop clocked by core_clock)
Path Group: core_clock
Path Type: min

Fanout         Cap        Slew       Delay        Time   Description
---------------------------------------------------------------------------------------------
                                  0.000000    0.000000   clock core_clock (rise edge)
                                  0.000000    0.000000   clock source latency
     1    0.016973    0.000000    0.000000    0.000000 ^ clk_CPU (in)
                                                         clk_CPU (net)
                      0.000876    0.000438    0.000438 ^ clkbuf_0_clk_CPU/A (sky130_fd_sc_hd__clkbuf_16)
     2    0.019264    0.041209    0.109122    0.109560 ^ clkbuf_0_clk_CPU/X (sky130_fd_sc_hd__clkbuf_16)
                                                         clknet_0_clk_CPU (net)
                      0.041212    0.000628    0.110188 ^ clkbuf_1_1__f_clk_CPU/A (sky130_fd_sc_hd__clkbuf_16)
    12    0.039289    0.059055    0.139668    0.249856 ^ clkbuf_1_1__f_clk_CPU/X (sky130_fd_sc_hd__clkbuf_16)
                                                         clknet_1_1__leaf_clk_CPU (net)
                      0.059095    0.001340    0.251196 ^ _375_/CLK (sky130_fd_sc_hd__dfrtp_1)
     2    0.006957    0.077079    0.348285    0.599481 ^ _375_/Q (sky130_fd_sc_hd__dfrtp_1)
                                                         net22 (net)
                      0.077079    0.000189    0.599670 ^ _345_/A1 (sky130_fd_sc_hd__o211a_1)
     1    0.002939    0.041374    0.154039    0.753709 ^ _345_/X (sky130_fd_sc_hd__o211a_1)
                                                         _021_ (net)
                      0.041374    0.000087    0.753795 ^ _375_/D (sky130_fd_sc_hd__dfrtp_1)
                                              0.753795   data arrival time

                                  0.000000    0.000000   clock core_clock (rise edge)
                                  0.000000    0.000000   clock source latency
     1    0.016973    0.000000    0.000000    0.000000 ^ clk_CPU (in)
                                                         clk_CPU (net)
                      0.000876    0.000438    0.000438 ^ clkbuf_0_clk_CPU/A (sky130_fd_sc_hd__clkbuf_16)
     2    0.019264    0.041209    0.109122    0.109560 ^ clkbuf_0_clk_CPU/X (sky130_fd_sc_hd__clkbuf_16)
                                                         clknet_0_clk_CPU (net)
                      0.041212    0.000628    0.110188 ^ clkbuf_1_1__f_clk_CPU/A (sky130_fd_sc_hd__clkbuf_16)
    12    0.039289    0.059055    0.139668    0.249856 ^ clkbuf_1_1__f_clk_CPU/X (sky130_fd_sc_hd__clkbuf_16)
                                                         clknet_1_1__leaf_clk_CPU (net)
                      0.059095    0.001340    0.251196 ^ _375_/CLK (sky130_fd_sc_hd__dfrtp_1)
                                  0.000000    0.251196   clock reconvergence pessimism
                                 -0.032080    0.219116   library hold time
                                              0.219116   data required time
---------------------------------------------------------------------------------------------
                                              0.219116   data required time
                                             -0.753795   data arrival time
---------------------------------------------------------------------------------------------
                                              0.534679   slack (MET)


Startpoint: _351_ (rising edge-triggered flip-flop clocked by core_clock)
Endpoint: _351_ (rising edge-triggered flip-flop clocked by core_clock)
Path Group: core_clock
Path Type: min

Fanout         Cap        Slew       Delay        Time   Description
---------------------------------------------------------------------------------------------
                                  0.000000    0.000000   clock core_clock (rise edge)
                                  0.000000    0.000000   clock source latency
     1    0.016973    0.000000    0.000000    0.000000 ^ clk_CPU (in)
                                                         clk_CPU (net)
                      0.000876    0.000438    0.000438 ^ clkbuf_0_clk_CPU/A (sky130_fd_sc_hd__clkbuf_16)
     2    0.019264    0.041209    0.109122    0.109560 ^ clkbuf_0_clk_CPU/X (sky130_fd_sc_hd__clkbuf_16)
                                                         clknet_0_clk_CPU (net)
                      0.041212    0.000628    0.110188 ^ clkbuf_1_1__f_clk_CPU/A (sky130_fd_sc_hd__clkbuf_16)
    12    0.039289    0.059055    0.139668    0.249856 ^ clkbuf_1_1__f_clk_CPU/X (sky130_fd_sc_hd__clkbuf_16)
                                                         clknet_1_1__leaf_clk_CPU (net)
                      0.059109    0.001523    0.251379 ^ _351_/CLK (sky130_fd_sc_hd__dfrtp_1)
     2    0.010615    0.105329    0.372090    0.623469 ^ _351_/Q (sky130_fd_sc_hd__dfrtp_1)
                                                         net26 (net)
                      0.105329    0.000250    0.623719 ^ _281_/B2 (sky130_fd_sc_hd__a32o_1)
     1    0.004074    0.059696    0.142151    0.765870 ^ _281_/X (sky130_fd_sc_hd__a32o_1)
                                                         _001_ (net)
                      0.059696    0.000150    0.766020 ^ _351_/D (sky130_fd_sc_hd__dfrtp_1)
                                              0.766020   data arrival time

                                  0.000000    0.000000   clock core_clock (rise edge)
                                  0.000000    0.000000   clock source latency
     1    0.016973    0.000000    0.000000    0.000000 ^ clk_CPU (in)
                                                         clk_CPU (net)
                      0.000876    0.000438    0.000438 ^ clkbuf_0_clk_CPU/A (sky130_fd_sc_hd__clkbuf_16)
     2    0.019264    0.041209    0.109122    0.109560 ^ clkbuf_0_clk_CPU/X (sky130_fd_sc_hd__clkbuf_16)
                                                         clknet_0_clk_CPU (net)
                      0.041212    0.000628    0.110188 ^ clkbuf_1_1__f_clk_CPU/A (sky130_fd_sc_hd__clkbuf_16)
    12    0.039289    0.059055    0.139668    0.249856 ^ clkbuf_1_1__f_clk_CPU/X (sky130_fd_sc_hd__clkbuf_16)
                                                         clknet_1_1__leaf_clk_CPU (net)
                      0.059109    0.001523    0.251379 ^ _351_/CLK (sky130_fd_sc_hd__dfrtp_1)
                                  0.000000    0.251379   clock reconvergence pessimism
                                 -0.035912    0.215467   library hold time
                                              0.215467   data required time
---------------------------------------------------------------------------------------------
                                              0.215467   data required time
                                             -0.766020   data arrival time
---------------------------------------------------------------------------------------------
                                              0.550552   slack (MET)


Startpoint: _371_ (rising edge-triggered flip-flop clocked by core_clock)
Endpoint: _371_ (rising edge-triggered flip-flop clocked by core_clock)
Path Group: core_clock
Path Type: min

Fanout         Cap        Slew       Delay        Time   Description
---------------------------------------------------------------------------------------------
                                  0.000000    0.000000   clock core_clock (rise edge)
                                  0.000000    0.000000   clock source latency
     1    0.016973    0.000000    0.000000    0.000000 ^ clk_CPU (in)
                                                         clk_CPU (net)
                      0.000876    0.000438    0.000438 ^ clkbuf_0_clk_CPU/A (sky130_fd_sc_hd__clkbuf_16)
     2    0.019264    0.041209    0.109122    0.109560 ^ clkbuf_0_clk_CPU/X (sky130_fd_sc_hd__clkbuf_16)
                                                         clknet_0_clk_CPU (net)
                      0.041212    0.000628    0.110188 ^ clkbuf_1_1__f_clk_CPU/A (sky130_fd_sc_hd__clkbuf_16)
    12    0.039289    0.059055    0.139668    0.249856 ^ clkbuf_1_1__f_clk_CPU/X (sky130_fd_sc_hd__clkbuf_16)
                                                         clknet_1_1__leaf_clk_CPU (net)
                      0.059062    0.000754    0.250610 ^ _371_/CLK (sky130_fd_sc_hd__dfrtp_1)
     4    0.013964    0.132772    0.392346    0.642955 ^ _371_/Q (sky130_fd_sc_hd__dfrtp_1)
                                                         uart1.counter[9] (net)
                      0.132772    0.000337    0.643293 ^ _336_/A (sky130_fd_sc_hd__xnor2_1)
     1    0.003148    0.052953    0.130921    0.774214 ^ _336_/Y (sky130_fd_sc_hd__xnor2_1)
                                                         _145_ (net)
                      0.052953    0.000095    0.774309 ^ _337_/A (sky130_fd_sc_hd__nor2_1)
     1    0.002252    0.023748    0.041124    0.815432 v _337_/Y (sky130_fd_sc_hd__nor2_1)
                                                         _017_ (net)
                      0.023748    0.000063    0.815495 v _371_/D (sky130_fd_sc_hd__dfrtp_1)
                                              0.815495   data arrival time

                                  0.000000    0.000000   clock core_clock (rise edge)
                                  0.000000    0.000000   clock source latency
     1    0.016973    0.000000    0.000000    0.000000 ^ clk_CPU (in)
                                                         clk_CPU (net)
                      0.000876    0.000438    0.000438 ^ clkbuf_0_clk_CPU/A (sky130_fd_sc_hd__clkbuf_16)
     2    0.019264    0.041209    0.109122    0.109560 ^ clkbuf_0_clk_CPU/X (sky130_fd_sc_hd__clkbuf_16)
                                                         clknet_0_clk_CPU (net)
                      0.041212    0.000628    0.110188 ^ clkbuf_1_1__f_clk_CPU/A (sky130_fd_sc_hd__clkbuf_16)
    12    0.039289    0.059055    0.139668    0.249856 ^ clkbuf_1_1__f_clk_CPU/X (sky130_fd_sc_hd__clkbuf_16)
                                                         clknet_1_1__leaf_clk_CPU (net)
                      0.059062    0.000754    0.250610 ^ _371_/CLK (sky130_fd_sc_hd__dfrtp_1)
                                  0.000000    0.250610   clock reconvergence pessimism
                                 -0.033917    0.216692   library hold time
                                              0.216692   data required time
---------------------------------------------------------------------------------------------
                                              0.216692   data required time
                                             -0.815495   data arrival time
---------------------------------------------------------------------------------------------
                                              0.598803   slack (MET)


Startpoint: _356_ (rising edge-triggered flip-flop clocked by core_clock)
Endpoint: _356_ (rising edge-triggered flip-flop clocked by core_clock)
Path Group: core_clock
Path Type: min

Fanout         Cap        Slew       Delay        Time   Description
---------------------------------------------------------------------------------------------
                                  0.000000    0.000000   clock core_clock (rise edge)
                                  0.000000    0.000000   clock source latency
     1    0.016973    0.000000    0.000000    0.000000 ^ clk_CPU (in)
                                                         clk_CPU (net)
                      0.000876    0.000438    0.000438 ^ clkbuf_0_clk_CPU/A (sky130_fd_sc_hd__clkbuf_16)
     2    0.019264    0.041209    0.109122    0.109560 ^ clkbuf_0_clk_CPU/X (sky130_fd_sc_hd__clkbuf_16)
                                                         clknet_0_clk_CPU (net)
                      0.041212    0.000628    0.110188 ^ clkbuf_1_1__f_clk_CPU/A (sky130_fd_sc_hd__clkbuf_16)
    12    0.039289    0.059055    0.139668    0.249856 ^ clkbuf_1_1__f_clk_CPU/X (sky130_fd_sc_hd__clkbuf_16)
                                                         clknet_1_1__leaf_clk_CPU (net)
                      0.059096    0.001356    0.251211 ^ _356_/CLK (sky130_fd_sc_hd__dfrtp_1)
     2    0.007098    0.078197    0.349233    0.600444 ^ _356_/Q (sky130_fd_sc_hd__dfrtp_1)
                                                         net20 (net)
                      0.078197    0.000167    0.600611 ^ _293_/B1 (sky130_fd_sc_hd__a31o_1)
     1    0.001918    0.033884    0.090598    0.691209 ^ _293_/X (sky130_fd_sc_hd__a31o_1)
                                                         _113_ (net)
                      0.033884    0.000054    0.691263 ^ _295_/B (sky130_fd_sc_hd__and3_1)
     1    0.002807    0.049368    0.136966    0.828229 ^ _295_/X (sky130_fd_sc_hd__and3_1)
                                                         _006_ (net)
                      0.049368    0.000086    0.828314 ^ _356_/D (sky130_fd_sc_hd__dfrtp_1)
                                              0.828314   data arrival time

                                  0.000000    0.000000   clock core_clock (rise edge)
                                  0.000000    0.000000   clock source latency
     1    0.016973    0.000000    0.000000    0.000000 ^ clk_CPU (in)
                                                         clk_CPU (net)
                      0.000876    0.000438    0.000438 ^ clkbuf_0_clk_CPU/A (sky130_fd_sc_hd__clkbuf_16)
     2    0.019264    0.041209    0.109122    0.109560 ^ clkbuf_0_clk_CPU/X (sky130_fd_sc_hd__clkbuf_16)
                                                         clknet_0_clk_CPU (net)
                      0.041212    0.000628    0.110188 ^ clkbuf_1_1__f_clk_CPU/A (sky130_fd_sc_hd__clkbuf_16)
    12    0.039289    0.059055    0.139668    0.249856 ^ clkbuf_1_1__f_clk_CPU/X (sky130_fd_sc_hd__clkbuf_16)
                                                         clknet_1_1__leaf_clk_CPU (net)
                      0.059096    0.001356    0.251211 ^ _356_/CLK (sky130_fd_sc_hd__dfrtp_1)
                                  0.000000    0.251211   clock reconvergence pessimism
                                 -0.033752    0.217459   library hold time
                                              0.217459   data required time
---------------------------------------------------------------------------------------------
                                              0.217459   data required time
                                             -0.828314   data arrival time
---------------------------------------------------------------------------------------------
                                              0.610855   slack (MET)


Startpoint: _355_ (rising edge-triggered flip-flop clocked by core_clock)
Endpoint: _355_ (rising edge-triggered flip-flop clocked by core_clock)
Path Group: core_clock
Path Type: min

Fanout         Cap        Slew       Delay        Time   Description
---------------------------------------------------------------------------------------------
                                  0.000000    0.000000   clock core_clock (rise edge)
                                  0.000000    0.000000   clock source latency
     1    0.016973    0.000000    0.000000    0.000000 ^ clk_CPU (in)
                                                         clk_CPU (net)
                      0.000876    0.000438    0.000438 ^ clkbuf_0_clk_CPU/A (sky130_fd_sc_hd__clkbuf_16)
     2    0.019264    0.041209    0.109122    0.109560 ^ clkbuf_0_clk_CPU/X (sky130_fd_sc_hd__clkbuf_16)
                                                         clknet_0_clk_CPU (net)
                      0.041212    0.000628    0.110188 ^ clkbuf_1_1__f_clk_CPU/A (sky130_fd_sc_hd__clkbuf_16)
    12    0.039289    0.059055    0.139668    0.249856 ^ clkbuf_1_1__f_clk_CPU/X (sky130_fd_sc_hd__clkbuf_16)
                                                         clknet_1_1__leaf_clk_CPU (net)
                      0.059098    0.001380    0.251235 ^ _355_/CLK (sky130_fd_sc_hd__dfstp_1)
     2    0.007532    0.047640    0.372138    0.623373 v _355_/Q (sky130_fd_sc_hd__dfstp_1)
                                                         net19 (net)
                      0.047640    0.000175    0.623548 v _292_/A1 (sky130_fd_sc_hd__a211o_1)
     1    0.002687    0.043275    0.248255    0.871804 v _292_/X (sky130_fd_sc_hd__a211o_1)
                                                         _005_ (net)
                      0.043275    0.000078    0.871882 v _355_/D (sky130_fd_sc_hd__dfstp_1)
                                              0.871882   data arrival time

                                  0.000000    0.000000   clock core_clock (rise edge)
                                  0.000000    0.000000   clock source latency
     1    0.016973    0.000000    0.000000    0.000000 ^ clk_CPU (in)
                                                         clk_CPU (net)
                      0.000876    0.000438    0.000438 ^ clkbuf_0_clk_CPU/A (sky130_fd_sc_hd__clkbuf_16)
     2    0.019264    0.041209    0.109122    0.109560 ^ clkbuf_0_clk_CPU/X (sky130_fd_sc_hd__clkbuf_16)
                                                         clknet_0_clk_CPU (net)
                      0.041212    0.000628    0.110188 ^ clkbuf_1_1__f_clk_CPU/A (sky130_fd_sc_hd__clkbuf_16)
    12    0.039289    0.059055    0.139668    0.249856 ^ clkbuf_1_1__f_clk_CPU/X (sky130_fd_sc_hd__clkbuf_16)
                                                         clknet_1_1__leaf_clk_CPU (net)
                      0.059098    0.001380    0.251235 ^ _355_/CLK (sky130_fd_sc_hd__dfstp_1)
                                  0.000000    0.251235   clock reconvergence pessimism
                                 -0.010057    0.241178   library hold time
                                              0.241178   data required time
---------------------------------------------------------------------------------------------
                                              0.241178   data required time
                                             -0.871882   data arrival time
---------------------------------------------------------------------------------------------
                                              0.630704   slack (MET)


Startpoint: _362_ (rising edge-triggered flip-flop clocked by core_clock)
Endpoint: _362_ (rising edge-triggered flip-flop clocked by core_clock)
Path Group: core_clock
Path Type: min

Fanout         Cap        Slew       Delay        Time   Description
---------------------------------------------------------------------------------------------
                                  0.000000    0.000000   clock core_clock (rise edge)
                                  0.000000    0.000000   clock source latency
     1    0.016973    0.000000    0.000000    0.000000 ^ clk_CPU (in)
                                                         clk_CPU (net)
                      0.000876    0.000438    0.000438 ^ clkbuf_0_clk_CPU/A (sky130_fd_sc_hd__clkbuf_16)
     2    0.019264    0.041209    0.109122    0.109560 ^ clkbuf_0_clk_CPU/X (sky130_fd_sc_hd__clkbuf_16)
                                                         clknet_0_clk_CPU (net)
                      0.041212    0.000584    0.110143 ^ clkbuf_1_0__f_clk_CPU/A (sky130_fd_sc_hd__clkbuf_16)
     8    0.026827    0.047950    0.130377    0.240521 ^ clkbuf_1_0__f_clk_CPU/X (sky130_fd_sc_hd__clkbuf_16)
                                                         clknet_1_0__leaf_clk_CPU (net)
                      0.047958    0.000582    0.241103 ^ _362_/CLK (sky130_fd_sc_hd__dfrtp_1)
     5    0.012626    0.121787    0.380090    0.621193 ^ _362_/Q (sky130_fd_sc_hd__dfrtp_1)
                                                         uart1.counter[0] (net)
                      0.121787    0.000266    0.621459 ^ _306_/B (sky130_fd_sc_hd__and2b_1)
     1    0.002940    0.042698    0.134238    0.755697 ^ _306_/X (sky130_fd_sc_hd__and2b_1)
                                                         _124_ (net)
                      0.042698    0.000059    0.755756 ^ _307_/A2 (sky130_fd_sc_hd__o21a_1)
     1    0.002261    0.035028    0.094553    0.850308 ^ _307_/X (sky130_fd_sc_hd__o21a_1)
                                                         _008_ (net)
                      0.035028    0.000064    0.850372 ^ _362_/D (sky130_fd_sc_hd__dfrtp_1)
                                              0.850372   data arrival time

                                  0.000000    0.000000   clock core_clock (rise edge)
                                  0.000000    0.000000   clock source latency
     1    0.016973    0.000000    0.000000    0.000000 ^ clk_CPU (in)
                                                         clk_CPU (net)
                      0.000876    0.000438    0.000438 ^ clkbuf_0_clk_CPU/A (sky130_fd_sc_hd__clkbuf_16)
     2    0.019264    0.041209    0.109122    0.109560 ^ clkbuf_0_clk_CPU/X (sky130_fd_sc_hd__clkbuf_16)
                                                         clknet_0_clk_CPU (net)
                      0.041212    0.000584    0.110143 ^ clkbuf_1_0__f_clk_CPU/A (sky130_fd_sc_hd__clkbuf_16)
     8    0.026827    0.047950    0.130377    0.240521 ^ clkbuf_1_0__f_clk_CPU/X (sky130_fd_sc_hd__clkbuf_16)
                                                         clknet_1_0__leaf_clk_CPU (net)
                      0.047958    0.000582    0.241103 ^ _362_/CLK (sky130_fd_sc_hd__dfrtp_1)
                                  0.000000    0.241103   clock reconvergence pessimism
                                 -0.032271    0.208832   library hold time
                                              0.208832   data required time
---------------------------------------------------------------------------------------------
                                              0.208832   data required time
                                             -0.850372   data arrival time
---------------------------------------------------------------------------------------------
                                              0.641539   slack (MET)


Startpoint: _367_ (rising edge-triggered flip-flop clocked by core_clock)
Endpoint: _367_ (rising edge-triggered flip-flop clocked by core_clock)
Path Group: core_clock
Path Type: min

Fanout         Cap        Slew       Delay        Time   Description
---------------------------------------------------------------------------------------------
                                  0.000000    0.000000   clock core_clock (rise edge)
                                  0.000000    0.000000   clock source latency
     1    0.016973    0.000000    0.000000    0.000000 ^ clk_CPU (in)
                                                         clk_CPU (net)
                      0.000876    0.000438    0.000438 ^ clkbuf_0_clk_CPU/A (sky130_fd_sc_hd__clkbuf_16)
     2    0.019264    0.041209    0.109122    0.109560 ^ clkbuf_0_clk_CPU/X (sky130_fd_sc_hd__clkbuf_16)
                                                         clknet_0_clk_CPU (net)
                      0.041212    0.000628    0.110188 ^ clkbuf_1_1__f_clk_CPU/A (sky130_fd_sc_hd__clkbuf_16)
    12    0.039289    0.059055    0.139668    0.249856 ^ clkbuf_1_1__f_clk_CPU/X (sky130_fd_sc_hd__clkbuf_16)
                                                         clknet_1_1__leaf_clk_CPU (net)
                      0.059064    0.000794    0.250650 ^ _367_/CLK (sky130_fd_sc_hd__dfrtp_2)
     5    0.019064    0.106698    0.402208    0.652857 ^ _367_/Q (sky130_fd_sc_hd__dfrtp_2)
                                                         uart1.counter[5] (net)
                      0.106698    0.000377    0.653234 ^ _322_/A (sky130_fd_sc_hd__xor2_1)
     1    0.001787    0.032044    0.069819    0.723053 v _322_/X (sky130_fd_sc_hd__xor2_1)
                                                         _135_ (net)
                      0.032044    0.000036    0.723090 v _323_/B (sky130_fd_sc_hd__and2_1)
     1    0.002925    0.034911    0.145090    0.868180 v _323_/X (sky130_fd_sc_hd__and2_1)
                                                         _013_ (net)
                      0.034911    0.000084    0.868263 v _367_/D (sky130_fd_sc_hd__dfrtp_2)
                                              0.868263   data arrival time

                                  0.000000    0.000000   clock core_clock (rise edge)
                                  0.000000    0.000000   clock source latency
     1    0.016973    0.000000    0.000000    0.000000 ^ clk_CPU (in)
                                                         clk_CPU (net)
                      0.000876    0.000438    0.000438 ^ clkbuf_0_clk_CPU/A (sky130_fd_sc_hd__clkbuf_16)
     2    0.019264    0.041209    0.109122    0.109560 ^ clkbuf_0_clk_CPU/X (sky130_fd_sc_hd__clkbuf_16)
                                                         clknet_0_clk_CPU (net)
                      0.041212    0.000628    0.110188 ^ clkbuf_1_1__f_clk_CPU/A (sky130_fd_sc_hd__clkbuf_16)
    12    0.039289    0.059055    0.139668    0.249856 ^ clkbuf_1_1__f_clk_CPU/X (sky130_fd_sc_hd__clkbuf_16)
                                                         clknet_1_1__leaf_clk_CPU (net)
                      0.059064    0.000794    0.250650 ^ _367_/CLK (sky130_fd_sc_hd__dfrtp_2)
                                  0.000000    0.250650   clock reconvergence pessimism
                                 -0.034799    0.215851   library hold time
                                              0.215851   data required time
---------------------------------------------------------------------------------------------
                                              0.215851   data required time
                                             -0.868263   data arrival time
---------------------------------------------------------------------------------------------
                                              0.652412   slack (MET)


Startpoint: _350_ (rising edge-triggered flip-flop clocked by core_clock)
Endpoint: _350_ (rising edge-triggered flip-flop clocked by core_clock)
Path Group: core_clock
Path Type: min

Fanout         Cap        Slew       Delay        Time   Description
---------------------------------------------------------------------------------------------
                                  0.000000    0.000000   clock core_clock (rise edge)
                                  0.000000    0.000000   clock source latency
     1    0.016973    0.000000    0.000000    0.000000 ^ clk_CPU (in)
                                                         clk_CPU (net)
                      0.000876    0.000438    0.000438 ^ clkbuf_0_clk_CPU/A (sky130_fd_sc_hd__clkbuf_16)
     2    0.019264    0.041209    0.109122    0.109560 ^ clkbuf_0_clk_CPU/X (sky130_fd_sc_hd__clkbuf_16)
                                                         clknet_0_clk_CPU (net)
                      0.041212    0.000584    0.110143 ^ clkbuf_1_0__f_clk_CPU/A (sky130_fd_sc_hd__clkbuf_16)
     8    0.026827    0.047950    0.130377    0.240521 ^ clkbuf_1_0__f_clk_CPU/X (sky130_fd_sc_hd__clkbuf_16)
                                                         clknet_1_0__leaf_clk_CPU (net)
                      0.047957    0.000577    0.241098 ^ _350_/CLK (sky130_fd_sc_hd__dfrtp_4)
    13    0.054297    0.172051    0.511445    0.752543 ^ _350_/Q (sky130_fd_sc_hd__dfrtp_4)
                                                         net31 (net)
                      0.172053    0.000958    0.753501 ^ _279_/A1_N (sky130_fd_sc_hd__o2bb2ai_1)
     1    0.002487    0.055127    0.130574    0.884075 ^ _279_/Y (sky130_fd_sc_hd__o2bb2ai_1)
                                                         _000_ (net)
                      0.055127    0.000072    0.884146 ^ _350_/D (sky130_fd_sc_hd__dfrtp_4)
                                              0.884146   data arrival time

                                  0.000000    0.000000   clock core_clock (rise edge)
                                  0.000000    0.000000   clock source latency
     1    0.016973    0.000000    0.000000    0.000000 ^ clk_CPU (in)
                                                         clk_CPU (net)
                      0.000876    0.000438    0.000438 ^ clkbuf_0_clk_CPU/A (sky130_fd_sc_hd__clkbuf_16)
     2    0.019264    0.041209    0.109122    0.109560 ^ clkbuf_0_clk_CPU/X (sky130_fd_sc_hd__clkbuf_16)
                                                         clknet_0_clk_CPU (net)
                      0.041212    0.000584    0.110143 ^ clkbuf_1_0__f_clk_CPU/A (sky130_fd_sc_hd__clkbuf_16)
     8    0.026827    0.047950    0.130377    0.240521 ^ clkbuf_1_0__f_clk_CPU/X (sky130_fd_sc_hd__clkbuf_16)
                                                         clknet_1_0__leaf_clk_CPU (net)
                      0.047957    0.000577    0.241098 ^ _350_/CLK (sky130_fd_sc_hd__dfrtp_4)
                                  0.000000    0.241098   clock reconvergence pessimism
                                 -0.036482    0.204616   library hold time
                                              0.204616   data required time
---------------------------------------------------------------------------------------------
                                              0.204616   data required time
                                             -0.884146   data arrival time
---------------------------------------------------------------------------------------------
                                              0.679530   slack (MET)


Startpoint: _362_ (rising edge-triggered flip-flop clocked by core_clock)
Endpoint: _363_ (rising edge-triggered flip-flop clocked by core_clock)
Path Group: core_clock
Path Type: min

Fanout         Cap        Slew       Delay        Time   Description
---------------------------------------------------------------------------------------------
                                  0.000000    0.000000   clock core_clock (rise edge)
                                  0.000000    0.000000   clock source latency
     1    0.016973    0.000000    0.000000    0.000000 ^ clk_CPU (in)
                                                         clk_CPU (net)
                      0.000876    0.000438    0.000438 ^ clkbuf_0_clk_CPU/A (sky130_fd_sc_hd__clkbuf_16)
     2    0.019264    0.041209    0.109122    0.109560 ^ clkbuf_0_clk_CPU/X (sky130_fd_sc_hd__clkbuf_16)
                                                         clknet_0_clk_CPU (net)
                      0.041212    0.000584    0.110143 ^ clkbuf_1_0__f_clk_CPU/A (sky130_fd_sc_hd__clkbuf_16)
     8    0.026827    0.047950    0.130377    0.240521 ^ clkbuf_1_0__f_clk_CPU/X (sky130_fd_sc_hd__clkbuf_16)
                                                         clknet_1_0__leaf_clk_CPU (net)
                      0.047958    0.000582    0.241103 ^ _362_/CLK (sky130_fd_sc_hd__dfrtp_1)
     5    0.012626    0.121787    0.380090    0.621193 ^ _362_/Q (sky130_fd_sc_hd__dfrtp_1)
                                                         uart1.counter[0] (net)
                      0.121787    0.000319    0.621512 ^ _309_/A1 (sky130_fd_sc_hd__a21oi_1)
     1    0.002832    0.042262    0.078360    0.699872 v _309_/Y (sky130_fd_sc_hd__a21oi_1)
                                                         _126_ (net)
                      0.042262    0.000082    0.699954 v _310_/B (sky130_fd_sc_hd__nor2_1)
     1    0.002165    0.065758    0.072392    0.772346 ^ _310_/Y (sky130_fd_sc_hd__nor2_1)
                                                         _127_ (net)
                      0.065758    0.000044    0.772390 ^ _311_/B (sky130_fd_sc_hd__and2_1)
     1    0.002516    0.043757    0.118454    0.890844 ^ _311_/X (sky130_fd_sc_hd__and2_1)
                                                         _009_ (net)
                      0.043757    0.000072    0.890916 ^ _363_/D (sky130_fd_sc_hd__dfrtp_2)
                                              0.890916   data arrival time

                                  0.000000    0.000000   clock core_clock (rise edge)
                                  0.000000    0.000000   clock source latency
     1    0.016973    0.000000    0.000000    0.000000 ^ clk_CPU (in)
                                                         clk_CPU (net)
                      0.000876    0.000438    0.000438 ^ clkbuf_0_clk_CPU/A (sky130_fd_sc_hd__clkbuf_16)
     2    0.019264    0.041209    0.109122    0.109560 ^ clkbuf_0_clk_CPU/X (sky130_fd_sc_hd__clkbuf_16)
                                                         clknet_0_clk_CPU (net)
                      0.041212    0.000584    0.110143 ^ clkbuf_1_0__f_clk_CPU/A (sky130_fd_sc_hd__clkbuf_16)
     8    0.026827    0.047950    0.130377    0.240521 ^ clkbuf_1_0__f_clk_CPU/X (sky130_fd_sc_hd__clkbuf_16)
                                                         clknet_1_0__leaf_clk_CPU (net)
                      0.047956    0.000524    0.241044 ^ _363_/CLK (sky130_fd_sc_hd__dfrtp_2)
                                  0.000000    0.241044   clock reconvergence pessimism
                                 -0.034016    0.207029   library hold time
                                              0.207029   data required time
---------------------------------------------------------------------------------------------
                                              0.207029   data required time
                                             -0.890916   data arrival time
---------------------------------------------------------------------------------------------
                                              0.683888   slack (MET)


Startpoint: _370_ (rising edge-triggered flip-flop clocked by core_clock)
Endpoint: _370_ (rising edge-triggered flip-flop clocked by core_clock)
Path Group: core_clock
Path Type: min

Fanout         Cap        Slew       Delay        Time   Description
---------------------------------------------------------------------------------------------
                                  0.000000    0.000000   clock core_clock (rise edge)
                                  0.000000    0.000000   clock source latency
     1    0.016973    0.000000    0.000000    0.000000 ^ clk_CPU (in)
                                                         clk_CPU (net)
                      0.000876    0.000438    0.000438 ^ clkbuf_0_clk_CPU/A (sky130_fd_sc_hd__clkbuf_16)
     2    0.019264    0.041209    0.109122    0.109560 ^ clkbuf_0_clk_CPU/X (sky130_fd_sc_hd__clkbuf_16)
                                                         clknet_0_clk_CPU (net)
                      0.041212    0.000628    0.110188 ^ clkbuf_1_1__f_clk_CPU/A (sky130_fd_sc_hd__clkbuf_16)
    12    0.039289    0.059055    0.139668    0.249856 ^ clkbuf_1_1__f_clk_CPU/X (sky130_fd_sc_hd__clkbuf_16)
                                                         clknet_1_1__leaf_clk_CPU (net)
                      0.059060    0.000703    0.250558 ^ _370_/CLK (sky130_fd_sc_hd__dfrtp_2)
     5    0.018486    0.104178    0.400259    0.650817 ^ _370_/Q (sky130_fd_sc_hd__dfrtp_2)
                                                         uart1.counter[8] (net)
                      0.104178    0.000352    0.651169 ^ _333_/B1 (sky130_fd_sc_hd__a31oi_1)
     1    0.003440    0.041478    0.054064    0.705234 v _333_/Y (sky130_fd_sc_hd__a31oi_1)
                                                         _143_ (net)
                      0.041478    0.000105    0.705339 v _334_/B (sky130_fd_sc_hd__nor2_1)
     1    0.002472    0.070577    0.075962    0.781301 ^ _334_/Y (sky130_fd_sc_hd__nor2_1)
                                                         _144_ (net)
                      0.070577    0.000075    0.781376 ^ _335_/B (sky130_fd_sc_hd__and2_1)
     1    0.003052    0.048216    0.123930    0.905306 ^ _335_/X (sky130_fd_sc_hd__and2_1)
                                                         _016_ (net)
                      0.048216    0.000072    0.905378 ^ _370_/D (sky130_fd_sc_hd__dfrtp_2)
                                              0.905378   data arrival time

                                  0.000000    0.000000   clock core_clock (rise edge)
                                  0.000000    0.000000   clock source latency
     1    0.016973    0.000000    0.000000    0.000000 ^ clk_CPU (in)
                                                         clk_CPU (net)
                      0.000876    0.000438    0.000438 ^ clkbuf_0_clk_CPU/A (sky130_fd_sc_hd__clkbuf_16)
     2    0.019264    0.041209    0.109122    0.109560 ^ clkbuf_0_clk_CPU/X (sky130_fd_sc_hd__clkbuf_16)
                                                         clknet_0_clk_CPU (net)
                      0.041212    0.000628    0.110188 ^ clkbuf_1_1__f_clk_CPU/A (sky130_fd_sc_hd__clkbuf_16)
    12    0.039289    0.059055    0.139668    0.249856 ^ clkbuf_1_1__f_clk_CPU/X (sky130_fd_sc_hd__clkbuf_16)
                                                         clknet_1_1__leaf_clk_CPU (net)
                      0.059060    0.000703    0.250558 ^ _370_/CLK (sky130_fd_sc_hd__dfrtp_2)
                                  0.000000    0.250558   clock reconvergence pessimism
                                 -0.033421    0.217137   library hold time
                                              0.217137   data required time
---------------------------------------------------------------------------------------------
                                              0.217137   data required time
                                             -0.905378   data arrival time
---------------------------------------------------------------------------------------------
                                              0.688240   slack (MET)


Startpoint: _366_ (rising edge-triggered flip-flop clocked by core_clock)
Endpoint: _366_ (rising edge-triggered flip-flop clocked by core_clock)
Path Group: core_clock
Path Type: min

Fanout         Cap        Slew       Delay        Time   Description
---------------------------------------------------------------------------------------------
                                  0.000000    0.000000   clock core_clock (rise edge)
                                  0.000000    0.000000   clock source latency
     1    0.016973    0.000000    0.000000    0.000000 ^ clk_CPU (in)
                                                         clk_CPU (net)
                      0.000876    0.000438    0.000438 ^ clkbuf_0_clk_CPU/A (sky130_fd_sc_hd__clkbuf_16)
     2    0.019264    0.041209    0.109122    0.109560 ^ clkbuf_0_clk_CPU/X (sky130_fd_sc_hd__clkbuf_16)
                                                         clknet_0_clk_CPU (net)
                      0.041212    0.000584    0.110143 ^ clkbuf_1_0__f_clk_CPU/A (sky130_fd_sc_hd__clkbuf_16)
     8    0.026827    0.047950    0.130377    0.240521 ^ clkbuf_1_0__f_clk_CPU/X (sky130_fd_sc_hd__clkbuf_16)
                                                         clknet_1_0__leaf_clk_CPU (net)
                      0.047964    0.000744    0.241265 ^ _366_/CLK (sky130_fd_sc_hd__dfrtp_1)
     5    0.015046    0.141668    0.394744    0.636009 ^ _366_/Q (sky130_fd_sc_hd__dfrtp_1)
                                                         uart1.counter[4] (net)
                      0.141668    0.000193    0.636203 ^ _318_/B1 (sky130_fd_sc_hd__a21oi_1)
     1    0.003409    0.048916    0.060184    0.696387 v _318_/Y (sky130_fd_sc_hd__a21oi_1)
                                                         _132_ (net)
                      0.048916    0.000108    0.696495 v _320_/A (sky130_fd_sc_hd__nor2_1)
     1    0.002903    0.077571    0.099124    0.795619 ^ _320_/Y (sky130_fd_sc_hd__nor2_1)
                                                         _134_ (net)
                      0.077571    0.000096    0.795715 ^ _321_/B (sky130_fd_sc_hd__and2_1)
     1    0.002822    0.046364    0.124143    0.919858 ^ _321_/X (sky130_fd_sc_hd__and2_1)
                                                         _012_ (net)
                      0.046364    0.000081    0.919939 ^ _366_/D (sky130_fd_sc_hd__dfrtp_1)
                                              0.919939   data arrival time

                                  0.000000    0.000000   clock core_clock (rise edge)
                                  0.000000    0.000000   clock source latency
     1    0.016973    0.000000    0.000000    0.000000 ^ clk_CPU (in)
                                                         clk_CPU (net)
                      0.000876    0.000438    0.000438 ^ clkbuf_0_clk_CPU/A (sky130_fd_sc_hd__clkbuf_16)
     2    0.019264    0.041209    0.109122    0.109560 ^ clkbuf_0_clk_CPU/X (sky130_fd_sc_hd__clkbuf_16)
                                                         clknet_0_clk_CPU (net)
                      0.041212    0.000584    0.110143 ^ clkbuf_1_0__f_clk_CPU/A (sky130_fd_sc_hd__clkbuf_16)
     8    0.026827    0.047950    0.130377    0.240521 ^ clkbuf_1_0__f_clk_CPU/X (sky130_fd_sc_hd__clkbuf_16)
                                                         clknet_1_0__leaf_clk_CPU (net)
                      0.047964    0.000744    0.241265 ^ _366_/CLK (sky130_fd_sc_hd__dfrtp_1)
                                  0.000000    0.241265   clock reconvergence pessimism
                                 -0.034645    0.206620   library hold time
                                              0.206620   data required time
---------------------------------------------------------------------------------------------
                                              0.206620   data required time
                                             -0.919939   data arrival time
---------------------------------------------------------------------------------------------
                                              0.713319   slack (MET)


Startpoint: _364_ (rising edge-triggered flip-flop clocked by core_clock)
Endpoint: _364_ (rising edge-triggered flip-flop clocked by core_clock)
Path Group: core_clock
Path Type: min

Fanout         Cap        Slew       Delay        Time   Description
---------------------------------------------------------------------------------------------
                                  0.000000    0.000000   clock core_clock (rise edge)
                                  0.000000    0.000000   clock source latency
     1    0.016973    0.000000    0.000000    0.000000 ^ clk_CPU (in)
                                                         clk_CPU (net)
                      0.000876    0.000438    0.000438 ^ clkbuf_0_clk_CPU/A (sky130_fd_sc_hd__clkbuf_16)
     2    0.019264    0.041209    0.109122    0.109560 ^ clkbuf_0_clk_CPU/X (sky130_fd_sc_hd__clkbuf_16)
                                                         clknet_0_clk_CPU (net)
                      0.041212    0.000584    0.110143 ^ clkbuf_1_0__f_clk_CPU/A (sky130_fd_sc_hd__clkbuf_16)
     8    0.026827    0.047950    0.130377    0.240521 ^ clkbuf_1_0__f_clk_CPU/X (sky130_fd_sc_hd__clkbuf_16)
                                                         clknet_1_0__leaf_clk_CPU (net)
                      0.047958    0.000589    0.241110 ^ _364_/CLK (sky130_fd_sc_hd__dfrtp_1)
     6    0.020327    0.185260    0.426507    0.667617 ^ _364_/Q (sky130_fd_sc_hd__dfrtp_1)
                                                         uart1.counter[2] (net)
                      0.185260    0.000636    0.668253 ^ _313_/A (sky130_fd_sc_hd__nor2_1)
     1    0.002986    0.043018    0.072793    0.741047 v _313_/Y (sky130_fd_sc_hd__nor2_1)
                                                         _129_ (net)
                      0.043018    0.000065    0.741112 v _314_/B (sky130_fd_sc_hd__nor2_1)
     1    0.002025    0.063562    0.070903    0.812015 ^ _314_/Y (sky130_fd_sc_hd__nor2_1)
                                                         _130_ (net)
                      0.063562    0.000041    0.812056 ^ _315_/B (sky130_fd_sc_hd__and2_1)
     1    0.002635    0.044722    0.118748    0.930804 ^ _315_/X (sky130_fd_sc_hd__and2_1)
                                                         _010_ (net)
                      0.044722    0.000078    0.930881 ^ _364_/D (sky130_fd_sc_hd__dfrtp_1)
                                              0.930881   data arrival time

                                  0.000000    0.000000   clock core_clock (rise edge)
                                  0.000000    0.000000   clock source latency
     1    0.016973    0.000000    0.000000    0.000000 ^ clk_CPU (in)
                                                         clk_CPU (net)
                      0.000876    0.000438    0.000438 ^ clkbuf_0_clk_CPU/A (sky130_fd_sc_hd__clkbuf_16)
     2    0.019264    0.041209    0.109122    0.109560 ^ clkbuf_0_clk_CPU/X (sky130_fd_sc_hd__clkbuf_16)
                                                         clknet_0_clk_CPU (net)
                      0.041212    0.000584    0.110143 ^ clkbuf_1_0__f_clk_CPU/A (sky130_fd_sc_hd__clkbuf_16)
     8    0.026827    0.047950    0.130377    0.240521 ^ clkbuf_1_0__f_clk_CPU/X (sky130_fd_sc_hd__clkbuf_16)
                                                         clknet_1_0__leaf_clk_CPU (net)
                      0.047958    0.000589    0.241110 ^ _364_/CLK (sky130_fd_sc_hd__dfrtp_1)
                                  0.000000    0.241110   clock reconvergence pessimism
                                 -0.034302    0.206808   library hold time
                                              0.206808   data required time
---------------------------------------------------------------------------------------------
                                              0.206808   data required time
                                             -0.930881   data arrival time
---------------------------------------------------------------------------------------------
                                              0.724074   slack (MET)


Startpoint: _365_ (rising edge-triggered flip-flop clocked by core_clock)
Endpoint: _365_ (rising edge-triggered flip-flop clocked by core_clock)
Path Group: core_clock
Path Type: min

Fanout         Cap        Slew       Delay        Time   Description
---------------------------------------------------------------------------------------------
                                  0.000000    0.000000   clock core_clock (rise edge)
                                  0.000000    0.000000   clock source latency
     1    0.016973    0.000000    0.000000    0.000000 ^ clk_CPU (in)
                                                         clk_CPU (net)
                      0.000876    0.000438    0.000438 ^ clkbuf_0_clk_CPU/A (sky130_fd_sc_hd__clkbuf_16)
     2    0.019264    0.041209    0.109122    0.109560 ^ clkbuf_0_clk_CPU/X (sky130_fd_sc_hd__clkbuf_16)
                                                         clknet_0_clk_CPU (net)
                      0.041212    0.000584    0.110143 ^ clkbuf_1_0__f_clk_CPU/A (sky130_fd_sc_hd__clkbuf_16)
     8    0.026827    0.047950    0.130377    0.240521 ^ clkbuf_1_0__f_clk_CPU/X (sky130_fd_sc_hd__clkbuf_16)
                                                         clknet_1_0__leaf_clk_CPU (net)
                      0.047970    0.000866    0.241387 ^ _365_/CLK (sky130_fd_sc_hd__dfrtp_4)
    10    0.036748    0.131205    0.472700    0.714086 ^ _365_/Q (sky130_fd_sc_hd__dfrtp_4)
                                                         uart1.counter[3] (net)
                      0.131207    0.000828    0.714914 ^ _316_/A (sky130_fd_sc_hd__xor2_1)
     1    0.002091    0.033323    0.077349    0.792264 v _316_/X (sky130_fd_sc_hd__xor2_1)
                                                         _131_ (net)
                      0.033323    0.000059    0.792323 v _317_/B (sky130_fd_sc_hd__and2_1)
     1    0.002303    0.032207    0.141965    0.934287 v _317_/X (sky130_fd_sc_hd__and2_1)
                                                         _011_ (net)
                      0.032207    0.000065    0.934353 v _365_/D (sky130_fd_sc_hd__dfrtp_4)
                                              0.934353   data arrival time

                                  0.000000    0.000000   clock core_clock (rise edge)
                                  0.000000    0.000000   clock source latency
     1    0.016973    0.000000    0.000000    0.000000 ^ clk_CPU (in)
                                                         clk_CPU (net)
                      0.000876    0.000438    0.000438 ^ clkbuf_0_clk_CPU/A (sky130_fd_sc_hd__clkbuf_16)
     2    0.019264    0.041209    0.109122    0.109560 ^ clkbuf_0_clk_CPU/X (sky130_fd_sc_hd__clkbuf_16)
                                                         clknet_0_clk_CPU (net)
                      0.041212    0.000584    0.110143 ^ clkbuf_1_0__f_clk_CPU/A (sky130_fd_sc_hd__clkbuf_16)
     8    0.026827    0.047950    0.130377    0.240521 ^ clkbuf_1_0__f_clk_CPU/X (sky130_fd_sc_hd__clkbuf_16)
                                                         clknet_1_0__leaf_clk_CPU (net)
                      0.047970    0.000866    0.241387 ^ _365_/CLK (sky130_fd_sc_hd__dfrtp_4)
                                  0.000000    0.241387   clock reconvergence pessimism
                                 -0.036177    0.205210   library hold time
                                              0.205210   data required time
---------------------------------------------------------------------------------------------
                                              0.205210   data required time
                                             -0.934353   data arrival time
---------------------------------------------------------------------------------------------
                                              0.729143   slack (MET)


Startpoint: _364_ (rising edge-triggered flip-flop clocked by core_clock)
Endpoint: _368_ (rising edge-triggered flip-flop clocked by core_clock)
Path Group: core_clock
Path Type: min

Fanout         Cap        Slew       Delay        Time   Description
---------------------------------------------------------------------------------------------
                                  0.000000    0.000000   clock core_clock (rise edge)
                                  0.000000    0.000000   clock source latency
     1    0.016973    0.000000    0.000000    0.000000 ^ clk_CPU (in)
                                                         clk_CPU (net)
                      0.000876    0.000438    0.000438 ^ clkbuf_0_clk_CPU/A (sky130_fd_sc_hd__clkbuf_16)
     2    0.019264    0.041209    0.109122    0.109560 ^ clkbuf_0_clk_CPU/X (sky130_fd_sc_hd__clkbuf_16)
                                                         clknet_0_clk_CPU (net)
                      0.041212    0.000584    0.110143 ^ clkbuf_1_0__f_clk_CPU/A (sky130_fd_sc_hd__clkbuf_16)
     8    0.026827    0.047950    0.130377    0.240521 ^ clkbuf_1_0__f_clk_CPU/X (sky130_fd_sc_hd__clkbuf_16)
                                                         clknet_1_0__leaf_clk_CPU (net)
                      0.047958    0.000589    0.241110 ^ _364_/CLK (sky130_fd_sc_hd__dfrtp_1)
     6    0.020327    0.185260    0.426507    0.667617 ^ _364_/Q (sky130_fd_sc_hd__dfrtp_1)
                                                         uart1.counter[2] (net)
                      0.185260    0.000535    0.668152 ^ _326_/A1 (sky130_fd_sc_hd__a41oi_1)
     1    0.002900    0.040203    0.128027    0.796178 v _326_/Y (sky130_fd_sc_hd__a41oi_1)
                                                         _138_ (net)
                      0.040203    0.000084    0.796262 v _327_/B (sky130_fd_sc_hd__and2_1)
     1    0.002372    0.032476    0.145371    0.941633 v _327_/X (sky130_fd_sc_hd__and2_1)
                                                         _014_ (net)
                      0.032476    0.000067    0.941700 v _368_/D (sky130_fd_sc_hd__dfrtp_2)
                                              0.941700   data arrival time

                                  0.000000    0.000000   clock core_clock (rise edge)
                                  0.000000    0.000000   clock source latency
     1    0.016973    0.000000    0.000000    0.000000 ^ clk_CPU (in)
                                                         clk_CPU (net)
                      0.000876    0.000438    0.000438 ^ clkbuf_0_clk_CPU/A (sky130_fd_sc_hd__clkbuf_16)
     2    0.019264    0.041209    0.109122    0.109560 ^ clkbuf_0_clk_CPU/X (sky130_fd_sc_hd__clkbuf_16)
                                                         clknet_0_clk_CPU (net)
                      0.041212    0.000584    0.110143 ^ clkbuf_1_0__f_clk_CPU/A (sky130_fd_sc_hd__clkbuf_16)
     8    0.026827    0.047950    0.130377    0.240521 ^ clkbuf_1_0__f_clk_CPU/X (sky130_fd_sc_hd__clkbuf_16)
                                                         clknet_1_0__leaf_clk_CPU (net)
                      0.047957    0.000553    0.241073 ^ _368_/CLK (sky130_fd_sc_hd__dfrtp_2)
                                  0.000000    0.241073   clock reconvergence pessimism
                                 -0.036340    0.204733   library hold time
                                              0.204733   data required time
---------------------------------------------------------------------------------------------
                                              0.204733   data required time
                                             -0.941700   data arrival time
---------------------------------------------------------------------------------------------
                                              0.736967   slack (MET)


Startpoint: _365_ (rising edge-triggered flip-flop clocked by core_clock)
Endpoint: _369_ (rising edge-triggered flip-flop clocked by core_clock)
Path Group: core_clock
Path Type: min

Fanout         Cap        Slew       Delay        Time   Description
---------------------------------------------------------------------------------------------
                                  0.000000    0.000000   clock core_clock (rise edge)
                                  0.000000    0.000000   clock source latency
     1    0.016973    0.000000    0.000000    0.000000 ^ clk_CPU (in)
                                                         clk_CPU (net)
                      0.000876    0.000438    0.000438 ^ clkbuf_0_clk_CPU/A (sky130_fd_sc_hd__clkbuf_16)
     2    0.019264    0.041209    0.109122    0.109560 ^ clkbuf_0_clk_CPU/X (sky130_fd_sc_hd__clkbuf_16)
                                                         clknet_0_clk_CPU (net)
                      0.041212    0.000584    0.110143 ^ clkbuf_1_0__f_clk_CPU/A (sky130_fd_sc_hd__clkbuf_16)
     8    0.026827    0.047950    0.130377    0.240521 ^ clkbuf_1_0__f_clk_CPU/X (sky130_fd_sc_hd__clkbuf_16)
                                                         clknet_1_0__leaf_clk_CPU (net)
                      0.047970    0.000866    0.241387 ^ _365_/CLK (sky130_fd_sc_hd__dfrtp_4)
    10    0.036748    0.131205    0.472700    0.714086 ^ _365_/Q (sky130_fd_sc_hd__dfrtp_4)
                                                         uart1.counter[3] (net)
                      0.131218    0.001413    0.715499 ^ _330_/A1 (sky130_fd_sc_hd__a31oi_1)
     1    0.002046    0.040422    0.085393    0.800892 v _330_/Y (sky130_fd_sc_hd__a31oi_1)
                                                         _141_ (net)
                      0.040422    0.000057    0.800949 v _331_/B (sky130_fd_sc_hd__and2_1)
     1    0.002265    0.032053    0.144843    0.945792 v _331_/X (sky130_fd_sc_hd__and2_1)
                                                         _015_ (net)
                      0.032053    0.000045    0.945837 v _369_/D (sky130_fd_sc_hd__dfrtp_2)
                                              0.945837   data arrival time

                                  0.000000    0.000000   clock core_clock (rise edge)
                                  0.000000    0.000000   clock source latency
     1    0.016973    0.000000    0.000000    0.000000 ^ clk_CPU (in)
                                                         clk_CPU (net)
                      0.000876    0.000438    0.000438 ^ clkbuf_0_clk_CPU/A (sky130_fd_sc_hd__clkbuf_16)
     2    0.019264    0.041209    0.109122    0.109560 ^ clkbuf_0_clk_CPU/X (sky130_fd_sc_hd__clkbuf_16)
                                                         clknet_0_clk_CPU (net)
                      0.041212    0.000584    0.110143 ^ clkbuf_1_0__f_clk_CPU/A (sky130_fd_sc_hd__clkbuf_16)
     8    0.026827    0.047950    0.130377    0.240521 ^ clkbuf_1_0__f_clk_CPU/X (sky130_fd_sc_hd__clkbuf_16)
                                                         clknet_1_0__leaf_clk_CPU (net)
                      0.047972    0.000895    0.241416 ^ _369_/CLK (sky130_fd_sc_hd__dfrtp_2)
                                  0.000000    0.241416   clock reconvergence pessimism
                                 -0.036165    0.205251   library hold time
                                              0.205251   data required time
---------------------------------------------------------------------------------------------
                                              0.205251   data required time
                                             -0.945837   data arrival time
---------------------------------------------------------------------------------------------
                                              0.740585   slack (MET)



