
===========================================================================
report_checks -path_delay max (Setup)
============================================================================
======================= nom_ff_n40C_1v95 Corner ===================================

Startpoint: _364_ (rising edge-triggered flip-flop clocked by core_clock)
Endpoint: _368_ (rising edge-triggered flip-flop clocked by core_clock)
Path Group: core_clock
Path Type: max

Fanout         Cap        Slew       Delay        Time   Description
---------------------------------------------------------------------------------------------
                      0.000000    0.000000    0.000000   clock core_clock (rise edge)
                                  0.000000    0.000000   clock network delay (ideal)
                      0.000000    0.000000    0.000000 ^ _364_/CLK (sky130_fd_sc_hd__dfrtp_2)
     6    0.016799    0.054335    0.261125    0.261125 v _364_/Q (sky130_fd_sc_hd__dfrtp_2)
                                                         uart1.counter[2] (net)
                      0.054335    0.000000    0.261125 v _312_/C (sky130_fd_sc_hd__and4_2)
     7    0.027936    0.069183    0.191884    0.453009 v _312_/X (sky130_fd_sc_hd__and4_2)
                                                         _128_ (net)
                      0.069183    0.000000    0.453009 v _319_/C (sky130_fd_sc_hd__and3_2)
     3    0.016474    0.051845    0.172658    0.625667 v _319_/X (sky130_fd_sc_hd__and3_2)
                                                         _133_ (net)
                      0.051845    0.000000    0.625667 v _325_/A2 (sky130_fd_sc_hd__a21oi_2)
     1    0.004900    0.075232    0.102276    0.727943 ^ _325_/Y (sky130_fd_sc_hd__a21oi_2)
                                                         _137_ (net)
                      0.075232    0.000000    0.727943 ^ _326_/B1 (sky130_fd_sc_hd__a41oi_2)
     1    0.001495    0.056129    0.014436    0.742379 v _326_/Y (sky130_fd_sc_hd__a41oi_2)
                                                         _138_ (net)
                      0.056129    0.000000    0.742379 v _327_/B (sky130_fd_sc_hd__and2_2)
     1    0.002059    0.025286    0.120116    0.862495 v _327_/X (sky130_fd_sc_hd__and2_2)
                                                         _014_ (net)
                      0.025286    0.000000    0.862495 v _368_/D (sky130_fd_sc_hd__dfrtp_2)
                                              0.862495   data arrival time

                      0.000000   10.000000   10.000000   clock core_clock (rise edge)
                                  0.000000   10.000000   clock network delay (ideal)
                                  0.000000   10.000000   clock reconvergence pessimism
                                             10.000000 ^ _368_/CLK (sky130_fd_sc_hd__dfrtp_2)
                                 -0.074344    9.925656   library setup time
                                              9.925656   data required time
---------------------------------------------------------------------------------------------
                                              9.925656   data required time
                                             -0.862495   data arrival time
---------------------------------------------------------------------------------------------
                                              9.063161   slack (MET)


Startpoint: _364_ (rising edge-triggered flip-flop clocked by core_clock)
Endpoint: _367_ (rising edge-triggered flip-flop clocked by core_clock)
Path Group: core_clock
Path Type: max

Fanout         Cap        Slew       Delay        Time   Description
---------------------------------------------------------------------------------------------
                      0.000000    0.000000    0.000000   clock core_clock (rise edge)
                                  0.000000    0.000000   clock network delay (ideal)
                      0.000000    0.000000    0.000000 ^ _364_/CLK (sky130_fd_sc_hd__dfrtp_2)
     6    0.016799    0.054335    0.261125    0.261125 v _364_/Q (sky130_fd_sc_hd__dfrtp_2)
                                                         uart1.counter[2] (net)
                      0.054335    0.000000    0.261125 v _312_/C (sky130_fd_sc_hd__and4_2)
     7    0.027936    0.069183    0.191884    0.453009 v _312_/X (sky130_fd_sc_hd__and4_2)
                                                         _128_ (net)
                      0.069183    0.000000    0.453009 v _319_/C (sky130_fd_sc_hd__and3_2)
     3    0.016474    0.051845    0.172658    0.625667 v _319_/X (sky130_fd_sc_hd__and3_2)
                                                         _133_ (net)
                      0.051845    0.000000    0.625667 v _322_/B (sky130_fd_sc_hd__xor2_2)
     1    0.001495    0.030278    0.087746    0.713414 v _322_/X (sky130_fd_sc_hd__xor2_2)
                                                         _135_ (net)
                      0.030278    0.000000    0.713414 v _323_/B (sky130_fd_sc_hd__and2_2)
     1    0.002059    0.025315    0.110070    0.823484 v _323_/X (sky130_fd_sc_hd__and2_2)
                                                         _013_ (net)
                      0.025315    0.000000    0.823484 v _367_/D (sky130_fd_sc_hd__dfrtp_2)
                                              0.823484   data arrival time

                      0.000000   10.000000   10.000000   clock core_clock (rise edge)
                                  0.000000   10.000000   clock network delay (ideal)
                                  0.000000   10.000000   clock reconvergence pessimism
                                             10.000000 ^ _367_/CLK (sky130_fd_sc_hd__dfrtp_2)
                                 -0.074354    9.925647   library setup time
                                              9.925647   data required time
---------------------------------------------------------------------------------------------
                                              9.925647   data required time
                                             -0.823484   data arrival time
---------------------------------------------------------------------------------------------
                                              9.102162   slack (MET)


Startpoint: _362_ (rising edge-triggered flip-flop clocked by core_clock)
Endpoint: _363_ (rising edge-triggered flip-flop clocked by core_clock)
Path Group: core_clock
Path Type: max

Fanout         Cap        Slew       Delay        Time   Description
---------------------------------------------------------------------------------------------
                      0.000000    0.000000    0.000000   clock core_clock (rise edge)
                                  0.000000    0.000000   clock network delay (ideal)
                      0.000000    0.000000    0.000000 ^ _362_/CLK (sky130_fd_sc_hd__dfrtp_2)
     5    0.010638    0.043862    0.247766    0.247766 v _362_/Q (sky130_fd_sc_hd__dfrtp_2)
                                                         uart1.counter[0] (net)
                      0.043862    0.000000    0.247766 v _239_/A_N (sky130_fd_sc_hd__and2b_2)
     3    0.006617    0.037171    0.141522    0.389288 ^ _239_/X (sky130_fd_sc_hd__and2b_2)
                                                         _065_ (net)
                      0.037171    0.000000    0.389288 ^ _243_/B1_N (sky130_fd_sc_hd__a21boi_2)
     1    0.002467    0.056081    0.069450    0.458738 ^ _243_/Y (sky130_fd_sc_hd__a21boi_2)
                                                         _069_ (net)
                      0.056081    0.000000    0.458738 ^ _244_/B1 (sky130_fd_sc_hd__o2111a_2)
     2    0.009049    0.050256    0.109291    0.568029 ^ _244_/X (sky130_fd_sc_hd__o2111a_2)
                                                         _070_ (net)
                      0.050256    0.000000    0.568029 ^ _268_/B (sky130_fd_sc_hd__nand4_2)
    10    0.018660    0.105508    0.096883    0.664912 v _268_/Y (sky130_fd_sc_hd__nand4_2)
                                                         _094_ (net)
                      0.105508    0.000000    0.664912 v _311_/A (sky130_fd_sc_hd__and2_2)
     1    0.002059    0.025325    0.127987    0.792899 v _311_/X (sky130_fd_sc_hd__and2_2)
                                                         _009_ (net)
                      0.025325    0.000000    0.792899 v _363_/D (sky130_fd_sc_hd__dfrtp_2)
                                              0.792899   data arrival time

                      0.000000   10.000000   10.000000   clock core_clock (rise edge)
                                  0.000000   10.000000   clock network delay (ideal)
                                  0.000000   10.000000   clock reconvergence pessimism
                                             10.000000 ^ _363_/CLK (sky130_fd_sc_hd__dfrtp_2)
                                 -0.074358    9.925643   library setup time
                                              9.925643   data required time
---------------------------------------------------------------------------------------------
                                              9.925643   data required time
                                             -0.792899   data arrival time
---------------------------------------------------------------------------------------------
                                              9.132744   slack (MET)


Startpoint: _362_ (rising edge-triggered flip-flop clocked by core_clock)
Endpoint: _364_ (rising edge-triggered flip-flop clocked by core_clock)
Path Group: core_clock
Path Type: max

Fanout         Cap        Slew       Delay        Time   Description
---------------------------------------------------------------------------------------------
                      0.000000    0.000000    0.000000   clock core_clock (rise edge)
                                  0.000000    0.000000   clock network delay (ideal)
                      0.000000    0.000000    0.000000 ^ _362_/CLK (sky130_fd_sc_hd__dfrtp_2)
     5    0.010638    0.043862    0.247766    0.247766 v _362_/Q (sky130_fd_sc_hd__dfrtp_2)
                                                         uart1.counter[0] (net)
                      0.043862    0.000000    0.247766 v _239_/A_N (sky130_fd_sc_hd__and2b_2)
     3    0.006617    0.037171    0.141522    0.389288 ^ _239_/X (sky130_fd_sc_hd__and2b_2)
                                                         _065_ (net)
                      0.037171    0.000000    0.389288 ^ _243_/B1_N (sky130_fd_sc_hd__a21boi_2)
     1    0.002467    0.056081    0.069450    0.458738 ^ _243_/Y (sky130_fd_sc_hd__a21boi_2)
                                                         _069_ (net)
                      0.056081    0.000000    0.458738 ^ _244_/B1 (sky130_fd_sc_hd__o2111a_2)
     2    0.009049    0.050256    0.109291    0.568029 ^ _244_/X (sky130_fd_sc_hd__o2111a_2)
                                                         _070_ (net)
                      0.050256    0.000000    0.568029 ^ _268_/B (sky130_fd_sc_hd__nand4_2)
    10    0.018660    0.105508    0.096883    0.664912 v _268_/Y (sky130_fd_sc_hd__nand4_2)
                                                         _094_ (net)
                      0.105508    0.000000    0.664912 v _315_/A (sky130_fd_sc_hd__and2_2)
     1    0.002059    0.025317    0.127987    0.792899 v _315_/X (sky130_fd_sc_hd__and2_2)
                                                         _010_ (net)
                      0.025317    0.000000    0.792899 v _364_/D (sky130_fd_sc_hd__dfrtp_2)
                                              0.792899   data arrival time

                      0.000000   10.000000   10.000000   clock core_clock (rise edge)
                                  0.000000   10.000000   clock network delay (ideal)
                                  0.000000   10.000000   clock reconvergence pessimism
                                             10.000000 ^ _364_/CLK (sky130_fd_sc_hd__dfrtp_2)
                                 -0.074355    9.925646   library setup time
                                              9.925646   data required time
---------------------------------------------------------------------------------------------
                                              9.925646   data required time
                                             -0.792899   data arrival time
---------------------------------------------------------------------------------------------
                                              9.132747   slack (MET)


Startpoint: _362_ (rising edge-triggered flip-flop clocked by core_clock)
Endpoint: _365_ (rising edge-triggered flip-flop clocked by core_clock)
Path Group: core_clock
Path Type: max

Fanout         Cap        Slew       Delay        Time   Description
---------------------------------------------------------------------------------------------
                      0.000000    0.000000    0.000000   clock core_clock (rise edge)
                                  0.000000    0.000000   clock network delay (ideal)
                      0.000000    0.000000    0.000000 ^ _362_/CLK (sky130_fd_sc_hd__dfrtp_2)
     5    0.010638    0.043862    0.247766    0.247766 v _362_/Q (sky130_fd_sc_hd__dfrtp_2)
                                                         uart1.counter[0] (net)
                      0.043862    0.000000    0.247766 v _239_/A_N (sky130_fd_sc_hd__and2b_2)
     3    0.006617    0.037171    0.141522    0.389288 ^ _239_/X (sky130_fd_sc_hd__and2b_2)
                                                         _065_ (net)
                      0.037171    0.000000    0.389288 ^ _243_/B1_N (sky130_fd_sc_hd__a21boi_2)
     1    0.002467    0.056081    0.069450    0.458738 ^ _243_/Y (sky130_fd_sc_hd__a21boi_2)
                                                         _069_ (net)
                      0.056081    0.000000    0.458738 ^ _244_/B1 (sky130_fd_sc_hd__o2111a_2)
     2    0.009049    0.050256    0.109291    0.568029 ^ _244_/X (sky130_fd_sc_hd__o2111a_2)
                                                         _070_ (net)
                      0.050256    0.000000    0.568029 ^ _268_/B (sky130_fd_sc_hd__nand4_2)
    10    0.018660    0.105508    0.096883    0.664912 v _268_/Y (sky130_fd_sc_hd__nand4_2)
                                                         _094_ (net)
                      0.105508    0.000000    0.664912 v _317_/A (sky130_fd_sc_hd__and2_2)
     1    0.002059    0.025304    0.127987    0.792899 v _317_/X (sky130_fd_sc_hd__and2_2)
                                                         _011_ (net)
                      0.025304    0.000000    0.792899 v _365_/D (sky130_fd_sc_hd__dfrtp_2)
                                              0.792899   data arrival time

                      0.000000   10.000000   10.000000   clock core_clock (rise edge)
                                  0.000000   10.000000   clock network delay (ideal)
                                  0.000000   10.000000   clock reconvergence pessimism
                                             10.000000 ^ _365_/CLK (sky130_fd_sc_hd__dfrtp_2)
                                 -0.074350    9.925650   library setup time
                                              9.925650   data required time
---------------------------------------------------------------------------------------------
                                              9.925650   data required time
                                             -0.792899   data arrival time
---------------------------------------------------------------------------------------------
                                              9.132751   slack (MET)


Startpoint: _362_ (rising edge-triggered flip-flop clocked by core_clock)
Endpoint: _366_ (rising edge-triggered flip-flop clocked by core_clock)
Path Group: core_clock
Path Type: max

Fanout         Cap        Slew       Delay        Time   Description
---------------------------------------------------------------------------------------------
                      0.000000    0.000000    0.000000   clock core_clock (rise edge)
                                  0.000000    0.000000   clock network delay (ideal)
                      0.000000    0.000000    0.000000 ^ _362_/CLK (sky130_fd_sc_hd__dfrtp_2)
     5    0.010638    0.043862    0.247766    0.247766 v _362_/Q (sky130_fd_sc_hd__dfrtp_2)
                                                         uart1.counter[0] (net)
                      0.043862    0.000000    0.247766 v _239_/A_N (sky130_fd_sc_hd__and2b_2)
     3    0.006617    0.037171    0.141522    0.389288 ^ _239_/X (sky130_fd_sc_hd__and2b_2)
                                                         _065_ (net)
                      0.037171    0.000000    0.389288 ^ _243_/B1_N (sky130_fd_sc_hd__a21boi_2)
     1    0.002467    0.056081    0.069450    0.458738 ^ _243_/Y (sky130_fd_sc_hd__a21boi_2)
                                                         _069_ (net)
                      0.056081    0.000000    0.458738 ^ _244_/B1 (sky130_fd_sc_hd__o2111a_2)
     2    0.009049    0.050256    0.109291    0.568029 ^ _244_/X (sky130_fd_sc_hd__o2111a_2)
                                                         _070_ (net)
                      0.050256    0.000000    0.568029 ^ _268_/B (sky130_fd_sc_hd__nand4_2)
    10    0.018660    0.105508    0.096883    0.664912 v _268_/Y (sky130_fd_sc_hd__nand4_2)
                                                         _094_ (net)
                      0.105508    0.000000    0.664912 v _321_/A (sky130_fd_sc_hd__and2_2)
     1    0.002059    0.025323    0.127987    0.792899 v _321_/X (sky130_fd_sc_hd__and2_2)
                                                         _012_ (net)
                      0.025323    0.000000    0.792899 v _366_/D (sky130_fd_sc_hd__dfrtp_2)
                                              0.792899   data arrival time

                      0.000000   10.000000   10.000000   clock core_clock (rise edge)
                                  0.000000   10.000000   clock network delay (ideal)
                                  0.000000   10.000000   clock reconvergence pessimism
                                             10.000000 ^ _366_/CLK (sky130_fd_sc_hd__dfrtp_2)
                                 -0.074357    9.925643   library setup time
                                              9.925643   data required time
---------------------------------------------------------------------------------------------
                                              9.925643   data required time
                                             -0.792899   data arrival time
---------------------------------------------------------------------------------------------
                                              9.132744   slack (MET)


Startpoint: _362_ (rising edge-triggered flip-flop clocked by core_clock)
Endpoint: _370_ (rising edge-triggered flip-flop clocked by core_clock)
Path Group: core_clock
Path Type: max

Fanout         Cap        Slew       Delay        Time   Description
---------------------------------------------------------------------------------------------
                      0.000000    0.000000    0.000000   clock core_clock (rise edge)
                                  0.000000    0.000000   clock network delay (ideal)
                      0.000000    0.000000    0.000000 ^ _362_/CLK (sky130_fd_sc_hd__dfrtp_2)
     5    0.010638    0.043862    0.247766    0.247766 v _362_/Q (sky130_fd_sc_hd__dfrtp_2)
                                                         uart1.counter[0] (net)
                      0.043862    0.000000    0.247766 v _239_/A_N (sky130_fd_sc_hd__and2b_2)
     3    0.006617    0.037171    0.141522    0.389288 ^ _239_/X (sky130_fd_sc_hd__and2b_2)
                                                         _065_ (net)
                      0.037171    0.000000    0.389288 ^ _243_/B1_N (sky130_fd_sc_hd__a21boi_2)
     1    0.002467    0.056081    0.069450    0.458738 ^ _243_/Y (sky130_fd_sc_hd__a21boi_2)
                                                         _069_ (net)
                      0.056081    0.000000    0.458738 ^ _244_/B1 (sky130_fd_sc_hd__o2111a_2)
     2    0.009049    0.050256    0.109291    0.568029 ^ _244_/X (sky130_fd_sc_hd__o2111a_2)
                                                         _070_ (net)
                      0.050256    0.000000    0.568029 ^ _268_/B (sky130_fd_sc_hd__nand4_2)
    10    0.018660    0.105508    0.096883    0.664912 v _268_/Y (sky130_fd_sc_hd__nand4_2)
                                                         _094_ (net)
                      0.105508    0.000000    0.664912 v _335_/A (sky130_fd_sc_hd__and2_2)
     1    0.002059    0.025324    0.127987    0.792899 v _335_/X (sky130_fd_sc_hd__and2_2)
                                                         _016_ (net)
                      0.025324    0.000000    0.792899 v _370_/D (sky130_fd_sc_hd__dfrtp_2)
                                              0.792899   data arrival time

                      0.000000   10.000000   10.000000   clock core_clock (rise edge)
                                  0.000000   10.000000   clock network delay (ideal)
                                  0.000000   10.000000   clock reconvergence pessimism
                                             10.000000 ^ _370_/CLK (sky130_fd_sc_hd__dfrtp_2)
                                 -0.074357    9.925643   library setup time
                                              9.925643   data required time
---------------------------------------------------------------------------------------------
                                              9.925643   data required time
                                             -0.792899   data arrival time
---------------------------------------------------------------------------------------------
                                              9.132744   slack (MET)


Startpoint: _362_ (rising edge-triggered flip-flop clocked by core_clock)
Endpoint: _369_ (rising edge-triggered flip-flop clocked by core_clock)
Path Group: core_clock
Path Type: max

Fanout         Cap        Slew       Delay        Time   Description
---------------------------------------------------------------------------------------------
                      0.000000    0.000000    0.000000   clock core_clock (rise edge)
                                  0.000000    0.000000   clock network delay (ideal)
                      0.000000    0.000000    0.000000 ^ _362_/CLK (sky130_fd_sc_hd__dfrtp_2)
     5    0.010638    0.043862    0.247766    0.247766 v _362_/Q (sky130_fd_sc_hd__dfrtp_2)
                                                         uart1.counter[0] (net)
                      0.043862    0.000000    0.247766 v _239_/A_N (sky130_fd_sc_hd__and2b_2)
     3    0.006617    0.037171    0.141522    0.389288 ^ _239_/X (sky130_fd_sc_hd__and2b_2)
                                                         _065_ (net)
                      0.037171    0.000000    0.389288 ^ _243_/B1_N (sky130_fd_sc_hd__a21boi_2)
     1    0.002467    0.056081    0.069450    0.458738 ^ _243_/Y (sky130_fd_sc_hd__a21boi_2)
                                                         _069_ (net)
                      0.056081    0.000000    0.458738 ^ _244_/B1 (sky130_fd_sc_hd__o2111a_2)
     2    0.009049    0.050256    0.109291    0.568029 ^ _244_/X (sky130_fd_sc_hd__o2111a_2)
                                                         _070_ (net)
                      0.050256    0.000000    0.568029 ^ _268_/B (sky130_fd_sc_hd__nand4_2)
    10    0.018660    0.105508    0.096883    0.664912 v _268_/Y (sky130_fd_sc_hd__nand4_2)
                                                         _094_ (net)
                      0.105508    0.000000    0.664912 v _331_/A (sky130_fd_sc_hd__and2_2)
     1    0.002059    0.025289    0.127987    0.792899 v _331_/X (sky130_fd_sc_hd__and2_2)
                                                         _015_ (net)
                      0.025289    0.000000    0.792899 v _369_/D (sky130_fd_sc_hd__dfrtp_2)
                                              0.792899   data arrival time

                      0.000000   10.000000   10.000000   clock core_clock (rise edge)
                                  0.000000   10.000000   clock network delay (ideal)
                                  0.000000   10.000000   clock reconvergence pessimism
                                             10.000000 ^ _369_/CLK (sky130_fd_sc_hd__dfrtp_2)
                                 -0.074345    9.925655   library setup time
                                              9.925655   data required time
---------------------------------------------------------------------------------------------
                                              9.925655   data required time
                                             -0.792899   data arrival time
---------------------------------------------------------------------------------------------
                                              9.132756   slack (MET)


Startpoint: _362_ (rising edge-triggered flip-flop clocked by core_clock)
Endpoint: _362_ (rising edge-triggered flip-flop clocked by core_clock)
Path Group: core_clock
Path Type: max

Fanout         Cap        Slew       Delay        Time   Description
---------------------------------------------------------------------------------------------
                      0.000000    0.000000    0.000000   clock core_clock (rise edge)
                                  0.000000    0.000000   clock network delay (ideal)
                      0.000000    0.000000    0.000000 ^ _362_/CLK (sky130_fd_sc_hd__dfrtp_2)
     5    0.010638    0.043862    0.247766    0.247766 v _362_/Q (sky130_fd_sc_hd__dfrtp_2)
                                                         uart1.counter[0] (net)
                      0.043862    0.000000    0.247766 v _239_/A_N (sky130_fd_sc_hd__and2b_2)
     3    0.006617    0.037171    0.141522    0.389288 ^ _239_/X (sky130_fd_sc_hd__and2b_2)
                                                         _065_ (net)
                      0.037171    0.000000    0.389288 ^ _243_/B1_N (sky130_fd_sc_hd__a21boi_2)
     1    0.002467    0.056081    0.069450    0.458738 ^ _243_/Y (sky130_fd_sc_hd__a21boi_2)
                                                         _069_ (net)
                      0.056081    0.000000    0.458738 ^ _244_/B1 (sky130_fd_sc_hd__o2111a_2)
     2    0.009049    0.050256    0.109291    0.568029 ^ _244_/X (sky130_fd_sc_hd__o2111a_2)
                                                         _070_ (net)
                      0.050256    0.000000    0.568029 ^ _268_/B (sky130_fd_sc_hd__nand4_2)
    10    0.018660    0.105508    0.096883    0.664912 v _268_/Y (sky130_fd_sc_hd__nand4_2)
                                                         _094_ (net)
                      0.105508    0.000000    0.664912 v _307_/B1 (sky130_fd_sc_hd__o21a_2)
     1    0.002059    0.023243    0.098028    0.762939 v _307_/X (sky130_fd_sc_hd__o21a_2)
                                                         _008_ (net)
                      0.023243    0.000000    0.762939 v _362_/D (sky130_fd_sc_hd__dfrtp_2)
                                              0.762939   data arrival time

                      0.000000   10.000000   10.000000   clock core_clock (rise edge)
                                  0.000000   10.000000   clock network delay (ideal)
                                  0.000000   10.000000   clock reconvergence pessimism
                                             10.000000 ^ _362_/CLK (sky130_fd_sc_hd__dfrtp_2)
                                 -0.073613    9.926387   library setup time
                                              9.926387   data required time
---------------------------------------------------------------------------------------------
                                              9.926387   data required time
                                             -0.762939   data arrival time
---------------------------------------------------------------------------------------------
                                              9.163448   slack (MET)


Startpoint: _362_ (rising edge-triggered flip-flop clocked by core_clock)
Endpoint: _350_ (rising edge-triggered flip-flop clocked by core_clock)
Path Group: core_clock
Path Type: max

Fanout         Cap        Slew       Delay        Time   Description
---------------------------------------------------------------------------------------------
                      0.000000    0.000000    0.000000   clock core_clock (rise edge)
                                  0.000000    0.000000   clock network delay (ideal)
                      0.000000    0.000000    0.000000 ^ _362_/CLK (sky130_fd_sc_hd__dfrtp_2)
     5    0.010638    0.043862    0.247766    0.247766 v _362_/Q (sky130_fd_sc_hd__dfrtp_2)
                                                         uart1.counter[0] (net)
                      0.043862    0.000000    0.247766 v _239_/A_N (sky130_fd_sc_hd__and2b_2)
     3    0.006617    0.037171    0.141522    0.389288 ^ _239_/X (sky130_fd_sc_hd__and2b_2)
                                                         _065_ (net)
                      0.037171    0.000000    0.389288 ^ _243_/B1_N (sky130_fd_sc_hd__a21boi_2)
     1    0.002467    0.056081    0.069450    0.458738 ^ _243_/Y (sky130_fd_sc_hd__a21boi_2)
                                                         _069_ (net)
                      0.056081    0.000000    0.458738 ^ _244_/B1 (sky130_fd_sc_hd__o2111a_2)
     2    0.009049    0.050256    0.109291    0.568029 ^ _244_/X (sky130_fd_sc_hd__o2111a_2)
                                                         _070_ (net)
                      0.050256    0.000000    0.568029 ^ _268_/B (sky130_fd_sc_hd__nand4_2)
    10    0.018660    0.105508    0.096883    0.664912 v _268_/Y (sky130_fd_sc_hd__nand4_2)
                                                         _094_ (net)
                      0.105508    0.000000    0.664912 v _279_/A2_N (sky130_fd_sc_hd__o2bb2ai_2)
     1    0.002059    0.031262    0.092231    0.757142 v _279_/Y (sky130_fd_sc_hd__o2bb2ai_2)
                                                         _000_ (net)
                      0.031262    0.000000    0.757142 v _350_/D (sky130_fd_sc_hd__dfrtp_2)
                                              0.757142   data arrival time

                      0.000000   10.000000   10.000000   clock core_clock (rise edge)
                                  0.000000   10.000000   clock network delay (ideal)
                                  0.000000   10.000000   clock reconvergence pessimism
                                             10.000000 ^ _350_/CLK (sky130_fd_sc_hd__dfrtp_2)
                                 -0.076481    9.923519   library setup time
                                              9.923519   data required time
---------------------------------------------------------------------------------------------
                                              9.923519   data required time
                                             -0.757142   data arrival time
---------------------------------------------------------------------------------------------
                                              9.166376   slack (MET)


Startpoint: _364_ (rising edge-triggered flip-flop clocked by core_clock)
Endpoint: _371_ (rising edge-triggered flip-flop clocked by core_clock)
Path Group: core_clock
Path Type: max

Fanout         Cap        Slew       Delay        Time   Description
---------------------------------------------------------------------------------------------
                      0.000000    0.000000    0.000000   clock core_clock (rise edge)
                                  0.000000    0.000000   clock network delay (ideal)
                      0.000000    0.000000    0.000000 ^ _364_/CLK (sky130_fd_sc_hd__dfrtp_2)
     6    0.016799    0.054335    0.261125    0.261125 v _364_/Q (sky130_fd_sc_hd__dfrtp_2)
                                                         uart1.counter[2] (net)
                      0.054335    0.000000    0.261125 v _312_/C (sky130_fd_sc_hd__and4_2)
     7    0.027936    0.069183    0.191884    0.453009 v _312_/X (sky130_fd_sc_hd__and4_2)
                                                         _128_ (net)
                      0.069183    0.000000    0.453009 v _332_/C (sky130_fd_sc_hd__and4_2)
     2    0.012195    0.046963    0.172093    0.625102 v _332_/X (sky130_fd_sc_hd__and4_2)
                                                         _142_ (net)
                      0.046963    0.000000    0.625102 v _336_/B (sky130_fd_sc_hd__xnor2_2)
     1    0.004622    0.091556    0.091536    0.716638 ^ _336_/Y (sky130_fd_sc_hd__xnor2_2)
                                                         _145_ (net)
                      0.091556    0.000000    0.716638 ^ _337_/A (sky130_fd_sc_hd__nor2_2)
     1    0.002059    0.024757    0.022668    0.739305 v _337_/Y (sky130_fd_sc_hd__nor2_2)
                                                         _017_ (net)
                      0.024757    0.000000    0.739305 v _371_/D (sky130_fd_sc_hd__dfrtp_2)
                                              0.739305   data arrival time

                      0.000000   10.000000   10.000000   clock core_clock (rise edge)
                                  0.000000   10.000000   clock network delay (ideal)
                                  0.000000   10.000000   clock reconvergence pessimism
                                             10.000000 ^ _371_/CLK (sky130_fd_sc_hd__dfrtp_2)
                                 -0.074155    9.925845   library setup time
                                              9.925845   data required time
---------------------------------------------------------------------------------------------
                                              9.925845   data required time
                                             -0.739305   data arrival time
---------------------------------------------------------------------------------------------
                                              9.186540   slack (MET)


Startpoint: _356_ (rising edge-triggered flip-flop clocked by core_clock)
Endpoint: _356_ (rising edge-triggered flip-flop clocked by core_clock)
Path Group: core_clock
Path Type: max

Fanout         Cap        Slew       Delay        Time   Description
---------------------------------------------------------------------------------------------
                      0.000000    0.000000    0.000000   clock core_clock (rise edge)
                                  0.000000    0.000000   clock network delay (ideal)
                      0.000000    0.000000    0.000000 ^ _356_/CLK (sky130_fd_sc_hd__dfrtp_2)
     2    0.002268    0.026591    0.224380    0.224380 v _356_/Q (sky130_fd_sc_hd__dfrtp_2)
                                                         DATA_OUT_Rx[1] (net)
                      0.026591    0.000000    0.224380 v _293_/B1 (sky130_fd_sc_hd__a31o_2)
     1    0.001549    0.025099    0.072118    0.296498 v _293_/X (sky130_fd_sc_hd__a31o_2)
                                                         _113_ (net)
                      0.025099    0.000000    0.296498 v _295_/B (sky130_fd_sc_hd__and3_2)
     1    0.002059    0.026296    0.111377    0.407875 v _295_/X (sky130_fd_sc_hd__and3_2)
                                                         _006_ (net)
                      0.026296    0.000000    0.407875 v _356_/D (sky130_fd_sc_hd__dfrtp_2)
                                              0.407875   data arrival time

                      0.000000   10.000000   10.000000   clock core_clock (rise edge)
                                  0.000000   10.000000   clock network delay (ideal)
                                  0.000000   10.000000   clock reconvergence pessimism
                                             10.000000 ^ _356_/CLK (sky130_fd_sc_hd__dfrtp_2)
                                 -0.074705    9.925296   library setup time
                                              9.925296   data required time
---------------------------------------------------------------------------------------------
                                              9.925296   data required time
                                             -0.407875   data arrival time
---------------------------------------------------------------------------------------------
                                              9.517420   slack (MET)


Startpoint: _354_ (rising edge-triggered flip-flop clocked by core_clock)
Endpoint: _354_ (rising edge-triggered flip-flop clocked by core_clock)
Path Group: core_clock
Path Type: max

Fanout         Cap        Slew       Delay        Time   Description
---------------------------------------------------------------------------------------------
                      0.000000    0.000000    0.000000   clock core_clock (rise edge)
                                  0.000000    0.000000   clock network delay (ideal)
                      0.000000    0.000000    0.000000 ^ _354_/CLK (sky130_fd_sc_hd__dfrtp_2)
     2    0.002301    0.026677    0.224498    0.224498 v _354_/Q (sky130_fd_sc_hd__dfrtp_2)
                                                         DATA_OUT_Rx[4] (net)
                      0.026677    0.000000    0.224498 v _289_/A1 (sky130_fd_sc_hd__o211a_2)
     1    0.002059    0.028747    0.149775    0.374273 v _289_/X (sky130_fd_sc_hd__o211a_2)
                                                         _004_ (net)
                      0.028747    0.000000    0.374273 v _354_/D (sky130_fd_sc_hd__dfrtp_2)
                                              0.374273   data arrival time

                      0.000000   10.000000   10.000000   clock core_clock (rise edge)
                                  0.000000   10.000000   clock network delay (ideal)
                                  0.000000   10.000000   clock reconvergence pessimism
                                             10.000000 ^ _354_/CLK (sky130_fd_sc_hd__dfrtp_2)
                                 -0.075581    9.924418   library setup time
                                              9.924418   data required time
---------------------------------------------------------------------------------------------
                                              9.924418   data required time
                                             -0.374273   data arrival time
---------------------------------------------------------------------------------------------
                                              9.550146   slack (MET)


Startpoint: _375_ (rising edge-triggered flip-flop clocked by core_clock)
Endpoint: _375_ (rising edge-triggered flip-flop clocked by core_clock)
Path Group: core_clock
Path Type: max

Fanout         Cap        Slew       Delay        Time   Description
---------------------------------------------------------------------------------------------
                      0.000000    0.000000    0.000000   clock core_clock (rise edge)
                                  0.000000    0.000000   clock network delay (ideal)
                      0.000000    0.000000    0.000000 ^ _375_/CLK (sky130_fd_sc_hd__dfrtp_2)
     2    0.002301    0.026677    0.224498    0.224498 v _375_/Q (sky130_fd_sc_hd__dfrtp_2)
                                                         DATA_OUT_Rx[3] (net)
                      0.026677    0.000000    0.224498 v _345_/A1 (sky130_fd_sc_hd__o211a_2)
     1    0.002059    0.028747    0.149775    0.374273 v _345_/X (sky130_fd_sc_hd__o211a_2)
                                                         _021_ (net)
                      0.028747    0.000000    0.374273 v _375_/D (sky130_fd_sc_hd__dfrtp_2)
                                              0.374273   data arrival time

                      0.000000   10.000000   10.000000   clock core_clock (rise edge)
                                  0.000000   10.000000   clock network delay (ideal)
                                  0.000000   10.000000   clock reconvergence pessimism
                                             10.000000 ^ _375_/CLK (sky130_fd_sc_hd__dfrtp_2)
                                 -0.075581    9.924418   library setup time
                                              9.924418   data required time
---------------------------------------------------------------------------------------------
                                              9.924418   data required time
                                             -0.374273   data arrival time
---------------------------------------------------------------------------------------------
                                              9.550146   slack (MET)


Startpoint: _353_ (rising edge-triggered flip-flop clocked by core_clock)
Endpoint: _353_ (rising edge-triggered flip-flop clocked by core_clock)
Path Group: core_clock
Path Type: max

Fanout         Cap        Slew       Delay        Time   Description
---------------------------------------------------------------------------------------------
                      0.000000    0.000000    0.000000   clock core_clock (rise edge)
                                  0.000000    0.000000   clock network delay (ideal)
                      0.000000    0.000000    0.000000 ^ _353_/CLK (sky130_fd_sc_hd__dfrtp_2)
     2    0.002301    0.026677    0.224498    0.224498 v _353_/Q (sky130_fd_sc_hd__dfrtp_2)
                                                         DATA_OUT_Rx[5] (net)
                      0.026677    0.000000    0.224498 v _286_/A1 (sky130_fd_sc_hd__o211a_2)
     1    0.002059    0.028696    0.149775    0.374273 v _286_/X (sky130_fd_sc_hd__o211a_2)
                                                         _003_ (net)
                      0.028696    0.000000    0.374273 v _353_/D (sky130_fd_sc_hd__dfrtp_2)
                                              0.374273   data arrival time

                      0.000000   10.000000   10.000000   clock core_clock (rise edge)
                                  0.000000   10.000000   clock network delay (ideal)
                                  0.000000   10.000000   clock reconvergence pessimism
                                             10.000000 ^ _353_/CLK (sky130_fd_sc_hd__dfrtp_2)
                                 -0.075563    9.924438   library setup time
                                              9.924438   data required time
---------------------------------------------------------------------------------------------
                                              9.924438   data required time
                                             -0.374273   data arrival time
---------------------------------------------------------------------------------------------
                                              9.550164   slack (MET)


Startpoint: _374_ (rising edge-triggered flip-flop clocked by core_clock)
Endpoint: _374_ (rising edge-triggered flip-flop clocked by core_clock)
Path Group: core_clock
Path Type: max

Fanout         Cap        Slew       Delay        Time   Description
---------------------------------------------------------------------------------------------
                      0.000000    0.000000    0.000000   clock core_clock (rise edge)
                                  0.000000    0.000000   clock network delay (ideal)
                      0.000000    0.000000    0.000000 ^ _374_/CLK (sky130_fd_sc_hd__dfrtp_2)
     2    0.002301    0.026677    0.224498    0.224498 v _374_/Q (sky130_fd_sc_hd__dfrtp_2)
                                                         DATA_OUT_Rx[2] (net)
                      0.026677    0.000000    0.224498 v _342_/A1 (sky130_fd_sc_hd__o211a_2)
     1    0.002059    0.028620    0.149775    0.374273 v _342_/X (sky130_fd_sc_hd__o211a_2)
                                                         _020_ (net)
                      0.028620    0.000000    0.374273 v _374_/D (sky130_fd_sc_hd__dfrtp_2)
                                              0.374273   data arrival time

                      0.000000   10.000000   10.000000   clock core_clock (rise edge)
                                  0.000000   10.000000   clock network delay (ideal)
                                  0.000000   10.000000   clock reconvergence pessimism
                                             10.000000 ^ _374_/CLK (sky130_fd_sc_hd__dfrtp_2)
                                 -0.075536    9.924464   library setup time
                                              9.924464   data required time
---------------------------------------------------------------------------------------------
                                              9.924464   data required time
                                             -0.374273   data arrival time
---------------------------------------------------------------------------------------------
                                              9.550191   slack (MET)


Startpoint: _355_ (rising edge-triggered flip-flop clocked by core_clock)
Endpoint: _355_ (rising edge-triggered flip-flop clocked by core_clock)
Path Group: core_clock
Path Type: max

Fanout         Cap        Slew       Delay        Time   Description
---------------------------------------------------------------------------------------------
                      0.000000    0.000000    0.000000   clock core_clock (rise edge)
                                  0.000000    0.000000   clock network delay (ideal)
                      0.000000    0.000000    0.000000 ^ _355_/CLK (sky130_fd_sc_hd__dfstp_2)
     2    0.002258    0.014874    0.209592    0.209592 v _355_/Q (sky130_fd_sc_hd__dfstp_2)
                                                         DATA_OUT_Rx[0] (net)
                      0.014874    0.000000    0.209592 v _292_/A1 (sky130_fd_sc_hd__a211o_2)
     1    0.002259    0.032104    0.166911    0.376503 v _292_/X (sky130_fd_sc_hd__a211o_2)
                                                         _005_ (net)
                      0.032104    0.000000    0.376503 v _355_/D (sky130_fd_sc_hd__dfstp_2)
                                              0.376503   data arrival time

                      0.000000   10.000000   10.000000   clock core_clock (rise edge)
                                  0.000000   10.000000   clock network delay (ideal)
                                  0.000000   10.000000   clock reconvergence pessimism
                                             10.000000 ^ _355_/CLK (sky130_fd_sc_hd__dfstp_2)
                                 -0.050973    9.949028   library setup time
                                              9.949028   data required time
---------------------------------------------------------------------------------------------
                                              9.949028   data required time
                                             -0.376503   data arrival time
---------------------------------------------------------------------------------------------
                                              9.572524   slack (MET)


Startpoint: _351_ (rising edge-triggered flip-flop clocked by core_clock)
Endpoint: _351_ (rising edge-triggered flip-flop clocked by core_clock)
Path Group: core_clock
Path Type: max

Fanout         Cap        Slew       Delay        Time   Description
---------------------------------------------------------------------------------------------
                      0.000000    0.000000    0.000000   clock core_clock (rise edge)
                                  0.000000    0.000000   clock network delay (ideal)
                      0.000000    0.000000    0.000000 ^ _351_/CLK (sky130_fd_sc_hd__dfrtp_2)
     2    0.002373    0.026864    0.224754    0.224754 v _351_/Q (sky130_fd_sc_hd__dfrtp_2)
                                                         DATA_OUT_Rx[7] (net)
                      0.026864    0.000000    0.224754 v _281_/B2 (sky130_fd_sc_hd__a32o_2)
     1    0.002059    0.023051    0.087481    0.312235 v _281_/X (sky130_fd_sc_hd__a32o_2)
                                                         _001_ (net)
                      0.023051    0.000000    0.312235 v _351_/D (sky130_fd_sc_hd__dfrtp_2)
                                              0.312235   data arrival time

                      0.000000   10.000000   10.000000   clock core_clock (rise edge)
                                  0.000000   10.000000   clock network delay (ideal)
                                  0.000000   10.000000   clock reconvergence pessimism
                                             10.000000 ^ _351_/CLK (sky130_fd_sc_hd__dfrtp_2)
                                 -0.073544    9.926456   library setup time
                                              9.926456   data required time
---------------------------------------------------------------------------------------------
                                              9.926456   data required time
                                             -0.312235   data arrival time
---------------------------------------------------------------------------------------------
                                              9.614222   slack (MET)


Startpoint: _352_ (rising edge-triggered flip-flop clocked by core_clock)
Endpoint: _352_ (rising edge-triggered flip-flop clocked by core_clock)
Path Group: core_clock
Path Type: max

Fanout         Cap        Slew       Delay        Time   Description
---------------------------------------------------------------------------------------------
                      0.000000    0.000000    0.000000   clock core_clock (rise edge)
                                  0.000000    0.000000   clock network delay (ideal)
                      0.000000    0.000000    0.000000 ^ _352_/CLK (sky130_fd_sc_hd__dfrtp_2)
     2    0.002373    0.026864    0.224754    0.224754 v _352_/Q (sky130_fd_sc_hd__dfrtp_2)
                                                         DATA_OUT_Rx[6] (net)
                      0.026864    0.000000    0.224754 v _283_/B2 (sky130_fd_sc_hd__a32o_2)
     1    0.002059    0.023010    0.087481    0.312235 v _283_/X (sky130_fd_sc_hd__a32o_2)
                                                         _002_ (net)
                      0.023010    0.000000    0.312235 v _352_/D (sky130_fd_sc_hd__dfrtp_2)
                                              0.312235   data arrival time

                      0.000000   10.000000   10.000000   clock core_clock (rise edge)
                                  0.000000   10.000000   clock network delay (ideal)
                                  0.000000   10.000000   clock reconvergence pessimism
                                             10.000000 ^ _352_/CLK (sky130_fd_sc_hd__dfrtp_2)
                                 -0.073530    9.926471   library setup time
                                              9.926471   data required time
---------------------------------------------------------------------------------------------
                                              9.926471   data required time
                                             -0.312235   data arrival time
---------------------------------------------------------------------------------------------
                                              9.614236   slack (MET)


Startpoint: _372_ (rising edge-triggered flip-flop clocked by core_clock)
Endpoint: _372_ (rising edge-triggered flip-flop clocked by core_clock)
Path Group: core_clock
Path Type: max

Fanout         Cap        Slew       Delay        Time   Description
---------------------------------------------------------------------------------------------
                      0.000000    0.000000    0.000000   clock core_clock (rise edge)
                                  0.000000    0.000000   clock network delay (ideal)
                      0.000000    0.000000    0.000000 ^ _372_/CLK (sky130_fd_sc_hd__dfrtp_2)
     3    0.003987    0.031060    0.230500    0.230500 v _372_/Q (sky130_fd_sc_hd__dfrtp_2)
                                                         IRQ_Rx (net)
                      0.031060    0.000000    0.230500 v _338_/B1 (sky130_fd_sc_hd__a31o_2)
     1    0.002059    0.026341    0.075248    0.305748 v _338_/X (sky130_fd_sc_hd__a31o_2)
                                                         _018_ (net)
                      0.026341    0.000000    0.305748 v _372_/D (sky130_fd_sc_hd__dfrtp_2)
                                              0.305748   data arrival time

                      0.000000   10.000000   10.000000   clock core_clock (rise edge)
                                  0.000000   10.000000   clock network delay (ideal)
                                  0.000000   10.000000   clock reconvergence pessimism
                                             10.000000 ^ _372_/CLK (sky130_fd_sc_hd__dfrtp_2)
                                 -0.074721    9.925280   library setup time
                                              9.925280   data required time
---------------------------------------------------------------------------------------------
                                              9.925280   data required time
                                             -0.305748   data arrival time
---------------------------------------------------------------------------------------------
                                              9.619533   slack (MET)



