Reading OpenROAD database at '/foss/designs/uart/runs/RUN_2024-11-22_04-19-23/18-openroad-generatepdn/uart.odb'…
Reading library file at '/foss/pdks/sky130A/libs.ref/sky130_fd_sc_hd/lib/sky130_fd_sc_hd__tt_025C_1v80.lib'…
Reading design constraints file at '/foss/designs/uart/src/constrains.sdc'…
{*}-density 0.577138 -skip_io -pad_right 0 -pad_left 0 -init_wirelength_coef 0.25
[INFO GPL-0002] DBU: 1000
[INFO GPL-0003] SiteSize: 460 2720
[INFO GPL-0004] CoreAreaLxLy: 5520 10880
[INFO GPL-0005] CoreAreaUxUy: 80040 84320
[INFO GPL-0006] NumInstances: 337
[INFO GPL-0007] NumPlaceInstances: 211
[INFO GPL-0008] NumFixedInstances: 126
[INFO GPL-0009] NumDummyInstances: 0
[INFO GPL-0010] NumNets: 230
[INFO GPL-0011] NumPins: 865
[INFO GPL-0012] DieAreaLxLy: 0 0
[INFO GPL-0013] DieAreaUxUy: 85835 96555
[INFO GPL-0014] CoreAreaLxLy: 5520 10880
[INFO GPL-0015] CoreAreaUxUy: 80040 84320
[INFO GPL-0016] CoreArea: 5472748800
[INFO GPL-0017] NonPlaceInstsArea: 292780800
[INFO GPL-0018] PlaceInstsArea: 2521168000
[INFO GPL-0019] Util(%): 48.67
[INFO GPL-0020] StdInstsArea: 2521168000
[INFO GPL-0021] MacroInstsArea: 0
[INFO GPL-0031] FillerInit: NumGCells: 251
[INFO GPL-0032] FillerInit: NumGNets: 230
[INFO GPL-0033] FillerInit: NumGPins: 865
[INFO GPL-0023] TargetDensity: 0.58
[INFO GPL-0024] AveragePlaceInstArea: 11948663
[INFO GPL-0025] IdealBinArea: 20703302
[INFO GPL-0026] IdealBinCnt: 264
[INFO GPL-0027] TotalBinArea: 5472748800
[INFO GPL-0028] BinCnt: 16 16
[INFO GPL-0029] BinSize: 4658 4590
[INFO GPL-0030] NumBins: 256
[NesterovSolve] Iter: 1 overflow: 0.963816 HPWL: 620224
[NesterovSolve] Iter: 10 overflow: 0.961081 HPWL: 492750
[NesterovSolve] Iter: 20 overflow: 0.961081 HPWL: 489862
[NesterovSolve] Iter: 30 overflow: 0.961081 HPWL: 489531
[NesterovSolve] Iter: 40 overflow: 0.961081 HPWL: 489458
[NesterovSolve] Iter: 50 overflow: 0.961081 HPWL: 489443
[NesterovSolve] Iter: 60 overflow: 0.961081 HPWL: 489749
[NesterovSolve] Iter: 70 overflow: 0.961081 HPWL: 490441
[NesterovSolve] Iter: 80 overflow: 0.961081 HPWL: 491539
[NesterovSolve] Iter: 90 overflow: 0.961081 HPWL: 493313
[NesterovSolve] Iter: 100 overflow: 0.961081 HPWL: 495935
[NesterovSolve] Iter: 110 overflow: 0.961081 HPWL: 500261
[NesterovSolve] Iter: 120 overflow: 0.957992 HPWL: 510685
[NesterovSolve] Iter: 130 overflow: 0.943703 HPWL: 531335
[NesterovSolve] Iter: 140 overflow: 0.915501 HPWL: 557348
[NesterovSolve] Iter: 150 overflow: 0.902322 HPWL: 586427
[NesterovSolve] Iter: 160 overflow: 0.877598 HPWL: 637191
[NesterovSolve] Iter: 170 overflow: 0.869113 HPWL: 738954
[NesterovSolve] Iter: 180 overflow: 0.8298 HPWL: 863102
[NesterovSolve] Iter: 190 overflow: 0.817659 HPWL: 964517
[NesterovSolve] Iter: 200 overflow: 0.783353 HPWL: 1098285
[NesterovSolve] Iter: 210 overflow: 0.761997 HPWL: 1242734
[NesterovSolve] Iter: 220 overflow: 0.717684 HPWL: 1374279
[NesterovSolve] Iter: 230 overflow: 0.675673 HPWL: 1517375
[NesterovSolve] Iter: 240 overflow: 0.632938 HPWL: 1674229
[NesterovSolve] Iter: 250 overflow: 0.581964 HPWL: 1800796
[NesterovSolve] Iter: 260 overflow: 0.531727 HPWL: 1925143
[NesterovSolve] Iter: 270 overflow: 0.484903 HPWL: 2052740
[NesterovSolve] Iter: 280 overflow: 0.435825 HPWL: 2190636
[NesterovSolve] Iter: 290 overflow: 0.38487 HPWL: 2283661
[NesterovSolve] Iter: 300 overflow: 0.333694 HPWL: 2374429
[NesterovSolve] Iter: 310 overflow: 0.294881 HPWL: 2456339
[NesterovSolve] Iter: 320 overflow: 0.259092 HPWL: 2535162
[NesterovSolve] Iter: 330 overflow: 0.227104 HPWL: 2614814
[NesterovSolve] Iter: 340 overflow: 0.194749 HPWL: 2671888
[NesterovSolve] Iter: 350 overflow: 0.154975 HPWL: 2739911
[NesterovSolve] Iter: 360 overflow: 0.124227 HPWL: 2776062
[NesterovSolve] Iter: 370 overflow: 0.0998686 HPWL: 2817772
[NesterovSolve] Finished with Overflow: 0.099869
[INFO] Setting RC values…
Setting global connections for newly added cells…
[INFO] Setting global connections...
Writing OpenROAD database to '/foss/designs/uart/runs/RUN_2024-11-22_04-19-23/21-openroad-globalplacementskipio/uart.odb'…
Writing netlist to '/foss/designs/uart/runs/RUN_2024-11-22_04-19-23/21-openroad-globalplacementskipio/uart.nl.v'…
Writing powered netlist to '/foss/designs/uart/runs/RUN_2024-11-22_04-19-23/21-openroad-globalplacementskipio/uart.pnl.v'…
Writing layout to '/foss/designs/uart/runs/RUN_2024-11-22_04-19-23/21-openroad-globalplacementskipio/uart.def'…
Writing timing constraints to '/foss/designs/uart/runs/RUN_2024-11-22_04-19-23/21-openroad-globalplacementskipio/uart.sdc'…
