
===========================================================================
report_checks -path_delay min (Hold)
============================================================================
======================= min_ff_n40C_1v95 Corner ===================================

Startpoint: _372_ (rising edge-triggered flip-flop clocked by core_clock)
Endpoint: _372_ (rising edge-triggered flip-flop clocked by core_clock)
Path Group: core_clock
Path Type: min

Fanout         Cap        Slew       Delay        Time   Description
---------------------------------------------------------------------------------------------
                                  0.000000    0.000000   clock core_clock (rise edge)
                                  0.000000    0.000000   clock source latency
     1    0.016314    0.000000    0.000000    0.000000 ^ clk_CPU (in)
                                                         clk_CPU (net)
                      0.000530    0.000265    0.000265 ^ clkbuf_0_clk_CPU/A (sky130_fd_sc_hd__clkbuf_16)
     2    0.019053    0.030493    0.075473    0.075738 ^ clkbuf_0_clk_CPU/X (sky130_fd_sc_hd__clkbuf_16)
                                                         clknet_0_clk_CPU (net)
                      0.030494    0.000289    0.076027 ^ clkbuf_1_1__f_clk_CPU/A (sky130_fd_sc_hd__clkbuf_16)
    12    0.038733    0.044189    0.096108    0.172135 ^ clkbuf_1_1__f_clk_CPU/X (sky130_fd_sc_hd__clkbuf_16)
                                                         clknet_1_1__leaf_clk_CPU (net)
                      0.044208    0.000748    0.172883 ^ _372_/CLK (sky130_fd_sc_hd__dfrtp_1)
     3    0.008475    0.065212    0.228817    0.401700 ^ _372_/Q (sky130_fd_sc_hd__dfrtp_1)
                                                         net28 (net)
                      0.065212    0.000075    0.401775 ^ _338_/B1 (sky130_fd_sc_hd__a31o_1)
     1    0.002432    0.025288    0.054374    0.456149 ^ _338_/X (sky130_fd_sc_hd__a31o_1)
                                                         _018_ (net)
                      0.025288    0.000021    0.456171 ^ _372_/D (sky130_fd_sc_hd__dfrtp_1)
                                              0.456171   data arrival time

                                  0.000000    0.000000   clock core_clock (rise edge)
                                  0.000000    0.000000   clock source latency
     1    0.016314    0.000000    0.000000    0.000000 ^ clk_CPU (in)
                                                         clk_CPU (net)
                      0.000530    0.000265    0.000265 ^ clkbuf_0_clk_CPU/A (sky130_fd_sc_hd__clkbuf_16)
     2    0.019053    0.030493    0.075473    0.075738 ^ clkbuf_0_clk_CPU/X (sky130_fd_sc_hd__clkbuf_16)
                                                         clknet_0_clk_CPU (net)
                      0.030494    0.000289    0.076027 ^ clkbuf_1_1__f_clk_CPU/A (sky130_fd_sc_hd__clkbuf_16)
    12    0.038733    0.044189    0.096108    0.172135 ^ clkbuf_1_1__f_clk_CPU/X (sky130_fd_sc_hd__clkbuf_16)
                                                         clknet_1_1__leaf_clk_CPU (net)
                      0.044208    0.000748    0.172883 ^ _372_/CLK (sky130_fd_sc_hd__dfrtp_1)
                                  0.000000    0.172883   clock reconvergence pessimism
                                 -0.019011    0.153872   library hold time
                                              0.153872   data required time
---------------------------------------------------------------------------------------------
                                              0.153872   data required time
                                             -0.456171   data arrival time
---------------------------------------------------------------------------------------------
                                              0.302299   slack (MET)


Startpoint: _352_ (rising edge-triggered flip-flop clocked by core_clock)
Endpoint: _352_ (rising edge-triggered flip-flop clocked by core_clock)
Path Group: core_clock
Path Type: min

Fanout         Cap        Slew       Delay        Time   Description
---------------------------------------------------------------------------------------------
                                  0.000000    0.000000   clock core_clock (rise edge)
                                  0.000000    0.000000   clock source latency
     1    0.016314    0.000000    0.000000    0.000000 ^ clk_CPU (in)
                                                         clk_CPU (net)
                      0.000530    0.000265    0.000265 ^ clkbuf_0_clk_CPU/A (sky130_fd_sc_hd__clkbuf_16)
     2    0.019053    0.030493    0.075473    0.075738 ^ clkbuf_0_clk_CPU/X (sky130_fd_sc_hd__clkbuf_16)
                                                         clknet_0_clk_CPU (net)
                      0.030494    0.000289    0.076027 ^ clkbuf_1_1__f_clk_CPU/A (sky130_fd_sc_hd__clkbuf_16)
    12    0.038733    0.044189    0.096108    0.172135 ^ clkbuf_1_1__f_clk_CPU/X (sky130_fd_sc_hd__clkbuf_16)
                                                         clknet_1_1__leaf_clk_CPU (net)
                      0.044215    0.000863    0.172998 ^ _352_/CLK (sky130_fd_sc_hd__dfrtp_1)
     2    0.009476    0.071322    0.233625    0.406622 ^ _352_/Q (sky130_fd_sc_hd__dfrtp_1)
                                                         net25 (net)
                      0.071322    0.000069    0.406691 ^ _283_/B2 (sky130_fd_sc_hd__a32o_1)
     1    0.002889    0.031250    0.071013    0.477704 ^ _283_/X (sky130_fd_sc_hd__a32o_1)
                                                         _002_ (net)
                      0.031250    0.000031    0.477735 ^ _352_/D (sky130_fd_sc_hd__dfrtp_1)
                                              0.477735   data arrival time

                                  0.000000    0.000000   clock core_clock (rise edge)
                                  0.000000    0.000000   clock source latency
     1    0.016314    0.000000    0.000000    0.000000 ^ clk_CPU (in)
                                                         clk_CPU (net)
                      0.000530    0.000265    0.000265 ^ clkbuf_0_clk_CPU/A (sky130_fd_sc_hd__clkbuf_16)
     2    0.019053    0.030493    0.075473    0.075738 ^ clkbuf_0_clk_CPU/X (sky130_fd_sc_hd__clkbuf_16)
                                                         clknet_0_clk_CPU (net)
                      0.030494    0.000289    0.076027 ^ clkbuf_1_1__f_clk_CPU/A (sky130_fd_sc_hd__clkbuf_16)
    12    0.038733    0.044189    0.096108    0.172135 ^ clkbuf_1_1__f_clk_CPU/X (sky130_fd_sc_hd__clkbuf_16)
                                                         clknet_1_1__leaf_clk_CPU (net)
                      0.044215    0.000863    0.172998 ^ _352_/CLK (sky130_fd_sc_hd__dfrtp_1)
                                  0.000000    0.172998   clock reconvergence pessimism
                                 -0.019461    0.153537   library hold time
                                              0.153537   data required time
---------------------------------------------------------------------------------------------
                                              0.153537   data required time
                                             -0.477735   data arrival time
---------------------------------------------------------------------------------------------
                                              0.324198   slack (MET)


Startpoint: _354_ (rising edge-triggered flip-flop clocked by core_clock)
Endpoint: _354_ (rising edge-triggered flip-flop clocked by core_clock)
Path Group: core_clock
Path Type: min

Fanout         Cap        Slew       Delay        Time   Description
---------------------------------------------------------------------------------------------
                                  0.000000    0.000000   clock core_clock (rise edge)
                                  0.000000    0.000000   clock source latency
     1    0.016314    0.000000    0.000000    0.000000 ^ clk_CPU (in)
                                                         clk_CPU (net)
                      0.000530    0.000265    0.000265 ^ clkbuf_0_clk_CPU/A (sky130_fd_sc_hd__clkbuf_16)
     2    0.019053    0.030493    0.075473    0.075738 ^ clkbuf_0_clk_CPU/X (sky130_fd_sc_hd__clkbuf_16)
                                                         clknet_0_clk_CPU (net)
                      0.030494    0.000289    0.076027 ^ clkbuf_1_1__f_clk_CPU/A (sky130_fd_sc_hd__clkbuf_16)
    12    0.038733    0.044189    0.096108    0.172135 ^ clkbuf_1_1__f_clk_CPU/X (sky130_fd_sc_hd__clkbuf_16)
                                                         clknet_1_1__leaf_clk_CPU (net)
                      0.044208    0.000746    0.172881 ^ _354_/CLK (sky130_fd_sc_hd__dfrtp_1)
     2    0.006291    0.051996    0.218319    0.391200 ^ _354_/Q (sky130_fd_sc_hd__dfrtp_1)
                                                         net23 (net)
                      0.051996    0.000050    0.391250 ^ _289_/A1 (sky130_fd_sc_hd__o211a_1)
     1    0.002365    0.024701    0.087369    0.478619 ^ _289_/X (sky130_fd_sc_hd__o211a_1)
                                                         _004_ (net)
                      0.024701    0.000020    0.478639 ^ _354_/D (sky130_fd_sc_hd__dfrtp_1)
                                              0.478639   data arrival time

                                  0.000000    0.000000   clock core_clock (rise edge)
                                  0.000000    0.000000   clock source latency
     1    0.016314    0.000000    0.000000    0.000000 ^ clk_CPU (in)
                                                         clk_CPU (net)
                      0.000530    0.000265    0.000265 ^ clkbuf_0_clk_CPU/A (sky130_fd_sc_hd__clkbuf_16)
     2    0.019053    0.030493    0.075473    0.075738 ^ clkbuf_0_clk_CPU/X (sky130_fd_sc_hd__clkbuf_16)
                                                         clknet_0_clk_CPU (net)
                      0.030494    0.000289    0.076027 ^ clkbuf_1_1__f_clk_CPU/A (sky130_fd_sc_hd__clkbuf_16)
    12    0.038733    0.044189    0.096108    0.172135 ^ clkbuf_1_1__f_clk_CPU/X (sky130_fd_sc_hd__clkbuf_16)
                                                         clknet_1_1__leaf_clk_CPU (net)
                      0.044208    0.000746    0.172881 ^ _354_/CLK (sky130_fd_sc_hd__dfrtp_1)
                                  0.000000    0.172881   clock reconvergence pessimism
                                 -0.018967    0.153914   library hold time
                                              0.153914   data required time
---------------------------------------------------------------------------------------------
                                              0.153914   data required time
                                             -0.478639   data arrival time
---------------------------------------------------------------------------------------------
                                              0.324725   slack (MET)


Startpoint: _353_ (rising edge-triggered flip-flop clocked by core_clock)
Endpoint: _353_ (rising edge-triggered flip-flop clocked by core_clock)
Path Group: core_clock
Path Type: min

Fanout         Cap        Slew       Delay        Time   Description
---------------------------------------------------------------------------------------------
                                  0.000000    0.000000   clock core_clock (rise edge)
                                  0.000000    0.000000   clock source latency
     1    0.016314    0.000000    0.000000    0.000000 ^ clk_CPU (in)
                                                         clk_CPU (net)
                      0.000530    0.000265    0.000265 ^ clkbuf_0_clk_CPU/A (sky130_fd_sc_hd__clkbuf_16)
     2    0.019053    0.030493    0.075473    0.075738 ^ clkbuf_0_clk_CPU/X (sky130_fd_sc_hd__clkbuf_16)
                                                         clknet_0_clk_CPU (net)
                      0.030494    0.000289    0.076027 ^ clkbuf_1_1__f_clk_CPU/A (sky130_fd_sc_hd__clkbuf_16)
    12    0.038733    0.044189    0.096108    0.172135 ^ clkbuf_1_1__f_clk_CPU/X (sky130_fd_sc_hd__clkbuf_16)
                                                         clknet_1_1__leaf_clk_CPU (net)
                      0.044211    0.000798    0.172932 ^ _353_/CLK (sky130_fd_sc_hd__dfrtp_1)
     2    0.006953    0.055981    0.221496    0.394429 ^ _353_/Q (sky130_fd_sc_hd__dfrtp_1)
                                                         net24 (net)
                      0.055981    0.000070    0.394499 ^ _286_/A1 (sky130_fd_sc_hd__o211a_1)
     1    0.002438    0.025189    0.088399    0.482897 ^ _286_/X (sky130_fd_sc_hd__o211a_1)
                                                         _003_ (net)
                      0.025189    0.000022    0.482919 ^ _353_/D (sky130_fd_sc_hd__dfrtp_1)
                                              0.482919   data arrival time

                                  0.000000    0.000000   clock core_clock (rise edge)
                                  0.000000    0.000000   clock source latency
     1    0.016314    0.000000    0.000000    0.000000 ^ clk_CPU (in)
                                                         clk_CPU (net)
                      0.000530    0.000265    0.000265 ^ clkbuf_0_clk_CPU/A (sky130_fd_sc_hd__clkbuf_16)
     2    0.019053    0.030493    0.075473    0.075738 ^ clkbuf_0_clk_CPU/X (sky130_fd_sc_hd__clkbuf_16)
                                                         clknet_0_clk_CPU (net)
                      0.030494    0.000289    0.076027 ^ clkbuf_1_1__f_clk_CPU/A (sky130_fd_sc_hd__clkbuf_16)
    12    0.038733    0.044189    0.096108    0.172135 ^ clkbuf_1_1__f_clk_CPU/X (sky130_fd_sc_hd__clkbuf_16)
                                                         clknet_1_1__leaf_clk_CPU (net)
                      0.044211    0.000798    0.172932 ^ _353_/CLK (sky130_fd_sc_hd__dfrtp_1)
                                  0.000000    0.172932   clock reconvergence pessimism
                                 -0.019004    0.153929   library hold time
                                              0.153929   data required time
---------------------------------------------------------------------------------------------
                                              0.153929   data required time
                                             -0.482919   data arrival time
---------------------------------------------------------------------------------------------
                                              0.328990   slack (MET)


Startpoint: _374_ (rising edge-triggered flip-flop clocked by core_clock)
Endpoint: _374_ (rising edge-triggered flip-flop clocked by core_clock)
Path Group: core_clock
Path Type: min

Fanout         Cap        Slew       Delay        Time   Description
---------------------------------------------------------------------------------------------
                                  0.000000    0.000000   clock core_clock (rise edge)
                                  0.000000    0.000000   clock source latency
     1    0.016314    0.000000    0.000000    0.000000 ^ clk_CPU (in)
                                                         clk_CPU (net)
                      0.000530    0.000265    0.000265 ^ clkbuf_0_clk_CPU/A (sky130_fd_sc_hd__clkbuf_16)
     2    0.019053    0.030493    0.075473    0.075738 ^ clkbuf_0_clk_CPU/X (sky130_fd_sc_hd__clkbuf_16)
                                                         clknet_0_clk_CPU (net)
                      0.030494    0.000289    0.076027 ^ clkbuf_1_1__f_clk_CPU/A (sky130_fd_sc_hd__clkbuf_16)
    12    0.038733    0.044189    0.096108    0.172135 ^ clkbuf_1_1__f_clk_CPU/X (sky130_fd_sc_hd__clkbuf_16)
                                                         clknet_1_1__leaf_clk_CPU (net)
                      0.044203    0.000645    0.172780 ^ _374_/CLK (sky130_fd_sc_hd__dfrtp_1)
     2    0.006661    0.054219    0.220084    0.392864 ^ _374_/Q (sky130_fd_sc_hd__dfrtp_1)
                                                         net21 (net)
                      0.054219    0.000063    0.392927 ^ _342_/A1 (sky130_fd_sc_hd__o211a_1)
     1    0.002801    0.027053    0.090063    0.482990 ^ _342_/X (sky130_fd_sc_hd__o211a_1)
                                                         _020_ (net)
                      0.027053    0.000028    0.483018 ^ _374_/D (sky130_fd_sc_hd__dfrtp_1)
                                              0.483018   data arrival time

                                  0.000000    0.000000   clock core_clock (rise edge)
                                  0.000000    0.000000   clock source latency
     1    0.016314    0.000000    0.000000    0.000000 ^ clk_CPU (in)
                                                         clk_CPU (net)
                      0.000530    0.000265    0.000265 ^ clkbuf_0_clk_CPU/A (sky130_fd_sc_hd__clkbuf_16)
     2    0.019053    0.030493    0.075473    0.075738 ^ clkbuf_0_clk_CPU/X (sky130_fd_sc_hd__clkbuf_16)
                                                         clknet_0_clk_CPU (net)
                      0.030494    0.000289    0.076027 ^ clkbuf_1_1__f_clk_CPU/A (sky130_fd_sc_hd__clkbuf_16)
    12    0.038733    0.044189    0.096108    0.172135 ^ clkbuf_1_1__f_clk_CPU/X (sky130_fd_sc_hd__clkbuf_16)
                                                         clknet_1_1__leaf_clk_CPU (net)
                      0.044203    0.000645    0.172780 ^ _374_/CLK (sky130_fd_sc_hd__dfrtp_1)
                                  0.000000    0.172780   clock reconvergence pessimism
                                 -0.019144    0.153636   library hold time
                                              0.153636   data required time
---------------------------------------------------------------------------------------------
                                              0.153636   data required time
                                             -0.483018   data arrival time
---------------------------------------------------------------------------------------------
                                              0.329382   slack (MET)


Startpoint: _375_ (rising edge-triggered flip-flop clocked by core_clock)
Endpoint: _375_ (rising edge-triggered flip-flop clocked by core_clock)
Path Group: core_clock
Path Type: min

Fanout         Cap        Slew       Delay        Time   Description
---------------------------------------------------------------------------------------------
                                  0.000000    0.000000   clock core_clock (rise edge)
                                  0.000000    0.000000   clock source latency
     1    0.016314    0.000000    0.000000    0.000000 ^ clk_CPU (in)
                                                         clk_CPU (net)
                      0.000530    0.000265    0.000265 ^ clkbuf_0_clk_CPU/A (sky130_fd_sc_hd__clkbuf_16)
     2    0.019053    0.030493    0.075473    0.075738 ^ clkbuf_0_clk_CPU/X (sky130_fd_sc_hd__clkbuf_16)
                                                         clknet_0_clk_CPU (net)
                      0.030494    0.000289    0.076027 ^ clkbuf_1_1__f_clk_CPU/A (sky130_fd_sc_hd__clkbuf_16)
    12    0.038733    0.044189    0.096108    0.172135 ^ clkbuf_1_1__f_clk_CPU/X (sky130_fd_sc_hd__clkbuf_16)
                                                         clknet_1_1__leaf_clk_CPU (net)
                      0.044206    0.000701    0.172836 ^ _375_/CLK (sky130_fd_sc_hd__dfrtp_1)
     2    0.006823    0.055195    0.220869    0.393704 ^ _375_/Q (sky130_fd_sc_hd__dfrtp_1)
                                                         net22 (net)
                      0.055195    0.000072    0.393776 ^ _345_/A1 (sky130_fd_sc_hd__o211a_1)
     1    0.002913    0.027662    0.090797    0.484574 ^ _345_/X (sky130_fd_sc_hd__o211a_1)
                                                         _021_ (net)
                      0.027662    0.000031    0.484605 ^ _375_/D (sky130_fd_sc_hd__dfrtp_1)
                                              0.484605   data arrival time

                                  0.000000    0.000000   clock core_clock (rise edge)
                                  0.000000    0.000000   clock source latency
     1    0.016314    0.000000    0.000000    0.000000 ^ clk_CPU (in)
                                                         clk_CPU (net)
                      0.000530    0.000265    0.000265 ^ clkbuf_0_clk_CPU/A (sky130_fd_sc_hd__clkbuf_16)
     2    0.019053    0.030493    0.075473    0.075738 ^ clkbuf_0_clk_CPU/X (sky130_fd_sc_hd__clkbuf_16)
                                                         clknet_0_clk_CPU (net)
                      0.030494    0.000289    0.076027 ^ clkbuf_1_1__f_clk_CPU/A (sky130_fd_sc_hd__clkbuf_16)
    12    0.038733    0.044189    0.096108    0.172135 ^ clkbuf_1_1__f_clk_CPU/X (sky130_fd_sc_hd__clkbuf_16)
                                                         clknet_1_1__leaf_clk_CPU (net)
                      0.044206    0.000701    0.172836 ^ _375_/CLK (sky130_fd_sc_hd__dfrtp_1)
                                  0.000000    0.172836   clock reconvergence pessimism
                                 -0.019190    0.153645   library hold time
                                              0.153645   data required time
---------------------------------------------------------------------------------------------
                                              0.153645   data required time
                                             -0.484605   data arrival time
---------------------------------------------------------------------------------------------
                                              0.330959   slack (MET)


Startpoint: _351_ (rising edge-triggered flip-flop clocked by core_clock)
Endpoint: _351_ (rising edge-triggered flip-flop clocked by core_clock)
Path Group: core_clock
Path Type: min

Fanout         Cap        Slew       Delay        Time   Description
---------------------------------------------------------------------------------------------
                                  0.000000    0.000000   clock core_clock (rise edge)
                                  0.000000    0.000000   clock source latency
     1    0.016314    0.000000    0.000000    0.000000 ^ clk_CPU (in)
                                                         clk_CPU (net)
                      0.000530    0.000265    0.000265 ^ clkbuf_0_clk_CPU/A (sky130_fd_sc_hd__clkbuf_16)
     2    0.019053    0.030493    0.075473    0.075738 ^ clkbuf_0_clk_CPU/X (sky130_fd_sc_hd__clkbuf_16)
                                                         clknet_0_clk_CPU (net)
                      0.030494    0.000289    0.076027 ^ clkbuf_1_1__f_clk_CPU/A (sky130_fd_sc_hd__clkbuf_16)
    12    0.038733    0.044189    0.096108    0.172135 ^ clkbuf_1_1__f_clk_CPU/X (sky130_fd_sc_hd__clkbuf_16)
                                                         clknet_1_1__leaf_clk_CPU (net)
                      0.044214    0.000844    0.172979 ^ _351_/CLK (sky130_fd_sc_hd__dfrtp_1)
     2    0.010122    0.075050    0.236733    0.409712 ^ _351_/Q (sky130_fd_sc_hd__dfrtp_1)
                                                         net26 (net)
                      0.075050    0.000100    0.409812 ^ _281_/B2 (sky130_fd_sc_hd__a32o_1)
     1    0.003974    0.038700    0.077417    0.487229 ^ _281_/X (sky130_fd_sc_hd__a32o_1)
                                                         _001_ (net)
                      0.038700    0.000067    0.487296 ^ _351_/D (sky130_fd_sc_hd__dfrtp_1)
                                              0.487296   data arrival time

                                  0.000000    0.000000   clock core_clock (rise edge)
                                  0.000000    0.000000   clock source latency
     1    0.016314    0.000000    0.000000    0.000000 ^ clk_CPU (in)
                                                         clk_CPU (net)
                      0.000530    0.000265    0.000265 ^ clkbuf_0_clk_CPU/A (sky130_fd_sc_hd__clkbuf_16)
     2    0.019053    0.030493    0.075473    0.075738 ^ clkbuf_0_clk_CPU/X (sky130_fd_sc_hd__clkbuf_16)
                                                         clknet_0_clk_CPU (net)
                      0.030494    0.000289    0.076027 ^ clkbuf_1_1__f_clk_CPU/A (sky130_fd_sc_hd__clkbuf_16)
    12    0.038733    0.044189    0.096108    0.172135 ^ clkbuf_1_1__f_clk_CPU/X (sky130_fd_sc_hd__clkbuf_16)
                                                         clknet_1_1__leaf_clk_CPU (net)
                      0.044214    0.000844    0.172979 ^ _351_/CLK (sky130_fd_sc_hd__dfrtp_1)
                                  0.000000    0.172979   clock reconvergence pessimism
                                 -0.020023    0.152956   library hold time
                                              0.152956   data required time
---------------------------------------------------------------------------------------------
                                              0.152956   data required time
                                             -0.487296   data arrival time
---------------------------------------------------------------------------------------------
                                              0.334340   slack (MET)


Startpoint: _356_ (rising edge-triggered flip-flop clocked by core_clock)
Endpoint: _356_ (rising edge-triggered flip-flop clocked by core_clock)
Path Group: core_clock
Path Type: min

Fanout         Cap        Slew       Delay        Time   Description
---------------------------------------------------------------------------------------------
                                  0.000000    0.000000   clock core_clock (rise edge)
                                  0.000000    0.000000   clock source latency
     1    0.016314    0.000000    0.000000    0.000000 ^ clk_CPU (in)
                                                         clk_CPU (net)
                      0.000530    0.000265    0.000265 ^ clkbuf_0_clk_CPU/A (sky130_fd_sc_hd__clkbuf_16)
     2    0.019053    0.030493    0.075473    0.075738 ^ clkbuf_0_clk_CPU/X (sky130_fd_sc_hd__clkbuf_16)
                                                         clknet_0_clk_CPU (net)
                      0.030494    0.000289    0.076027 ^ clkbuf_1_1__f_clk_CPU/A (sky130_fd_sc_hd__clkbuf_16)
    12    0.038733    0.044189    0.096108    0.172135 ^ clkbuf_1_1__f_clk_CPU/X (sky130_fd_sc_hd__clkbuf_16)
                                                         clknet_1_1__leaf_clk_CPU (net)
                      0.044206    0.000713    0.172848 ^ _356_/CLK (sky130_fd_sc_hd__dfrtp_1)
     2    0.007004    0.056288    0.221736    0.394583 ^ _356_/Q (sky130_fd_sc_hd__dfrtp_1)
                                                         net20 (net)
                      0.056288    0.000061    0.394644 ^ _293_/B1 (sky130_fd_sc_hd__a31o_1)
     1    0.001962    0.022226    0.051346    0.445991 ^ _293_/X (sky130_fd_sc_hd__a31o_1)
                                                         _113_ (net)
                      0.022226    0.000017    0.446007 ^ _295_/B (sky130_fd_sc_hd__and3_1)
     1    0.002806    0.034139    0.082398    0.528406 ^ _295_/X (sky130_fd_sc_hd__and3_1)
                                                         _006_ (net)
                      0.034139    0.000029    0.528435 ^ _356_/D (sky130_fd_sc_hd__dfrtp_1)
                                              0.528435   data arrival time

                                  0.000000    0.000000   clock core_clock (rise edge)
                                  0.000000    0.000000   clock source latency
     1    0.016314    0.000000    0.000000    0.000000 ^ clk_CPU (in)
                                                         clk_CPU (net)
                      0.000530    0.000265    0.000265 ^ clkbuf_0_clk_CPU/A (sky130_fd_sc_hd__clkbuf_16)
     2    0.019053    0.030493    0.075473    0.075738 ^ clkbuf_0_clk_CPU/X (sky130_fd_sc_hd__clkbuf_16)
                                                         clknet_0_clk_CPU (net)
                      0.030494    0.000289    0.076027 ^ clkbuf_1_1__f_clk_CPU/A (sky130_fd_sc_hd__clkbuf_16)
    12    0.038733    0.044189    0.096108    0.172135 ^ clkbuf_1_1__f_clk_CPU/X (sky130_fd_sc_hd__clkbuf_16)
                                                         clknet_1_1__leaf_clk_CPU (net)
                      0.044206    0.000713    0.172848 ^ _356_/CLK (sky130_fd_sc_hd__dfrtp_1)
                                  0.000000    0.172848   clock reconvergence pessimism
                                 -0.019679    0.153169   library hold time
                                              0.153169   data required time
---------------------------------------------------------------------------------------------
                                              0.153169   data required time
                                             -0.528435   data arrival time
---------------------------------------------------------------------------------------------
                                              0.375266   slack (MET)


Startpoint: _371_ (rising edge-triggered flip-flop clocked by core_clock)
Endpoint: _371_ (rising edge-triggered flip-flop clocked by core_clock)
Path Group: core_clock
Path Type: min

Fanout         Cap        Slew       Delay        Time   Description
---------------------------------------------------------------------------------------------
                                  0.000000    0.000000   clock core_clock (rise edge)
                                  0.000000    0.000000   clock source latency
     1    0.016314    0.000000    0.000000    0.000000 ^ clk_CPU (in)
                                                         clk_CPU (net)
                      0.000530    0.000265    0.000265 ^ clkbuf_0_clk_CPU/A (sky130_fd_sc_hd__clkbuf_16)
     2    0.019053    0.030493    0.075473    0.075738 ^ clkbuf_0_clk_CPU/X (sky130_fd_sc_hd__clkbuf_16)
                                                         clknet_0_clk_CPU (net)
                      0.030494    0.000289    0.076027 ^ clkbuf_1_1__f_clk_CPU/A (sky130_fd_sc_hd__clkbuf_16)
    12    0.038733    0.044189    0.096108    0.172135 ^ clkbuf_1_1__f_clk_CPU/X (sky130_fd_sc_hd__clkbuf_16)
                                                         clknet_1_1__leaf_clk_CPU (net)
                      0.044189    0.000293    0.172428 ^ _371_/CLK (sky130_fd_sc_hd__dfrtp_1)
     4    0.013824    0.097951    0.253656    0.426084 ^ _371_/Q (sky130_fd_sc_hd__dfrtp_1)
                                                         uart1.counter[9] (net)
                      0.097951    0.000141    0.426225 ^ _336_/A (sky130_fd_sc_hd__xnor2_1)
     1    0.002893    0.024140    0.047779    0.474004 v _336_/Y (sky130_fd_sc_hd__xnor2_1)
                                                         _145_ (net)
                      0.024148    0.000030    0.474034 v _337_/A (sky130_fd_sc_hd__nor2_1)
     1    0.002357    0.048065    0.058543    0.532576 ^ _337_/Y (sky130_fd_sc_hd__nor2_1)
                                                         _017_ (net)
                      0.048065    0.000020    0.532596 ^ _371_/D (sky130_fd_sc_hd__dfrtp_1)
                                              0.532596   data arrival time

                                  0.000000    0.000000   clock core_clock (rise edge)
                                  0.000000    0.000000   clock source latency
     1    0.016314    0.000000    0.000000    0.000000 ^ clk_CPU (in)
                                                         clk_CPU (net)
                      0.000530    0.000265    0.000265 ^ clkbuf_0_clk_CPU/A (sky130_fd_sc_hd__clkbuf_16)
     2    0.019053    0.030493    0.075473    0.075738 ^ clkbuf_0_clk_CPU/X (sky130_fd_sc_hd__clkbuf_16)
                                                         clknet_0_clk_CPU (net)
                      0.030494    0.000289    0.076027 ^ clkbuf_1_1__f_clk_CPU/A (sky130_fd_sc_hd__clkbuf_16)
    12    0.038733    0.044189    0.096108    0.172135 ^ clkbuf_1_1__f_clk_CPU/X (sky130_fd_sc_hd__clkbuf_16)
                                                         clknet_1_1__leaf_clk_CPU (net)
                      0.044189    0.000293    0.172428 ^ _371_/CLK (sky130_fd_sc_hd__dfrtp_1)
                                  0.000000    0.172428   clock reconvergence pessimism
                                 -0.020730    0.151698   library hold time
                                              0.151698   data required time
---------------------------------------------------------------------------------------------
                                              0.151698   data required time
                                             -0.532596   data arrival time
---------------------------------------------------------------------------------------------
                                              0.380898   slack (MET)


Startpoint: _355_ (rising edge-triggered flip-flop clocked by core_clock)
Endpoint: _355_ (rising edge-triggered flip-flop clocked by core_clock)
Path Group: core_clock
Path Type: min

Fanout         Cap        Slew       Delay        Time   Description
---------------------------------------------------------------------------------------------
                                  0.000000    0.000000   clock core_clock (rise edge)
                                  0.000000    0.000000   clock source latency
     1    0.016314    0.000000    0.000000    0.000000 ^ clk_CPU (in)
                                                         clk_CPU (net)
                      0.000530    0.000265    0.000265 ^ clkbuf_0_clk_CPU/A (sky130_fd_sc_hd__clkbuf_16)
     2    0.019053    0.030493    0.075473    0.075738 ^ clkbuf_0_clk_CPU/X (sky130_fd_sc_hd__clkbuf_16)
                                                         clknet_0_clk_CPU (net)
                      0.030494    0.000289    0.076027 ^ clkbuf_1_1__f_clk_CPU/A (sky130_fd_sc_hd__clkbuf_16)
    12    0.038733    0.044189    0.096108    0.172135 ^ clkbuf_1_1__f_clk_CPU/X (sky130_fd_sc_hd__clkbuf_16)
                                                         clknet_1_1__leaf_clk_CPU (net)
                      0.044207    0.000734    0.172869 ^ _355_/CLK (sky130_fd_sc_hd__dfstp_1)
     2    0.007333    0.032304    0.232599    0.405468 v _355_/Q (sky130_fd_sc_hd__dfstp_1)
                                                         net19 (net)
                      0.032304    0.000063    0.405531 v _292_/A1 (sky130_fd_sc_hd__a211o_1)
     1    0.002664    0.026646    0.152232    0.557763 v _292_/X (sky130_fd_sc_hd__a211o_1)
                                                         _005_ (net)
                      0.026646    0.000024    0.557787 v _355_/D (sky130_fd_sc_hd__dfstp_1)
                                              0.557787   data arrival time

                                  0.000000    0.000000   clock core_clock (rise edge)
                                  0.000000    0.000000   clock source latency
     1    0.016314    0.000000    0.000000    0.000000 ^ clk_CPU (in)
                                                         clk_CPU (net)
                      0.000530    0.000265    0.000265 ^ clkbuf_0_clk_CPU/A (sky130_fd_sc_hd__clkbuf_16)
     2    0.019053    0.030493    0.075473    0.075738 ^ clkbuf_0_clk_CPU/X (sky130_fd_sc_hd__clkbuf_16)
                                                         clknet_0_clk_CPU (net)
                      0.030494    0.000289    0.076027 ^ clkbuf_1_1__f_clk_CPU/A (sky130_fd_sc_hd__clkbuf_16)
    12    0.038733    0.044189    0.096108    0.172135 ^ clkbuf_1_1__f_clk_CPU/X (sky130_fd_sc_hd__clkbuf_16)
                                                         clknet_1_1__leaf_clk_CPU (net)
                      0.044207    0.000734    0.172869 ^ _355_/CLK (sky130_fd_sc_hd__dfstp_1)
                                  0.000000    0.172869   clock reconvergence pessimism
                                 -0.011676    0.161193   library hold time
                                              0.161193   data required time
---------------------------------------------------------------------------------------------
                                              0.161193   data required time
                                             -0.557787   data arrival time
---------------------------------------------------------------------------------------------
                                              0.396593   slack (MET)


Startpoint: _362_ (rising edge-triggered flip-flop clocked by core_clock)
Endpoint: _362_ (rising edge-triggered flip-flop clocked by core_clock)
Path Group: core_clock
Path Type: min

Fanout         Cap        Slew       Delay        Time   Description
---------------------------------------------------------------------------------------------
                                  0.000000    0.000000   clock core_clock (rise edge)
                                  0.000000    0.000000   clock source latency
     1    0.016314    0.000000    0.000000    0.000000 ^ clk_CPU (in)
                                                         clk_CPU (net)
                      0.000530    0.000265    0.000265 ^ clkbuf_0_clk_CPU/A (sky130_fd_sc_hd__clkbuf_16)
     2    0.019053    0.030493    0.075473    0.075738 ^ clkbuf_0_clk_CPU/X (sky130_fd_sc_hd__clkbuf_16)
                                                         clknet_0_clk_CPU (net)
                      0.030494    0.000253    0.075991 ^ clkbuf_1_0__f_clk_CPU/A (sky130_fd_sc_hd__clkbuf_16)
     8    0.026293    0.035421    0.088643    0.164633 ^ clkbuf_1_0__f_clk_CPU/X (sky130_fd_sc_hd__clkbuf_16)
                                                         clknet_1_0__leaf_clk_CPU (net)
                      0.035422    0.000278    0.164911 ^ _362_/CLK (sky130_fd_sc_hd__dfrtp_1)
     5    0.012613    0.090263    0.245504    0.410415 ^ _362_/Q (sky130_fd_sc_hd__dfrtp_1)
                                                         uart1.counter[0] (net)
                      0.090263    0.000119    0.410533 ^ _306_/B (sky130_fd_sc_hd__and2b_1)
     1    0.002914    0.030155    0.081277    0.491810 ^ _306_/X (sky130_fd_sc_hd__and2b_1)
                                                         _124_ (net)
                      0.030155    0.000014    0.491825 ^ _307_/A2 (sky130_fd_sc_hd__o21a_1)
     1    0.002314    0.024976    0.059208    0.551032 ^ _307_/X (sky130_fd_sc_hd__o21a_1)
                                                         _008_ (net)
                      0.024976    0.000019    0.551052 ^ _362_/D (sky130_fd_sc_hd__dfrtp_1)
                                              0.551052   data arrival time

                                  0.000000    0.000000   clock core_clock (rise edge)
                                  0.000000    0.000000   clock source latency
     1    0.016314    0.000000    0.000000    0.000000 ^ clk_CPU (in)
                                                         clk_CPU (net)
                      0.000530    0.000265    0.000265 ^ clkbuf_0_clk_CPU/A (sky130_fd_sc_hd__clkbuf_16)
     2    0.019053    0.030493    0.075473    0.075738 ^ clkbuf_0_clk_CPU/X (sky130_fd_sc_hd__clkbuf_16)
                                                         clknet_0_clk_CPU (net)
                      0.030494    0.000253    0.075991 ^ clkbuf_1_0__f_clk_CPU/A (sky130_fd_sc_hd__clkbuf_16)
     8    0.026293    0.035421    0.088643    0.164633 ^ clkbuf_1_0__f_clk_CPU/X (sky130_fd_sc_hd__clkbuf_16)
                                                         clknet_1_0__leaf_clk_CPU (net)
                      0.035422    0.000278    0.164911 ^ _362_/CLK (sky130_fd_sc_hd__dfrtp_1)
                                  0.000000    0.164911   clock reconvergence pessimism
                                 -0.019219    0.145692   library hold time
                                              0.145692   data required time
---------------------------------------------------------------------------------------------
                                              0.145692   data required time
                                             -0.551052   data arrival time
---------------------------------------------------------------------------------------------
                                              0.405360   slack (MET)


Startpoint: _367_ (rising edge-triggered flip-flop clocked by core_clock)
Endpoint: _367_ (rising edge-triggered flip-flop clocked by core_clock)
Path Group: core_clock
Path Type: min

Fanout         Cap        Slew       Delay        Time   Description
---------------------------------------------------------------------------------------------
                                  0.000000    0.000000   clock core_clock (rise edge)
                                  0.000000    0.000000   clock source latency
     1    0.016314    0.000000    0.000000    0.000000 ^ clk_CPU (in)
                                                         clk_CPU (net)
                      0.000530    0.000265    0.000265 ^ clkbuf_0_clk_CPU/A (sky130_fd_sc_hd__clkbuf_16)
     2    0.019053    0.030493    0.075473    0.075738 ^ clkbuf_0_clk_CPU/X (sky130_fd_sc_hd__clkbuf_16)
                                                         clknet_0_clk_CPU (net)
                      0.030494    0.000289    0.076027 ^ clkbuf_1_1__f_clk_CPU/A (sky130_fd_sc_hd__clkbuf_16)
    12    0.038733    0.044189    0.096108    0.172135 ^ clkbuf_1_1__f_clk_CPU/X (sky130_fd_sc_hd__clkbuf_16)
                                                         clknet_1_1__leaf_clk_CPU (net)
                      0.044189    0.000309    0.172443 ^ _367_/CLK (sky130_fd_sc_hd__dfrtp_2)
     5    0.018813    0.076615    0.256208    0.428651 ^ _367_/Q (sky130_fd_sc_hd__dfrtp_2)
                                                         uart1.counter[5] (net)
                      0.076615    0.000127    0.428778 ^ _322_/A (sky130_fd_sc_hd__xor2_1)
     1    0.001849    0.022275    0.038893    0.467670 v _322_/X (sky130_fd_sc_hd__xor2_1)
                                                         _135_ (net)
                      0.022275    0.000009    0.467680 v _323_/B (sky130_fd_sc_hd__and2_1)
     1    0.002928    0.024553    0.091854    0.559533 v _323_/X (sky130_fd_sc_hd__and2_1)
                                                         _013_ (net)
                      0.024553    0.000030    0.559564 v _367_/D (sky130_fd_sc_hd__dfrtp_2)
                                              0.559564   data arrival time

                                  0.000000    0.000000   clock core_clock (rise edge)
                                  0.000000    0.000000   clock source latency
     1    0.016314    0.000000    0.000000    0.000000 ^ clk_CPU (in)
                                                         clk_CPU (net)
                      0.000530    0.000265    0.000265 ^ clkbuf_0_clk_CPU/A (sky130_fd_sc_hd__clkbuf_16)
     2    0.019053    0.030493    0.075473    0.075738 ^ clkbuf_0_clk_CPU/X (sky130_fd_sc_hd__clkbuf_16)
                                                         clknet_0_clk_CPU (net)
                      0.030494    0.000289    0.076027 ^ clkbuf_1_1__f_clk_CPU/A (sky130_fd_sc_hd__clkbuf_16)
    12    0.038733    0.044189    0.096108    0.172135 ^ clkbuf_1_1__f_clk_CPU/X (sky130_fd_sc_hd__clkbuf_16)
                                                         clknet_1_1__leaf_clk_CPU (net)
                      0.044189    0.000309    0.172443 ^ _367_/CLK (sky130_fd_sc_hd__dfrtp_2)
                                  0.000000    0.172443   clock reconvergence pessimism
                                 -0.026068    0.146376   library hold time
                                              0.146376   data required time
---------------------------------------------------------------------------------------------
                                              0.146376   data required time
                                             -0.559564   data arrival time
---------------------------------------------------------------------------------------------
                                              0.413188   slack (MET)


Startpoint: _350_ (rising edge-triggered flip-flop clocked by core_clock)
Endpoint: _350_ (rising edge-triggered flip-flop clocked by core_clock)
Path Group: core_clock
Path Type: min

Fanout         Cap        Slew       Delay        Time   Description
---------------------------------------------------------------------------------------------
                                  0.000000    0.000000   clock core_clock (rise edge)
                                  0.000000    0.000000   clock source latency
     1    0.016314    0.000000    0.000000    0.000000 ^ clk_CPU (in)
                                                         clk_CPU (net)
                      0.000530    0.000265    0.000265 ^ clkbuf_0_clk_CPU/A (sky130_fd_sc_hd__clkbuf_16)
     2    0.019053    0.030493    0.075473    0.075738 ^ clkbuf_0_clk_CPU/X (sky130_fd_sc_hd__clkbuf_16)
                                                         clknet_0_clk_CPU (net)
                      0.030494    0.000253    0.075991 ^ clkbuf_1_0__f_clk_CPU/A (sky130_fd_sc_hd__clkbuf_16)
     8    0.026293    0.035421    0.088643    0.164633 ^ clkbuf_1_0__f_clk_CPU/X (sky130_fd_sc_hd__clkbuf_16)
                                                         clknet_1_0__leaf_clk_CPU (net)
                      0.035422    0.000273    0.164906 ^ _350_/CLK (sky130_fd_sc_hd__dfrtp_4)
    13    0.052573    0.124222    0.324386    0.489292 ^ _350_/Q (sky130_fd_sc_hd__dfrtp_4)
                                                         net31 (net)
                      0.124222    0.000324    0.489616 ^ _279_/A1_N (sky130_fd_sc_hd__o2bb2ai_1)
     1    0.002519    0.030586    0.073996    0.563612 ^ _279_/Y (sky130_fd_sc_hd__o2bb2ai_1)
                                                         _000_ (net)
                      0.030586    0.000023    0.563635 ^ _350_/D (sky130_fd_sc_hd__dfrtp_4)
                                              0.563635   data arrival time

                                  0.000000    0.000000   clock core_clock (rise edge)
                                  0.000000    0.000000   clock source latency
     1    0.016314    0.000000    0.000000    0.000000 ^ clk_CPU (in)
                                                         clk_CPU (net)
                      0.000530    0.000265    0.000265 ^ clkbuf_0_clk_CPU/A (sky130_fd_sc_hd__clkbuf_16)
     2    0.019053    0.030493    0.075473    0.075738 ^ clkbuf_0_clk_CPU/X (sky130_fd_sc_hd__clkbuf_16)
                                                         clknet_0_clk_CPU (net)
                      0.030494    0.000253    0.075991 ^ clkbuf_1_0__f_clk_CPU/A (sky130_fd_sc_hd__clkbuf_16)
     8    0.026293    0.035421    0.088643    0.164633 ^ clkbuf_1_0__f_clk_CPU/X (sky130_fd_sc_hd__clkbuf_16)
                                                         clknet_1_0__leaf_clk_CPU (net)
                      0.035422    0.000273    0.164906 ^ _350_/CLK (sky130_fd_sc_hd__dfrtp_4)
                                  0.000000    0.164906   clock reconvergence pessimism
                                 -0.019643    0.145263   library hold time
                                              0.145263   data required time
---------------------------------------------------------------------------------------------
                                              0.145263   data required time
                                             -0.563635   data arrival time
---------------------------------------------------------------------------------------------
                                              0.418372   slack (MET)


Startpoint: _369_ (rising edge-triggered flip-flop clocked by core_clock)
Endpoint: _369_ (rising edge-triggered flip-flop clocked by core_clock)
Path Group: core_clock
Path Type: min

Fanout         Cap        Slew       Delay        Time   Description
---------------------------------------------------------------------------------------------
                                  0.000000    0.000000   clock core_clock (rise edge)
                                  0.000000    0.000000   clock source latency
     1    0.016314    0.000000    0.000000    0.000000 ^ clk_CPU (in)
                                                         clk_CPU (net)
                      0.000530    0.000265    0.000265 ^ clkbuf_0_clk_CPU/A (sky130_fd_sc_hd__clkbuf_16)
     2    0.019053    0.030493    0.075473    0.075738 ^ clkbuf_0_clk_CPU/X (sky130_fd_sc_hd__clkbuf_16)
                                                         clknet_0_clk_CPU (net)
                      0.030494    0.000253    0.075991 ^ clkbuf_1_0__f_clk_CPU/A (sky130_fd_sc_hd__clkbuf_16)
     8    0.026293    0.035421    0.088643    0.164633 ^ clkbuf_1_0__f_clk_CPU/X (sky130_fd_sc_hd__clkbuf_16)
                                                         clknet_1_0__leaf_clk_CPU (net)
                      0.035429    0.000503    0.165136 ^ _369_/CLK (sky130_fd_sc_hd__dfrtp_2)
     5    0.020344    0.081744    0.257201    0.422337 ^ _369_/Q (sky130_fd_sc_hd__dfrtp_2)
                                                         uart1.counter[7] (net)
                      0.081744    0.000321    0.422658 ^ _329_/B1 (sky130_fd_sc_hd__a41oi_1)
     1    0.002899    0.028655    0.028545    0.451203 v _329_/Y (sky130_fd_sc_hd__a41oi_1)
                                                         _140_ (net)
                      0.028655    0.000018    0.451221 v _330_/B1 (sky130_fd_sc_hd__a31oi_1)
     1    0.002195    0.037709    0.043057    0.494278 ^ _330_/Y (sky130_fd_sc_hd__a31oi_1)
                                                         _141_ (net)
                      0.037709    0.000020    0.494298 ^ _331_/B (sky130_fd_sc_hd__and2_1)
     1    0.002370    0.029887    0.071035    0.565332 ^ _331_/X (sky130_fd_sc_hd__and2_1)
                                                         _015_ (net)
                      0.029887    0.000011    0.565343 ^ _369_/D (sky130_fd_sc_hd__dfrtp_2)
                                              0.565343   data arrival time

                                  0.000000    0.000000   clock core_clock (rise edge)
                                  0.000000    0.000000   clock source latency
     1    0.016314    0.000000    0.000000    0.000000 ^ clk_CPU (in)
                                                         clk_CPU (net)
                      0.000530    0.000265    0.000265 ^ clkbuf_0_clk_CPU/A (sky130_fd_sc_hd__clkbuf_16)
     2    0.019053    0.030493    0.075473    0.075738 ^ clkbuf_0_clk_CPU/X (sky130_fd_sc_hd__clkbuf_16)
                                                         clknet_0_clk_CPU (net)
                      0.030494    0.000253    0.075991 ^ clkbuf_1_0__f_clk_CPU/A (sky130_fd_sc_hd__clkbuf_16)
     8    0.026293    0.035421    0.088643    0.164633 ^ clkbuf_1_0__f_clk_CPU/X (sky130_fd_sc_hd__clkbuf_16)
                                                         clknet_1_0__leaf_clk_CPU (net)
                      0.035429    0.000503    0.165136 ^ _369_/CLK (sky130_fd_sc_hd__dfrtp_2)
                                  0.000000    0.165136   clock reconvergence pessimism
                                 -0.019543    0.145593   library hold time
                                              0.145593   data required time
---------------------------------------------------------------------------------------------
                                              0.145593   data required time
                                             -0.565343   data arrival time
---------------------------------------------------------------------------------------------
                                              0.419750   slack (MET)


Startpoint: _363_ (rising edge-triggered flip-flop clocked by core_clock)
Endpoint: _363_ (rising edge-triggered flip-flop clocked by core_clock)
Path Group: core_clock
Path Type: min

Fanout         Cap        Slew       Delay        Time   Description
---------------------------------------------------------------------------------------------
                                  0.000000    0.000000   clock core_clock (rise edge)
                                  0.000000    0.000000   clock source latency
     1    0.016314    0.000000    0.000000    0.000000 ^ clk_CPU (in)
                                                         clk_CPU (net)
                      0.000530    0.000265    0.000265 ^ clkbuf_0_clk_CPU/A (sky130_fd_sc_hd__clkbuf_16)
     2    0.019053    0.030493    0.075473    0.075738 ^ clkbuf_0_clk_CPU/X (sky130_fd_sc_hd__clkbuf_16)
                                                         clknet_0_clk_CPU (net)
                      0.030494    0.000253    0.075991 ^ clkbuf_1_0__f_clk_CPU/A (sky130_fd_sc_hd__clkbuf_16)
     8    0.026293    0.035421    0.088643    0.164633 ^ clkbuf_1_0__f_clk_CPU/X (sky130_fd_sc_hd__clkbuf_16)
                                                         clknet_1_0__leaf_clk_CPU (net)
                      0.035422    0.000238    0.164872 ^ _363_/CLK (sky130_fd_sc_hd__dfrtp_2)
     7    0.020865    0.083463    0.258608    0.423480 ^ _363_/Q (sky130_fd_sc_hd__dfrtp_2)
                                                         uart1.counter[1] (net)
                      0.083463    0.000237    0.423717 ^ _309_/B1 (sky130_fd_sc_hd__a21oi_1)
     1    0.002767    0.026220    0.025624    0.449341 v _309_/Y (sky130_fd_sc_hd__a21oi_1)
                                                         _126_ (net)
                      0.026220    0.000026    0.449367 v _310_/B (sky130_fd_sc_hd__nor2_1)
     1    0.002189    0.047541    0.047683    0.497051 ^ _310_/Y (sky130_fd_sc_hd__nor2_1)
                                                         _127_ (net)
                      0.047541    0.000012    0.497063 ^ _311_/B (sky130_fd_sc_hd__and2_1)
     1    0.002539    0.030949    0.074268    0.571331 ^ _311_/X (sky130_fd_sc_hd__and2_1)
                                                         _009_ (net)
                      0.030949    0.000022    0.571353 ^ _363_/D (sky130_fd_sc_hd__dfrtp_2)
                                              0.571353   data arrival time

                                  0.000000    0.000000   clock core_clock (rise edge)
                                  0.000000    0.000000   clock source latency
     1    0.016314    0.000000    0.000000    0.000000 ^ clk_CPU (in)
                                                         clk_CPU (net)
                      0.000530    0.000265    0.000265 ^ clkbuf_0_clk_CPU/A (sky130_fd_sc_hd__clkbuf_16)
     2    0.019053    0.030493    0.075473    0.075738 ^ clkbuf_0_clk_CPU/X (sky130_fd_sc_hd__clkbuf_16)
                                                         clknet_0_clk_CPU (net)
                      0.030494    0.000253    0.075991 ^ clkbuf_1_0__f_clk_CPU/A (sky130_fd_sc_hd__clkbuf_16)
     8    0.026293    0.035421    0.088643    0.164633 ^ clkbuf_1_0__f_clk_CPU/X (sky130_fd_sc_hd__clkbuf_16)
                                                         clknet_1_0__leaf_clk_CPU (net)
                      0.035422    0.000238    0.164872 ^ _363_/CLK (sky130_fd_sc_hd__dfrtp_2)
                                  0.000000    0.164872   clock reconvergence pessimism
                                 -0.019621    0.145250   library hold time
                                              0.145250   data required time
---------------------------------------------------------------------------------------------
                                              0.145250   data required time
                                             -0.571353   data arrival time
---------------------------------------------------------------------------------------------
                                              0.426103   slack (MET)


Startpoint: _370_ (rising edge-triggered flip-flop clocked by core_clock)
Endpoint: _370_ (rising edge-triggered flip-flop clocked by core_clock)
Path Group: core_clock
Path Type: min

Fanout         Cap        Slew       Delay        Time   Description
---------------------------------------------------------------------------------------------
                                  0.000000    0.000000   clock core_clock (rise edge)
                                  0.000000    0.000000   clock source latency
     1    0.016314    0.000000    0.000000    0.000000 ^ clk_CPU (in)
                                                         clk_CPU (net)
                      0.000530    0.000265    0.000265 ^ clkbuf_0_clk_CPU/A (sky130_fd_sc_hd__clkbuf_16)
     2    0.019053    0.030493    0.075473    0.075738 ^ clkbuf_0_clk_CPU/X (sky130_fd_sc_hd__clkbuf_16)
                                                         clknet_0_clk_CPU (net)
                      0.030494    0.000289    0.076027 ^ clkbuf_1_1__f_clk_CPU/A (sky130_fd_sc_hd__clkbuf_16)
    12    0.038733    0.044189    0.096108    0.172135 ^ clkbuf_1_1__f_clk_CPU/X (sky130_fd_sc_hd__clkbuf_16)
                                                         clknet_1_1__leaf_clk_CPU (net)
                      0.044189    0.000259    0.172394 ^ _370_/CLK (sky130_fd_sc_hd__dfrtp_2)
     5    0.018124    0.074316    0.254518    0.426912 ^ _370_/Q (sky130_fd_sc_hd__dfrtp_2)
                                                         uart1.counter[8] (net)
                      0.074316    0.000127    0.427040 ^ _333_/B1 (sky130_fd_sc_hd__a31oi_1)
     1    0.003304    0.026325    0.027432    0.454471 v _333_/Y (sky130_fd_sc_hd__a31oi_1)
                                                         _143_ (net)
                      0.026325    0.000038    0.454509 v _334_/B (sky130_fd_sc_hd__nor2_1)
     1    0.002476    0.049437    0.050268    0.504778 ^ _334_/Y (sky130_fd_sc_hd__nor2_1)
                                                         _144_ (net)
                      0.049437    0.000026    0.504804 ^ _335_/B (sky130_fd_sc_hd__and2_1)
     1    0.003052    0.034137    0.077465    0.582269 ^ _335_/X (sky130_fd_sc_hd__and2_1)
                                                         _016_ (net)
                      0.034137    0.000027    0.582296 ^ _370_/D (sky130_fd_sc_hd__dfrtp_2)
                                              0.582296   data arrival time

                                  0.000000    0.000000   clock core_clock (rise edge)
                                  0.000000    0.000000   clock source latency
     1    0.016314    0.000000    0.000000    0.000000 ^ clk_CPU (in)
                                                         clk_CPU (net)
                      0.000530    0.000265    0.000265 ^ clkbuf_0_clk_CPU/A (sky130_fd_sc_hd__clkbuf_16)
     2    0.019053    0.030493    0.075473    0.075738 ^ clkbuf_0_clk_CPU/X (sky130_fd_sc_hd__clkbuf_16)
                                                         clknet_0_clk_CPU (net)
                      0.030494    0.000289    0.076027 ^ clkbuf_1_1__f_clk_CPU/A (sky130_fd_sc_hd__clkbuf_16)
    12    0.038733    0.044189    0.096108    0.172135 ^ clkbuf_1_1__f_clk_CPU/X (sky130_fd_sc_hd__clkbuf_16)
                                                         clknet_1_1__leaf_clk_CPU (net)
                      0.044189    0.000259    0.172394 ^ _370_/CLK (sky130_fd_sc_hd__dfrtp_2)
                                  0.000000    0.172394   clock reconvergence pessimism
                                 -0.019623    0.152771   library hold time
                                              0.152771   data required time
---------------------------------------------------------------------------------------------
                                              0.152771   data required time
                                             -0.582296   data arrival time
---------------------------------------------------------------------------------------------
                                              0.429525   slack (MET)


Startpoint: _368_ (rising edge-triggered flip-flop clocked by core_clock)
Endpoint: _368_ (rising edge-triggered flip-flop clocked by core_clock)
Path Group: core_clock
Path Type: min

Fanout         Cap        Slew       Delay        Time   Description
---------------------------------------------------------------------------------------------
                                  0.000000    0.000000   clock core_clock (rise edge)
                                  0.000000    0.000000   clock source latency
     1    0.016314    0.000000    0.000000    0.000000 ^ clk_CPU (in)
                                                         clk_CPU (net)
                      0.000530    0.000265    0.000265 ^ clkbuf_0_clk_CPU/A (sky130_fd_sc_hd__clkbuf_16)
     2    0.019053    0.030493    0.075473    0.075738 ^ clkbuf_0_clk_CPU/X (sky130_fd_sc_hd__clkbuf_16)
                                                         clknet_0_clk_CPU (net)
                      0.030494    0.000253    0.075991 ^ clkbuf_1_0__f_clk_CPU/A (sky130_fd_sc_hd__clkbuf_16)
     8    0.026293    0.035421    0.088643    0.164633 ^ clkbuf_1_0__f_clk_CPU/X (sky130_fd_sc_hd__clkbuf_16)
                                                         clknet_1_0__leaf_clk_CPU (net)
                      0.035422    0.000250    0.164884 ^ _368_/CLK (sky130_fd_sc_hd__dfrtp_2)
     7    0.026137    0.101175    0.271502    0.436386 ^ _368_/Q (sky130_fd_sc_hd__dfrtp_2)
                                                         uart1.counter[6] (net)
                      0.101175    0.000091    0.436477 ^ _325_/B1 (sky130_fd_sc_hd__a21oi_1)
     1    0.002608    0.028702    0.025201    0.461677 v _325_/Y (sky130_fd_sc_hd__a21oi_1)
                                                         _137_ (net)
                      0.028702    0.000023    0.461700 v _326_/B1 (sky130_fd_sc_hd__a41oi_1)
     1    0.002959    0.046097    0.049362    0.511062 ^ _326_/Y (sky130_fd_sc_hd__a41oi_1)
                                                         _138_ (net)
                      0.046097    0.000034    0.511096 ^ _327_/B (sky130_fd_sc_hd__and2_1)
     1    0.002459    0.030456    0.073498    0.584594 ^ _327_/X (sky130_fd_sc_hd__and2_1)
                                                         _014_ (net)
                      0.030456    0.000021    0.584616 ^ _368_/D (sky130_fd_sc_hd__dfrtp_2)
                                              0.584616   data arrival time

                                  0.000000    0.000000   clock core_clock (rise edge)
                                  0.000000    0.000000   clock source latency
     1    0.016314    0.000000    0.000000    0.000000 ^ clk_CPU (in)
                                                         clk_CPU (net)
                      0.000530    0.000265    0.000265 ^ clkbuf_0_clk_CPU/A (sky130_fd_sc_hd__clkbuf_16)
     2    0.019053    0.030493    0.075473    0.075738 ^ clkbuf_0_clk_CPU/X (sky130_fd_sc_hd__clkbuf_16)
                                                         clknet_0_clk_CPU (net)
                      0.030494    0.000253    0.075991 ^ clkbuf_1_0__f_clk_CPU/A (sky130_fd_sc_hd__clkbuf_16)
     8    0.026293    0.035421    0.088643    0.164633 ^ clkbuf_1_0__f_clk_CPU/X (sky130_fd_sc_hd__clkbuf_16)
                                                         clknet_1_0__leaf_clk_CPU (net)
                      0.035422    0.000250    0.164884 ^ _368_/CLK (sky130_fd_sc_hd__dfrtp_2)
                                  0.000000    0.164884   clock reconvergence pessimism
                                 -0.019585    0.145299   library hold time
                                              0.145299   data required time
---------------------------------------------------------------------------------------------
                                              0.145299   data required time
                                             -0.584616   data arrival time
---------------------------------------------------------------------------------------------
                                              0.439317   slack (MET)


Startpoint: _366_ (rising edge-triggered flip-flop clocked by core_clock)
Endpoint: _366_ (rising edge-triggered flip-flop clocked by core_clock)
Path Group: core_clock
Path Type: min

Fanout         Cap        Slew       Delay        Time   Description
---------------------------------------------------------------------------------------------
                                  0.000000    0.000000   clock core_clock (rise edge)
                                  0.000000    0.000000   clock source latency
     1    0.016314    0.000000    0.000000    0.000000 ^ clk_CPU (in)
                                                         clk_CPU (net)
                      0.000530    0.000265    0.000265 ^ clkbuf_0_clk_CPU/A (sky130_fd_sc_hd__clkbuf_16)
     2    0.019053    0.030493    0.075473    0.075738 ^ clkbuf_0_clk_CPU/X (sky130_fd_sc_hd__clkbuf_16)
                                                         clknet_0_clk_CPU (net)
                      0.030494    0.000253    0.075991 ^ clkbuf_1_0__f_clk_CPU/A (sky130_fd_sc_hd__clkbuf_16)
     8    0.026293    0.035421    0.088643    0.164633 ^ clkbuf_1_0__f_clk_CPU/X (sky130_fd_sc_hd__clkbuf_16)
                                                         clknet_1_0__leaf_clk_CPU (net)
                      0.035426    0.000396    0.165030 ^ _366_/CLK (sky130_fd_sc_hd__dfrtp_1)
     5    0.015044    0.105658    0.256519    0.421549 ^ _366_/Q (sky130_fd_sc_hd__dfrtp_1)
                                                         uart1.counter[4] (net)
                      0.105658    0.000043    0.421591 ^ _318_/B1 (sky130_fd_sc_hd__a21oi_1)
     1    0.003292    0.031727    0.028711    0.450302 v _318_/Y (sky130_fd_sc_hd__a21oi_1)
                                                         _132_ (net)
                      0.031727    0.000039    0.450342 v _320_/A (sky130_fd_sc_hd__nor2_1)
     1    0.002894    0.054271    0.065938    0.516280 ^ _320_/Y (sky130_fd_sc_hd__nor2_1)
                                                         _134_ (net)
                      0.054271    0.000040    0.516319 ^ _321_/B (sky130_fd_sc_hd__and2_1)
     1    0.002815    0.032682    0.077262    0.593582 ^ _321_/X (sky130_fd_sc_hd__and2_1)
                                                         _012_ (net)
                      0.032682    0.000028    0.593609 ^ _366_/D (sky130_fd_sc_hd__dfrtp_1)
                                              0.593609   data arrival time

                                  0.000000    0.000000   clock core_clock (rise edge)
                                  0.000000    0.000000   clock source latency
     1    0.016314    0.000000    0.000000    0.000000 ^ clk_CPU (in)
                                                         clk_CPU (net)
                      0.000530    0.000265    0.000265 ^ clkbuf_0_clk_CPU/A (sky130_fd_sc_hd__clkbuf_16)
     2    0.019053    0.030493    0.075473    0.075738 ^ clkbuf_0_clk_CPU/X (sky130_fd_sc_hd__clkbuf_16)
                                                         clknet_0_clk_CPU (net)
                      0.030494    0.000253    0.075991 ^ clkbuf_1_0__f_clk_CPU/A (sky130_fd_sc_hd__clkbuf_16)
     8    0.026293    0.035421    0.088643    0.164633 ^ clkbuf_1_0__f_clk_CPU/X (sky130_fd_sc_hd__clkbuf_16)
                                                         clknet_1_0__leaf_clk_CPU (net)
                      0.035426    0.000396    0.165030 ^ _366_/CLK (sky130_fd_sc_hd__dfrtp_1)
                                  0.000000    0.165030   clock reconvergence pessimism
                                 -0.019802    0.145228   library hold time
                                              0.145228   data required time
---------------------------------------------------------------------------------------------
                                              0.145228   data required time
                                             -0.593609   data arrival time
---------------------------------------------------------------------------------------------
                                              0.448381   slack (MET)


Startpoint: _364_ (rising edge-triggered flip-flop clocked by core_clock)
Endpoint: _364_ (rising edge-triggered flip-flop clocked by core_clock)
Path Group: core_clock
Path Type: min

Fanout         Cap        Slew       Delay        Time   Description
---------------------------------------------------------------------------------------------
                                  0.000000    0.000000   clock core_clock (rise edge)
                                  0.000000    0.000000   clock source latency
     1    0.016314    0.000000    0.000000    0.000000 ^ clk_CPU (in)
                                                         clk_CPU (net)
                      0.000530    0.000265    0.000265 ^ clkbuf_0_clk_CPU/A (sky130_fd_sc_hd__clkbuf_16)
     2    0.019053    0.030493    0.075473    0.075738 ^ clkbuf_0_clk_CPU/X (sky130_fd_sc_hd__clkbuf_16)
                                                         clknet_0_clk_CPU (net)
                      0.030494    0.000253    0.075991 ^ clkbuf_1_0__f_clk_CPU/A (sky130_fd_sc_hd__clkbuf_16)
     8    0.026293    0.035421    0.088643    0.164633 ^ clkbuf_1_0__f_clk_CPU/X (sky130_fd_sc_hd__clkbuf_16)
                                                         clknet_1_0__leaf_clk_CPU (net)
                      0.035423    0.000281    0.164914 ^ _364_/CLK (sky130_fd_sc_hd__dfrtp_1)
     6    0.019793    0.135829    0.277901    0.442815 ^ _364_/Q (sky130_fd_sc_hd__dfrtp_1)
                                                         uart1.counter[2] (net)
                      0.135829    0.000285    0.443100 ^ _313_/A (sky130_fd_sc_hd__nor2_1)
     1    0.002898    0.032044    0.034182    0.477282 v _313_/Y (sky130_fd_sc_hd__nor2_1)
                                                         _129_ (net)
                      0.032044    0.000019    0.477301 v _314_/B (sky130_fd_sc_hd__nor2_1)
     1    0.002064    0.046346    0.048743    0.526044 ^ _314_/Y (sky130_fd_sc_hd__nor2_1)
                                                         _130_ (net)
                      0.046346    0.000010    0.526054 ^ _315_/B (sky130_fd_sc_hd__and2_1)
     1    0.002643    0.031583    0.074541    0.600596 ^ _315_/X (sky130_fd_sc_hd__and2_1)
                                                         _010_ (net)
                      0.031583    0.000025    0.600621 ^ _364_/D (sky130_fd_sc_hd__dfrtp_1)
                                              0.600621   data arrival time

                                  0.000000    0.000000   clock core_clock (rise edge)
                                  0.000000    0.000000   clock source latency
     1    0.016314    0.000000    0.000000    0.000000 ^ clk_CPU (in)
                                                         clk_CPU (net)
                      0.000530    0.000265    0.000265 ^ clkbuf_0_clk_CPU/A (sky130_fd_sc_hd__clkbuf_16)
     2    0.019053    0.030493    0.075473    0.075738 ^ clkbuf_0_clk_CPU/X (sky130_fd_sc_hd__clkbuf_16)
                                                         clknet_0_clk_CPU (net)
                      0.030494    0.000253    0.075991 ^ clkbuf_1_0__f_clk_CPU/A (sky130_fd_sc_hd__clkbuf_16)
     8    0.026293    0.035421    0.088643    0.164633 ^ clkbuf_1_0__f_clk_CPU/X (sky130_fd_sc_hd__clkbuf_16)
                                                         clknet_1_0__leaf_clk_CPU (net)
                      0.035423    0.000281    0.164914 ^ _364_/CLK (sky130_fd_sc_hd__dfrtp_1)
                                  0.000000    0.164914   clock reconvergence pessimism
                                 -0.019719    0.145195   library hold time
                                              0.145195   data required time
---------------------------------------------------------------------------------------------
                                              0.145195   data required time
                                             -0.600621   data arrival time
---------------------------------------------------------------------------------------------
                                              0.455426   slack (MET)


Startpoint: _365_ (rising edge-triggered flip-flop clocked by core_clock)
Endpoint: _365_ (rising edge-triggered flip-flop clocked by core_clock)
Path Group: core_clock
Path Type: min

Fanout         Cap        Slew       Delay        Time   Description
---------------------------------------------------------------------------------------------
                                  0.000000    0.000000   clock core_clock (rise edge)
                                  0.000000    0.000000   clock source latency
     1    0.016314    0.000000    0.000000    0.000000 ^ clk_CPU (in)
                                                         clk_CPU (net)
                      0.000530    0.000265    0.000265 ^ clkbuf_0_clk_CPU/A (sky130_fd_sc_hd__clkbuf_16)
     2    0.019053    0.030493    0.075473    0.075738 ^ clkbuf_0_clk_CPU/X (sky130_fd_sc_hd__clkbuf_16)
                                                         clknet_0_clk_CPU (net)
                      0.030494    0.000253    0.075991 ^ clkbuf_1_0__f_clk_CPU/A (sky130_fd_sc_hd__clkbuf_16)
     8    0.026293    0.035421    0.088643    0.164633 ^ clkbuf_1_0__f_clk_CPU/X (sky130_fd_sc_hd__clkbuf_16)
                                                         clknet_1_0__leaf_clk_CPU (net)
                      0.035429    0.000484    0.165117 ^ _365_/CLK (sky130_fd_sc_hd__dfrtp_4)
    10    0.035773    0.091717    0.298820    0.463937 ^ _365_/Q (sky130_fd_sc_hd__dfrtp_4)
                                                         uart1.counter[3] (net)
                      0.091717    0.000434    0.464371 ^ _316_/A (sky130_fd_sc_hd__xor2_1)
     1    0.002111    0.023150    0.041558    0.505929 v _316_/X (sky130_fd_sc_hd__xor2_1)
                                                         _131_ (net)
                      0.023150    0.000020    0.505949 v _317_/B (sky130_fd_sc_hd__and2_1)
     1    0.002379    0.023025    0.089843    0.595792 v _317_/X (sky130_fd_sc_hd__and2_1)
                                                         _011_ (net)
                      0.023025    0.000021    0.595813 v _365_/D (sky130_fd_sc_hd__dfrtp_4)
                                              0.595813   data arrival time

                                  0.000000    0.000000   clock core_clock (rise edge)
                                  0.000000    0.000000   clock source latency
     1    0.016314    0.000000    0.000000    0.000000 ^ clk_CPU (in)
                                                         clk_CPU (net)
                      0.000530    0.000265    0.000265 ^ clkbuf_0_clk_CPU/A (sky130_fd_sc_hd__clkbuf_16)
     2    0.019053    0.030493    0.075473    0.075738 ^ clkbuf_0_clk_CPU/X (sky130_fd_sc_hd__clkbuf_16)
                                                         clknet_0_clk_CPU (net)
                      0.030494    0.000253    0.075991 ^ clkbuf_1_0__f_clk_CPU/A (sky130_fd_sc_hd__clkbuf_16)
     8    0.026293    0.035421    0.088643    0.164633 ^ clkbuf_1_0__f_clk_CPU/X (sky130_fd_sc_hd__clkbuf_16)
                                                         clknet_1_0__leaf_clk_CPU (net)
                      0.035429    0.000484    0.165117 ^ _365_/CLK (sky130_fd_sc_hd__dfrtp_4)
                                  0.000000    0.165117   clock reconvergence pessimism
                                 -0.025335    0.139783   library hold time
                                              0.139783   data required time
---------------------------------------------------------------------------------------------
                                              0.139783   data required time
                                             -0.595813   data arrival time
---------------------------------------------------------------------------------------------
                                              0.456030   slack (MET)



