
===========================================================================
report_checks -path_delay min (Hold)
============================================================================
======================= nom_tt_025C_1v80 Corner ===================================

Startpoint: _372_ (rising edge-triggered flip-flop clocked by core_clock)
Endpoint: _372_ (rising edge-triggered flip-flop clocked by core_clock)
Path Group: core_clock
Path Type: min

Fanout         Cap        Slew       Delay        Time   Description
---------------------------------------------------------------------------------------------
                      0.000000    0.000000    0.000000   clock core_clock (rise edge)
                                  0.000000    0.000000   clock network delay (ideal)
                      0.000000    0.000000    0.000000 ^ _372_/CLK (sky130_fd_sc_hd__dfrtp_2)
     3    0.004311    0.046611    0.323194    0.323194 ^ _372_/Q (sky130_fd_sc_hd__dfrtp_2)
                                                         IRQ_Rx (net)
                      0.046611    0.000000    0.323194 ^ _338_/B1 (sky130_fd_sc_hd__a31o_2)
     1    0.002005    0.028278    0.085080    0.408274 ^ _338_/X (sky130_fd_sc_hd__a31o_2)
                                                         _018_ (net)
                      0.028278    0.000000    0.408274 ^ _372_/D (sky130_fd_sc_hd__dfrtp_2)
                                              0.408274   data arrival time

                      0.000000    0.000000    0.000000   clock core_clock (rise edge)
                                  0.000000    0.000000   clock network delay (ideal)
                                  0.000000    0.000000   clock reconvergence pessimism
                                              0.000000 ^ _372_/CLK (sky130_fd_sc_hd__dfrtp_2)
                                 -0.037344   -0.037344   library hold time
                                             -0.037344   data required time
---------------------------------------------------------------------------------------------
                                             -0.037344   data required time
                                             -0.408274   data arrival time
---------------------------------------------------------------------------------------------
                                              0.445617   slack (MET)


Startpoint: _351_ (rising edge-triggered flip-flop clocked by core_clock)
Endpoint: _351_ (rising edge-triggered flip-flop clocked by core_clock)
Path Group: core_clock
Path Type: min

Fanout         Cap        Slew       Delay        Time   Description
---------------------------------------------------------------------------------------------
                      0.000000    0.000000    0.000000   clock core_clock (rise edge)
                                  0.000000    0.000000   clock network delay (ideal)
                      0.000000    0.000000    0.000000 ^ _351_/CLK (sky130_fd_sc_hd__dfrtp_2)
     2    0.002656    0.038584    0.313445    0.313445 ^ _351_/Q (sky130_fd_sc_hd__dfrtp_2)
                                                         DATA_OUT_Rx[7] (net)
                      0.038584    0.000000    0.313445 ^ _281_/B2 (sky130_fd_sc_hd__a32o_2)
     1    0.002005    0.037124    0.105956    0.419402 ^ _281_/X (sky130_fd_sc_hd__a32o_2)
                                                         _001_ (net)
                      0.037124    0.000000    0.419402 ^ _351_/D (sky130_fd_sc_hd__dfrtp_2)
                                              0.419402   data arrival time

                      0.000000    0.000000    0.000000   clock core_clock (rise edge)
                                  0.000000    0.000000   clock network delay (ideal)
                                  0.000000    0.000000   clock reconvergence pessimism
                                              0.000000 ^ _351_/CLK (sky130_fd_sc_hd__dfrtp_2)
                                 -0.039186   -0.039186   library hold time
                                             -0.039186   data required time
---------------------------------------------------------------------------------------------
                                             -0.039186   data required time
                                             -0.419402   data arrival time
---------------------------------------------------------------------------------------------
                                              0.458588   slack (MET)


Startpoint: _352_ (rising edge-triggered flip-flop clocked by core_clock)
Endpoint: _352_ (rising edge-triggered flip-flop clocked by core_clock)
Path Group: core_clock
Path Type: min

Fanout         Cap        Slew       Delay        Time   Description
---------------------------------------------------------------------------------------------
                      0.000000    0.000000    0.000000   clock core_clock (rise edge)
                                  0.000000    0.000000   clock network delay (ideal)
                      0.000000    0.000000    0.000000 ^ _352_/CLK (sky130_fd_sc_hd__dfrtp_2)
     2    0.002656    0.038584    0.313445    0.313445 ^ _352_/Q (sky130_fd_sc_hd__dfrtp_2)
                                                         DATA_OUT_Rx[6] (net)
                      0.038584    0.000000    0.313445 ^ _283_/B2 (sky130_fd_sc_hd__a32o_2)
     1    0.002005    0.037124    0.105956    0.419402 ^ _283_/X (sky130_fd_sc_hd__a32o_2)
                                                         _002_ (net)
                      0.037124    0.000000    0.419402 ^ _352_/D (sky130_fd_sc_hd__dfrtp_2)
                                              0.419402   data arrival time

                      0.000000    0.000000    0.000000   clock core_clock (rise edge)
                                  0.000000    0.000000   clock network delay (ideal)
                                  0.000000    0.000000   clock reconvergence pessimism
                                              0.000000 ^ _352_/CLK (sky130_fd_sc_hd__dfrtp_2)
                                 -0.039186   -0.039186   library hold time
                                             -0.039186   data required time
---------------------------------------------------------------------------------------------
                                             -0.039186   data required time
                                             -0.419402   data arrival time
---------------------------------------------------------------------------------------------
                                              0.458588   slack (MET)


Startpoint: _353_ (rising edge-triggered flip-flop clocked by core_clock)
Endpoint: _353_ (rising edge-triggered flip-flop clocked by core_clock)
Path Group: core_clock
Path Type: min

Fanout         Cap        Slew       Delay        Time   Description
---------------------------------------------------------------------------------------------
                      0.000000    0.000000    0.000000   clock core_clock (rise edge)
                                  0.000000    0.000000   clock network delay (ideal)
                      0.000000    0.000000    0.000000 ^ _353_/CLK (sky130_fd_sc_hd__dfrtp_2)
     2    0.002540    0.038021    0.312762    0.312762 ^ _353_/Q (sky130_fd_sc_hd__dfrtp_2)
                                                         DATA_OUT_Rx[5] (net)
                      0.038021    0.000000    0.312762 ^ _286_/A1 (sky130_fd_sc_hd__o211a_2)
     1    0.002005    0.037419    0.159137    0.471899 ^ _286_/X (sky130_fd_sc_hd__o211a_2)
                                                         _003_ (net)
                      0.037419    0.000000    0.471899 ^ _353_/D (sky130_fd_sc_hd__dfrtp_2)
                                              0.471899   data arrival time

                      0.000000    0.000000    0.000000   clock core_clock (rise edge)
                                  0.000000    0.000000   clock network delay (ideal)
                                  0.000000    0.000000   clock reconvergence pessimism
                                              0.000000 ^ _353_/CLK (sky130_fd_sc_hd__dfrtp_2)
                                 -0.039247   -0.039247   library hold time
                                             -0.039247   data required time
---------------------------------------------------------------------------------------------
                                             -0.039247   data required time
                                             -0.471899   data arrival time
---------------------------------------------------------------------------------------------
                                              0.511146   slack (MET)


Startpoint: _354_ (rising edge-triggered flip-flop clocked by core_clock)
Endpoint: _354_ (rising edge-triggered flip-flop clocked by core_clock)
Path Group: core_clock
Path Type: min

Fanout         Cap        Slew       Delay        Time   Description
---------------------------------------------------------------------------------------------
                      0.000000    0.000000    0.000000   clock core_clock (rise edge)
                                  0.000000    0.000000   clock network delay (ideal)
                      0.000000    0.000000    0.000000 ^ _354_/CLK (sky130_fd_sc_hd__dfrtp_2)
     2    0.002540    0.038021    0.312762    0.312762 ^ _354_/Q (sky130_fd_sc_hd__dfrtp_2)
                                                         DATA_OUT_Rx[4] (net)
                      0.038021    0.000000    0.312762 ^ _289_/A1 (sky130_fd_sc_hd__o211a_2)
     1    0.002005    0.037418    0.159137    0.471899 ^ _289_/X (sky130_fd_sc_hd__o211a_2)
                                                         _004_ (net)
                      0.037418    0.000000    0.471899 ^ _354_/D (sky130_fd_sc_hd__dfrtp_2)
                                              0.471899   data arrival time

                      0.000000    0.000000    0.000000   clock core_clock (rise edge)
                                  0.000000    0.000000   clock network delay (ideal)
                                  0.000000    0.000000   clock reconvergence pessimism
                                              0.000000 ^ _354_/CLK (sky130_fd_sc_hd__dfrtp_2)
                                 -0.039247   -0.039247   library hold time
                                             -0.039247   data required time
---------------------------------------------------------------------------------------------
                                             -0.039247   data required time
                                             -0.471899   data arrival time
---------------------------------------------------------------------------------------------
                                              0.511146   slack (MET)


Startpoint: _375_ (rising edge-triggered flip-flop clocked by core_clock)
Endpoint: _375_ (rising edge-triggered flip-flop clocked by core_clock)
Path Group: core_clock
Path Type: min

Fanout         Cap        Slew       Delay        Time   Description
---------------------------------------------------------------------------------------------
                      0.000000    0.000000    0.000000   clock core_clock (rise edge)
                                  0.000000    0.000000   clock network delay (ideal)
                      0.000000    0.000000    0.000000 ^ _375_/CLK (sky130_fd_sc_hd__dfrtp_2)
     2    0.002540    0.038021    0.312762    0.312762 ^ _375_/Q (sky130_fd_sc_hd__dfrtp_2)
                                                         DATA_OUT_Rx[3] (net)
                      0.038021    0.000000    0.312762 ^ _345_/A1 (sky130_fd_sc_hd__o211a_2)
     1    0.002005    0.037418    0.159137    0.471899 ^ _345_/X (sky130_fd_sc_hd__o211a_2)
                                                         _021_ (net)
                      0.037418    0.000000    0.471899 ^ _375_/D (sky130_fd_sc_hd__dfrtp_2)
                                              0.471899   data arrival time

                      0.000000    0.000000    0.000000   clock core_clock (rise edge)
                                  0.000000    0.000000   clock network delay (ideal)
                                  0.000000    0.000000   clock reconvergence pessimism
                                              0.000000 ^ _375_/CLK (sky130_fd_sc_hd__dfrtp_2)
                                 -0.039247   -0.039247   library hold time
                                             -0.039247   data required time
---------------------------------------------------------------------------------------------
                                             -0.039247   data required time
                                             -0.471899   data arrival time
---------------------------------------------------------------------------------------------
                                              0.511146   slack (MET)


Startpoint: _374_ (rising edge-triggered flip-flop clocked by core_clock)
Endpoint: _374_ (rising edge-triggered flip-flop clocked by core_clock)
Path Group: core_clock
Path Type: min

Fanout         Cap        Slew       Delay        Time   Description
---------------------------------------------------------------------------------------------
                      0.000000    0.000000    0.000000   clock core_clock (rise edge)
                                  0.000000    0.000000   clock network delay (ideal)
                      0.000000    0.000000    0.000000 ^ _374_/CLK (sky130_fd_sc_hd__dfrtp_2)
     2    0.002540    0.038021    0.312762    0.312762 ^ _374_/Q (sky130_fd_sc_hd__dfrtp_2)
                                                         DATA_OUT_Rx[2] (net)
                      0.038021    0.000000    0.312762 ^ _342_/A1 (sky130_fd_sc_hd__o211a_2)
     1    0.002005    0.037443    0.159137    0.471899 ^ _342_/X (sky130_fd_sc_hd__o211a_2)
                                                         _020_ (net)
                      0.037443    0.000000    0.471899 ^ _374_/D (sky130_fd_sc_hd__dfrtp_2)
                                              0.471899   data arrival time

                      0.000000    0.000000    0.000000   clock core_clock (rise edge)
                                  0.000000    0.000000   clock network delay (ideal)
                                  0.000000    0.000000   clock reconvergence pessimism
                                              0.000000 ^ _374_/CLK (sky130_fd_sc_hd__dfrtp_2)
                                 -0.039252   -0.039252   library hold time
                                             -0.039252   data required time
---------------------------------------------------------------------------------------------
                                             -0.039252   data required time
                                             -0.471899   data arrival time
---------------------------------------------------------------------------------------------
                                              0.511152   slack (MET)


Startpoint: _371_ (rising edge-triggered flip-flop clocked by core_clock)
Endpoint: _371_ (rising edge-triggered flip-flop clocked by core_clock)
Path Group: core_clock
Path Type: min

Fanout         Cap        Slew       Delay        Time   Description
---------------------------------------------------------------------------------------------
                      0.000000    0.000000    0.000000   clock core_clock (rise edge)
                                  0.000000    0.000000   clock network delay (ideal)
                      0.000000    0.000000    0.000000 ^ _371_/CLK (sky130_fd_sc_hd__dfrtp_2)
     4    0.016393    0.098391    0.372019    0.372019 ^ _371_/Q (sky130_fd_sc_hd__dfrtp_2)
                                                         uart1.counter[9] (net)
                      0.098391    0.000000    0.372019 ^ _336_/A (sky130_fd_sc_hd__xnor2_2)
     1    0.004611    0.043119    0.119666    0.491685 ^ _336_/Y (sky130_fd_sc_hd__xnor2_2)
                                                         _145_ (net)
                      0.043119    0.000000    0.491685 ^ _337_/A (sky130_fd_sc_hd__nor2_2)
     1    0.001949    0.018541    0.031676    0.523361 v _337_/Y (sky130_fd_sc_hd__nor2_2)
                                                         _017_ (net)
                      0.018541    0.000000    0.523361 v _371_/D (sky130_fd_sc_hd__dfrtp_2)
                                              0.523361   data arrival time

                      0.000000    0.000000    0.000000   clock core_clock (rise edge)
                                  0.000000    0.000000   clock network delay (ideal)
                                  0.000000    0.000000   clock reconvergence pessimism
                                              0.000000 ^ _371_/CLK (sky130_fd_sc_hd__dfrtp_2)
                                 -0.041600   -0.041600   library hold time
                                             -0.041600   data required time
---------------------------------------------------------------------------------------------
                                             -0.041600   data required time
                                             -0.523361   data arrival time
---------------------------------------------------------------------------------------------
                                              0.564961   slack (MET)


Startpoint: _350_ (rising edge-triggered flip-flop clocked by core_clock)
Endpoint: _350_ (rising edge-triggered flip-flop clocked by core_clock)
Path Group: core_clock
Path Type: min

Fanout         Cap        Slew       Delay        Time   Description
---------------------------------------------------------------------------------------------
                      0.000000    0.000000    0.000000   clock core_clock (rise edge)
                                  0.000000    0.000000   clock network delay (ideal)
                      0.000000    0.000000    0.000000 ^ _350_/CLK (sky130_fd_sc_hd__dfrtp_2)
    13    0.028473    0.150497    0.413490    0.413490 ^ _350_/Q (sky130_fd_sc_hd__dfrtp_2)
                                                         uart_clock (net)
                      0.150497    0.000000    0.413490 ^ _279_/A1_N (sky130_fd_sc_hd__o2bb2ai_2)
     1    0.002005    0.041593    0.112948    0.526437 ^ _279_/Y (sky130_fd_sc_hd__o2bb2ai_2)
                                                         _000_ (net)
                      0.041593    0.000000    0.526437 ^ _350_/D (sky130_fd_sc_hd__dfrtp_2)
                                              0.526437   data arrival time

                      0.000000    0.000000    0.000000   clock core_clock (rise edge)
                                  0.000000    0.000000   clock network delay (ideal)
                                  0.000000    0.000000   clock reconvergence pessimism
                                              0.000000 ^ _350_/CLK (sky130_fd_sc_hd__dfrtp_2)
                                 -0.040117   -0.040117   library hold time
                                             -0.040117   data required time
---------------------------------------------------------------------------------------------
                                             -0.040117   data required time
                                             -0.526437   data arrival time
---------------------------------------------------------------------------------------------
                                              0.566554   slack (MET)


Startpoint: _356_ (rising edge-triggered flip-flop clocked by core_clock)
Endpoint: _356_ (rising edge-triggered flip-flop clocked by core_clock)
Path Group: core_clock
Path Type: min

Fanout         Cap        Slew       Delay        Time   Description
---------------------------------------------------------------------------------------------
                      0.000000    0.000000    0.000000   clock core_clock (rise edge)
                                  0.000000    0.000000   clock network delay (ideal)
                      0.000000    0.000000    0.000000 ^ _356_/CLK (sky130_fd_sc_hd__dfrtp_2)
     2    0.002504    0.037847    0.312550    0.312550 ^ _356_/Q (sky130_fd_sc_hd__dfrtp_2)
                                                         DATA_OUT_Rx[1] (net)
                      0.037847    0.000000    0.312550 ^ _293_/B1 (sky130_fd_sc_hd__a31o_2)
     1    0.001535    0.025911    0.079458    0.392008 ^ _293_/X (sky130_fd_sc_hd__a31o_2)
                                                         _113_ (net)
                      0.025911    0.000000    0.392008 ^ _295_/B (sky130_fd_sc_hd__and3_2)
     1    0.002005    0.038932    0.148897    0.540904 ^ _295_/X (sky130_fd_sc_hd__and3_2)
                                                         _006_ (net)
                      0.038932    0.000000    0.540904 ^ _356_/D (sky130_fd_sc_hd__dfrtp_2)
                                              0.540904   data arrival time

                      0.000000    0.000000    0.000000   clock core_clock (rise edge)
                                  0.000000    0.000000   clock network delay (ideal)
                                  0.000000    0.000000   clock reconvergence pessimism
                                              0.000000 ^ _356_/CLK (sky130_fd_sc_hd__dfrtp_2)
                                 -0.039563   -0.039563   library hold time
                                             -0.039563   data required time
---------------------------------------------------------------------------------------------
                                             -0.039563   data required time
                                             -0.540904   data arrival time
---------------------------------------------------------------------------------------------
                                              0.580467   slack (MET)


Startpoint: _362_ (rising edge-triggered flip-flop clocked by core_clock)
Endpoint: _362_ (rising edge-triggered flip-flop clocked by core_clock)
Path Group: core_clock
Path Type: min

Fanout         Cap        Slew       Delay        Time   Description
---------------------------------------------------------------------------------------------
                      0.000000    0.000000    0.000000   clock core_clock (rise edge)
                                  0.000000    0.000000   clock network delay (ideal)
                      0.000000    0.000000    0.000000 ^ _362_/CLK (sky130_fd_sc_hd__dfrtp_2)
     5    0.010995    0.075176    0.352001    0.352001 ^ _362_/Q (sky130_fd_sc_hd__dfrtp_2)
                                                         uart1.counter[0] (net)
                      0.075176    0.000000    0.352001 ^ _306_/B (sky130_fd_sc_hd__and2b_2)
     1    0.002564    0.034418    0.135670    0.487671 ^ _306_/X (sky130_fd_sc_hd__and2b_2)
                                                         _124_ (net)
                      0.034418    0.000000    0.487671 ^ _307_/A2 (sky130_fd_sc_hd__o21a_2)
     1    0.002005    0.026574    0.096105    0.583776 ^ _307_/X (sky130_fd_sc_hd__o21a_2)
                                                         _008_ (net)
                      0.026574    0.000000    0.583776 ^ _362_/D (sky130_fd_sc_hd__dfrtp_2)
                                              0.583776   data arrival time

                      0.000000    0.000000    0.000000   clock core_clock (rise edge)
                                  0.000000    0.000000   clock network delay (ideal)
                                  0.000000    0.000000   clock reconvergence pessimism
                                              0.000000 ^ _362_/CLK (sky130_fd_sc_hd__dfrtp_2)
                                 -0.036989   -0.036989   library hold time
                                             -0.036989   data required time
---------------------------------------------------------------------------------------------
                                             -0.036989   data required time
                                             -0.583776   data arrival time
---------------------------------------------------------------------------------------------
                                              0.620765   slack (MET)


Startpoint: _355_ (rising edge-triggered flip-flop clocked by core_clock)
Endpoint: _355_ (rising edge-triggered flip-flop clocked by core_clock)
Path Group: core_clock
Path Type: min

Fanout         Cap        Slew       Delay        Time   Description
---------------------------------------------------------------------------------------------
                      0.000000    0.000000    0.000000   clock core_clock (rise edge)
                                  0.000000    0.000000   clock network delay (ideal)
                      0.000000    0.000000    0.000000 ^ _355_/CLK (sky130_fd_sc_hd__dfstp_2)
     2    0.002240    0.020582    0.334460    0.334460 v _355_/Q (sky130_fd_sc_hd__dfstp_2)
                                                         DATA_OUT_Rx[0] (net)
                      0.020582    0.000000    0.334460 v _292_/A1 (sky130_fd_sc_hd__a211o_2)
     1    0.002233    0.041186    0.272439    0.606899 v _292_/X (sky130_fd_sc_hd__a211o_2)
                                                         _005_ (net)
                      0.041186    0.000000    0.606899 v _355_/D (sky130_fd_sc_hd__dfstp_2)
                                              0.606899   data arrival time

                      0.000000    0.000000    0.000000   clock core_clock (rise edge)
                                  0.000000    0.000000   clock network delay (ideal)
                                  0.000000    0.000000   clock reconvergence pessimism
                                              0.000000 ^ _355_/CLK (sky130_fd_sc_hd__dfstp_2)
                                 -0.017147   -0.017147   library hold time
                                             -0.017147   data required time
---------------------------------------------------------------------------------------------
                                             -0.017147   data required time
                                             -0.606899   data arrival time
---------------------------------------------------------------------------------------------
                                              0.624046   slack (MET)


Startpoint: _362_ (rising edge-triggered flip-flop clocked by core_clock)
Endpoint: _363_ (rising edge-triggered flip-flop clocked by core_clock)
Path Group: core_clock
Path Type: min

Fanout         Cap        Slew       Delay        Time   Description
---------------------------------------------------------------------------------------------
                      0.000000    0.000000    0.000000   clock core_clock (rise edge)
                                  0.000000    0.000000   clock network delay (ideal)
                      0.000000    0.000000    0.000000 ^ _362_/CLK (sky130_fd_sc_hd__dfrtp_2)
     5    0.010995    0.075176    0.352001    0.352001 ^ _362_/Q (sky130_fd_sc_hd__dfrtp_2)
                                                         uart1.counter[0] (net)
                      0.075176    0.000000    0.352001 ^ _309_/A1 (sky130_fd_sc_hd__a21oi_2)
     1    0.004136    0.032901    0.054602    0.406603 v _309_/Y (sky130_fd_sc_hd__a21oi_2)
                                                         _126_ (net)
                      0.032901    0.000000    0.406603 v _310_/B (sky130_fd_sc_hd__nor2_2)
     1    0.001541    0.048665    0.054825    0.461428 ^ _310_/Y (sky130_fd_sc_hd__nor2_2)
                                                         _127_ (net)
                      0.048665    0.000000    0.461428 ^ _311_/B (sky130_fd_sc_hd__and2_2)
     1    0.002005    0.033880    0.124606    0.586035 ^ _311_/X (sky130_fd_sc_hd__and2_2)
                                                         _009_ (net)
                      0.033880    0.000000    0.586035 ^ _363_/D (sky130_fd_sc_hd__dfrtp_2)
                                              0.586035   data arrival time

                      0.000000    0.000000    0.000000   clock core_clock (rise edge)
                                  0.000000    0.000000   clock network delay (ideal)
                                  0.000000    0.000000   clock reconvergence pessimism
                                              0.000000 ^ _363_/CLK (sky130_fd_sc_hd__dfrtp_2)
                                 -0.038510   -0.038510   library hold time
                                             -0.038510   data required time
---------------------------------------------------------------------------------------------
                                             -0.038510   data required time
                                             -0.586035   data arrival time
---------------------------------------------------------------------------------------------
                                              0.624545   slack (MET)


Startpoint: _366_ (rising edge-triggered flip-flop clocked by core_clock)
Endpoint: _366_ (rising edge-triggered flip-flop clocked by core_clock)
Path Group: core_clock
Path Type: min

Fanout         Cap        Slew       Delay        Time   Description
---------------------------------------------------------------------------------------------
                      0.000000    0.000000    0.000000   clock core_clock (rise edge)
                                  0.000000    0.000000   clock network delay (ideal)
                      0.000000    0.000000    0.000000 ^ _366_/CLK (sky130_fd_sc_hd__dfrtp_2)
     5    0.013841    0.087384    0.363258    0.363258 ^ _366_/Q (sky130_fd_sc_hd__dfrtp_2)
                                                         uart1.counter[4] (net)
                      0.087384    0.000000    0.363258 ^ _318_/B1 (sky130_fd_sc_hd__a21oi_2)
     1    0.004190    0.032414    0.039643    0.402901 v _318_/Y (sky130_fd_sc_hd__a21oi_2)
                                                         _132_ (net)
                      0.032414    0.000000    0.402901 v _320_/A (sky130_fd_sc_hd__nor2_2)
     1    0.001541    0.049425    0.076767    0.479668 ^ _320_/Y (sky130_fd_sc_hd__nor2_2)
                                                         _134_ (net)
                      0.049425    0.000000    0.479668 ^ _321_/B (sky130_fd_sc_hd__and2_2)
     1    0.002005    0.033879    0.124836    0.604504 ^ _321_/X (sky130_fd_sc_hd__and2_2)
                                                         _012_ (net)
                      0.033879    0.000000    0.604504 ^ _366_/D (sky130_fd_sc_hd__dfrtp_2)
                                              0.604504   data arrival time

                      0.000000    0.000000    0.000000   clock core_clock (rise edge)
                                  0.000000    0.000000   clock network delay (ideal)
                                  0.000000    0.000000   clock reconvergence pessimism
                                              0.000000 ^ _366_/CLK (sky130_fd_sc_hd__dfrtp_2)
                                 -0.038510   -0.038510   library hold time
                                             -0.038510   data required time
---------------------------------------------------------------------------------------------
                                             -0.038510   data required time
                                             -0.604504   data arrival time
---------------------------------------------------------------------------------------------
                                              0.643014   slack (MET)


Startpoint: _364_ (rising edge-triggered flip-flop clocked by core_clock)
Endpoint: _364_ (rising edge-triggered flip-flop clocked by core_clock)
Path Group: core_clock
Path Type: min

Fanout         Cap        Slew       Delay        Time   Description
---------------------------------------------------------------------------------------------
                      0.000000    0.000000    0.000000   clock core_clock (rise edge)
                                  0.000000    0.000000   clock network delay (ideal)
                      0.000000    0.000000    0.000000 ^ _364_/CLK (sky130_fd_sc_hd__dfrtp_2)
     6    0.017645    0.103792    0.376317    0.376317 ^ _364_/Q (sky130_fd_sc_hd__dfrtp_2)
                                                         uart1.counter[2] (net)
                      0.103792    0.000000    0.376317 ^ _313_/A (sky130_fd_sc_hd__nor2_2)
     1    0.004136    0.031962    0.051725    0.428043 v _313_/Y (sky130_fd_sc_hd__nor2_2)
                                                         _129_ (net)
                      0.031962    0.000000    0.428043 v _314_/B (sky130_fd_sc_hd__nor2_2)
     1    0.001541    0.048671    0.054473    0.482516 ^ _314_/Y (sky130_fd_sc_hd__nor2_2)
                                                         _130_ (net)
                      0.048671    0.000000    0.482516 ^ _315_/B (sky130_fd_sc_hd__and2_2)
     1    0.002005    0.033880    0.124608    0.607124 ^ _315_/X (sky130_fd_sc_hd__and2_2)
                                                         _010_ (net)
                      0.033880    0.000000    0.607124 ^ _364_/D (sky130_fd_sc_hd__dfrtp_2)
                                              0.607124   data arrival time

                      0.000000    0.000000    0.000000   clock core_clock (rise edge)
                                  0.000000    0.000000   clock network delay (ideal)
                                  0.000000    0.000000   clock reconvergence pessimism
                                              0.000000 ^ _364_/CLK (sky130_fd_sc_hd__dfrtp_2)
                                 -0.038510   -0.038510   library hold time
                                             -0.038510   data required time
---------------------------------------------------------------------------------------------
                                             -0.038510   data required time
                                             -0.607124   data arrival time
---------------------------------------------------------------------------------------------
                                              0.645634   slack (MET)


Startpoint: _370_ (rising edge-triggered flip-flop clocked by core_clock)
Endpoint: _370_ (rising edge-triggered flip-flop clocked by core_clock)
Path Group: core_clock
Path Type: min

Fanout         Cap        Slew       Delay        Time   Description
---------------------------------------------------------------------------------------------
                      0.000000    0.000000    0.000000   clock core_clock (rise edge)
                                  0.000000    0.000000   clock network delay (ideal)
                      0.000000    0.000000    0.000000 ^ _370_/CLK (sky130_fd_sc_hd__dfrtp_2)
     5    0.018375    0.106941    0.378823    0.378823 ^ _370_/Q (sky130_fd_sc_hd__dfrtp_2)
                                                         uart1.counter[8] (net)
                      0.106941    0.000000    0.378823 ^ _333_/B1 (sky130_fd_sc_hd__a31oi_2)
     1    0.004136    0.039758    0.047381    0.426204 v _333_/Y (sky130_fd_sc_hd__a31oi_2)
                                                         _143_ (net)
                      0.039758    0.000000    0.426204 v _334_/B (sky130_fd_sc_hd__nor2_2)
     1    0.001541    0.048624    0.057395    0.483599 ^ _334_/Y (sky130_fd_sc_hd__nor2_2)
                                                         _144_ (net)
                      0.048624    0.000000    0.483599 ^ _335_/B (sky130_fd_sc_hd__and2_2)
     1    0.002005    0.033880    0.124594    0.608193 ^ _335_/X (sky130_fd_sc_hd__and2_2)
                                                         _016_ (net)
                      0.033880    0.000000    0.608193 ^ _370_/D (sky130_fd_sc_hd__dfrtp_2)
                                              0.608193   data arrival time

                      0.000000    0.000000    0.000000   clock core_clock (rise edge)
                                  0.000000    0.000000   clock network delay (ideal)
                                  0.000000    0.000000   clock reconvergence pessimism
                                              0.000000 ^ _370_/CLK (sky130_fd_sc_hd__dfrtp_2)
                                 -0.038510   -0.038510   library hold time
                                             -0.038510   data required time
---------------------------------------------------------------------------------------------
                                             -0.038510   data required time
                                             -0.608193   data arrival time
---------------------------------------------------------------------------------------------
                                              0.646703   slack (MET)


Startpoint: _367_ (rising edge-triggered flip-flop clocked by core_clock)
Endpoint: _367_ (rising edge-triggered flip-flop clocked by core_clock)
Path Group: core_clock
Path Type: min

Fanout         Cap        Slew       Delay        Time   Description
---------------------------------------------------------------------------------------------
                      0.000000    0.000000    0.000000   clock core_clock (rise edge)
                                  0.000000    0.000000   clock network delay (ideal)
                      0.000000    0.000000    0.000000 ^ _367_/CLK (sky130_fd_sc_hd__dfrtp_2)
     5    0.021710    0.121326    0.390272    0.390272 ^ _367_/Q (sky130_fd_sc_hd__dfrtp_2)
                                                         uart1.counter[5] (net)
                      0.121326    0.000000    0.390272 ^ _322_/A (sky130_fd_sc_hd__xor2_2)
     1    0.001541    0.055178    0.114928    0.505200 ^ _322_/X (sky130_fd_sc_hd__xor2_2)
                                                         _135_ (net)
                      0.055178    0.000000    0.505200 ^ _323_/B (sky130_fd_sc_hd__and2_2)
     1    0.002005    0.033873    0.126562    0.631762 ^ _323_/X (sky130_fd_sc_hd__and2_2)
                                                         _013_ (net)
                      0.033873    0.000000    0.631762 ^ _367_/D (sky130_fd_sc_hd__dfrtp_2)
                                              0.631762   data arrival time

                      0.000000    0.000000    0.000000   clock core_clock (rise edge)
                                  0.000000    0.000000   clock network delay (ideal)
                                  0.000000    0.000000   clock reconvergence pessimism
                                              0.000000 ^ _367_/CLK (sky130_fd_sc_hd__dfrtp_2)
                                 -0.038509   -0.038509   library hold time
                                             -0.038509   data required time
---------------------------------------------------------------------------------------------
                                             -0.038509   data required time
                                             -0.631762   data arrival time
---------------------------------------------------------------------------------------------
                                              0.670271   slack (MET)


Startpoint: _364_ (rising edge-triggered flip-flop clocked by core_clock)
Endpoint: _368_ (rising edge-triggered flip-flop clocked by core_clock)
Path Group: core_clock
Path Type: min

Fanout         Cap        Slew       Delay        Time   Description
---------------------------------------------------------------------------------------------
                      0.000000    0.000000    0.000000   clock core_clock (rise edge)
                                  0.000000    0.000000   clock network delay (ideal)
                      0.000000    0.000000    0.000000 ^ _364_/CLK (sky130_fd_sc_hd__dfrtp_2)
     6    0.017645    0.103792    0.376317    0.376317 ^ _364_/Q (sky130_fd_sc_hd__dfrtp_2)
                                                         uart1.counter[2] (net)
                      0.103792    0.000000    0.376317 ^ _326_/A1 (sky130_fd_sc_hd__a41oi_2)
     1    0.001403    0.031969    0.084401    0.460718 v _326_/Y (sky130_fd_sc_hd__a41oi_2)
                                                         _138_ (net)
                      0.031969    0.000000    0.460718 v _327_/B (sky130_fd_sc_hd__and2_2)
     1    0.001949    0.032802    0.172557    0.633274 v _327_/X (sky130_fd_sc_hd__and2_2)
                                                         _014_ (net)
                      0.032802    0.000000    0.633274 v _368_/D (sky130_fd_sc_hd__dfrtp_2)
                                              0.633274   data arrival time

                      0.000000    0.000000    0.000000   clock core_clock (rise edge)
                                  0.000000    0.000000   clock network delay (ideal)
                                  0.000000    0.000000   clock reconvergence pessimism
                                              0.000000 ^ _368_/CLK (sky130_fd_sc_hd__dfrtp_2)
                                 -0.047409   -0.047409   library hold time
                                             -0.047409   data required time
---------------------------------------------------------------------------------------------
                                             -0.047409   data required time
                                             -0.633274   data arrival time
---------------------------------------------------------------------------------------------
                                              0.680684   slack (MET)


Startpoint: _369_ (rising edge-triggered flip-flop clocked by core_clock)
Endpoint: _369_ (rising edge-triggered flip-flop clocked by core_clock)
Path Group: core_clock
Path Type: min

Fanout         Cap        Slew       Delay        Time   Description
---------------------------------------------------------------------------------------------
                      0.000000    0.000000    0.000000   clock core_clock (rise edge)
                                  0.000000    0.000000   clock network delay (ideal)
                      0.000000    0.000000    0.000000 ^ _369_/CLK (sky130_fd_sc_hd__dfrtp_2)
     5    0.020351    0.115464    0.385607    0.385607 ^ _369_/Q (sky130_fd_sc_hd__dfrtp_2)
                                                         uart1.counter[7] (net)
                      0.115464    0.000000    0.385607 ^ _329_/B1 (sky130_fd_sc_hd__a41oi_2)
     1    0.004076    0.042418    0.047320    0.432927 v _329_/Y (sky130_fd_sc_hd__a41oi_2)
                                                         _140_ (net)
                      0.042418    0.000000    0.432927 v _330_/B1 (sky130_fd_sc_hd__a31oi_2)
     1    0.001541    0.060051    0.114750    0.547677 ^ _330_/Y (sky130_fd_sc_hd__a31oi_2)
                                                         _141_ (net)
                      0.060051    0.000000    0.547677 ^ _331_/B (sky130_fd_sc_hd__and2_2)
     1    0.002005    0.033872    0.128004    0.675681 ^ _331_/X (sky130_fd_sc_hd__and2_2)
                                                         _015_ (net)
                      0.033872    0.000000    0.675681 ^ _369_/D (sky130_fd_sc_hd__dfrtp_2)
                                              0.675681   data arrival time

                      0.000000    0.000000    0.000000   clock core_clock (rise edge)
                                  0.000000    0.000000   clock network delay (ideal)
                                  0.000000    0.000000   clock reconvergence pessimism
                                              0.000000 ^ _369_/CLK (sky130_fd_sc_hd__dfrtp_2)
                                 -0.038509   -0.038509   library hold time
                                             -0.038509   data required time
---------------------------------------------------------------------------------------------
                                             -0.038509   data required time
                                             -0.675681   data arrival time
---------------------------------------------------------------------------------------------
                                              0.714190   slack (MET)


Startpoint: _365_ (rising edge-triggered flip-flop clocked by core_clock)
Endpoint: _365_ (rising edge-triggered flip-flop clocked by core_clock)
Path Group: core_clock
Path Type: min

Fanout         Cap        Slew       Delay        Time   Description
---------------------------------------------------------------------------------------------
                      0.000000    0.000000    0.000000   clock core_clock (rise edge)
                                  0.000000    0.000000   clock network delay (ideal)
                      0.000000    0.000000    0.000000 ^ _365_/CLK (sky130_fd_sc_hd__dfrtp_2)
    10    0.041914    0.209566    0.458649    0.458649 ^ _365_/Q (sky130_fd_sc_hd__dfrtp_2)
                                                         uart1.counter[3] (net)
                      0.209566    0.000000    0.458649 ^ _316_/A (sky130_fd_sc_hd__xor2_2)
     1    0.001541    0.055278    0.129363    0.588011 ^ _316_/X (sky130_fd_sc_hd__xor2_2)
                                                         _131_ (net)
                      0.055278    0.000000    0.588011 ^ _317_/B (sky130_fd_sc_hd__and2_2)
     1    0.002005    0.033873    0.126591    0.714603 ^ _317_/X (sky130_fd_sc_hd__and2_2)
                                                         _011_ (net)
                      0.033873    0.000000    0.714603 ^ _365_/D (sky130_fd_sc_hd__dfrtp_2)
                                              0.714603   data arrival time

                      0.000000    0.000000    0.000000   clock core_clock (rise edge)
                                  0.000000    0.000000   clock network delay (ideal)
                                  0.000000    0.000000   clock reconvergence pessimism
                                              0.000000 ^ _365_/CLK (sky130_fd_sc_hd__dfrtp_2)
                                 -0.038509   -0.038509   library hold time
                                             -0.038509   data required time
---------------------------------------------------------------------------------------------
                                             -0.038509   data required time
                                             -0.714603   data arrival time
---------------------------------------------------------------------------------------------
                                              0.753112   slack (MET)



