
===========================================================================
report_checks -unconstrained
===========================================================================
======================= nom_ss_100C_1v60 Corner ===================================

Startpoint: _362_ (rising edge-triggered flip-flop clocked by core_clock)
Endpoint: _366_ (rising edge-triggered flip-flop clocked by core_clock)
Path Group: core_clock
Path Type: max

Fanout         Cap        Slew       Delay        Time   Description
---------------------------------------------------------------------------------------------
                                  0.000000    0.000000   clock core_clock (rise edge)
                                  0.000000    0.000000   clock source latency
     1    0.016973    0.000000    0.000000    0.000000 ^ clk_CPU (in)
                                                         clk_CPU (net)
                      0.000876    0.000438    0.000438 ^ clkbuf_0_clk_CPU/A (sky130_fd_sc_hd__clkbuf_16)
     2    0.019264    0.066386    0.190466    0.190904 ^ clkbuf_0_clk_CPU/X (sky130_fd_sc_hd__clkbuf_16)
                                                         clknet_0_clk_CPU (net)
                      0.066387    0.000584    0.191488 ^ clkbuf_1_0__f_clk_CPU/A (sky130_fd_sc_hd__clkbuf_16)
     8    0.026082    0.075148    0.228461    0.419949 ^ clkbuf_1_0__f_clk_CPU/X (sky130_fd_sc_hd__clkbuf_16)
                                                         clknet_1_0__leaf_clk_CPU (net)
                      0.075151    0.000566    0.420515 ^ _362_/CLK (sky130_fd_sc_hd__dfrtp_1)
     5    0.011906    0.155780    0.823011    1.243526 v _362_/Q (sky130_fd_sc_hd__dfrtp_1)
                                                         uart1.counter[0] (net)
                      0.155780    0.000198    1.243724 v _239_/A_N (sky130_fd_sc_hd__and2b_1)
     3    0.008904    0.150614    0.471786    1.715510 ^ _239_/X (sky130_fd_sc_hd__and2b_1)
                                                         _065_ (net)
                      0.150614    0.000204    1.715714 ^ _243_/B1_N (sky130_fd_sc_hd__a21boi_1)
     1    0.003065    0.178991    0.296334    2.012048 ^ _243_/Y (sky130_fd_sc_hd__a21boi_1)
                                                         _069_ (net)
                      0.178991    0.000065    2.012113 ^ _244_/B1 (sky130_fd_sc_hd__o2111a_1)
     2    0.013126    0.227135    0.557977    2.570090 ^ _244_/X (sky130_fd_sc_hd__o2111a_1)
                                                         _070_ (net)
                      0.227135    0.000393    2.570484 ^ _268_/B (sky130_fd_sc_hd__nand4_4)
    10    0.028750    0.327754    0.377153    2.947637 v _268_/Y (sky130_fd_sc_hd__nand4_4)
                                                         _094_ (net)
                      0.327754    0.000915    2.948552 v _321_/A (sky130_fd_sc_hd__and2_1)
     1    0.002654    0.066873    0.397798    3.346349 v _321_/X (sky130_fd_sc_hd__and2_1)
                                                         _012_ (net)
                      0.066873    0.000076    3.346425 v _366_/D (sky130_fd_sc_hd__dfrtp_1)
                                              3.346425   data arrival time

                                 10.000000   10.000000   clock core_clock (rise edge)
                                  0.000000   10.000000   clock source latency
     1    0.016973    0.000000    0.000000   10.000000 ^ clk_CPU (in)
                                                         clk_CPU (net)
                      0.000876    0.000438   10.000438 ^ clkbuf_0_clk_CPU/A (sky130_fd_sc_hd__clkbuf_16)
     2    0.019264    0.066386    0.190466   10.190905 ^ clkbuf_0_clk_CPU/X (sky130_fd_sc_hd__clkbuf_16)
                                                         clknet_0_clk_CPU (net)
                      0.066387    0.000584   10.191489 ^ clkbuf_1_0__f_clk_CPU/A (sky130_fd_sc_hd__clkbuf_16)
     8    0.026082    0.075148    0.228461   10.419950 ^ clkbuf_1_0__f_clk_CPU/X (sky130_fd_sc_hd__clkbuf_16)
                                                         clknet_1_0__leaf_clk_CPU (net)
                      0.075155    0.000723   10.420672 ^ _366_/CLK (sky130_fd_sc_hd__dfrtp_1)
                                  0.000000   10.420672   clock reconvergence pessimism
                                 -0.273887   10.146786   library setup time
                                             10.146786   data required time
---------------------------------------------------------------------------------------------
                                             10.146786   data required time
                                             -3.346425   data arrival time
---------------------------------------------------------------------------------------------
                                              6.800361   slack (MET)




===========================================================================
report_checks --slack_max -0.01
============================================================================
======================= nom_ss_100C_1v60 Corner ===================================

No paths found.


===========================================================================
 report_check_types -max_slew -max_cap -max_fanout -violators
============================================================================
======================= nom_ss_100C_1v60 Corner ===================================



===========================================================================
report_parasitic_annotation -report_unannotated
============================================================================
Found 2 unannotated drivers.
 _376__32/HI
 _377__33/HI
Found 0 partially unannotated drivers.

===========================================================================
max slew violation count 0
max fanout violation count 0
max cap violation count 0
============================================================================

===========================================================================
check_setup -verbose -unconstrained_endpoints -multiple_clock -no_clock -no_input_delay -loops -generated_clocks
===========================================================================
Warning: There are 18 input ports missing set_input_delay.
  DATA_IN_Rx
  DATA_IN_Tx[0]
  DATA_IN_Tx[1]
  DATA_IN_Tx[2]
  DATA_IN_Tx[3]
  DATA_IN_Tx[4]
  DATA_IN_Tx[5]
  DATA_IN_Tx[6]
  DATA_IN_Tx[7]
  EN
  RST
  UART_BITS
  UART_PARITY
  UART_WRITE
  bitrate[0]
  bitrate[1]
  bitrate[2]
  bitrate[3]
Warning: There are 10 unclocked register/latch pins.
  _346_/CLK
  _347_/CLK
  _348_/CLK
  _349_/CLK
  _357_/CLK
  _358_/CLK
  _359_/CLK
  _360_/CLK
  _361_/CLK
  _373_/CLK
Warning: There are 25 unconstrained endpoints.
  DATA_OUT_Rx[0]
  DATA_OUT_Rx[1]
  DATA_OUT_Rx[2]
  DATA_OUT_Rx[3]
  DATA_OUT_Rx[4]
  DATA_OUT_Rx[5]
  DATA_OUT_Rx[6]
  DATA_OUT_Rx[7]
  DATA_OUT_Rx[8]
  DATA_OUT_Rx[9]
  DATA_OUT_Tx
  IRQ_Rx
  IRQ_Tx
  UART_AVAIL
  uart_clock
  _346_/D
  _347_/D
  _348_/D
  _349_/D
  _357_/D
  _358_/D
  _359_/D
  _360_/D
  _361_/D
  _373_/D
