
===========================================================================
report_checks -unconstrained
===========================================================================
======================= nom_ff_n40C_1v95 Corner ===================================

Startpoint: _364_ (rising edge-triggered flip-flop clocked by core_clock)
Endpoint: _368_ (rising edge-triggered flip-flop clocked by core_clock)
Path Group: core_clock
Path Type: max

Fanout         Cap        Slew       Delay        Time   Description
---------------------------------------------------------------------------------------------
                                  0.000000    0.000000   clock core_clock (rise edge)
                                  0.000000    0.000000   clock source latency
     1    0.017042    0.000000    0.000000    0.000000 ^ clk_CPU (in)
                                                         clk_CPU (net)
                      0.000881    0.000440    0.000440 ^ clkbuf_0_clk_CPU/A (sky130_fd_sc_hd__clkbuf_16)
     2    0.019402    0.030713    0.075683    0.076123 ^ clkbuf_0_clk_CPU/X (sky130_fd_sc_hd__clkbuf_16)
                                                         clknet_0_clk_CPU (net)
                      0.030717    0.000588    0.076711 ^ clkbuf_1_0__f_clk_CPU/A (sky130_fd_sc_hd__clkbuf_16)
     8    0.027472    0.036267    0.089355    0.166066 ^ clkbuf_1_0__f_clk_CPU/X (sky130_fd_sc_hd__clkbuf_16)
                                                         clknet_1_0__leaf_clk_CPU (net)
                      0.036278    0.000603    0.166669 ^ _364_/CLK (sky130_fd_sc_hd__dfrtp_1)
     6    0.019892    0.079610    0.276715    0.443385 v _364_/Q (sky130_fd_sc_hd__dfrtp_1)
                                                         uart1.counter[2] (net)
                      0.079617    0.000792    0.444177 v _312_/C (sky130_fd_sc_hd__and4_2)
     7    0.026868    0.066000    0.200232    0.644409 v _312_/X (sky130_fd_sc_hd__and4_2)
                                                         _128_ (net)
                      0.066021    0.001138    0.645546 v _319_/C (sky130_fd_sc_hd__and3_1)
     3    0.010181    0.048270    0.149761    0.795308 v _319_/X (sky130_fd_sc_hd__and3_1)
                                                         _133_ (net)
                      0.048270    0.000174    0.795481 v _325_/A2 (sky130_fd_sc_hd__a21oi_1)
     1    0.002897    0.077549    0.100548    0.896029 ^ _325_/Y (sky130_fd_sc_hd__a21oi_1)
                                                         _137_ (net)
                      0.077549    0.000082    0.896112 ^ _326_/B1 (sky130_fd_sc_hd__a41oi_1)
     1    0.002991    0.063536    0.028684    0.924795 v _326_/Y (sky130_fd_sc_hd__a41oi_1)
                                                         _138_ (net)
                      0.063536    0.000087    0.924882 v _327_/B (sky130_fd_sc_hd__and2_1)
     1    0.002482    0.024428    0.106504    1.031387 v _327_/X (sky130_fd_sc_hd__and2_1)
                                                         _014_ (net)
                      0.024428    0.000070    1.031456 v _368_/D (sky130_fd_sc_hd__dfrtp_2)
                                              1.031456   data arrival time

                                 10.000000   10.000000   clock core_clock (rise edge)
                                  0.000000   10.000000   clock source latency
     1    0.017042    0.000000    0.000000   10.000000 ^ clk_CPU (in)
                                                         clk_CPU (net)
                      0.000881    0.000441   10.000441 ^ clkbuf_0_clk_CPU/A (sky130_fd_sc_hd__clkbuf_16)
     2    0.019402    0.030713    0.075683   10.076123 ^ clkbuf_0_clk_CPU/X (sky130_fd_sc_hd__clkbuf_16)
                                                         clknet_0_clk_CPU (net)
                      0.030717    0.000588   10.076712 ^ clkbuf_1_0__f_clk_CPU/A (sky130_fd_sc_hd__clkbuf_16)
     8    0.027472    0.036267    0.089354   10.166065 ^ clkbuf_1_0__f_clk_CPU/X (sky130_fd_sc_hd__clkbuf_16)
                                                         clknet_1_0__leaf_clk_CPU (net)
                      0.036276    0.000567   10.166633 ^ _368_/CLK (sky130_fd_sc_hd__dfrtp_2)
                                  0.000000   10.166633   clock reconvergence pessimism
                                 -0.070550   10.096083   library setup time
                                             10.096083   data required time
---------------------------------------------------------------------------------------------
                                             10.096083   data required time
                                             -1.031456   data arrival time
---------------------------------------------------------------------------------------------
                                              9.064626   slack (MET)




===========================================================================
report_checks --slack_max -0.01
============================================================================
======================= nom_ff_n40C_1v95 Corner ===================================

No paths found.


===========================================================================
 report_check_types -max_slew -max_cap -max_fanout -violators
============================================================================
======================= nom_ff_n40C_1v95 Corner ===================================



===========================================================================
report_parasitic_annotation -report_unannotated
============================================================================
Found 2 unannotated drivers.
 _376__32/HI
 _377__33/HI
Found 0 partially unannotated drivers.

===========================================================================
max slew violation count 0
max fanout violation count 0
max cap violation count 0
============================================================================

===========================================================================
check_setup -verbose -unconstrained_endpoints -multiple_clock -no_clock -no_input_delay -loops -generated_clocks
===========================================================================
Warning: There are 18 input ports missing set_input_delay.
  DATA_IN_Rx
  DATA_IN_Tx[0]
  DATA_IN_Tx[1]
  DATA_IN_Tx[2]
  DATA_IN_Tx[3]
  DATA_IN_Tx[4]
  DATA_IN_Tx[5]
  DATA_IN_Tx[6]
  DATA_IN_Tx[7]
  EN
  RST
  UART_BITS
  UART_PARITY
  UART_WRITE
  bitrate[0]
  bitrate[1]
  bitrate[2]
  bitrate[3]
Warning: There are 10 unclocked register/latch pins.
  _346_/CLK
  _347_/CLK
  _348_/CLK
  _349_/CLK
  _357_/CLK
  _358_/CLK
  _359_/CLK
  _360_/CLK
  _361_/CLK
  _373_/CLK
Warning: There are 25 unconstrained endpoints.
  DATA_OUT_Rx[0]
  DATA_OUT_Rx[1]
  DATA_OUT_Rx[2]
  DATA_OUT_Rx[3]
  DATA_OUT_Rx[4]
  DATA_OUT_Rx[5]
  DATA_OUT_Rx[6]
  DATA_OUT_Rx[7]
  DATA_OUT_Rx[8]
  DATA_OUT_Rx[9]
  DATA_OUT_Tx
  IRQ_Rx
  IRQ_Tx
  UART_AVAIL
  uart_clock
  _346_/D
  _347_/D
  _348_/D
  _349_/D
  _357_/D
  _358_/D
  _359_/D
  _360_/D
  _361_/D
  _373_/D
