Reading library file at '/foss/pdks/sky130A/libs.ref/sky130_fd_sc_hd/lib/sky130_fd_sc_hd__tt_025C_1v80.lib'…
Reading technology LEF file at '/foss/pdks/sky130A/libs.ref/sky130_fd_sc_hd/techlef/sky130_fd_sc_hd__nom.tlef'…
[INFO ODB-0227] LEF file: /foss/pdks/sky130A/libs.ref/sky130_fd_sc_hd/techlef/sky130_fd_sc_hd__nom.tlef, created 13 layers, 25 vias
Reading cell LEF file at '/foss/pdks/sky130A/libs.ref/sky130_fd_sc_hd/lef/sky130_ef_sc_hd.lef'…
[WARNING ODB-0220] WARNING (LEFPARS-2008): NOWIREEXTENSIONATPIN statement is obsolete in version 5.6 or later.
The NOWIREEXTENSIONATPIN statement will be ignored. See file /foss/pdks/sky130A/libs.ref/sky130_fd_sc_hd/lef/sky130_ef_sc_hd.lef at line 2.

[INFO ODB-0227] LEF file: /foss/pdks/sky130A/libs.ref/sky130_fd_sc_hd/lef/sky130_ef_sc_hd.lef, created 4 library cells
Reading cell LEF file at '/foss/pdks/sky130A/libs.ref/sky130_fd_sc_hd/lef/sky130_fd_sc_hd.lef'…
[WARNING ODB-0220] WARNING (LEFPARS-2008): NOWIREEXTENSIONATPIN statement is obsolete in version 5.6 or later.
The NOWIREEXTENSIONATPIN statement will be ignored. See file /foss/pdks/sky130A/libs.ref/sky130_fd_sc_hd/lef/sky130_fd_sc_hd.lef at line 2.

[INFO ODB-0227] LEF file: /foss/pdks/sky130A/libs.ref/sky130_fd_sc_hd/lef/sky130_fd_sc_hd.lef, created 437 library cells
Reading top-level netlist at '/foss/designs/uart/runs/RUN_2024-11-22_04-45-38/06-yosys-synthesis/uart.nl.v'…
Linking design 'uart' from netlist…
Reading design constraints file at '/foss/designs/uart/src/constrains.sdc'…
Using site height: 2.72 and site width: 0.46…
[INFO] Using relative sizing for the floorplan.
[INFO IFP-0001] Added 27 rows of 162 site unithd.
[INFO IFP-0030] Inserted 1 tiecells using sky130_fd_sc_hd__conb_1/LO.
[INFO IFP-0030] Inserted 0 tiecells using sky130_fd_sc_hd__conb_1/HI.
[INFO] Extracting DIE_AREA and CORE_AREA from the floorplan
[INFO] Floorplanned on a die area of 0.0 0.0 85.835 96.555 (µm).
[INFO] Floorplanned on a core area of 5.52 10.88 80.04 84.32 (µm).
Writing metric design__die__bbox: 0.0 0.0 85.835 96.555
Writing metric design__core__bbox: 5.52 10.88 80.04 84.32
Setting global connections for newly added cells…
[INFO] Setting global connections...
Writing OpenROAD database to '/foss/designs/uart/runs/RUN_2024-11-22_04-45-38/12-openroad-floorplan/uart.odb'…
Writing netlist to '/foss/designs/uart/runs/RUN_2024-11-22_04-45-38/12-openroad-floorplan/uart.nl.v'…
Writing powered netlist to '/foss/designs/uart/runs/RUN_2024-11-22_04-45-38/12-openroad-floorplan/uart.pnl.v'…
Writing layout to '/foss/designs/uart/runs/RUN_2024-11-22_04-45-38/12-openroad-floorplan/uart.def'…
Writing timing constraints to '/foss/designs/uart/runs/RUN_2024-11-22_04-45-38/12-openroad-floorplan/uart.sdc'…
