[WARNING ORD-0039] .openroad ignored with -python
[WARNING] DATA_OUT_Rx[8] not found in design but found in config.
[WARNING] DATA_OUT_Rx[7] not found in design but found in config.
[WARNING] DATA_IN_Tx[1] not found in design but found in config.
[WARNING] bitrate[1] not found in design but found in config.
[WARNING] DATA_OUT_Rx[9] not found in design but found in config.
[WARNING] bitrate[0] not found in design but found in config.
[WARNING] DATA_OUT_Rx[6] not found in design but found in config.
[WARNING] DATA_OUT_Rx[1] not found in design but found in config.
[WARNING] DATA_IN_Tx[5] not found in design but found in config.
[WARNING] bitrate[2] not found in design but found in config.
[WARNING] DATA_OUT_Rx[2] not found in design but found in config.
[WARNING] DATA_IN_Tx[4] not found in design but found in config.
[WARNING] DATA_IN_Tx[6] not found in design but found in config.
[WARNING] bitrate[3] not found in design but found in config.
[WARNING] DATA_IN_Tx[0] not found in design but found in config.
[WARNING] DATA_OUT_Rx[4] not found in design but found in config.
[WARNING] DATA_OUT_Rx[0] not found in design but found in config.
[WARNING] DATA_OUT_Rx[5] not found in design but found in config.
[WARNING] DATA_IN_Tx[2] not found in design but found in config.
[WARNING] DATA_IN_Tx[3] not found in design but found in config.
[WARNING] DATA_IN_Tx[7] not found in design but found in config.
[WARNING] rst_bitrate not found in design but found in config.
[WARNING] DATA_OUT_Rx[3] not found in design but found in config.
[ERROR] DATA_OUT_Rx[8] not found in config but found in design.
[ERROR] DATA_OUT_Rx[7] not found in config but found in design.
[ERROR] DATA_IN_Tx[1] not found in config but found in design.
[ERROR] DATA_OUT_Rx[9] not found in config but found in design.
[ERROR] bitrate[1] not found in config but found in design.
[ERROR] bitrate[0] not found in config but found in design.
[ERROR] DATA_OUT_Rx[6] not found in config but found in design.
[ERROR] DATA_OUT_Rx[1] not found in config but found in design.
[ERROR] DATA_IN_Tx[5] not found in config but found in design.
[ERROR] bitrate[2] not found in config but found in design.
[ERROR] DATA_OUT_Rx[2] not found in config but found in design.
[ERROR] DATA_IN_Tx[4] not found in config but found in design.
[ERROR] DATA_IN_Tx[6] not found in config but found in design.
[ERROR] bitrate[3] not found in config but found in design.
[ERROR] DATA_IN_Tx[0] not found in config but found in design.
[ERROR] DATA_OUT_Rx[4] not found in config but found in design.
[ERROR] DATA_OUT_Rx[0] not found in config but found in design.
[ERROR] DATA_OUT_Rx[5] not found in config but found in design.
[ERROR] DATA_IN_Tx[2] not found in config but found in design.
[ERROR] DATA_IN_Tx[3] not found in config but found in design.
[ERROR] DATA_IN_Tx[7] not found in config but found in design.
[ERROR] DATA_OUT_Rx[3] not found in config but found in design.
Top-level design name: uart
Critical mismatches found.
