
===========================================================================
report_checks -path_delay min (Hold)
============================================================================
======================= nom_tt_025C_1v80 Corner ===================================

Startpoint: _372_ (rising edge-triggered flip-flop clocked by core_clock)
Endpoint: _372_ (rising edge-triggered flip-flop clocked by core_clock)
Path Group: core_clock
Path Type: min

Fanout         Cap        Slew       Delay        Time   Description
---------------------------------------------------------------------------------------------
                                  0.000000    0.000000   clock core_clock (rise edge)
                                  0.000000    0.000000   clock source latency
     1    0.013754    0.000000    0.000000    0.000000 ^ clk_CPU (in)
                                                         clk_CPU (net)
                      0.000660    0.000330    0.000330 ^ clkbuf_0_clk_CPU/A (sky130_fd_sc_hd__clkbuf_16)
     2    0.017893    0.040052    0.107819    0.108149 ^ clkbuf_0_clk_CPU/X (sky130_fd_sc_hd__clkbuf_16)
                                                         clknet_0_clk_CPU (net)
                      0.040053    0.000391    0.108540 ^ clkbuf_1_1__f_clk_CPU/A (sky130_fd_sc_hd__clkbuf_16)
    12    0.022436    0.045533    0.126051    0.234591 ^ clkbuf_1_1__f_clk_CPU/X (sky130_fd_sc_hd__clkbuf_16)
                                                         clknet_1_1__leaf_clk_CPU (net)
                      0.045533    0.000000    0.234591 ^ _372_/CLK (sky130_fd_sc_hd__dfrtp_1)
     3    0.008997    0.092574    0.356991    0.591582 ^ _372_/Q (sky130_fd_sc_hd__dfrtp_1)
                                                         net28 (net)
                      0.092574    0.000161    0.591743 ^ _338_/B1 (sky130_fd_sc_hd__a31o_1)
     1    0.002601    0.039415    0.100188    0.691930 ^ _338_/X (sky130_fd_sc_hd__a31o_1)
                                                         _018_ (net)
                      0.039415    0.000058    0.691988 ^ _372_/D (sky130_fd_sc_hd__dfrtp_1)
                                              0.691988   data arrival time

                                  0.000000    0.000000   clock core_clock (rise edge)
                                  0.000000    0.000000   clock source latency
     1    0.013754    0.000000    0.000000    0.000000 ^ clk_CPU (in)
                                                         clk_CPU (net)
                      0.000660    0.000330    0.000330 ^ clkbuf_0_clk_CPU/A (sky130_fd_sc_hd__clkbuf_16)
     2    0.017893    0.040052    0.107819    0.108149 ^ clkbuf_0_clk_CPU/X (sky130_fd_sc_hd__clkbuf_16)
                                                         clknet_0_clk_CPU (net)
                      0.040053    0.000391    0.108540 ^ clkbuf_1_1__f_clk_CPU/A (sky130_fd_sc_hd__clkbuf_16)
    12    0.022436    0.045533    0.126051    0.234591 ^ clkbuf_1_1__f_clk_CPU/X (sky130_fd_sc_hd__clkbuf_16)
                                                         clknet_1_1__leaf_clk_CPU (net)
                      0.045533    0.000000    0.234591 ^ _372_/CLK (sky130_fd_sc_hd__dfrtp_1)
                                  0.000000    0.234591   clock reconvergence pessimism
                                 -0.033521    0.201070   library hold time
                                              0.201070   data required time
---------------------------------------------------------------------------------------------
                                              0.201070   data required time
                                             -0.691988   data arrival time
---------------------------------------------------------------------------------------------
                                              0.490918   slack (MET)


Startpoint: _352_ (rising edge-triggered flip-flop clocked by core_clock)
Endpoint: _352_ (rising edge-triggered flip-flop clocked by core_clock)
Path Group: core_clock
Path Type: min

Fanout         Cap        Slew       Delay        Time   Description
---------------------------------------------------------------------------------------------
                                  0.000000    0.000000   clock core_clock (rise edge)
                                  0.000000    0.000000   clock source latency
     1    0.013754    0.000000    0.000000    0.000000 ^ clk_CPU (in)
                                                         clk_CPU (net)
                      0.000660    0.000330    0.000330 ^ clkbuf_0_clk_CPU/A (sky130_fd_sc_hd__clkbuf_16)
     2    0.017893    0.040052    0.107819    0.108149 ^ clkbuf_0_clk_CPU/X (sky130_fd_sc_hd__clkbuf_16)
                                                         clknet_0_clk_CPU (net)
                      0.040053    0.000391    0.108540 ^ clkbuf_1_1__f_clk_CPU/A (sky130_fd_sc_hd__clkbuf_16)
    12    0.022436    0.045533    0.126051    0.234591 ^ clkbuf_1_1__f_clk_CPU/X (sky130_fd_sc_hd__clkbuf_16)
                                                         clknet_1_1__leaf_clk_CPU (net)
                      0.045533    0.000000    0.234591 ^ _352_/CLK (sky130_fd_sc_hd__dfrtp_1)
     2    0.008601    0.089886    0.354304    0.588895 ^ _352_/Q (sky130_fd_sc_hd__dfrtp_1)
                                                         net25 (net)
                      0.089886    0.000193    0.589088 ^ _283_/B2 (sky130_fd_sc_hd__a32o_1)
     1    0.002873    0.049148    0.128070    0.717158 ^ _283_/X (sky130_fd_sc_hd__a32o_1)
                                                         _002_ (net)
                      0.049148    0.000089    0.717247 ^ _352_/D (sky130_fd_sc_hd__dfrtp_1)
                                              0.717247   data arrival time

                                  0.000000    0.000000   clock core_clock (rise edge)
                                  0.000000    0.000000   clock source latency
     1    0.013754    0.000000    0.000000    0.000000 ^ clk_CPU (in)
                                                         clk_CPU (net)
                      0.000660    0.000330    0.000330 ^ clkbuf_0_clk_CPU/A (sky130_fd_sc_hd__clkbuf_16)
     2    0.017893    0.040052    0.107819    0.108149 ^ clkbuf_0_clk_CPU/X (sky130_fd_sc_hd__clkbuf_16)
                                                         clknet_0_clk_CPU (net)
                      0.040053    0.000391    0.108540 ^ clkbuf_1_1__f_clk_CPU/A (sky130_fd_sc_hd__clkbuf_16)
    12    0.022436    0.045533    0.126051    0.234591 ^ clkbuf_1_1__f_clk_CPU/X (sky130_fd_sc_hd__clkbuf_16)
                                                         clknet_1_1__leaf_clk_CPU (net)
                      0.045533    0.000000    0.234591 ^ _352_/CLK (sky130_fd_sc_hd__dfrtp_1)
                                  0.000000    0.234591   clock reconvergence pessimism
                                 -0.035561    0.199030   library hold time
                                              0.199030   data required time
---------------------------------------------------------------------------------------------
                                              0.199030   data required time
                                             -0.717247   data arrival time
---------------------------------------------------------------------------------------------
                                              0.518217   slack (MET)


Startpoint: _354_ (rising edge-triggered flip-flop clocked by core_clock)
Endpoint: _354_ (rising edge-triggered flip-flop clocked by core_clock)
Path Group: core_clock
Path Type: min

Fanout         Cap        Slew       Delay        Time   Description
---------------------------------------------------------------------------------------------
                                  0.000000    0.000000   clock core_clock (rise edge)
                                  0.000000    0.000000   clock source latency
     1    0.013754    0.000000    0.000000    0.000000 ^ clk_CPU (in)
                                                         clk_CPU (net)
                      0.000660    0.000330    0.000330 ^ clkbuf_0_clk_CPU/A (sky130_fd_sc_hd__clkbuf_16)
     2    0.017893    0.040052    0.107819    0.108149 ^ clkbuf_0_clk_CPU/X (sky130_fd_sc_hd__clkbuf_16)
                                                         clknet_0_clk_CPU (net)
                      0.040053    0.000391    0.108540 ^ clkbuf_1_1__f_clk_CPU/A (sky130_fd_sc_hd__clkbuf_16)
    12    0.022436    0.045533    0.126051    0.234591 ^ clkbuf_1_1__f_clk_CPU/X (sky130_fd_sc_hd__clkbuf_16)
                                                         clknet_1_1__leaf_clk_CPU (net)
                      0.045533    0.000000    0.234591 ^ _354_/CLK (sky130_fd_sc_hd__dfrtp_1)
     2    0.006054    0.069944    0.337166    0.571757 ^ _354_/Q (sky130_fd_sc_hd__dfrtp_1)
                                                         net23 (net)
                      0.069944    0.000116    0.571873 ^ _289_/A1 (sky130_fd_sc_hd__o211a_1)
     1    0.002686    0.039540    0.150275    0.722148 ^ _289_/X (sky130_fd_sc_hd__o211a_1)
                                                         _004_ (net)
                      0.039540    0.000059    0.722207 ^ _354_/D (sky130_fd_sc_hd__dfrtp_1)
                                              0.722207   data arrival time

                                  0.000000    0.000000   clock core_clock (rise edge)
                                  0.000000    0.000000   clock source latency
     1    0.013754    0.000000    0.000000    0.000000 ^ clk_CPU (in)
                                                         clk_CPU (net)
                      0.000660    0.000330    0.000330 ^ clkbuf_0_clk_CPU/A (sky130_fd_sc_hd__clkbuf_16)
     2    0.017893    0.040052    0.107819    0.108149 ^ clkbuf_0_clk_CPU/X (sky130_fd_sc_hd__clkbuf_16)
                                                         clknet_0_clk_CPU (net)
                      0.040053    0.000391    0.108540 ^ clkbuf_1_1__f_clk_CPU/A (sky130_fd_sc_hd__clkbuf_16)
    12    0.022436    0.045533    0.126051    0.234591 ^ clkbuf_1_1__f_clk_CPU/X (sky130_fd_sc_hd__clkbuf_16)
                                                         clknet_1_1__leaf_clk_CPU (net)
                      0.045533    0.000000    0.234591 ^ _354_/CLK (sky130_fd_sc_hd__dfrtp_1)
                                  0.000000    0.234591   clock reconvergence pessimism
                                 -0.033547    0.201044   library hold time
                                              0.201044   data required time
---------------------------------------------------------------------------------------------
                                              0.201044   data required time
                                             -0.722207   data arrival time
---------------------------------------------------------------------------------------------
                                              0.521163   slack (MET)


Startpoint: _374_ (rising edge-triggered flip-flop clocked by core_clock)
Endpoint: _374_ (rising edge-triggered flip-flop clocked by core_clock)
Path Group: core_clock
Path Type: min

Fanout         Cap        Slew       Delay        Time   Description
---------------------------------------------------------------------------------------------
                                  0.000000    0.000000   clock core_clock (rise edge)
                                  0.000000    0.000000   clock source latency
     1    0.013754    0.000000    0.000000    0.000000 ^ clk_CPU (in)
                                                         clk_CPU (net)
                      0.000660    0.000330    0.000330 ^ clkbuf_0_clk_CPU/A (sky130_fd_sc_hd__clkbuf_16)
     2    0.017893    0.040052    0.107819    0.108149 ^ clkbuf_0_clk_CPU/X (sky130_fd_sc_hd__clkbuf_16)
                                                         clknet_0_clk_CPU (net)
                      0.040053    0.000391    0.108540 ^ clkbuf_1_1__f_clk_CPU/A (sky130_fd_sc_hd__clkbuf_16)
    12    0.022436    0.045533    0.126051    0.234591 ^ clkbuf_1_1__f_clk_CPU/X (sky130_fd_sc_hd__clkbuf_16)
                                                         clknet_1_1__leaf_clk_CPU (net)
                      0.045533    0.000000    0.234591 ^ _374_/CLK (sky130_fd_sc_hd__dfrtp_1)
     2    0.006564    0.073956    0.340592    0.575183 ^ _374_/Q (sky130_fd_sc_hd__dfrtp_1)
                                                         net21 (net)
                      0.073956    0.000169    0.575352 ^ _342_/A1 (sky130_fd_sc_hd__o211a_1)
     1    0.003064    0.043023    0.154202    0.729555 ^ _342_/X (sky130_fd_sc_hd__o211a_1)
                                                         _020_ (net)
                      0.043023    0.000102    0.729656 ^ _374_/D (sky130_fd_sc_hd__dfrtp_1)
                                              0.729656   data arrival time

                                  0.000000    0.000000   clock core_clock (rise edge)
                                  0.000000    0.000000   clock source latency
     1    0.013754    0.000000    0.000000    0.000000 ^ clk_CPU (in)
                                                         clk_CPU (net)
                      0.000660    0.000330    0.000330 ^ clkbuf_0_clk_CPU/A (sky130_fd_sc_hd__clkbuf_16)
     2    0.017893    0.040052    0.107819    0.108149 ^ clkbuf_0_clk_CPU/X (sky130_fd_sc_hd__clkbuf_16)
                                                         clknet_0_clk_CPU (net)
                      0.040053    0.000391    0.108540 ^ clkbuf_1_1__f_clk_CPU/A (sky130_fd_sc_hd__clkbuf_16)
    12    0.022436    0.045533    0.126051    0.234591 ^ clkbuf_1_1__f_clk_CPU/X (sky130_fd_sc_hd__clkbuf_16)
                                                         clknet_1_1__leaf_clk_CPU (net)
                      0.045533    0.000000    0.234591 ^ _374_/CLK (sky130_fd_sc_hd__dfrtp_1)
                                  0.000000    0.234591   clock reconvergence pessimism
                                 -0.034277    0.200314   library hold time
                                              0.200314   data required time
---------------------------------------------------------------------------------------------
                                              0.200314   data required time
                                             -0.729656   data arrival time
---------------------------------------------------------------------------------------------
                                              0.529343   slack (MET)


Startpoint: _351_ (rising edge-triggered flip-flop clocked by core_clock)
Endpoint: _351_ (rising edge-triggered flip-flop clocked by core_clock)
Path Group: core_clock
Path Type: min

Fanout         Cap        Slew       Delay        Time   Description
---------------------------------------------------------------------------------------------
                                  0.000000    0.000000   clock core_clock (rise edge)
                                  0.000000    0.000000   clock source latency
     1    0.013754    0.000000    0.000000    0.000000 ^ clk_CPU (in)
                                                         clk_CPU (net)
                      0.000660    0.000330    0.000330 ^ clkbuf_0_clk_CPU/A (sky130_fd_sc_hd__clkbuf_16)
     2    0.017893    0.040052    0.107819    0.108149 ^ clkbuf_0_clk_CPU/X (sky130_fd_sc_hd__clkbuf_16)
                                                         clknet_0_clk_CPU (net)
                      0.040053    0.000391    0.108540 ^ clkbuf_1_1__f_clk_CPU/A (sky130_fd_sc_hd__clkbuf_16)
    12    0.022436    0.045533    0.126051    0.234591 ^ clkbuf_1_1__f_clk_CPU/X (sky130_fd_sc_hd__clkbuf_16)
                                                         clknet_1_1__leaf_clk_CPU (net)
                      0.045533    0.000000    0.234591 ^ _351_/CLK (sky130_fd_sc_hd__dfrtp_1)
     2    0.009398    0.095385    0.359648    0.594239 ^ _351_/Q (sky130_fd_sc_hd__dfrtp_1)
                                                         net26 (net)
                      0.095385    0.000240    0.594480 ^ _281_/B2 (sky130_fd_sc_hd__a32o_1)
     1    0.003607    0.055619    0.135819    0.730299 ^ _281_/X (sky130_fd_sc_hd__a32o_1)
                                                         _001_ (net)
                      0.055619    0.000127    0.730425 ^ _351_/D (sky130_fd_sc_hd__dfrtp_1)
                                              0.730425   data arrival time

                                  0.000000    0.000000   clock core_clock (rise edge)
                                  0.000000    0.000000   clock source latency
     1    0.013754    0.000000    0.000000    0.000000 ^ clk_CPU (in)
                                                         clk_CPU (net)
                      0.000660    0.000330    0.000330 ^ clkbuf_0_clk_CPU/A (sky130_fd_sc_hd__clkbuf_16)
     2    0.017893    0.040052    0.107819    0.108149 ^ clkbuf_0_clk_CPU/X (sky130_fd_sc_hd__clkbuf_16)
                                                         clknet_0_clk_CPU (net)
                      0.040053    0.000391    0.108540 ^ clkbuf_1_1__f_clk_CPU/A (sky130_fd_sc_hd__clkbuf_16)
    12    0.022436    0.045533    0.126051    0.234591 ^ clkbuf_1_1__f_clk_CPU/X (sky130_fd_sc_hd__clkbuf_16)
                                                         clknet_1_1__leaf_clk_CPU (net)
                      0.045533    0.000000    0.234591 ^ _351_/CLK (sky130_fd_sc_hd__dfrtp_1)
                                  0.000000    0.234591   clock reconvergence pessimism
                                 -0.036917    0.197674   library hold time
                                              0.197674   data required time
---------------------------------------------------------------------------------------------
                                              0.197674   data required time
                                             -0.730425   data arrival time
---------------------------------------------------------------------------------------------
                                              0.532752   slack (MET)


Startpoint: _375_ (rising edge-triggered flip-flop clocked by core_clock)
Endpoint: _375_ (rising edge-triggered flip-flop clocked by core_clock)
Path Group: core_clock
Path Type: min

Fanout         Cap        Slew       Delay        Time   Description
---------------------------------------------------------------------------------------------
                                  0.000000    0.000000   clock core_clock (rise edge)
                                  0.000000    0.000000   clock source latency
     1    0.013754    0.000000    0.000000    0.000000 ^ clk_CPU (in)
                                                         clk_CPU (net)
                      0.000660    0.000330    0.000330 ^ clkbuf_0_clk_CPU/A (sky130_fd_sc_hd__clkbuf_16)
     2    0.017893    0.040052    0.107819    0.108149 ^ clkbuf_0_clk_CPU/X (sky130_fd_sc_hd__clkbuf_16)
                                                         clknet_0_clk_CPU (net)
                      0.040053    0.000391    0.108540 ^ clkbuf_1_1__f_clk_CPU/A (sky130_fd_sc_hd__clkbuf_16)
    12    0.022436    0.045533    0.126051    0.234591 ^ clkbuf_1_1__f_clk_CPU/X (sky130_fd_sc_hd__clkbuf_16)
                                                         clknet_1_1__leaf_clk_CPU (net)
                      0.045533    0.000000    0.234591 ^ _375_/CLK (sky130_fd_sc_hd__dfrtp_1)
     2    0.007377    0.080405    0.346046    0.580637 ^ _375_/Q (sky130_fd_sc_hd__dfrtp_1)
                                                         net22 (net)
                      0.080405    0.000211    0.580848 ^ _345_/A1 (sky130_fd_sc_hd__o211a_1)
     1    0.003050    0.042212    0.155750    0.736598 ^ _345_/X (sky130_fd_sc_hd__o211a_1)
                                                         _021_ (net)
                      0.042212    0.000098    0.736696 ^ _375_/D (sky130_fd_sc_hd__dfrtp_1)
                                              0.736696   data arrival time

                                  0.000000    0.000000   clock core_clock (rise edge)
                                  0.000000    0.000000   clock source latency
     1    0.013754    0.000000    0.000000    0.000000 ^ clk_CPU (in)
                                                         clk_CPU (net)
                      0.000660    0.000330    0.000330 ^ clkbuf_0_clk_CPU/A (sky130_fd_sc_hd__clkbuf_16)
     2    0.017893    0.040052    0.107819    0.108149 ^ clkbuf_0_clk_CPU/X (sky130_fd_sc_hd__clkbuf_16)
                                                         clknet_0_clk_CPU (net)
                      0.040053    0.000391    0.108540 ^ clkbuf_1_1__f_clk_CPU/A (sky130_fd_sc_hd__clkbuf_16)
    12    0.022436    0.045533    0.126051    0.234591 ^ clkbuf_1_1__f_clk_CPU/X (sky130_fd_sc_hd__clkbuf_16)
                                                         clknet_1_1__leaf_clk_CPU (net)
                      0.045533    0.000000    0.234591 ^ _375_/CLK (sky130_fd_sc_hd__dfrtp_1)
                                  0.000000    0.234591   clock reconvergence pessimism
                                 -0.034107    0.200484   library hold time
                                              0.200484   data required time
---------------------------------------------------------------------------------------------
                                              0.200484   data required time
                                             -0.736696   data arrival time
---------------------------------------------------------------------------------------------
                                              0.536212   slack (MET)


Startpoint: _353_ (rising edge-triggered flip-flop clocked by core_clock)
Endpoint: _353_ (rising edge-triggered flip-flop clocked by core_clock)
Path Group: core_clock
Path Type: min

Fanout         Cap        Slew       Delay        Time   Description
---------------------------------------------------------------------------------------------
                                  0.000000    0.000000   clock core_clock (rise edge)
                                  0.000000    0.000000   clock source latency
     1    0.013754    0.000000    0.000000    0.000000 ^ clk_CPU (in)
                                                         clk_CPU (net)
                      0.000660    0.000330    0.000330 ^ clkbuf_0_clk_CPU/A (sky130_fd_sc_hd__clkbuf_16)
     2    0.017893    0.040052    0.107819    0.108149 ^ clkbuf_0_clk_CPU/X (sky130_fd_sc_hd__clkbuf_16)
                                                         clknet_0_clk_CPU (net)
                      0.040053    0.000391    0.108540 ^ clkbuf_1_1__f_clk_CPU/A (sky130_fd_sc_hd__clkbuf_16)
    12    0.022436    0.045533    0.126051    0.234591 ^ clkbuf_1_1__f_clk_CPU/X (sky130_fd_sc_hd__clkbuf_16)
                                                         clknet_1_1__leaf_clk_CPU (net)
                      0.045533    0.000000    0.234591 ^ _353_/CLK (sky130_fd_sc_hd__dfrtp_1)
     2    0.007308    0.079854    0.345592    0.580183 ^ _353_/Q (sky130_fd_sc_hd__dfrtp_1)
                                                         net24 (net)
                      0.079854    0.000228    0.580411 ^ _286_/A1 (sky130_fd_sc_hd__o211a_1)
     1    0.003331    0.044294    0.157774    0.738185 ^ _286_/X (sky130_fd_sc_hd__o211a_1)
                                                         _003_ (net)
                      0.044294    0.000113    0.738298 ^ _353_/D (sky130_fd_sc_hd__dfrtp_1)
                                              0.738298   data arrival time

                                  0.000000    0.000000   clock core_clock (rise edge)
                                  0.000000    0.000000   clock source latency
     1    0.013754    0.000000    0.000000    0.000000 ^ clk_CPU (in)
                                                         clk_CPU (net)
                      0.000660    0.000330    0.000330 ^ clkbuf_0_clk_CPU/A (sky130_fd_sc_hd__clkbuf_16)
     2    0.017893    0.040052    0.107819    0.108149 ^ clkbuf_0_clk_CPU/X (sky130_fd_sc_hd__clkbuf_16)
                                                         clknet_0_clk_CPU (net)
                      0.040053    0.000391    0.108540 ^ clkbuf_1_1__f_clk_CPU/A (sky130_fd_sc_hd__clkbuf_16)
    12    0.022436    0.045533    0.126051    0.234591 ^ clkbuf_1_1__f_clk_CPU/X (sky130_fd_sc_hd__clkbuf_16)
                                                         clknet_1_1__leaf_clk_CPU (net)
                      0.045533    0.000000    0.234591 ^ _353_/CLK (sky130_fd_sc_hd__dfrtp_1)
                                  0.000000    0.234591   clock reconvergence pessimism
                                 -0.034544    0.200047   library hold time
                                              0.200047   data required time
---------------------------------------------------------------------------------------------
                                              0.200047   data required time
                                             -0.738298   data arrival time
---------------------------------------------------------------------------------------------
                                              0.538250   slack (MET)


Startpoint: _371_ (rising edge-triggered flip-flop clocked by core_clock)
Endpoint: _371_ (rising edge-triggered flip-flop clocked by core_clock)
Path Group: core_clock
Path Type: min

Fanout         Cap        Slew       Delay        Time   Description
---------------------------------------------------------------------------------------------
                                  0.000000    0.000000   clock core_clock (rise edge)
                                  0.000000    0.000000   clock source latency
     1    0.013754    0.000000    0.000000    0.000000 ^ clk_CPU (in)
                                                         clk_CPU (net)
                      0.000660    0.000330    0.000330 ^ clkbuf_0_clk_CPU/A (sky130_fd_sc_hd__clkbuf_16)
     2    0.017893    0.040052    0.107819    0.108149 ^ clkbuf_0_clk_CPU/X (sky130_fd_sc_hd__clkbuf_16)
                                                         clknet_0_clk_CPU (net)
                      0.040053    0.000391    0.108540 ^ clkbuf_1_1__f_clk_CPU/A (sky130_fd_sc_hd__clkbuf_16)
    12    0.022436    0.045533    0.126051    0.234591 ^ clkbuf_1_1__f_clk_CPU/X (sky130_fd_sc_hd__clkbuf_16)
                                                         clknet_1_1__leaf_clk_CPU (net)
                      0.045533    0.000000    0.234591 ^ _371_/CLK (sky130_fd_sc_hd__dfrtp_1)
     4    0.013255    0.126951    0.382953    0.617544 ^ _371_/Q (sky130_fd_sc_hd__dfrtp_1)
                                                         uart1.counter[9] (net)
                      0.126951    0.000388    0.617932 ^ _336_/A (sky130_fd_sc_hd__xnor2_1)
     1    0.003007    0.051515    0.128802    0.746733 ^ _336_/Y (sky130_fd_sc_hd__xnor2_1)
                                                         _145_ (net)
                      0.051515    0.000065    0.746798 ^ _337_/A (sky130_fd_sc_hd__nor2_1)
     1    0.002681    0.024904    0.042256    0.789055 v _337_/Y (sky130_fd_sc_hd__nor2_1)
                                                         _017_ (net)
                      0.024904    0.000063    0.789117 v _371_/D (sky130_fd_sc_hd__dfrtp_1)
                                              0.789117   data arrival time

                                  0.000000    0.000000   clock core_clock (rise edge)
                                  0.000000    0.000000   clock source latency
     1    0.013754    0.000000    0.000000    0.000000 ^ clk_CPU (in)
                                                         clk_CPU (net)
                      0.000660    0.000330    0.000330 ^ clkbuf_0_clk_CPU/A (sky130_fd_sc_hd__clkbuf_16)
     2    0.017893    0.040052    0.107819    0.108149 ^ clkbuf_0_clk_CPU/X (sky130_fd_sc_hd__clkbuf_16)
                                                         clknet_0_clk_CPU (net)
                      0.040053    0.000391    0.108540 ^ clkbuf_1_1__f_clk_CPU/A (sky130_fd_sc_hd__clkbuf_16)
    12    0.022436    0.045533    0.126051    0.234591 ^ clkbuf_1_1__f_clk_CPU/X (sky130_fd_sc_hd__clkbuf_16)
                                                         clknet_1_1__leaf_clk_CPU (net)
                      0.045533    0.000000    0.234591 ^ _371_/CLK (sky130_fd_sc_hd__dfrtp_1)
                                  0.000000    0.234591   clock reconvergence pessimism
                                 -0.037473    0.197118   library hold time
                                              0.197118   data required time
---------------------------------------------------------------------------------------------
                                              0.197118   data required time
                                             -0.789117   data arrival time
---------------------------------------------------------------------------------------------
                                              0.591999   slack (MET)


Startpoint: _350_ (rising edge-triggered flip-flop clocked by core_clock)
Endpoint: _350_ (rising edge-triggered flip-flop clocked by core_clock)
Path Group: core_clock
Path Type: min

Fanout         Cap        Slew       Delay        Time   Description
---------------------------------------------------------------------------------------------
                                  0.000000    0.000000   clock core_clock (rise edge)
                                  0.000000    0.000000   clock source latency
     1    0.013754    0.000000    0.000000    0.000000 ^ clk_CPU (in)
                                                         clk_CPU (net)
                      0.000660    0.000330    0.000330 ^ clkbuf_0_clk_CPU/A (sky130_fd_sc_hd__clkbuf_16)
     2    0.017893    0.040052    0.107819    0.108149 ^ clkbuf_0_clk_CPU/X (sky130_fd_sc_hd__clkbuf_16)
                                                         clknet_0_clk_CPU (net)
                      0.040053    0.000402    0.108552 ^ clkbuf_1_0__f_clk_CPU/A (sky130_fd_sc_hd__clkbuf_16)
     8    0.024711    0.046023    0.127987    0.236538 ^ clkbuf_1_0__f_clk_CPU/X (sky130_fd_sc_hd__clkbuf_16)
                                                         clknet_1_0__leaf_clk_CPU (net)
                      0.046032    0.000615    0.237153 ^ _350_/CLK (sky130_fd_sc_hd__dfrtp_4)
    13    0.027984    0.112484    0.453068    0.690221 ^ _350_/Q (sky130_fd_sc_hd__dfrtp_4)
                                                         net31 (net)
                      0.112484    0.000000    0.690221 ^ _279_/A1_N (sky130_fd_sc_hd__o2bb2ai_1)
     1    0.002600    0.055754    0.119752    0.809973 ^ _279_/Y (sky130_fd_sc_hd__o2bb2ai_1)
                                                         _000_ (net)
                      0.055754    0.000058    0.810031 ^ _350_/D (sky130_fd_sc_hd__dfrtp_4)
                                              0.810031   data arrival time

                                  0.000000    0.000000   clock core_clock (rise edge)
                                  0.000000    0.000000   clock source latency
     1    0.013754    0.000000    0.000000    0.000000 ^ clk_CPU (in)
                                                         clk_CPU (net)
                      0.000660    0.000330    0.000330 ^ clkbuf_0_clk_CPU/A (sky130_fd_sc_hd__clkbuf_16)
     2    0.017893    0.040052    0.107819    0.108149 ^ clkbuf_0_clk_CPU/X (sky130_fd_sc_hd__clkbuf_16)
                                                         clknet_0_clk_CPU (net)
                      0.040053    0.000402    0.108552 ^ clkbuf_1_0__f_clk_CPU/A (sky130_fd_sc_hd__clkbuf_16)
     8    0.024711    0.046023    0.127987    0.236538 ^ clkbuf_1_0__f_clk_CPU/X (sky130_fd_sc_hd__clkbuf_16)
                                                         clknet_1_0__leaf_clk_CPU (net)
                      0.046032    0.000615    0.237153 ^ _350_/CLK (sky130_fd_sc_hd__dfrtp_4)
                                  0.000000    0.237153   clock reconvergence pessimism
                                 -0.036877    0.200276   library hold time
                                              0.200276   data required time
---------------------------------------------------------------------------------------------
                                              0.200276   data required time
                                             -0.810031   data arrival time
---------------------------------------------------------------------------------------------
                                              0.609755   slack (MET)


Startpoint: _356_ (rising edge-triggered flip-flop clocked by core_clock)
Endpoint: _356_ (rising edge-triggered flip-flop clocked by core_clock)
Path Group: core_clock
Path Type: min

Fanout         Cap        Slew       Delay        Time   Description
---------------------------------------------------------------------------------------------
                                  0.000000    0.000000   clock core_clock (rise edge)
                                  0.000000    0.000000   clock source latency
     1    0.013754    0.000000    0.000000    0.000000 ^ clk_CPU (in)
                                                         clk_CPU (net)
                      0.000660    0.000330    0.000330 ^ clkbuf_0_clk_CPU/A (sky130_fd_sc_hd__clkbuf_16)
     2    0.017893    0.040052    0.107819    0.108149 ^ clkbuf_0_clk_CPU/X (sky130_fd_sc_hd__clkbuf_16)
                                                         clknet_0_clk_CPU (net)
                      0.040053    0.000391    0.108540 ^ clkbuf_1_1__f_clk_CPU/A (sky130_fd_sc_hd__clkbuf_16)
    12    0.022436    0.045533    0.126051    0.234591 ^ clkbuf_1_1__f_clk_CPU/X (sky130_fd_sc_hd__clkbuf_16)
                                                         clknet_1_1__leaf_clk_CPU (net)
                      0.045533    0.000000    0.234591 ^ _356_/CLK (sky130_fd_sc_hd__dfrtp_1)
     2    0.006936    0.076894    0.343102    0.577693 ^ _356_/Q (sky130_fd_sc_hd__dfrtp_1)
                                                         net20 (net)
                      0.076894    0.000125    0.577817 ^ _293_/B1 (sky130_fd_sc_hd__a31o_1)
     1    0.002872    0.041234    0.097429    0.675246 ^ _293_/X (sky130_fd_sc_hd__a31o_1)
                                                         _113_ (net)
                      0.041234    0.000094    0.675341 ^ _295_/B (sky130_fd_sc_hd__and3_1)
     1    0.002900    0.050187    0.139993    0.815334 ^ _295_/X (sky130_fd_sc_hd__and3_1)
                                                         _006_ (net)
                      0.050188    0.000091    0.815425 ^ _356_/D (sky130_fd_sc_hd__dfrtp_1)
                                              0.815425   data arrival time

                                  0.000000    0.000000   clock core_clock (rise edge)
                                  0.000000    0.000000   clock source latency
     1    0.013754    0.000000    0.000000    0.000000 ^ clk_CPU (in)
                                                         clk_CPU (net)
                      0.000660    0.000330    0.000330 ^ clkbuf_0_clk_CPU/A (sky130_fd_sc_hd__clkbuf_16)
     2    0.017893    0.040052    0.107819    0.108149 ^ clkbuf_0_clk_CPU/X (sky130_fd_sc_hd__clkbuf_16)
                                                         clknet_0_clk_CPU (net)
                      0.040053    0.000391    0.108540 ^ clkbuf_1_1__f_clk_CPU/A (sky130_fd_sc_hd__clkbuf_16)
    12    0.022436    0.045533    0.126051    0.234591 ^ clkbuf_1_1__f_clk_CPU/X (sky130_fd_sc_hd__clkbuf_16)
                                                         clknet_1_1__leaf_clk_CPU (net)
                      0.045533    0.000000    0.234591 ^ _356_/CLK (sky130_fd_sc_hd__dfrtp_1)
                                  0.000000    0.234591   clock reconvergence pessimism
                                 -0.035779    0.198812   library hold time
                                              0.198812   data required time
---------------------------------------------------------------------------------------------
                                              0.198812   data required time
                                             -0.815425   data arrival time
---------------------------------------------------------------------------------------------
                                              0.616613   slack (MET)


Startpoint: _355_ (rising edge-triggered flip-flop clocked by core_clock)
Endpoint: _355_ (rising edge-triggered flip-flop clocked by core_clock)
Path Group: core_clock
Path Type: min

Fanout         Cap        Slew       Delay        Time   Description
---------------------------------------------------------------------------------------------
                                  0.000000    0.000000   clock core_clock (rise edge)
                                  0.000000    0.000000   clock source latency
     1    0.013754    0.000000    0.000000    0.000000 ^ clk_CPU (in)
                                                         clk_CPU (net)
                      0.000660    0.000330    0.000330 ^ clkbuf_0_clk_CPU/A (sky130_fd_sc_hd__clkbuf_16)
     2    0.017893    0.040052    0.107819    0.108149 ^ clkbuf_0_clk_CPU/X (sky130_fd_sc_hd__clkbuf_16)
                                                         clknet_0_clk_CPU (net)
                      0.040053    0.000391    0.108540 ^ clkbuf_1_1__f_clk_CPU/A (sky130_fd_sc_hd__clkbuf_16)
    12    0.022436    0.045533    0.126051    0.234591 ^ clkbuf_1_1__f_clk_CPU/X (sky130_fd_sc_hd__clkbuf_16)
                                                         clknet_1_1__leaf_clk_CPU (net)
                      0.045533    0.000000    0.234591 ^ _355_/CLK (sky130_fd_sc_hd__dfstp_1)
     2    0.006725    0.044044    0.363789    0.598380 v _355_/Q (sky130_fd_sc_hd__dfstp_1)
                                                         net19 (net)
                      0.044044    0.000126    0.598507 v _292_/A1 (sky130_fd_sc_hd__a211o_1)
     1    0.002844    0.044201    0.248257    0.846763 v _292_/X (sky130_fd_sc_hd__a211o_1)
                                                         _005_ (net)
                      0.044201    0.000063    0.846826 v _355_/D (sky130_fd_sc_hd__dfstp_1)
                                              0.846826   data arrival time

                                  0.000000    0.000000   clock core_clock (rise edge)
                                  0.000000    0.000000   clock source latency
     1    0.013754    0.000000    0.000000    0.000000 ^ clk_CPU (in)
                                                         clk_CPU (net)
                      0.000660    0.000330    0.000330 ^ clkbuf_0_clk_CPU/A (sky130_fd_sc_hd__clkbuf_16)
     2    0.017893    0.040052    0.107819    0.108149 ^ clkbuf_0_clk_CPU/X (sky130_fd_sc_hd__clkbuf_16)
                                                         clknet_0_clk_CPU (net)
                      0.040053    0.000391    0.108540 ^ clkbuf_1_1__f_clk_CPU/A (sky130_fd_sc_hd__clkbuf_16)
    12    0.022436    0.045533    0.126051    0.234591 ^ clkbuf_1_1__f_clk_CPU/X (sky130_fd_sc_hd__clkbuf_16)
                                                         clknet_1_1__leaf_clk_CPU (net)
                      0.045533    0.000000    0.234591 ^ _355_/CLK (sky130_fd_sc_hd__dfstp_1)
                                  0.000000    0.234591   clock reconvergence pessimism
                                 -0.013312    0.221279   library hold time
                                              0.221279   data required time
---------------------------------------------------------------------------------------------
                                              0.221279   data required time
                                             -0.846826   data arrival time
---------------------------------------------------------------------------------------------
                                              0.625548   slack (MET)


Startpoint: _362_ (rising edge-triggered flip-flop clocked by core_clock)
Endpoint: _362_ (rising edge-triggered flip-flop clocked by core_clock)
Path Group: core_clock
Path Type: min

Fanout         Cap        Slew       Delay        Time   Description
---------------------------------------------------------------------------------------------
                                  0.000000    0.000000   clock core_clock (rise edge)
                                  0.000000    0.000000   clock source latency
     1    0.013754    0.000000    0.000000    0.000000 ^ clk_CPU (in)
                                                         clk_CPU (net)
                      0.000660    0.000330    0.000330 ^ clkbuf_0_clk_CPU/A (sky130_fd_sc_hd__clkbuf_16)
     2    0.017893    0.040052    0.107819    0.108149 ^ clkbuf_0_clk_CPU/X (sky130_fd_sc_hd__clkbuf_16)
                                                         clknet_0_clk_CPU (net)
                      0.040053    0.000402    0.108552 ^ clkbuf_1_0__f_clk_CPU/A (sky130_fd_sc_hd__clkbuf_16)
     8    0.024711    0.046023    0.127987    0.236538 ^ clkbuf_1_0__f_clk_CPU/X (sky130_fd_sc_hd__clkbuf_16)
                                                         clknet_1_0__leaf_clk_CPU (net)
                      0.046032    0.000611    0.237149 ^ _362_/CLK (sky130_fd_sc_hd__dfrtp_1)
     5    0.011692    0.114127    0.373713    0.610862 ^ _362_/Q (sky130_fd_sc_hd__dfrtp_1)
                                                         uart1.counter[0] (net)
                      0.114127    0.000173    0.611035 ^ _306_/B (sky130_fd_sc_hd__and2b_1)
     1    0.003564    0.047584    0.136793    0.747828 ^ _306_/X (sky130_fd_sc_hd__and2b_1)
                                                         _124_ (net)
                      0.047584    0.000088    0.747916 ^ _307_/A2 (sky130_fd_sc_hd__o21a_1)
     1    0.002887    0.040187    0.100667    0.848583 ^ _307_/X (sky130_fd_sc_hd__o21a_1)
                                                         _008_ (net)
                      0.040187    0.000067    0.848650 ^ _362_/D (sky130_fd_sc_hd__dfrtp_1)
                                              0.848650   data arrival time

                                  0.000000    0.000000   clock core_clock (rise edge)
                                  0.000000    0.000000   clock source latency
     1    0.013754    0.000000    0.000000    0.000000 ^ clk_CPU (in)
                                                         clk_CPU (net)
                      0.000660    0.000330    0.000330 ^ clkbuf_0_clk_CPU/A (sky130_fd_sc_hd__clkbuf_16)
     2    0.017893    0.040052    0.107819    0.108149 ^ clkbuf_0_clk_CPU/X (sky130_fd_sc_hd__clkbuf_16)
                                                         clknet_0_clk_CPU (net)
                      0.040053    0.000402    0.108552 ^ clkbuf_1_0__f_clk_CPU/A (sky130_fd_sc_hd__clkbuf_16)
     8    0.024711    0.046023    0.127987    0.236538 ^ clkbuf_1_0__f_clk_CPU/X (sky130_fd_sc_hd__clkbuf_16)
                                                         clknet_1_0__leaf_clk_CPU (net)
                      0.046032    0.000611    0.237149 ^ _362_/CLK (sky130_fd_sc_hd__dfrtp_1)
                                  0.000000    0.237149   clock reconvergence pessimism
                                 -0.033615    0.203534   library hold time
                                              0.203534   data required time
---------------------------------------------------------------------------------------------
                                              0.203534   data required time
                                             -0.848650   data arrival time
---------------------------------------------------------------------------------------------
                                              0.645116   slack (MET)


Startpoint: _367_ (rising edge-triggered flip-flop clocked by core_clock)
Endpoint: _367_ (rising edge-triggered flip-flop clocked by core_clock)
Path Group: core_clock
Path Type: min

Fanout         Cap        Slew       Delay        Time   Description
---------------------------------------------------------------------------------------------
                                  0.000000    0.000000   clock core_clock (rise edge)
                                  0.000000    0.000000   clock source latency
     1    0.013754    0.000000    0.000000    0.000000 ^ clk_CPU (in)
                                                         clk_CPU (net)
                      0.000660    0.000330    0.000330 ^ clkbuf_0_clk_CPU/A (sky130_fd_sc_hd__clkbuf_16)
     2    0.017893    0.040052    0.107819    0.108149 ^ clkbuf_0_clk_CPU/X (sky130_fd_sc_hd__clkbuf_16)
                                                         clknet_0_clk_CPU (net)
                      0.040053    0.000391    0.108540 ^ clkbuf_1_1__f_clk_CPU/A (sky130_fd_sc_hd__clkbuf_16)
    12    0.022436    0.045533    0.126051    0.234591 ^ clkbuf_1_1__f_clk_CPU/X (sky130_fd_sc_hd__clkbuf_16)
                                                         clknet_1_1__leaf_clk_CPU (net)
                      0.045533    0.000000    0.234591 ^ _367_/CLK (sky130_fd_sc_hd__dfrtp_2)
     5    0.019613    0.109060    0.399066    0.633657 ^ _367_/Q (sky130_fd_sc_hd__dfrtp_2)
                                                         uart1.counter[5] (net)
                      0.109060    0.000378    0.634035 ^ _322_/A (sky130_fd_sc_hd__xor2_1)
     1    0.001902    0.032516    0.071137    0.705172 v _322_/X (sky130_fd_sc_hd__xor2_1)
                                                         _135_ (net)
                      0.032516    0.000038    0.705209 v _323_/B (sky130_fd_sc_hd__and2_1)
     1    0.003118    0.035170    0.146437    0.851646 v _323_/X (sky130_fd_sc_hd__and2_1)
                                                         _013_ (net)
                      0.035170    0.000080    0.851726 v _367_/D (sky130_fd_sc_hd__dfrtp_2)
                                              0.851726   data arrival time

                                  0.000000    0.000000   clock core_clock (rise edge)
                                  0.000000    0.000000   clock source latency
     1    0.013754    0.000000    0.000000    0.000000 ^ clk_CPU (in)
                                                         clk_CPU (net)
                      0.000660    0.000330    0.000330 ^ clkbuf_0_clk_CPU/A (sky130_fd_sc_hd__clkbuf_16)
     2    0.017893    0.040052    0.107819    0.108149 ^ clkbuf_0_clk_CPU/X (sky130_fd_sc_hd__clkbuf_16)
                                                         clknet_0_clk_CPU (net)
                      0.040053    0.000391    0.108540 ^ clkbuf_1_1__f_clk_CPU/A (sky130_fd_sc_hd__clkbuf_16)
    12    0.022436    0.045533    0.126051    0.234591 ^ clkbuf_1_1__f_clk_CPU/X (sky130_fd_sc_hd__clkbuf_16)
                                                         clknet_1_1__leaf_clk_CPU (net)
                      0.045533    0.000000    0.234591 ^ _367_/CLK (sky130_fd_sc_hd__dfrtp_2)
                                  0.000000    0.234591   clock reconvergence pessimism
                                 -0.037990    0.196601   library hold time
                                              0.196601   data required time
---------------------------------------------------------------------------------------------
                                              0.196601   data required time
                                             -0.851726   data arrival time
---------------------------------------------------------------------------------------------
                                              0.655125   slack (MET)


Startpoint: _362_ (rising edge-triggered flip-flop clocked by core_clock)
Endpoint: _363_ (rising edge-triggered flip-flop clocked by core_clock)
Path Group: core_clock
Path Type: min

Fanout         Cap        Slew       Delay        Time   Description
---------------------------------------------------------------------------------------------
                                  0.000000    0.000000   clock core_clock (rise edge)
                                  0.000000    0.000000   clock source latency
     1    0.013754    0.000000    0.000000    0.000000 ^ clk_CPU (in)
                                                         clk_CPU (net)
                      0.000660    0.000330    0.000330 ^ clkbuf_0_clk_CPU/A (sky130_fd_sc_hd__clkbuf_16)
     2    0.017893    0.040052    0.107819    0.108149 ^ clkbuf_0_clk_CPU/X (sky130_fd_sc_hd__clkbuf_16)
                                                         clknet_0_clk_CPU (net)
                      0.040053    0.000402    0.108552 ^ clkbuf_1_0__f_clk_CPU/A (sky130_fd_sc_hd__clkbuf_16)
     8    0.024711    0.046023    0.127987    0.236538 ^ clkbuf_1_0__f_clk_CPU/X (sky130_fd_sc_hd__clkbuf_16)
                                                         clknet_1_0__leaf_clk_CPU (net)
                      0.046032    0.000611    0.237149 ^ _362_/CLK (sky130_fd_sc_hd__dfrtp_1)
     5    0.011692    0.114127    0.373713    0.610862 ^ _362_/Q (sky130_fd_sc_hd__dfrtp_1)
                                                         uart1.counter[0] (net)
                      0.114127    0.000336    0.611198 ^ _309_/A1 (sky130_fd_sc_hd__a21oi_1)
     1    0.002780    0.041275    0.075637    0.686836 v _309_/Y (sky130_fd_sc_hd__a21oi_1)
                                                         _126_ (net)
                      0.041275    0.000061    0.686896 v _310_/B (sky130_fd_sc_hd__nor2_1)
     1    0.002153    0.065575    0.071903    0.758799 ^ _310_/Y (sky130_fd_sc_hd__nor2_1)
                                                         _127_ (net)
                      0.065575    0.000047    0.758846 ^ _311_/B (sky130_fd_sc_hd__and2_1)
     1    0.003170    0.049150    0.123402    0.882248 ^ _311_/X (sky130_fd_sc_hd__and2_1)
                                                         _009_ (net)
                      0.049150    0.000104    0.882352 ^ _363_/D (sky130_fd_sc_hd__dfrtp_2)
                                              0.882352   data arrival time

                                  0.000000    0.000000   clock core_clock (rise edge)
                                  0.000000    0.000000   clock source latency
     1    0.013754    0.000000    0.000000    0.000000 ^ clk_CPU (in)
                                                         clk_CPU (net)
                      0.000660    0.000330    0.000330 ^ clkbuf_0_clk_CPU/A (sky130_fd_sc_hd__clkbuf_16)
     2    0.017893    0.040052    0.107819    0.108149 ^ clkbuf_0_clk_CPU/X (sky130_fd_sc_hd__clkbuf_16)
                                                         clknet_0_clk_CPU (net)
                      0.040053    0.000402    0.108552 ^ clkbuf_1_0__f_clk_CPU/A (sky130_fd_sc_hd__clkbuf_16)
     8    0.024711    0.046023    0.127987    0.236538 ^ clkbuf_1_0__f_clk_CPU/X (sky130_fd_sc_hd__clkbuf_16)
                                                         clknet_1_0__leaf_clk_CPU (net)
                      0.046029    0.000518    0.237056 ^ _363_/CLK (sky130_fd_sc_hd__dfrtp_2)
                                  0.000000    0.237056   clock reconvergence pessimism
                                 -0.035396    0.201660   library hold time
                                              0.201660   data required time
---------------------------------------------------------------------------------------------
                                              0.201660   data required time
                                             -0.882352   data arrival time
---------------------------------------------------------------------------------------------
                                              0.680692   slack (MET)


Startpoint: _370_ (rising edge-triggered flip-flop clocked by core_clock)
Endpoint: _370_ (rising edge-triggered flip-flop clocked by core_clock)
Path Group: core_clock
Path Type: min

Fanout         Cap        Slew       Delay        Time   Description
---------------------------------------------------------------------------------------------
                                  0.000000    0.000000   clock core_clock (rise edge)
                                  0.000000    0.000000   clock source latency
     1    0.013754    0.000000    0.000000    0.000000 ^ clk_CPU (in)
                                                         clk_CPU (net)
                      0.000660    0.000330    0.000330 ^ clkbuf_0_clk_CPU/A (sky130_fd_sc_hd__clkbuf_16)
     2    0.017893    0.040052    0.107819    0.108149 ^ clkbuf_0_clk_CPU/X (sky130_fd_sc_hd__clkbuf_16)
                                                         clknet_0_clk_CPU (net)
                      0.040053    0.000391    0.108540 ^ clkbuf_1_1__f_clk_CPU/A (sky130_fd_sc_hd__clkbuf_16)
    12    0.022436    0.045533    0.126051    0.234591 ^ clkbuf_1_1__f_clk_CPU/X (sky130_fd_sc_hd__clkbuf_16)
                                                         clknet_1_1__leaf_clk_CPU (net)
                      0.045533    0.000000    0.234591 ^ _370_/CLK (sky130_fd_sc_hd__dfrtp_2)
     5    0.017990    0.102010    0.393541    0.628132 ^ _370_/Q (sky130_fd_sc_hd__dfrtp_2)
                                                         uart1.counter[8] (net)
                      0.102010    0.000249    0.628381 ^ _333_/B1 (sky130_fd_sc_hd__a31oi_1)
     1    0.003949    0.042405    0.056076    0.684456 v _333_/Y (sky130_fd_sc_hd__a31oi_1)
                                                         _143_ (net)
                      0.042405    0.000137    0.684594 v _334_/B (sky130_fd_sc_hd__nor2_1)
     1    0.002672    0.073723    0.078788    0.763382 ^ _334_/Y (sky130_fd_sc_hd__nor2_1)
                                                         _144_ (net)
                      0.073723    0.000085    0.763466 ^ _335_/B (sky130_fd_sc_hd__and2_1)
     1    0.003158    0.049113    0.125627    0.889093 ^ _335_/X (sky130_fd_sc_hd__and2_1)
                                                         _016_ (net)
                      0.049113    0.000079    0.889172 ^ _370_/D (sky130_fd_sc_hd__dfrtp_2)
                                              0.889172   data arrival time

                                  0.000000    0.000000   clock core_clock (rise edge)
                                  0.000000    0.000000   clock source latency
     1    0.013754    0.000000    0.000000    0.000000 ^ clk_CPU (in)
                                                         clk_CPU (net)
                      0.000660    0.000330    0.000330 ^ clkbuf_0_clk_CPU/A (sky130_fd_sc_hd__clkbuf_16)
     2    0.017893    0.040052    0.107819    0.108149 ^ clkbuf_0_clk_CPU/X (sky130_fd_sc_hd__clkbuf_16)
                                                         clknet_0_clk_CPU (net)
                      0.040053    0.000391    0.108540 ^ clkbuf_1_1__f_clk_CPU/A (sky130_fd_sc_hd__clkbuf_16)
    12    0.022436    0.045533    0.126051    0.234591 ^ clkbuf_1_1__f_clk_CPU/X (sky130_fd_sc_hd__clkbuf_16)
                                                         clknet_1_1__leaf_clk_CPU (net)
                      0.045533    0.000000    0.234591 ^ _370_/CLK (sky130_fd_sc_hd__dfrtp_2)
                                  0.000000    0.234591   clock reconvergence pessimism
                                 -0.035456    0.199135   library hold time
                                              0.199135   data required time
---------------------------------------------------------------------------------------------
                                              0.199135   data required time
                                             -0.889172   data arrival time
---------------------------------------------------------------------------------------------
                                              0.690037   slack (MET)


Startpoint: _364_ (rising edge-triggered flip-flop clocked by core_clock)
Endpoint: _364_ (rising edge-triggered flip-flop clocked by core_clock)
Path Group: core_clock
Path Type: min

Fanout         Cap        Slew       Delay        Time   Description
---------------------------------------------------------------------------------------------
                                  0.000000    0.000000   clock core_clock (rise edge)
                                  0.000000    0.000000   clock source latency
     1    0.013754    0.000000    0.000000    0.000000 ^ clk_CPU (in)
                                                         clk_CPU (net)
                      0.000660    0.000330    0.000330 ^ clkbuf_0_clk_CPU/A (sky130_fd_sc_hd__clkbuf_16)
     2    0.017893    0.040052    0.107819    0.108149 ^ clkbuf_0_clk_CPU/X (sky130_fd_sc_hd__clkbuf_16)
                                                         clknet_0_clk_CPU (net)
                      0.040053    0.000402    0.108552 ^ clkbuf_1_0__f_clk_CPU/A (sky130_fd_sc_hd__clkbuf_16)
     8    0.024711    0.046023    0.127987    0.236538 ^ clkbuf_1_0__f_clk_CPU/X (sky130_fd_sc_hd__clkbuf_16)
                                                         clknet_1_0__leaf_clk_CPU (net)
                      0.046031    0.000579    0.237117 ^ _364_/CLK (sky130_fd_sc_hd__dfrtp_1)
     6    0.018363    0.169054    0.413900    0.651017 ^ _364_/Q (sky130_fd_sc_hd__dfrtp_1)
                                                         uart1.counter[2] (net)
                      0.169054    0.000674    0.651690 ^ _313_/A (sky130_fd_sc_hd__nor2_1)
     1    0.002895    0.040015    0.069832    0.721523 v _313_/Y (sky130_fd_sc_hd__nor2_1)
                                                         _129_ (net)
                      0.040015    0.000065    0.721588 v _314_/B (sky130_fd_sc_hd__nor2_1)
     1    0.002129    0.065202    0.071167    0.792755 ^ _314_/Y (sky130_fd_sc_hd__nor2_1)
                                                         _130_ (net)
                      0.065202    0.000045    0.792800 ^ _315_/B (sky130_fd_sc_hd__and2_1)
     1    0.003143    0.048923    0.123090    0.915890 ^ _315_/X (sky130_fd_sc_hd__and2_1)
                                                         _010_ (net)
                      0.048923    0.000104    0.915993 ^ _364_/D (sky130_fd_sc_hd__dfrtp_1)
                                              0.915993   data arrival time

                                  0.000000    0.000000   clock core_clock (rise edge)
                                  0.000000    0.000000   clock source latency
     1    0.013754    0.000000    0.000000    0.000000 ^ clk_CPU (in)
                                                         clk_CPU (net)
                      0.000660    0.000330    0.000330 ^ clkbuf_0_clk_CPU/A (sky130_fd_sc_hd__clkbuf_16)
     2    0.017893    0.040052    0.107819    0.108149 ^ clkbuf_0_clk_CPU/X (sky130_fd_sc_hd__clkbuf_16)
                                                         clknet_0_clk_CPU (net)
                      0.040053    0.000402    0.108552 ^ clkbuf_1_0__f_clk_CPU/A (sky130_fd_sc_hd__clkbuf_16)
     8    0.024711    0.046023    0.127987    0.236538 ^ clkbuf_1_0__f_clk_CPU/X (sky130_fd_sc_hd__clkbuf_16)
                                                         clknet_1_0__leaf_clk_CPU (net)
                      0.046031    0.000579    0.237117 ^ _364_/CLK (sky130_fd_sc_hd__dfrtp_1)
                                  0.000000    0.237117   clock reconvergence pessimism
                                 -0.035446    0.201672   library hold time
                                              0.201672   data required time
---------------------------------------------------------------------------------------------
                                              0.201672   data required time
                                             -0.915993   data arrival time
---------------------------------------------------------------------------------------------
                                              0.714322   slack (MET)


Startpoint: _364_ (rising edge-triggered flip-flop clocked by core_clock)
Endpoint: _368_ (rising edge-triggered flip-flop clocked by core_clock)
Path Group: core_clock
Path Type: min

Fanout         Cap        Slew       Delay        Time   Description
---------------------------------------------------------------------------------------------
                                  0.000000    0.000000   clock core_clock (rise edge)
                                  0.000000    0.000000   clock source latency
     1    0.013754    0.000000    0.000000    0.000000 ^ clk_CPU (in)
                                                         clk_CPU (net)
                      0.000660    0.000330    0.000330 ^ clkbuf_0_clk_CPU/A (sky130_fd_sc_hd__clkbuf_16)
     2    0.017893    0.040052    0.107819    0.108149 ^ clkbuf_0_clk_CPU/X (sky130_fd_sc_hd__clkbuf_16)
                                                         clknet_0_clk_CPU (net)
                      0.040053    0.000402    0.108552 ^ clkbuf_1_0__f_clk_CPU/A (sky130_fd_sc_hd__clkbuf_16)
     8    0.024711    0.046023    0.127987    0.236538 ^ clkbuf_1_0__f_clk_CPU/X (sky130_fd_sc_hd__clkbuf_16)
                                                         clknet_1_0__leaf_clk_CPU (net)
                      0.046031    0.000579    0.237117 ^ _364_/CLK (sky130_fd_sc_hd__dfrtp_1)
     6    0.018363    0.169054    0.413900    0.651017 ^ _364_/Q (sky130_fd_sc_hd__dfrtp_1)
                                                         uart1.counter[2] (net)
                      0.169054    0.000572    0.651589 ^ _326_/A1 (sky130_fd_sc_hd__a41oi_1)
     1    0.002405    0.041707    0.118874    0.770464 v _326_/Y (sky130_fd_sc_hd__a41oi_1)
                                                         _138_ (net)
                      0.041707    0.000054    0.770518 v _327_/B (sky130_fd_sc_hd__and2_1)
     1    0.002401    0.031929    0.146205    0.916723 v _327_/X (sky130_fd_sc_hd__and2_1)
                                                         _014_ (net)
                      0.031929    0.000052    0.916775 v _368_/D (sky130_fd_sc_hd__dfrtp_2)
                                              0.916775   data arrival time

                                  0.000000    0.000000   clock core_clock (rise edge)
                                  0.000000    0.000000   clock source latency
     1    0.013754    0.000000    0.000000    0.000000 ^ clk_CPU (in)
                                                         clk_CPU (net)
                      0.000660    0.000330    0.000330 ^ clkbuf_0_clk_CPU/A (sky130_fd_sc_hd__clkbuf_16)
     2    0.017893    0.040052    0.107819    0.108149 ^ clkbuf_0_clk_CPU/X (sky130_fd_sc_hd__clkbuf_16)
                                                         clknet_0_clk_CPU (net)
                      0.040053    0.000402    0.108552 ^ clkbuf_1_0__f_clk_CPU/A (sky130_fd_sc_hd__clkbuf_16)
     8    0.024711    0.046023    0.127987    0.236538 ^ clkbuf_1_0__f_clk_CPU/X (sky130_fd_sc_hd__clkbuf_16)
                                                         clknet_1_0__leaf_clk_CPU (net)
                      0.046027    0.000456    0.236995 ^ _368_/CLK (sky130_fd_sc_hd__dfrtp_2)
                                  0.000000    0.236995   clock reconvergence pessimism
                                 -0.036558    0.200437   library hold time
                                              0.200437   data required time
---------------------------------------------------------------------------------------------
                                              0.200437   data required time
                                             -0.916775   data arrival time
---------------------------------------------------------------------------------------------
                                              0.716338   slack (MET)


Startpoint: _365_ (rising edge-triggered flip-flop clocked by core_clock)
Endpoint: _365_ (rising edge-triggered flip-flop clocked by core_clock)
Path Group: core_clock
Path Type: min

Fanout         Cap        Slew       Delay        Time   Description
---------------------------------------------------------------------------------------------
                                  0.000000    0.000000   clock core_clock (rise edge)
                                  0.000000    0.000000   clock source latency
     1    0.013754    0.000000    0.000000    0.000000 ^ clk_CPU (in)
                                                         clk_CPU (net)
                      0.000660    0.000330    0.000330 ^ clkbuf_0_clk_CPU/A (sky130_fd_sc_hd__clkbuf_16)
     2    0.017893    0.040052    0.107819    0.108149 ^ clkbuf_0_clk_CPU/X (sky130_fd_sc_hd__clkbuf_16)
                                                         clknet_0_clk_CPU (net)
                      0.040053    0.000402    0.108552 ^ clkbuf_1_0__f_clk_CPU/A (sky130_fd_sc_hd__clkbuf_16)
     8    0.024711    0.046023    0.127987    0.236538 ^ clkbuf_1_0__f_clk_CPU/X (sky130_fd_sc_hd__clkbuf_16)
                                                         clknet_1_0__leaf_clk_CPU (net)
                      0.046030    0.000570    0.237108 ^ _365_/CLK (sky130_fd_sc_hd__dfrtp_4)
    10    0.033022    0.121665    0.463773    0.700881 ^ _365_/Q (sky130_fd_sc_hd__dfrtp_4)
                                                         uart1.counter[3] (net)
                      0.121668    0.000799    0.701680 ^ _316_/A (sky130_fd_sc_hd__xor2_1)
     1    0.003182    0.037727    0.082103    0.783783 v _316_/X (sky130_fd_sc_hd__xor2_1)
                                                         _131_ (net)
                      0.037727    0.000107    0.783890 v _317_/B (sky130_fd_sc_hd__and2_1)
     1    0.003097    0.035077    0.148574    0.932464 v _317_/X (sky130_fd_sc_hd__and2_1)
                                                         _011_ (net)
                      0.035077    0.000101    0.932565 v _365_/D (sky130_fd_sc_hd__dfrtp_4)
                                              0.932565   data arrival time

                                  0.000000    0.000000   clock core_clock (rise edge)
                                  0.000000    0.000000   clock source latency
     1    0.013754    0.000000    0.000000    0.000000 ^ clk_CPU (in)
                                                         clk_CPU (net)
                      0.000660    0.000330    0.000330 ^ clkbuf_0_clk_CPU/A (sky130_fd_sc_hd__clkbuf_16)
     2    0.017893    0.040052    0.107819    0.108149 ^ clkbuf_0_clk_CPU/X (sky130_fd_sc_hd__clkbuf_16)
                                                         clknet_0_clk_CPU (net)
                      0.040053    0.000402    0.108552 ^ clkbuf_1_0__f_clk_CPU/A (sky130_fd_sc_hd__clkbuf_16)
     8    0.024711    0.046023    0.127987    0.236538 ^ clkbuf_1_0__f_clk_CPU/X (sky130_fd_sc_hd__clkbuf_16)
                                                         clknet_1_0__leaf_clk_CPU (net)
                      0.046030    0.000570    0.237108 ^ _365_/CLK (sky130_fd_sc_hd__dfrtp_4)
                                  0.000000    0.237108   clock reconvergence pessimism
                                 -0.037781    0.199327   library hold time
                                              0.199327   data required time
---------------------------------------------------------------------------------------------
                                              0.199327   data required time
                                             -0.932565   data arrival time
---------------------------------------------------------------------------------------------
                                              0.733238   slack (MET)


Startpoint: _366_ (rising edge-triggered flip-flop clocked by core_clock)
Endpoint: _366_ (rising edge-triggered flip-flop clocked by core_clock)
Path Group: core_clock
Path Type: min

Fanout         Cap        Slew       Delay        Time   Description
---------------------------------------------------------------------------------------------
                                  0.000000    0.000000   clock core_clock (rise edge)
                                  0.000000    0.000000   clock source latency
     1    0.013754    0.000000    0.000000    0.000000 ^ clk_CPU (in)
                                                         clk_CPU (net)
                      0.000660    0.000330    0.000330 ^ clkbuf_0_clk_CPU/A (sky130_fd_sc_hd__clkbuf_16)
     2    0.017893    0.040052    0.107819    0.108149 ^ clkbuf_0_clk_CPU/X (sky130_fd_sc_hd__clkbuf_16)
                                                         clknet_0_clk_CPU (net)
                      0.040053    0.000402    0.108552 ^ clkbuf_1_0__f_clk_CPU/A (sky130_fd_sc_hd__clkbuf_16)
     8    0.024711    0.046023    0.127987    0.236538 ^ clkbuf_1_0__f_clk_CPU/X (sky130_fd_sc_hd__clkbuf_16)
                                                         clknet_1_0__leaf_clk_CPU (net)
                      0.046033    0.000634    0.237172 ^ _366_/CLK (sky130_fd_sc_hd__dfrtp_1)
     5    0.015846    0.148259    0.398824    0.635996 ^ _366_/Q (sky130_fd_sc_hd__dfrtp_1)
                                                         uart1.counter[4] (net)
                      0.148259    0.000210    0.636206 ^ _318_/B1 (sky130_fd_sc_hd__a21oi_1)
     1    0.003830    0.051356    0.063485    0.699691 v _318_/Y (sky130_fd_sc_hd__a21oi_1)
                                                         _132_ (net)
                      0.051356    0.000139    0.699830 v _320_/A (sky130_fd_sc_hd__nor2_1)
     1    0.003014    0.079307    0.101435    0.801265 ^ _320_/Y (sky130_fd_sc_hd__nor2_1)
                                                         _134_ (net)
                      0.079307    0.000102    0.801367 ^ _321_/B (sky130_fd_sc_hd__and2_1)
     1    0.003908    0.055416    0.132541    0.933908 ^ _321_/X (sky130_fd_sc_hd__and2_1)
                                                         _012_ (net)
                      0.055416    0.000141    0.934049 ^ _366_/D (sky130_fd_sc_hd__dfrtp_1)
                                              0.934049   data arrival time

                                  0.000000    0.000000   clock core_clock (rise edge)
                                  0.000000    0.000000   clock source latency
     1    0.013754    0.000000    0.000000    0.000000 ^ clk_CPU (in)
                                                         clk_CPU (net)
                      0.000660    0.000330    0.000330 ^ clkbuf_0_clk_CPU/A (sky130_fd_sc_hd__clkbuf_16)
     2    0.017893    0.040052    0.107819    0.108149 ^ clkbuf_0_clk_CPU/X (sky130_fd_sc_hd__clkbuf_16)
                                                         clknet_0_clk_CPU (net)
                      0.040053    0.000402    0.108552 ^ clkbuf_1_0__f_clk_CPU/A (sky130_fd_sc_hd__clkbuf_16)
     8    0.024711    0.046023    0.127987    0.236538 ^ clkbuf_1_0__f_clk_CPU/X (sky130_fd_sc_hd__clkbuf_16)
                                                         clknet_1_0__leaf_clk_CPU (net)
                      0.046033    0.000634    0.237172 ^ _366_/CLK (sky130_fd_sc_hd__dfrtp_1)
                                  0.000000    0.237172   clock reconvergence pessimism
                                 -0.036806    0.200366   library hold time
                                              0.200366   data required time
---------------------------------------------------------------------------------------------
                                              0.200366   data required time
                                             -0.934049   data arrival time
---------------------------------------------------------------------------------------------
                                              0.733683   slack (MET)


Startpoint: _369_ (rising edge-triggered flip-flop clocked by core_clock)
Endpoint: _369_ (rising edge-triggered flip-flop clocked by core_clock)
Path Group: core_clock
Path Type: min

Fanout         Cap        Slew       Delay        Time   Description
---------------------------------------------------------------------------------------------
                                  0.000000    0.000000   clock core_clock (rise edge)
                                  0.000000    0.000000   clock source latency
     1    0.013754    0.000000    0.000000    0.000000 ^ clk_CPU (in)
                                                         clk_CPU (net)
                      0.000660    0.000330    0.000330 ^ clkbuf_0_clk_CPU/A (sky130_fd_sc_hd__clkbuf_16)
     2    0.017893    0.040052    0.107819    0.108149 ^ clkbuf_0_clk_CPU/X (sky130_fd_sc_hd__clkbuf_16)
                                                         clknet_0_clk_CPU (net)
                      0.040053    0.000402    0.108552 ^ clkbuf_1_0__f_clk_CPU/A (sky130_fd_sc_hd__clkbuf_16)
     8    0.024711    0.046023    0.127987    0.236538 ^ clkbuf_1_0__f_clk_CPU/X (sky130_fd_sc_hd__clkbuf_16)
                                                         clknet_1_0__leaf_clk_CPU (net)
                      0.046028    0.000487    0.237025 ^ _369_/CLK (sky130_fd_sc_hd__dfrtp_2)
     5    0.016676    0.096335    0.389242    0.626267 ^ _369_/Q (sky130_fd_sc_hd__dfrtp_2)
                                                         uart1.counter[7] (net)
                      0.096335    0.000365    0.626632 ^ _329_/B1 (sky130_fd_sc_hd__a41oi_1)
     1    0.003302    0.043499    0.054120    0.680752 v _329_/Y (sky130_fd_sc_hd__a41oi_1)
                                                         _140_ (net)
                      0.043499    0.000084    0.680837 v _330_/B1 (sky130_fd_sc_hd__a31oi_1)
     1    0.002919    0.093200    0.134212    0.815049 ^ _330_/Y (sky130_fd_sc_hd__a31oi_1)
                                                         _141_ (net)
                      0.093200    0.000074    0.815123 ^ _331_/B (sky130_fd_sc_hd__and2_1)
     1    0.002592    0.044516    0.126816    0.941939 ^ _331_/X (sky130_fd_sc_hd__and2_1)
                                                         _015_ (net)
                      0.044516    0.000057    0.941996 ^ _369_/D (sky130_fd_sc_hd__dfrtp_2)
                                              0.941996   data arrival time

                                  0.000000    0.000000   clock core_clock (rise edge)
                                  0.000000    0.000000   clock source latency
     1    0.013754    0.000000    0.000000    0.000000 ^ clk_CPU (in)
                                                         clk_CPU (net)
                      0.000660    0.000330    0.000330 ^ clkbuf_0_clk_CPU/A (sky130_fd_sc_hd__clkbuf_16)
     2    0.017893    0.040052    0.107819    0.108149 ^ clkbuf_0_clk_CPU/X (sky130_fd_sc_hd__clkbuf_16)
                                                         clknet_0_clk_CPU (net)
                      0.040053    0.000402    0.108552 ^ clkbuf_1_0__f_clk_CPU/A (sky130_fd_sc_hd__clkbuf_16)
     8    0.024711    0.046023    0.127987    0.236538 ^ clkbuf_1_0__f_clk_CPU/X (sky130_fd_sc_hd__clkbuf_16)
                                                         clknet_1_0__leaf_clk_CPU (net)
                      0.046028    0.000487    0.237025 ^ _369_/CLK (sky130_fd_sc_hd__dfrtp_2)
                                  0.000000    0.237025   clock reconvergence pessimism
                                 -0.034437    0.202588   library hold time
                                              0.202588   data required time
---------------------------------------------------------------------------------------------
                                              0.202588   data required time
                                             -0.941996   data arrival time
---------------------------------------------------------------------------------------------
                                              0.739408   slack (MET)



