50. Printing statistics.

=== uart ===

   Number of wires:                250
   Number of wire bits:            290
   Number of public wires:          20
   Number of public wire bits:      60
   Number of ports:                 15
   Number of port bits:             34
   Number of memories:               0
   Number of memory bits:            0
   Number of processes:              0
   Number of cells:                268
     $_ANDNOT_                      53
     $_AND_                         12
     $_DFFE_PN0N_                    1
     $_DFFE_PN0P_                   19
     $_DFFE_PN1P_                    2
     $_DFF_PN0_                      8
     $_MUX_                         16
     $_NAND_                         7
     $_NOR_                         18
     $_NOT_                         11
     $_ORNOT_                       11
     $_OR_                          91
     $_XNOR_                         4
     $_XOR_                         15

   Area for cell type $_NOT_ is unknown!
   Area for cell type $_AND_ is unknown!
   Area for cell type $_NAND_ is unknown!
   Area for cell type $_OR_ is unknown!
   Area for cell type $_NOR_ is unknown!
   Area for cell type $_XOR_ is unknown!
   Area for cell type $_XNOR_ is unknown!
   Area for cell type $_ANDNOT_ is unknown!
   Area for cell type $_ORNOT_ is unknown!
   Area for cell type $_MUX_ is unknown!
   Area for cell type $_DFF_PN0_ is unknown!
   Area for cell type $_DFFE_PN0N_ is unknown!
   Area for cell type $_DFFE_PN0P_ is unknown!
   Area for cell type $_DFFE_PN1P_ is unknown!

