
===========================================================================
report_checks -unconstrained
===========================================================================
======================= max_ss_100C_1v60 Corner ===================================

Startpoint: _362_ (rising edge-triggered flip-flop clocked by core_clock)
Endpoint: _366_ (rising edge-triggered flip-flop clocked by core_clock)
Path Group: core_clock
Path Type: max

Fanout         Cap        Slew       Delay        Time   Description
---------------------------------------------------------------------------------------------
                                  0.000000    0.000000   clock core_clock (rise edge)
                                  0.000000    0.000000   clock source latency
     1    0.017538    0.000000    0.000000    0.000000 ^ clk_CPU (in)
                                                         clk_CPU (net)
                      0.001235    0.000617    0.000617 ^ clkbuf_0_clk_CPU/A (sky130_fd_sc_hd__clkbuf_16)
     2    0.019570    0.066768    0.190770    0.191387 ^ clkbuf_0_clk_CPU/X (sky130_fd_sc_hd__clkbuf_16)
                                                         clknet_0_clk_CPU (net)
                      0.066787    0.001381    0.192768 ^ clkbuf_1_0__f_clk_CPU/A (sky130_fd_sc_hd__clkbuf_16)
     8    0.027290    0.076783    0.230044    0.422812 ^ clkbuf_1_0__f_clk_CPU/X (sky130_fd_sc_hd__clkbuf_16)
                                                         clknet_1_0__leaf_clk_CPU (net)
                      0.076803    0.001178    0.423990 ^ _362_/CLK (sky130_fd_sc_hd__dfrtp_1)
     5    0.012215    0.158810    0.826379    1.250369 v _362_/Q (sky130_fd_sc_hd__dfrtp_1)
                                                         uart1.counter[0] (net)
                      0.158810    0.000398    1.250767 v _239_/A_N (sky130_fd_sc_hd__and2b_1)
     3    0.009130    0.153898    0.475431    1.726198 ^ _239_/X (sky130_fd_sc_hd__and2b_1)
                                                         _065_ (net)
                      0.153898    0.000522    1.726720 ^ _243_/B1_N (sky130_fd_sc_hd__a21boi_1)
     1    0.003099    0.179955    0.298487    2.025207 ^ _243_/Y (sky130_fd_sc_hd__a21boi_1)
                                                         _069_ (net)
                      0.179955    0.000135    2.025341 ^ _244_/B1 (sky130_fd_sc_hd__o2111a_1)
     2    0.013394    0.230305    0.561051    2.586392 ^ _244_/X (sky130_fd_sc_hd__o2111a_1)
                                                         _070_ (net)
                      0.230305    0.000938    2.587330 ^ _268_/B (sky130_fd_sc_hd__nand4_4)
    10    0.029973    0.337647    0.385352    2.972682 v _268_/Y (sky130_fd_sc_hd__nand4_4)
                                                         _094_ (net)
                      0.337651    0.001913    2.974594 v _321_/A (sky130_fd_sc_hd__and2_1)
     1    0.002713    0.067328    0.403265    3.377859 v _321_/X (sky130_fd_sc_hd__and2_1)
                                                         _012_ (net)
                      0.067328    0.000173    3.378032 v _366_/D (sky130_fd_sc_hd__dfrtp_1)
                                              3.378032   data arrival time

                                 10.000000   10.000000   clock core_clock (rise edge)
                                  0.000000   10.000000   clock source latency
     1    0.017538    0.000000    0.000000   10.000000 ^ clk_CPU (in)
                                                         clk_CPU (net)
                      0.001235    0.000617   10.000618 ^ clkbuf_0_clk_CPU/A (sky130_fd_sc_hd__clkbuf_16)
     2    0.019570    0.066768    0.190770   10.191387 ^ clkbuf_0_clk_CPU/X (sky130_fd_sc_hd__clkbuf_16)
                                                         clknet_0_clk_CPU (net)
                      0.066787    0.001380   10.192768 ^ clkbuf_1_0__f_clk_CPU/A (sky130_fd_sc_hd__clkbuf_16)
     8    0.027290    0.076783    0.230044   10.422812 ^ clkbuf_1_0__f_clk_CPU/X (sky130_fd_sc_hd__clkbuf_16)
                                                         clknet_1_0__leaf_clk_CPU (net)
                      0.076819    0.001481   10.424294 ^ _366_/CLK (sky130_fd_sc_hd__dfrtp_1)
                                  0.000000   10.424294   clock reconvergence pessimism
                                 -0.273633   10.150661   library setup time
                                             10.150661   data required time
---------------------------------------------------------------------------------------------
                                             10.150661   data required time
                                             -3.378032   data arrival time
---------------------------------------------------------------------------------------------
                                              6.772629   slack (MET)




===========================================================================
report_checks --slack_max -0.01
============================================================================
======================= max_ss_100C_1v60 Corner ===================================

No paths found.


===========================================================================
 report_check_types -max_slew -max_cap -max_fanout -violators
============================================================================
======================= max_ss_100C_1v60 Corner ===================================



===========================================================================
report_parasitic_annotation -report_unannotated
============================================================================
Found 2 unannotated drivers.
 _376__32/HI
 _377__33/HI
Found 0 partially unannotated drivers.

===========================================================================
max slew violation count 0
max fanout violation count 0
max cap violation count 0
============================================================================

===========================================================================
check_setup -verbose -unconstrained_endpoints -multiple_clock -no_clock -no_input_delay -loops -generated_clocks
===========================================================================
Warning: There are 18 input ports missing set_input_delay.
  DATA_IN_Rx
  DATA_IN_Tx[0]
  DATA_IN_Tx[1]
  DATA_IN_Tx[2]
  DATA_IN_Tx[3]
  DATA_IN_Tx[4]
  DATA_IN_Tx[5]
  DATA_IN_Tx[6]
  DATA_IN_Tx[7]
  EN
  RST
  UART_BITS
  UART_PARITY
  UART_WRITE
  bitrate[0]
  bitrate[1]
  bitrate[2]
  bitrate[3]
Warning: There are 10 unclocked register/latch pins.
  _346_/CLK
  _347_/CLK
  _348_/CLK
  _349_/CLK
  _357_/CLK
  _358_/CLK
  _359_/CLK
  _360_/CLK
  _361_/CLK
  _373_/CLK
Warning: There are 25 unconstrained endpoints.
  DATA_OUT_Rx[0]
  DATA_OUT_Rx[1]
  DATA_OUT_Rx[2]
  DATA_OUT_Rx[3]
  DATA_OUT_Rx[4]
  DATA_OUT_Rx[5]
  DATA_OUT_Rx[6]
  DATA_OUT_Rx[7]
  DATA_OUT_Rx[8]
  DATA_OUT_Rx[9]
  DATA_OUT_Tx
  IRQ_Rx
  IRQ_Tx
  UART_AVAIL
  uart_clock
  _346_/D
  _347_/D
  _348_/D
  _349_/D
  _357_/D
  _358_/D
  _359_/D
  _360_/D
  _361_/D
  _373_/D
