
===========================================================================
report_checks -path_delay max (Setup)
============================================================================
======================= max_ss_100C_1v60 Corner ===================================

Startpoint: _362_ (rising edge-triggered flip-flop clocked by core_clock)
Endpoint: _366_ (rising edge-triggered flip-flop clocked by core_clock)
Path Group: core_clock
Path Type: max

Fanout         Cap        Slew       Delay        Time   Description
---------------------------------------------------------------------------------------------
                                  0.000000    0.000000   clock core_clock (rise edge)
                                  0.000000    0.000000   clock source latency
     1    0.017538    0.000000    0.000000    0.000000 ^ clk_CPU (in)
                                                         clk_CPU (net)
                      0.001235    0.000617    0.000617 ^ clkbuf_0_clk_CPU/A (sky130_fd_sc_hd__clkbuf_16)
     2    0.019570    0.066768    0.190770    0.191387 ^ clkbuf_0_clk_CPU/X (sky130_fd_sc_hd__clkbuf_16)
                                                         clknet_0_clk_CPU (net)
                      0.066787    0.001381    0.192768 ^ clkbuf_1_0__f_clk_CPU/A (sky130_fd_sc_hd__clkbuf_16)
     8    0.027290    0.076783    0.230044    0.422812 ^ clkbuf_1_0__f_clk_CPU/X (sky130_fd_sc_hd__clkbuf_16)
                                                         clknet_1_0__leaf_clk_CPU (net)
                      0.076803    0.001178    0.423990 ^ _362_/CLK (sky130_fd_sc_hd__dfrtp_1)
     5    0.012215    0.158810    0.826379    1.250369 v _362_/Q (sky130_fd_sc_hd__dfrtp_1)
                                                         uart1.counter[0] (net)
                      0.158810    0.000398    1.250767 v _239_/A_N (sky130_fd_sc_hd__and2b_1)
     3    0.009130    0.153898    0.475431    1.726198 ^ _239_/X (sky130_fd_sc_hd__and2b_1)
                                                         _065_ (net)
                      0.153898    0.000522    1.726720 ^ _243_/B1_N (sky130_fd_sc_hd__a21boi_1)
     1    0.003099    0.179955    0.298487    2.025207 ^ _243_/Y (sky130_fd_sc_hd__a21boi_1)
                                                         _069_ (net)
                      0.179955    0.000135    2.025341 ^ _244_/B1 (sky130_fd_sc_hd__o2111a_1)
     2    0.013394    0.230305    0.561051    2.586392 ^ _244_/X (sky130_fd_sc_hd__o2111a_1)
                                                         _070_ (net)
                      0.230305    0.000938    2.587330 ^ _268_/B (sky130_fd_sc_hd__nand4_4)
    10    0.029973    0.337647    0.385352    2.972682 v _268_/Y (sky130_fd_sc_hd__nand4_4)
                                                         _094_ (net)
                      0.337651    0.001913    2.974594 v _321_/A (sky130_fd_sc_hd__and2_1)
     1    0.002713    0.067328    0.403265    3.377859 v _321_/X (sky130_fd_sc_hd__and2_1)
                                                         _012_ (net)
                      0.067328    0.000173    3.378032 v _366_/D (sky130_fd_sc_hd__dfrtp_1)
                                              3.378032   data arrival time

                                 10.000000   10.000000   clock core_clock (rise edge)
                                  0.000000   10.000000   clock source latency
     1    0.017538    0.000000    0.000000   10.000000 ^ clk_CPU (in)
                                                         clk_CPU (net)
                      0.001235    0.000617   10.000618 ^ clkbuf_0_clk_CPU/A (sky130_fd_sc_hd__clkbuf_16)
     2    0.019570    0.066768    0.190770   10.191387 ^ clkbuf_0_clk_CPU/X (sky130_fd_sc_hd__clkbuf_16)
                                                         clknet_0_clk_CPU (net)
                      0.066787    0.001380   10.192768 ^ clkbuf_1_0__f_clk_CPU/A (sky130_fd_sc_hd__clkbuf_16)
     8    0.027290    0.076783    0.230044   10.422812 ^ clkbuf_1_0__f_clk_CPU/X (sky130_fd_sc_hd__clkbuf_16)
                                                         clknet_1_0__leaf_clk_CPU (net)
                      0.076819    0.001481   10.424294 ^ _366_/CLK (sky130_fd_sc_hd__dfrtp_1)
                                  0.000000   10.424294   clock reconvergence pessimism
                                 -0.273633   10.150661   library setup time
                                             10.150661   data required time
---------------------------------------------------------------------------------------------
                                             10.150661   data required time
                                             -3.378032   data arrival time
---------------------------------------------------------------------------------------------
                                              6.772629   slack (MET)


Startpoint: _362_ (rising edge-triggered flip-flop clocked by core_clock)
Endpoint: _364_ (rising edge-triggered flip-flop clocked by core_clock)
Path Group: core_clock
Path Type: max

Fanout         Cap        Slew       Delay        Time   Description
---------------------------------------------------------------------------------------------
                                  0.000000    0.000000   clock core_clock (rise edge)
                                  0.000000    0.000000   clock source latency
     1    0.017538    0.000000    0.000000    0.000000 ^ clk_CPU (in)
                                                         clk_CPU (net)
                      0.001235    0.000617    0.000617 ^ clkbuf_0_clk_CPU/A (sky130_fd_sc_hd__clkbuf_16)
     2    0.019570    0.066768    0.190770    0.191387 ^ clkbuf_0_clk_CPU/X (sky130_fd_sc_hd__clkbuf_16)
                                                         clknet_0_clk_CPU (net)
                      0.066787    0.001381    0.192768 ^ clkbuf_1_0__f_clk_CPU/A (sky130_fd_sc_hd__clkbuf_16)
     8    0.027290    0.076783    0.230044    0.422812 ^ clkbuf_1_0__f_clk_CPU/X (sky130_fd_sc_hd__clkbuf_16)
                                                         clknet_1_0__leaf_clk_CPU (net)
                      0.076803    0.001178    0.423990 ^ _362_/CLK (sky130_fd_sc_hd__dfrtp_1)
     5    0.012215    0.158810    0.826379    1.250369 v _362_/Q (sky130_fd_sc_hd__dfrtp_1)
                                                         uart1.counter[0] (net)
                      0.158810    0.000398    1.250767 v _239_/A_N (sky130_fd_sc_hd__and2b_1)
     3    0.009130    0.153898    0.475431    1.726198 ^ _239_/X (sky130_fd_sc_hd__and2b_1)
                                                         _065_ (net)
                      0.153898    0.000522    1.726720 ^ _243_/B1_N (sky130_fd_sc_hd__a21boi_1)
     1    0.003099    0.179955    0.298487    2.025207 ^ _243_/Y (sky130_fd_sc_hd__a21boi_1)
                                                         _069_ (net)
                      0.179955    0.000135    2.025341 ^ _244_/B1 (sky130_fd_sc_hd__o2111a_1)
     2    0.013394    0.230305    0.561051    2.586392 ^ _244_/X (sky130_fd_sc_hd__o2111a_1)
                                                         _070_ (net)
                      0.230305    0.000938    2.587330 ^ _268_/B (sky130_fd_sc_hd__nand4_4)
    10    0.029973    0.337647    0.385352    2.972682 v _268_/Y (sky130_fd_sc_hd__nand4_4)
                                                         _094_ (net)
                      0.337648    0.001656    2.974338 v _315_/A (sky130_fd_sc_hd__and2_1)
     1    0.002544    0.065991    0.401489    3.375827 v _315_/X (sky130_fd_sc_hd__and2_1)
                                                         _010_ (net)
                      0.065991    0.000170    3.375997 v _364_/D (sky130_fd_sc_hd__dfrtp_1)
                                              3.375997   data arrival time

                                 10.000000   10.000000   clock core_clock (rise edge)
                                  0.000000   10.000000   clock source latency
     1    0.017538    0.000000    0.000000   10.000000 ^ clk_CPU (in)
                                                         clk_CPU (net)
                      0.001235    0.000617   10.000618 ^ clkbuf_0_clk_CPU/A (sky130_fd_sc_hd__clkbuf_16)
     2    0.019570    0.066768    0.190770   10.191387 ^ clkbuf_0_clk_CPU/X (sky130_fd_sc_hd__clkbuf_16)
                                                         clknet_0_clk_CPU (net)
                      0.066787    0.001380   10.192768 ^ clkbuf_1_0__f_clk_CPU/A (sky130_fd_sc_hd__clkbuf_16)
     8    0.027290    0.076783    0.230044   10.422812 ^ clkbuf_1_0__f_clk_CPU/X (sky130_fd_sc_hd__clkbuf_16)
                                                         clknet_1_0__leaf_clk_CPU (net)
                      0.076805    0.001221   10.424033 ^ _364_/CLK (sky130_fd_sc_hd__dfrtp_1)
                                  0.000000   10.424033   clock reconvergence pessimism
                                 -0.273079   10.150954   library setup time
                                             10.150954   data required time
---------------------------------------------------------------------------------------------
                                             10.150954   data required time
                                             -3.375997   data arrival time
---------------------------------------------------------------------------------------------
                                              6.774958   slack (MET)


Startpoint: _362_ (rising edge-triggered flip-flop clocked by core_clock)
Endpoint: _363_ (rising edge-triggered flip-flop clocked by core_clock)
Path Group: core_clock
Path Type: max

Fanout         Cap        Slew       Delay        Time   Description
---------------------------------------------------------------------------------------------
                                  0.000000    0.000000   clock core_clock (rise edge)
                                  0.000000    0.000000   clock source latency
     1    0.017538    0.000000    0.000000    0.000000 ^ clk_CPU (in)
                                                         clk_CPU (net)
                      0.001235    0.000617    0.000617 ^ clkbuf_0_clk_CPU/A (sky130_fd_sc_hd__clkbuf_16)
     2    0.019570    0.066768    0.190770    0.191387 ^ clkbuf_0_clk_CPU/X (sky130_fd_sc_hd__clkbuf_16)
                                                         clknet_0_clk_CPU (net)
                      0.066787    0.001381    0.192768 ^ clkbuf_1_0__f_clk_CPU/A (sky130_fd_sc_hd__clkbuf_16)
     8    0.027290    0.076783    0.230044    0.422812 ^ clkbuf_1_0__f_clk_CPU/X (sky130_fd_sc_hd__clkbuf_16)
                                                         clknet_1_0__leaf_clk_CPU (net)
                      0.076803    0.001178    0.423990 ^ _362_/CLK (sky130_fd_sc_hd__dfrtp_1)
     5    0.012215    0.158810    0.826379    1.250369 v _362_/Q (sky130_fd_sc_hd__dfrtp_1)
                                                         uart1.counter[0] (net)
                      0.158810    0.000398    1.250767 v _239_/A_N (sky130_fd_sc_hd__and2b_1)
     3    0.009130    0.153898    0.475431    1.726198 ^ _239_/X (sky130_fd_sc_hd__and2b_1)
                                                         _065_ (net)
                      0.153898    0.000522    1.726720 ^ _243_/B1_N (sky130_fd_sc_hd__a21boi_1)
     1    0.003099    0.179955    0.298487    2.025207 ^ _243_/Y (sky130_fd_sc_hd__a21boi_1)
                                                         _069_ (net)
                      0.179955    0.000135    2.025341 ^ _244_/B1 (sky130_fd_sc_hd__o2111a_1)
     2    0.013394    0.230305    0.561051    2.586392 ^ _244_/X (sky130_fd_sc_hd__o2111a_1)
                                                         _070_ (net)
                      0.230305    0.000938    2.587330 ^ _268_/B (sky130_fd_sc_hd__nand4_4)
    10    0.029973    0.337647    0.385352    2.972682 v _268_/Y (sky130_fd_sc_hd__nand4_4)
                                                         _094_ (net)
                      0.337647    0.001456    2.974138 v _311_/A (sky130_fd_sc_hd__and2_1)
     1    0.002405    0.064934    0.400036    3.374174 v _311_/X (sky130_fd_sc_hd__and2_1)
                                                         _009_ (net)
                      0.064934    0.000163    3.374337 v _363_/D (sky130_fd_sc_hd__dfrtp_2)
                                              3.374337   data arrival time

                                 10.000000   10.000000   clock core_clock (rise edge)
                                  0.000000   10.000000   clock source latency
     1    0.017538    0.000000    0.000000   10.000000 ^ clk_CPU (in)
                                                         clk_CPU (net)
                      0.001235    0.000617   10.000618 ^ clkbuf_0_clk_CPU/A (sky130_fd_sc_hd__clkbuf_16)
     2    0.019570    0.066768    0.190770   10.191387 ^ clkbuf_0_clk_CPU/X (sky130_fd_sc_hd__clkbuf_16)
                                                         clknet_0_clk_CPU (net)
                      0.066787    0.001380   10.192768 ^ clkbuf_1_0__f_clk_CPU/A (sky130_fd_sc_hd__clkbuf_16)
     8    0.027290    0.076783    0.230044   10.422812 ^ clkbuf_1_0__f_clk_CPU/X (sky130_fd_sc_hd__clkbuf_16)
                                                         clknet_1_0__leaf_clk_CPU (net)
                      0.076799    0.001080   10.423892 ^ _363_/CLK (sky130_fd_sc_hd__dfrtp_2)
                                  0.000000   10.423892   clock reconvergence pessimism
                                 -0.272680   10.151212   library setup time
                                             10.151212   data required time
---------------------------------------------------------------------------------------------
                                             10.151212   data required time
                                             -3.374337   data arrival time
---------------------------------------------------------------------------------------------
                                              6.776875   slack (MET)


Startpoint: _362_ (rising edge-triggered flip-flop clocked by core_clock)
Endpoint: _368_ (rising edge-triggered flip-flop clocked by core_clock)
Path Group: core_clock
Path Type: max

Fanout         Cap        Slew       Delay        Time   Description
---------------------------------------------------------------------------------------------
                                  0.000000    0.000000   clock core_clock (rise edge)
                                  0.000000    0.000000   clock source latency
     1    0.017538    0.000000    0.000000    0.000000 ^ clk_CPU (in)
                                                         clk_CPU (net)
                      0.001235    0.000617    0.000617 ^ clkbuf_0_clk_CPU/A (sky130_fd_sc_hd__clkbuf_16)
     2    0.019570    0.066768    0.190770    0.191387 ^ clkbuf_0_clk_CPU/X (sky130_fd_sc_hd__clkbuf_16)
                                                         clknet_0_clk_CPU (net)
                      0.066787    0.001381    0.192768 ^ clkbuf_1_0__f_clk_CPU/A (sky130_fd_sc_hd__clkbuf_16)
     8    0.027290    0.076783    0.230044    0.422812 ^ clkbuf_1_0__f_clk_CPU/X (sky130_fd_sc_hd__clkbuf_16)
                                                         clknet_1_0__leaf_clk_CPU (net)
                      0.076803    0.001178    0.423990 ^ _362_/CLK (sky130_fd_sc_hd__dfrtp_1)
     5    0.012215    0.158810    0.826379    1.250369 v _362_/Q (sky130_fd_sc_hd__dfrtp_1)
                                                         uart1.counter[0] (net)
                      0.158810    0.000398    1.250767 v _239_/A_N (sky130_fd_sc_hd__and2b_1)
     3    0.009130    0.153898    0.475431    1.726198 ^ _239_/X (sky130_fd_sc_hd__and2b_1)
                                                         _065_ (net)
                      0.153898    0.000522    1.726720 ^ _243_/B1_N (sky130_fd_sc_hd__a21boi_1)
     1    0.003099    0.179955    0.298487    2.025207 ^ _243_/Y (sky130_fd_sc_hd__a21boi_1)
                                                         _069_ (net)
                      0.179955    0.000135    2.025341 ^ _244_/B1 (sky130_fd_sc_hd__o2111a_1)
     2    0.013394    0.230305    0.561051    2.586392 ^ _244_/X (sky130_fd_sc_hd__o2111a_1)
                                                         _070_ (net)
                      0.230305    0.000938    2.587330 ^ _268_/B (sky130_fd_sc_hd__nand4_4)
    10    0.029973    0.337647    0.385352    2.972682 v _268_/Y (sky130_fd_sc_hd__nand4_4)
                                                         _094_ (net)
                      0.337647    0.001526    2.974208 v _327_/A (sky130_fd_sc_hd__and2_1)
     1    0.002299    0.064543    0.398938    3.373146 v _327_/X (sky130_fd_sc_hd__and2_1)
                                                         _014_ (net)
                      0.064543    0.000157    3.373303 v _368_/D (sky130_fd_sc_hd__dfrtp_2)
                                              3.373303   data arrival time

                                 10.000000   10.000000   clock core_clock (rise edge)
                                  0.000000   10.000000   clock source latency
     1    0.017538    0.000000    0.000000   10.000000 ^ clk_CPU (in)
                                                         clk_CPU (net)
                      0.001235    0.000617   10.000618 ^ clkbuf_0_clk_CPU/A (sky130_fd_sc_hd__clkbuf_16)
     2    0.019570    0.066768    0.190770   10.191387 ^ clkbuf_0_clk_CPU/X (sky130_fd_sc_hd__clkbuf_16)
                                                         clknet_0_clk_CPU (net)
                      0.066787    0.001380   10.192768 ^ clkbuf_1_0__f_clk_CPU/A (sky130_fd_sc_hd__clkbuf_16)
     8    0.027290    0.076783    0.230044   10.422812 ^ clkbuf_1_0__f_clk_CPU/X (sky130_fd_sc_hd__clkbuf_16)
                                                         clknet_1_0__leaf_clk_CPU (net)
                      0.076803    0.001180   10.423992 ^ _368_/CLK (sky130_fd_sc_hd__dfrtp_2)
                                  0.000000   10.423992   clock reconvergence pessimism
                                 -0.272516   10.151477   library setup time
                                             10.151477   data required time
---------------------------------------------------------------------------------------------
                                             10.151477   data required time
                                             -3.373303   data arrival time
---------------------------------------------------------------------------------------------
                                              6.778175   slack (MET)


Startpoint: _362_ (rising edge-triggered flip-flop clocked by core_clock)
Endpoint: _369_ (rising edge-triggered flip-flop clocked by core_clock)
Path Group: core_clock
Path Type: max

Fanout         Cap        Slew       Delay        Time   Description
---------------------------------------------------------------------------------------------
                                  0.000000    0.000000   clock core_clock (rise edge)
                                  0.000000    0.000000   clock source latency
     1    0.017538    0.000000    0.000000    0.000000 ^ clk_CPU (in)
                                                         clk_CPU (net)
                      0.001235    0.000617    0.000617 ^ clkbuf_0_clk_CPU/A (sky130_fd_sc_hd__clkbuf_16)
     2    0.019570    0.066768    0.190770    0.191387 ^ clkbuf_0_clk_CPU/X (sky130_fd_sc_hd__clkbuf_16)
                                                         clknet_0_clk_CPU (net)
                      0.066787    0.001381    0.192768 ^ clkbuf_1_0__f_clk_CPU/A (sky130_fd_sc_hd__clkbuf_16)
     8    0.027290    0.076783    0.230044    0.422812 ^ clkbuf_1_0__f_clk_CPU/X (sky130_fd_sc_hd__clkbuf_16)
                                                         clknet_1_0__leaf_clk_CPU (net)
                      0.076803    0.001178    0.423990 ^ _362_/CLK (sky130_fd_sc_hd__dfrtp_1)
     5    0.012215    0.158810    0.826379    1.250369 v _362_/Q (sky130_fd_sc_hd__dfrtp_1)
                                                         uart1.counter[0] (net)
                      0.158810    0.000398    1.250767 v _239_/A_N (sky130_fd_sc_hd__and2b_1)
     3    0.009130    0.153898    0.475431    1.726198 ^ _239_/X (sky130_fd_sc_hd__and2b_1)
                                                         _065_ (net)
                      0.153898    0.000522    1.726720 ^ _243_/B1_N (sky130_fd_sc_hd__a21boi_1)
     1    0.003099    0.179955    0.298487    2.025207 ^ _243_/Y (sky130_fd_sc_hd__a21boi_1)
                                                         _069_ (net)
                      0.179955    0.000135    2.025341 ^ _244_/B1 (sky130_fd_sc_hd__o2111a_1)
     2    0.013394    0.230305    0.561051    2.586392 ^ _244_/X (sky130_fd_sc_hd__o2111a_1)
                                                         _070_ (net)
                      0.230305    0.000938    2.587330 ^ _268_/B (sky130_fd_sc_hd__nand4_4)
    10    0.029973    0.337647    0.385352    2.972682 v _268_/Y (sky130_fd_sc_hd__nand4_4)
                                                         _094_ (net)
                      0.337657    0.002378    2.975060 v _331_/A (sky130_fd_sc_hd__and2_1)
     1    0.002159    0.063162    0.397481    3.372540 v _331_/X (sky130_fd_sc_hd__and2_1)
                                                         _015_ (net)
                      0.063162    0.000101    3.372641 v _369_/D (sky130_fd_sc_hd__dfrtp_2)
                                              3.372641   data arrival time

                                 10.000000   10.000000   clock core_clock (rise edge)
                                  0.000000   10.000000   clock source latency
     1    0.017538    0.000000    0.000000   10.000000 ^ clk_CPU (in)
                                                         clk_CPU (net)
                      0.001235    0.000617   10.000618 ^ clkbuf_0_clk_CPU/A (sky130_fd_sc_hd__clkbuf_16)
     2    0.019570    0.066768    0.190770   10.191387 ^ clkbuf_0_clk_CPU/X (sky130_fd_sc_hd__clkbuf_16)
                                                         clknet_0_clk_CPU (net)
                      0.066787    0.001380   10.192768 ^ clkbuf_1_0__f_clk_CPU/A (sky130_fd_sc_hd__clkbuf_16)
     8    0.027290    0.076783    0.230044   10.422812 ^ clkbuf_1_0__f_clk_CPU/X (sky130_fd_sc_hd__clkbuf_16)
                                                         clknet_1_0__leaf_clk_CPU (net)
                      0.076837    0.001754   10.424566 ^ _369_/CLK (sky130_fd_sc_hd__dfrtp_2)
                                  0.000000   10.424566   clock reconvergence pessimism
                                 -0.271930   10.152637   library setup time
                                             10.152637   data required time
---------------------------------------------------------------------------------------------
                                             10.152637   data required time
                                             -3.372641   data arrival time
---------------------------------------------------------------------------------------------
                                              6.779995   slack (MET)


Startpoint: _362_ (rising edge-triggered flip-flop clocked by core_clock)
Endpoint: _365_ (rising edge-triggered flip-flop clocked by core_clock)
Path Group: core_clock
Path Type: max

Fanout         Cap        Slew       Delay        Time   Description
---------------------------------------------------------------------------------------------
                                  0.000000    0.000000   clock core_clock (rise edge)
                                  0.000000    0.000000   clock source latency
     1    0.017538    0.000000    0.000000    0.000000 ^ clk_CPU (in)
                                                         clk_CPU (net)
                      0.001235    0.000617    0.000617 ^ clkbuf_0_clk_CPU/A (sky130_fd_sc_hd__clkbuf_16)
     2    0.019570    0.066768    0.190770    0.191387 ^ clkbuf_0_clk_CPU/X (sky130_fd_sc_hd__clkbuf_16)
                                                         clknet_0_clk_CPU (net)
                      0.066787    0.001381    0.192768 ^ clkbuf_1_0__f_clk_CPU/A (sky130_fd_sc_hd__clkbuf_16)
     8    0.027290    0.076783    0.230044    0.422812 ^ clkbuf_1_0__f_clk_CPU/X (sky130_fd_sc_hd__clkbuf_16)
                                                         clknet_1_0__leaf_clk_CPU (net)
                      0.076803    0.001178    0.423990 ^ _362_/CLK (sky130_fd_sc_hd__dfrtp_1)
     5    0.012215    0.158810    0.826379    1.250369 v _362_/Q (sky130_fd_sc_hd__dfrtp_1)
                                                         uart1.counter[0] (net)
                      0.158810    0.000398    1.250767 v _239_/A_N (sky130_fd_sc_hd__and2b_1)
     3    0.009130    0.153898    0.475431    1.726198 ^ _239_/X (sky130_fd_sc_hd__and2b_1)
                                                         _065_ (net)
                      0.153898    0.000522    1.726720 ^ _243_/B1_N (sky130_fd_sc_hd__a21boi_1)
     1    0.003099    0.179955    0.298487    2.025207 ^ _243_/Y (sky130_fd_sc_hd__a21boi_1)
                                                         _069_ (net)
                      0.179955    0.000135    2.025341 ^ _244_/B1 (sky130_fd_sc_hd__o2111a_1)
     2    0.013394    0.230305    0.561051    2.586392 ^ _244_/X (sky130_fd_sc_hd__o2111a_1)
                                                         _070_ (net)
                      0.230305    0.000938    2.587330 ^ _268_/B (sky130_fd_sc_hd__nand4_4)
    10    0.029973    0.337647    0.385352    2.972682 v _268_/Y (sky130_fd_sc_hd__nand4_4)
                                                         _094_ (net)
                      0.337655    0.002258    2.974940 v _317_/A (sky130_fd_sc_hd__and2_1)
     1    0.002232    0.063667    0.398237    3.373177 v _317_/X (sky130_fd_sc_hd__and2_1)
                                                         _011_ (net)
                      0.063667    0.000155    3.373333 v _365_/D (sky130_fd_sc_hd__dfrtp_4)
                                              3.373333   data arrival time

                                 10.000000   10.000000   clock core_clock (rise edge)
                                  0.000000   10.000000   clock source latency
     1    0.017538    0.000000    0.000000   10.000000 ^ clk_CPU (in)
                                                         clk_CPU (net)
                      0.001235    0.000617   10.000618 ^ clkbuf_0_clk_CPU/A (sky130_fd_sc_hd__clkbuf_16)
     2    0.019570    0.066768    0.190770   10.191387 ^ clkbuf_0_clk_CPU/X (sky130_fd_sc_hd__clkbuf_16)
                                                         clknet_0_clk_CPU (net)
                      0.066787    0.001380   10.192768 ^ clkbuf_1_0__f_clk_CPU/A (sky130_fd_sc_hd__clkbuf_16)
     8    0.027290    0.076783    0.230044   10.422812 ^ clkbuf_1_0__f_clk_CPU/X (sky130_fd_sc_hd__clkbuf_16)
                                                         clknet_1_0__leaf_clk_CPU (net)
                      0.076833    0.001702   10.424514 ^ _365_/CLK (sky130_fd_sc_hd__dfrtp_4)
                                  0.000000   10.424514   clock reconvergence pessimism
                                 -0.270321   10.154193   library setup time
                                             10.154193   data required time
---------------------------------------------------------------------------------------------
                                             10.154193   data required time
                                             -3.373333   data arrival time
---------------------------------------------------------------------------------------------
                                              6.780860   slack (MET)


Startpoint: _362_ (rising edge-triggered flip-flop clocked by core_clock)
Endpoint: _370_ (rising edge-triggered flip-flop clocked by core_clock)
Path Group: core_clock
Path Type: max

Fanout         Cap        Slew       Delay        Time   Description
---------------------------------------------------------------------------------------------
                                  0.000000    0.000000   clock core_clock (rise edge)
                                  0.000000    0.000000   clock source latency
     1    0.017538    0.000000    0.000000    0.000000 ^ clk_CPU (in)
                                                         clk_CPU (net)
                      0.001235    0.000617    0.000617 ^ clkbuf_0_clk_CPU/A (sky130_fd_sc_hd__clkbuf_16)
     2    0.019570    0.066768    0.190770    0.191387 ^ clkbuf_0_clk_CPU/X (sky130_fd_sc_hd__clkbuf_16)
                                                         clknet_0_clk_CPU (net)
                      0.066787    0.001381    0.192768 ^ clkbuf_1_0__f_clk_CPU/A (sky130_fd_sc_hd__clkbuf_16)
     8    0.027290    0.076783    0.230044    0.422812 ^ clkbuf_1_0__f_clk_CPU/X (sky130_fd_sc_hd__clkbuf_16)
                                                         clknet_1_0__leaf_clk_CPU (net)
                      0.076803    0.001178    0.423990 ^ _362_/CLK (sky130_fd_sc_hd__dfrtp_1)
     5    0.012215    0.158810    0.826379    1.250369 v _362_/Q (sky130_fd_sc_hd__dfrtp_1)
                                                         uart1.counter[0] (net)
                      0.158810    0.000398    1.250767 v _239_/A_N (sky130_fd_sc_hd__and2b_1)
     3    0.009130    0.153898    0.475431    1.726198 ^ _239_/X (sky130_fd_sc_hd__and2b_1)
                                                         _065_ (net)
                      0.153898    0.000522    1.726720 ^ _243_/B1_N (sky130_fd_sc_hd__a21boi_1)
     1    0.003099    0.179955    0.298487    2.025207 ^ _243_/Y (sky130_fd_sc_hd__a21boi_1)
                                                         _069_ (net)
                      0.179955    0.000135    2.025341 ^ _244_/B1 (sky130_fd_sc_hd__o2111a_1)
     2    0.013394    0.230305    0.561051    2.586392 ^ _244_/X (sky130_fd_sc_hd__o2111a_1)
                                                         _070_ (net)
                      0.230305    0.000938    2.587330 ^ _268_/B (sky130_fd_sc_hd__nand4_4)
    10    0.029973    0.337647    0.385352    2.972682 v _268_/Y (sky130_fd_sc_hd__nand4_4)
                                                         _094_ (net)
                      0.337659    0.002478    2.975160 v _335_/A (sky130_fd_sc_hd__and2_1)
     1    0.002943    0.069103    0.405685    3.380845 v _335_/X (sky130_fd_sc_hd__and2_1)
                                                         _016_ (net)
                      0.069103    0.000125    3.380970 v _370_/D (sky130_fd_sc_hd__dfrtp_2)
                                              3.380970   data arrival time

                                 10.000000   10.000000   clock core_clock (rise edge)
                                  0.000000   10.000000   clock source latency
     1    0.017538    0.000000    0.000000   10.000000 ^ clk_CPU (in)
                                                         clk_CPU (net)
                      0.001235    0.000617   10.000618 ^ clkbuf_0_clk_CPU/A (sky130_fd_sc_hd__clkbuf_16)
     2    0.019570    0.066768    0.190770   10.191387 ^ clkbuf_0_clk_CPU/X (sky130_fd_sc_hd__clkbuf_16)
                                                         clknet_0_clk_CPU (net)
                      0.066787    0.001434   10.192822 ^ clkbuf_1_1__f_clk_CPU/A (sky130_fd_sc_hd__clkbuf_16)
    12    0.039951    0.094762    0.247169   10.439990 ^ clkbuf_1_1__f_clk_CPU/X (sky130_fd_sc_hd__clkbuf_16)
                                                         clknet_1_1__leaf_clk_CPU (net)
                      0.094795    0.001740   10.441730 ^ _370_/CLK (sky130_fd_sc_hd__dfrtp_2)
                                  0.000000   10.441730   clock reconvergence pessimism
                                 -0.269626   10.172104   library setup time
                                             10.172104   data required time
---------------------------------------------------------------------------------------------
                                             10.172104   data required time
                                             -3.380970   data arrival time
---------------------------------------------------------------------------------------------
                                              6.791133   slack (MET)


Startpoint: _362_ (rising edge-triggered flip-flop clocked by core_clock)
Endpoint: _367_ (rising edge-triggered flip-flop clocked by core_clock)
Path Group: core_clock
Path Type: max

Fanout         Cap        Slew       Delay        Time   Description
---------------------------------------------------------------------------------------------
                                  0.000000    0.000000   clock core_clock (rise edge)
                                  0.000000    0.000000   clock source latency
     1    0.017538    0.000000    0.000000    0.000000 ^ clk_CPU (in)
                                                         clk_CPU (net)
                      0.001235    0.000617    0.000617 ^ clkbuf_0_clk_CPU/A (sky130_fd_sc_hd__clkbuf_16)
     2    0.019570    0.066768    0.190770    0.191387 ^ clkbuf_0_clk_CPU/X (sky130_fd_sc_hd__clkbuf_16)
                                                         clknet_0_clk_CPU (net)
                      0.066787    0.001381    0.192768 ^ clkbuf_1_0__f_clk_CPU/A (sky130_fd_sc_hd__clkbuf_16)
     8    0.027290    0.076783    0.230044    0.422812 ^ clkbuf_1_0__f_clk_CPU/X (sky130_fd_sc_hd__clkbuf_16)
                                                         clknet_1_0__leaf_clk_CPU (net)
                      0.076803    0.001178    0.423990 ^ _362_/CLK (sky130_fd_sc_hd__dfrtp_1)
     5    0.012215    0.158810    0.826379    1.250369 v _362_/Q (sky130_fd_sc_hd__dfrtp_1)
                                                         uart1.counter[0] (net)
                      0.158810    0.000398    1.250767 v _239_/A_N (sky130_fd_sc_hd__and2b_1)
     3    0.009130    0.153898    0.475431    1.726198 ^ _239_/X (sky130_fd_sc_hd__and2b_1)
                                                         _065_ (net)
                      0.153898    0.000522    1.726720 ^ _243_/B1_N (sky130_fd_sc_hd__a21boi_1)
     1    0.003099    0.179955    0.298487    2.025207 ^ _243_/Y (sky130_fd_sc_hd__a21boi_1)
                                                         _069_ (net)
                      0.179955    0.000135    2.025341 ^ _244_/B1 (sky130_fd_sc_hd__o2111a_1)
     2    0.013394    0.230305    0.561051    2.586392 ^ _244_/X (sky130_fd_sc_hd__o2111a_1)
                                                         _070_ (net)
                      0.230305    0.000938    2.587330 ^ _268_/B (sky130_fd_sc_hd__nand4_4)
    10    0.029973    0.337647    0.385352    2.972682 v _268_/Y (sky130_fd_sc_hd__nand4_4)
                                                         _094_ (net)
                      0.337653    0.002053    2.974734 v _323_/A (sky130_fd_sc_hd__and2_1)
     1    0.002887    0.068627    0.405087    3.379821 v _323_/X (sky130_fd_sc_hd__and2_1)
                                                         _013_ (net)
                      0.068627    0.000179    3.380000 v _367_/D (sky130_fd_sc_hd__dfrtp_2)
                                              3.380000   data arrival time

                                 10.000000   10.000000   clock core_clock (rise edge)
                                  0.000000   10.000000   clock source latency
     1    0.017538    0.000000    0.000000   10.000000 ^ clk_CPU (in)
                                                         clk_CPU (net)
                      0.001235    0.000617   10.000618 ^ clkbuf_0_clk_CPU/A (sky130_fd_sc_hd__clkbuf_16)
     2    0.019570    0.066768    0.190770   10.191387 ^ clkbuf_0_clk_CPU/X (sky130_fd_sc_hd__clkbuf_16)
                                                         clknet_0_clk_CPU (net)
                      0.066787    0.001434   10.192822 ^ clkbuf_1_1__f_clk_CPU/A (sky130_fd_sc_hd__clkbuf_16)
    12    0.039951    0.094762    0.247169   10.439990 ^ clkbuf_1_1__f_clk_CPU/X (sky130_fd_sc_hd__clkbuf_16)
                                                         clknet_1_1__leaf_clk_CPU (net)
                      0.094800    0.001851   10.441840 ^ _367_/CLK (sky130_fd_sc_hd__dfrtp_2)
                                  0.000000   10.441840   clock reconvergence pessimism
                                 -0.269426   10.172415   library setup time
                                             10.172415   data required time
---------------------------------------------------------------------------------------------
                                             10.172415   data required time
                                             -3.380000   data arrival time
---------------------------------------------------------------------------------------------
                                              6.792416   slack (MET)


Startpoint: _362_ (rising edge-triggered flip-flop clocked by core_clock)
Endpoint: _350_ (rising edge-triggered flip-flop clocked by core_clock)
Path Group: core_clock
Path Type: max

Fanout         Cap        Slew       Delay        Time   Description
---------------------------------------------------------------------------------------------
                                  0.000000    0.000000   clock core_clock (rise edge)
                                  0.000000    0.000000   clock source latency
     1    0.017538    0.000000    0.000000    0.000000 ^ clk_CPU (in)
                                                         clk_CPU (net)
                      0.001235    0.000617    0.000617 ^ clkbuf_0_clk_CPU/A (sky130_fd_sc_hd__clkbuf_16)
     2    0.019570    0.066768    0.190770    0.191387 ^ clkbuf_0_clk_CPU/X (sky130_fd_sc_hd__clkbuf_16)
                                                         clknet_0_clk_CPU (net)
                      0.066787    0.001381    0.192768 ^ clkbuf_1_0__f_clk_CPU/A (sky130_fd_sc_hd__clkbuf_16)
     8    0.027290    0.076783    0.230044    0.422812 ^ clkbuf_1_0__f_clk_CPU/X (sky130_fd_sc_hd__clkbuf_16)
                                                         clknet_1_0__leaf_clk_CPU (net)
                      0.076803    0.001178    0.423990 ^ _362_/CLK (sky130_fd_sc_hd__dfrtp_1)
     5    0.012215    0.158810    0.826379    1.250369 v _362_/Q (sky130_fd_sc_hd__dfrtp_1)
                                                         uart1.counter[0] (net)
                      0.158810    0.000398    1.250767 v _239_/A_N (sky130_fd_sc_hd__and2b_1)
     3    0.009130    0.153898    0.475431    1.726198 ^ _239_/X (sky130_fd_sc_hd__and2b_1)
                                                         _065_ (net)
                      0.153898    0.000522    1.726720 ^ _243_/B1_N (sky130_fd_sc_hd__a21boi_1)
     1    0.003099    0.179955    0.298487    2.025207 ^ _243_/Y (sky130_fd_sc_hd__a21boi_1)
                                                         _069_ (net)
                      0.179955    0.000135    2.025341 ^ _244_/B1 (sky130_fd_sc_hd__o2111a_1)
     2    0.013394    0.230305    0.561051    2.586392 ^ _244_/X (sky130_fd_sc_hd__o2111a_1)
                                                         _070_ (net)
                      0.230305    0.000938    2.587330 ^ _268_/B (sky130_fd_sc_hd__nand4_4)
    10    0.029973    0.337647    0.385352    2.972682 v _268_/Y (sky130_fd_sc_hd__nand4_4)
                                                         _094_ (net)
                      0.337647    0.001393    2.974075 v _279_/A2_N (sky130_fd_sc_hd__o2bb2ai_1)
     1    0.002375    0.093012    0.337609    3.311684 v _279_/Y (sky130_fd_sc_hd__o2bb2ai_1)
                                                         _000_ (net)
                      0.093012    0.000162    3.311846 v _350_/D (sky130_fd_sc_hd__dfrtp_4)
                                              3.311846   data arrival time

                                 10.000000   10.000000   clock core_clock (rise edge)
                                  0.000000   10.000000   clock source latency
     1    0.017538    0.000000    0.000000   10.000000 ^ clk_CPU (in)
                                                         clk_CPU (net)
                      0.001235    0.000617   10.000618 ^ clkbuf_0_clk_CPU/A (sky130_fd_sc_hd__clkbuf_16)
     2    0.019570    0.066768    0.190770   10.191387 ^ clkbuf_0_clk_CPU/X (sky130_fd_sc_hd__clkbuf_16)
                                                         clknet_0_clk_CPU (net)
                      0.066787    0.001380   10.192768 ^ clkbuf_1_0__f_clk_CPU/A (sky130_fd_sc_hd__clkbuf_16)
     8    0.027290    0.076783    0.230044   10.422812 ^ clkbuf_1_0__f_clk_CPU/X (sky130_fd_sc_hd__clkbuf_16)
                                                         clknet_1_0__leaf_clk_CPU (net)
                      0.076803    0.001169   10.423981 ^ _350_/CLK (sky130_fd_sc_hd__dfrtp_4)
                                  0.000000   10.423981   clock reconvergence pessimism
                                 -0.282566   10.141415   library setup time
                                             10.141415   data required time
---------------------------------------------------------------------------------------------
                                             10.141415   data required time
                                             -3.311846   data arrival time
---------------------------------------------------------------------------------------------
                                              6.829569   slack (MET)


Startpoint: _362_ (rising edge-triggered flip-flop clocked by core_clock)
Endpoint: _362_ (rising edge-triggered flip-flop clocked by core_clock)
Path Group: core_clock
Path Type: max

Fanout         Cap        Slew       Delay        Time   Description
---------------------------------------------------------------------------------------------
                                  0.000000    0.000000   clock core_clock (rise edge)
                                  0.000000    0.000000   clock source latency
     1    0.017538    0.000000    0.000000    0.000000 ^ clk_CPU (in)
                                                         clk_CPU (net)
                      0.001235    0.000617    0.000617 ^ clkbuf_0_clk_CPU/A (sky130_fd_sc_hd__clkbuf_16)
     2    0.019570    0.066768    0.190770    0.191387 ^ clkbuf_0_clk_CPU/X (sky130_fd_sc_hd__clkbuf_16)
                                                         clknet_0_clk_CPU (net)
                      0.066787    0.001381    0.192768 ^ clkbuf_1_0__f_clk_CPU/A (sky130_fd_sc_hd__clkbuf_16)
     8    0.027290    0.076783    0.230044    0.422812 ^ clkbuf_1_0__f_clk_CPU/X (sky130_fd_sc_hd__clkbuf_16)
                                                         clknet_1_0__leaf_clk_CPU (net)
                      0.076803    0.001178    0.423990 ^ _362_/CLK (sky130_fd_sc_hd__dfrtp_1)
     5    0.012215    0.158810    0.826379    1.250369 v _362_/Q (sky130_fd_sc_hd__dfrtp_1)
                                                         uart1.counter[0] (net)
                      0.158810    0.000398    1.250767 v _239_/A_N (sky130_fd_sc_hd__and2b_1)
     3    0.009130    0.153898    0.475431    1.726198 ^ _239_/X (sky130_fd_sc_hd__and2b_1)
                                                         _065_ (net)
                      0.153898    0.000522    1.726720 ^ _243_/B1_N (sky130_fd_sc_hd__a21boi_1)
     1    0.003099    0.179955    0.298487    2.025207 ^ _243_/Y (sky130_fd_sc_hd__a21boi_1)
                                                         _069_ (net)
                      0.179955    0.000135    2.025341 ^ _244_/B1 (sky130_fd_sc_hd__o2111a_1)
     2    0.013394    0.230305    0.561051    2.586392 ^ _244_/X (sky130_fd_sc_hd__o2111a_1)
                                                         _070_ (net)
                      0.230305    0.000938    2.587330 ^ _268_/B (sky130_fd_sc_hd__nand4_4)
    10    0.029973    0.337647    0.385352    2.972682 v _268_/Y (sky130_fd_sc_hd__nand4_4)
                                                         _094_ (net)
                      0.337647    0.001386    2.974068 v _307_/B1 (sky130_fd_sc_hd__o21a_1)
     1    0.002131    0.059283    0.300725    3.274793 v _307_/X (sky130_fd_sc_hd__o21a_1)
                                                         _008_ (net)
                      0.059283    0.000151    3.274944 v _362_/D (sky130_fd_sc_hd__dfrtp_1)
                                              3.274944   data arrival time

                                 10.000000   10.000000   clock core_clock (rise edge)
                                  0.000000   10.000000   clock source latency
     1    0.017538    0.000000    0.000000   10.000000 ^ clk_CPU (in)
                                                         clk_CPU (net)
                      0.001235    0.000617   10.000618 ^ clkbuf_0_clk_CPU/A (sky130_fd_sc_hd__clkbuf_16)
     2    0.019570    0.066768    0.190770   10.191387 ^ clkbuf_0_clk_CPU/X (sky130_fd_sc_hd__clkbuf_16)
                                                         clknet_0_clk_CPU (net)
                      0.066787    0.001380   10.192768 ^ clkbuf_1_0__f_clk_CPU/A (sky130_fd_sc_hd__clkbuf_16)
     8    0.027290    0.076783    0.230044   10.422812 ^ clkbuf_1_0__f_clk_CPU/X (sky130_fd_sc_hd__clkbuf_16)
                                                         clknet_1_0__leaf_clk_CPU (net)
                      0.076803    0.001179   10.423991 ^ _362_/CLK (sky130_fd_sc_hd__dfrtp_1)
                                  0.000000   10.423991   clock reconvergence pessimism
                                 -0.270282   10.153708   library setup time
                                             10.153708   data required time
---------------------------------------------------------------------------------------------
                                             10.153708   data required time
                                             -3.274944   data arrival time
---------------------------------------------------------------------------------------------
                                              6.878765   slack (MET)


Startpoint: _364_ (rising edge-triggered flip-flop clocked by core_clock)
Endpoint: _371_ (rising edge-triggered flip-flop clocked by core_clock)
Path Group: core_clock
Path Type: max

Fanout         Cap        Slew       Delay        Time   Description
---------------------------------------------------------------------------------------------
                                  0.000000    0.000000   clock core_clock (rise edge)
                                  0.000000    0.000000   clock source latency
     1    0.017538    0.000000    0.000000    0.000000 ^ clk_CPU (in)
                                                         clk_CPU (net)
                      0.001235    0.000617    0.000617 ^ clkbuf_0_clk_CPU/A (sky130_fd_sc_hd__clkbuf_16)
     2    0.019570    0.066768    0.190770    0.191387 ^ clkbuf_0_clk_CPU/X (sky130_fd_sc_hd__clkbuf_16)
                                                         clknet_0_clk_CPU (net)
                      0.066787    0.001381    0.192768 ^ clkbuf_1_0__f_clk_CPU/A (sky130_fd_sc_hd__clkbuf_16)
     8    0.027290    0.076783    0.230044    0.422812 ^ clkbuf_1_0__f_clk_CPU/X (sky130_fd_sc_hd__clkbuf_16)
                                                         clknet_1_0__leaf_clk_CPU (net)
                      0.076805    0.001221    0.424033 ^ _364_/CLK (sky130_fd_sc_hd__dfrtp_1)
     6    0.020554    0.223353    0.887764    1.311798 v _364_/Q (sky130_fd_sc_hd__dfrtp_1)
                                                         uart1.counter[2] (net)
                      0.223368    0.002014    1.313811 v _250_/B1_N (sky130_fd_sc_hd__a21bo_1)
     2    0.004959    0.088799    0.429237    1.743048 ^ _250_/X (sky130_fd_sc_hd__a21bo_1)
                                                         _076_ (net)
                      0.088799    0.000301    1.743349 ^ _273_/B1_N (sky130_fd_sc_hd__a21boi_1)
     1    0.004014    0.206211    0.292250    2.035599 ^ _273_/Y (sky130_fd_sc_hd__a21boi_1)
                                                         _099_ (net)
                      0.206211    0.000312    2.035911 ^ _275_/B (sky130_fd_sc_hd__nand4b_1)
     1    0.008494    0.323533    0.368279    2.404190 v _275_/Y (sky130_fd_sc_hd__nand4b_1)
                                                         _101_ (net)
                      0.323533    0.000745    2.404935 v _276_/C (sky130_fd_sc_hd__nor3_1)
     1    0.005155    0.358528    0.398301    2.803236 ^ _276_/Y (sky130_fd_sc_hd__nor3_1)
                                                         _102_ (net)
                      0.358528    0.000364    2.803600 ^ _337_/B (sky130_fd_sc_hd__nor2_1)
     1    0.002168    0.079362    0.151946    2.955546 v _337_/Y (sky130_fd_sc_hd__nor2_1)
                                                         _017_ (net)
                      0.079362    0.000158    2.955704 v _371_/D (sky130_fd_sc_hd__dfrtp_1)
                                              2.955704   data arrival time

                                 10.000000   10.000000   clock core_clock (rise edge)
                                  0.000000   10.000000   clock source latency
     1    0.017538    0.000000    0.000000   10.000000 ^ clk_CPU (in)
                                                         clk_CPU (net)
                      0.001235    0.000617   10.000618 ^ clkbuf_0_clk_CPU/A (sky130_fd_sc_hd__clkbuf_16)
     2    0.019570    0.066768    0.190770   10.191387 ^ clkbuf_0_clk_CPU/X (sky130_fd_sc_hd__clkbuf_16)
                                                         clknet_0_clk_CPU (net)
                      0.066787    0.001434   10.192822 ^ clkbuf_1_1__f_clk_CPU/A (sky130_fd_sc_hd__clkbuf_16)
    12    0.039951    0.094762    0.247169   10.439990 ^ clkbuf_1_1__f_clk_CPU/X (sky130_fd_sc_hd__clkbuf_16)
                                                         clknet_1_1__leaf_clk_CPU (net)
                      0.094798    0.001797   10.441787 ^ _371_/CLK (sky130_fd_sc_hd__dfrtp_1)
                                  0.000000   10.441787   clock reconvergence pessimism
                                 -0.273859   10.167928   library setup time
                                             10.167928   data required time
---------------------------------------------------------------------------------------------
                                             10.167928   data required time
                                             -2.955704   data arrival time
---------------------------------------------------------------------------------------------
                                              7.212224   slack (MET)


Startpoint: _356_ (rising edge-triggered flip-flop clocked by core_clock)
Endpoint: _356_ (rising edge-triggered flip-flop clocked by core_clock)
Path Group: core_clock
Path Type: max

Fanout         Cap        Slew       Delay        Time   Description
---------------------------------------------------------------------------------------------
                                  0.000000    0.000000   clock core_clock (rise edge)
                                  0.000000    0.000000   clock source latency
     1    0.017538    0.000000    0.000000    0.000000 ^ clk_CPU (in)
                                                         clk_CPU (net)
                      0.001235    0.000617    0.000617 ^ clkbuf_0_clk_CPU/A (sky130_fd_sc_hd__clkbuf_16)
     2    0.019570    0.066768    0.190770    0.191387 ^ clkbuf_0_clk_CPU/X (sky130_fd_sc_hd__clkbuf_16)
                                                         clknet_0_clk_CPU (net)
                      0.066787    0.001434    0.192821 ^ clkbuf_1_1__f_clk_CPU/A (sky130_fd_sc_hd__clkbuf_16)
    12    0.039951    0.094762    0.247168    0.439989 ^ clkbuf_1_1__f_clk_CPU/X (sky130_fd_sc_hd__clkbuf_16)
                                                         clknet_1_1__leaf_clk_CPU (net)
                      0.094884    0.003012    0.443001 ^ _356_/CLK (sky130_fd_sc_hd__dfrtp_1)
     2    0.006874    0.110547    0.785756    1.228758 v _356_/Q (sky130_fd_sc_hd__dfrtp_1)
                                                         net20 (net)
                      0.110547    0.000389    1.229147 v _293_/B1 (sky130_fd_sc_hd__a31o_1)
     1    0.001846    0.057818    0.334084    1.563231 v _293_/X (sky130_fd_sc_hd__a31o_1)
                                                         _113_ (net)
                      0.057818    0.000124    1.563355 v _295_/B (sky130_fd_sc_hd__and3_1)
     1    0.002758    0.070416    0.322650    1.886005 v _295_/X (sky130_fd_sc_hd__and3_1)
                                                         _006_ (net)
                      0.070416    0.000186    1.886191 v _356_/D (sky130_fd_sc_hd__dfrtp_1)
                                              1.886191   data arrival time

                                 10.000000   10.000000   clock core_clock (rise edge)
                                  0.000000   10.000000   clock source latency
     1    0.017538    0.000000    0.000000   10.000000 ^ clk_CPU (in)
                                                         clk_CPU (net)
                      0.001235    0.000617   10.000618 ^ clkbuf_0_clk_CPU/A (sky130_fd_sc_hd__clkbuf_16)
     2    0.019570    0.066768    0.190770   10.191387 ^ clkbuf_0_clk_CPU/X (sky130_fd_sc_hd__clkbuf_16)
                                                         clknet_0_clk_CPU (net)
                      0.066787    0.001434   10.192822 ^ clkbuf_1_1__f_clk_CPU/A (sky130_fd_sc_hd__clkbuf_16)
    12    0.039951    0.094762    0.247169   10.439990 ^ clkbuf_1_1__f_clk_CPU/X (sky130_fd_sc_hd__clkbuf_16)
                                                         clknet_1_1__leaf_clk_CPU (net)
                      0.094884    0.003012   10.443002 ^ _356_/CLK (sky130_fd_sc_hd__dfrtp_1)
                                  0.000000   10.443002   clock reconvergence pessimism
                                 -0.270106   10.172894   library setup time
                                             10.172894   data required time
---------------------------------------------------------------------------------------------
                                             10.172894   data required time
                                             -1.886191   data arrival time
---------------------------------------------------------------------------------------------
                                              8.286704   slack (MET)


Startpoint: _351_ (rising edge-triggered flip-flop clocked by core_clock)
Endpoint: _351_ (rising edge-triggered flip-flop clocked by core_clock)
Path Group: core_clock
Path Type: max

Fanout         Cap        Slew       Delay        Time   Description
---------------------------------------------------------------------------------------------
                                  0.000000    0.000000   clock core_clock (rise edge)
                                  0.000000    0.000000   clock source latency
     1    0.017538    0.000000    0.000000    0.000000 ^ clk_CPU (in)
                                                         clk_CPU (net)
                      0.001235    0.000617    0.000617 ^ clkbuf_0_clk_CPU/A (sky130_fd_sc_hd__clkbuf_16)
     2    0.019570    0.066768    0.190770    0.191387 ^ clkbuf_0_clk_CPU/X (sky130_fd_sc_hd__clkbuf_16)
                                                         clknet_0_clk_CPU (net)
                      0.066787    0.001434    0.192821 ^ clkbuf_1_1__f_clk_CPU/A (sky130_fd_sc_hd__clkbuf_16)
    12    0.039951    0.094762    0.247168    0.439989 ^ clkbuf_1_1__f_clk_CPU/X (sky130_fd_sc_hd__clkbuf_16)
                                                         clknet_1_1__leaf_clk_CPU (net)
                      0.094908    0.003261    0.443250 ^ _351_/CLK (sky130_fd_sc_hd__dfrtp_1)
     2    0.010542    0.143215    0.819482    1.262732 v _351_/Q (sky130_fd_sc_hd__dfrtp_1)
                                                         net26 (net)
                      0.143215    0.000468    1.263201 v _281_/B2 (sky130_fd_sc_hd__a32o_1)
     1    0.004143    0.083647    0.422596    1.685797 v _281_/X (sky130_fd_sc_hd__a32o_1)
                                                         _001_ (net)
                      0.083647    0.000300    1.686097 v _351_/D (sky130_fd_sc_hd__dfrtp_1)
                                              1.686097   data arrival time

                                 10.000000   10.000000   clock core_clock (rise edge)
                                  0.000000   10.000000   clock source latency
     1    0.017538    0.000000    0.000000   10.000000 ^ clk_CPU (in)
                                                         clk_CPU (net)
                      0.001235    0.000617   10.000618 ^ clkbuf_0_clk_CPU/A (sky130_fd_sc_hd__clkbuf_16)
     2    0.019570    0.066768    0.190770   10.191387 ^ clkbuf_0_clk_CPU/X (sky130_fd_sc_hd__clkbuf_16)
                                                         clknet_0_clk_CPU (net)
                      0.066787    0.001434   10.192822 ^ clkbuf_1_1__f_clk_CPU/A (sky130_fd_sc_hd__clkbuf_16)
    12    0.039951    0.094762    0.247169   10.439990 ^ clkbuf_1_1__f_clk_CPU/X (sky130_fd_sc_hd__clkbuf_16)
                                                         clknet_1_1__leaf_clk_CPU (net)
                      0.094908    0.003261   10.443250 ^ _351_/CLK (sky130_fd_sc_hd__dfrtp_1)
                                  0.000000   10.443250   clock reconvergence pessimism
                                 -0.275616   10.167635   library setup time
                                             10.167635   data required time
---------------------------------------------------------------------------------------------
                                             10.167635   data required time
                                             -1.686097   data arrival time
---------------------------------------------------------------------------------------------
                                              8.481539   slack (MET)


Startpoint: _355_ (rising edge-triggered flip-flop clocked by core_clock)
Endpoint: _355_ (rising edge-triggered flip-flop clocked by core_clock)
Path Group: core_clock
Path Type: max

Fanout         Cap        Slew       Delay        Time   Description
---------------------------------------------------------------------------------------------
                                  0.000000    0.000000   clock core_clock (rise edge)
                                  0.000000    0.000000   clock source latency
     1    0.017538    0.000000    0.000000    0.000000 ^ clk_CPU (in)
                                                         clk_CPU (net)
                      0.001235    0.000617    0.000617 ^ clkbuf_0_clk_CPU/A (sky130_fd_sc_hd__clkbuf_16)
     2    0.019570    0.066768    0.190770    0.191387 ^ clkbuf_0_clk_CPU/X (sky130_fd_sc_hd__clkbuf_16)
                                                         clknet_0_clk_CPU (net)
                      0.066787    0.001434    0.192821 ^ clkbuf_1_1__f_clk_CPU/A (sky130_fd_sc_hd__clkbuf_16)
    12    0.039951    0.094762    0.247168    0.439989 ^ clkbuf_1_1__f_clk_CPU/X (sky130_fd_sc_hd__clkbuf_16)
                                                         clknet_1_1__leaf_clk_CPU (net)
                      0.094886    0.003039    0.443028 ^ _355_/CLK (sky130_fd_sc_hd__dfstp_1)
     2    0.008201    0.142842    1.133993    1.577021 ^ _355_/Q (sky130_fd_sc_hd__dfstp_1)
                                                         net19 (net)
                      0.142842    0.000469    1.577490 ^ _292_/A1 (sky130_fd_sc_hd__a211o_1)
     1    0.002907    0.070818    0.252751    1.830241 ^ _292_/X (sky130_fd_sc_hd__a211o_1)
                                                         _005_ (net)
                      0.070818    0.000210    1.830451 ^ _355_/D (sky130_fd_sc_hd__dfstp_1)
                                              1.830451   data arrival time

                                 10.000000   10.000000   clock core_clock (rise edge)
                                  0.000000   10.000000   clock source latency
     1    0.017538    0.000000    0.000000   10.000000 ^ clk_CPU (in)
                                                         clk_CPU (net)
                      0.001235    0.000617   10.000618 ^ clkbuf_0_clk_CPU/A (sky130_fd_sc_hd__clkbuf_16)
     2    0.019570    0.066768    0.190770   10.191387 ^ clkbuf_0_clk_CPU/X (sky130_fd_sc_hd__clkbuf_16)
                                                         clknet_0_clk_CPU (net)
                      0.066787    0.001434   10.192822 ^ clkbuf_1_1__f_clk_CPU/A (sky130_fd_sc_hd__clkbuf_16)
    12    0.039951    0.094762    0.247169   10.439990 ^ clkbuf_1_1__f_clk_CPU/X (sky130_fd_sc_hd__clkbuf_16)
                                                         clknet_1_1__leaf_clk_CPU (net)
                      0.094886    0.003038   10.443028 ^ _355_/CLK (sky130_fd_sc_hd__dfstp_1)
                                  0.000000   10.443028   clock reconvergence pessimism
                                 -0.117351   10.325677   library setup time
                                             10.325677   data required time
---------------------------------------------------------------------------------------------
                                             10.325677   data required time
                                             -1.830451   data arrival time
---------------------------------------------------------------------------------------------
                                              8.495225   slack (MET)


Startpoint: _352_ (rising edge-triggered flip-flop clocked by core_clock)
Endpoint: _352_ (rising edge-triggered flip-flop clocked by core_clock)
Path Group: core_clock
Path Type: max

Fanout         Cap        Slew       Delay        Time   Description
---------------------------------------------------------------------------------------------
                                  0.000000    0.000000   clock core_clock (rise edge)
                                  0.000000    0.000000   clock source latency
     1    0.017538    0.000000    0.000000    0.000000 ^ clk_CPU (in)
                                                         clk_CPU (net)
                      0.001235    0.000617    0.000617 ^ clkbuf_0_clk_CPU/A (sky130_fd_sc_hd__clkbuf_16)
     2    0.019570    0.066768    0.190770    0.191387 ^ clkbuf_0_clk_CPU/X (sky130_fd_sc_hd__clkbuf_16)
                                                         clknet_0_clk_CPU (net)
                      0.066787    0.001434    0.192821 ^ clkbuf_1_1__f_clk_CPU/A (sky130_fd_sc_hd__clkbuf_16)
    12    0.039951    0.094762    0.247168    0.439989 ^ clkbuf_1_1__f_clk_CPU/X (sky130_fd_sc_hd__clkbuf_16)
                                                         clknet_1_1__leaf_clk_CPU (net)
                      0.094915    0.003336    0.443325 ^ _352_/CLK (sky130_fd_sc_hd__dfrtp_1)
     2    0.009948    0.137779    0.814026    1.257351 v _352_/Q (sky130_fd_sc_hd__dfrtp_1)
                                                         net25 (net)
                      0.137779    0.000431    1.257782 v _283_/B2 (sky130_fd_sc_hd__a32o_1)
     1    0.002830    0.071336    0.404798    1.662579 v _283_/X (sky130_fd_sc_hd__a32o_1)
                                                         _002_ (net)
                      0.071336    0.000181    1.662760 v _352_/D (sky130_fd_sc_hd__dfrtp_1)
                                              1.662760   data arrival time

                                 10.000000   10.000000   clock core_clock (rise edge)
                                  0.000000   10.000000   clock source latency
     1    0.017538    0.000000    0.000000   10.000000 ^ clk_CPU (in)
                                                         clk_CPU (net)
                      0.001235    0.000617   10.000618 ^ clkbuf_0_clk_CPU/A (sky130_fd_sc_hd__clkbuf_16)
     2    0.019570    0.066768    0.190770   10.191387 ^ clkbuf_0_clk_CPU/X (sky130_fd_sc_hd__clkbuf_16)
                                                         clknet_0_clk_CPU (net)
                      0.066787    0.001434   10.192822 ^ clkbuf_1_1__f_clk_CPU/A (sky130_fd_sc_hd__clkbuf_16)
    12    0.039951    0.094762    0.247169   10.439990 ^ clkbuf_1_1__f_clk_CPU/X (sky130_fd_sc_hd__clkbuf_16)
                                                         clknet_1_1__leaf_clk_CPU (net)
                      0.094915    0.003335   10.443325 ^ _352_/CLK (sky130_fd_sc_hd__dfrtp_1)
                                  0.000000   10.443325   clock reconvergence pessimism
                                 -0.270481   10.172843   library setup time
                                             10.172843   data required time
---------------------------------------------------------------------------------------------
                                             10.172843   data required time
                                             -1.662760   data arrival time
---------------------------------------------------------------------------------------------
                                              8.510083   slack (MET)


Startpoint: _375_ (rising edge-triggered flip-flop clocked by core_clock)
Endpoint: _375_ (rising edge-triggered flip-flop clocked by core_clock)
Path Group: core_clock
Path Type: max

Fanout         Cap        Slew       Delay        Time   Description
---------------------------------------------------------------------------------------------
                                  0.000000    0.000000   clock core_clock (rise edge)
                                  0.000000    0.000000   clock source latency
     1    0.017538    0.000000    0.000000    0.000000 ^ clk_CPU (in)
                                                         clk_CPU (net)
                      0.001235    0.000617    0.000617 ^ clkbuf_0_clk_CPU/A (sky130_fd_sc_hd__clkbuf_16)
     2    0.019570    0.066768    0.190770    0.191387 ^ clkbuf_0_clk_CPU/X (sky130_fd_sc_hd__clkbuf_16)
                                                         clknet_0_clk_CPU (net)
                      0.066787    0.001434    0.192821 ^ clkbuf_1_1__f_clk_CPU/A (sky130_fd_sc_hd__clkbuf_16)
    12    0.039951    0.094762    0.247168    0.439989 ^ clkbuf_1_1__f_clk_CPU/X (sky130_fd_sc_hd__clkbuf_16)
                                                         clknet_1_1__leaf_clk_CPU (net)
                      0.094882    0.002992    0.442981 ^ _375_/CLK (sky130_fd_sc_hd__dfrtp_1)
     2    0.006776    0.109719    0.784866    1.227847 v _375_/Q (sky130_fd_sc_hd__dfrtp_1)
                                                         net22 (net)
                      0.109719    0.000409    1.228256 v _345_/A1 (sky130_fd_sc_hd__o211a_1)
     1    0.002882    0.071891    0.418135    1.646391 v _345_/X (sky130_fd_sc_hd__o211a_1)
                                                         _021_ (net)
                      0.071891    0.000181    1.646572 v _375_/D (sky130_fd_sc_hd__dfrtp_1)
                                              1.646572   data arrival time

                                 10.000000   10.000000   clock core_clock (rise edge)
                                  0.000000   10.000000   clock source latency
     1    0.017538    0.000000    0.000000   10.000000 ^ clk_CPU (in)
                                                         clk_CPU (net)
                      0.001235    0.000617   10.000618 ^ clkbuf_0_clk_CPU/A (sky130_fd_sc_hd__clkbuf_16)
     2    0.019570    0.066768    0.190770   10.191387 ^ clkbuf_0_clk_CPU/X (sky130_fd_sc_hd__clkbuf_16)
                                                         clknet_0_clk_CPU (net)
                      0.066787    0.001434   10.192822 ^ clkbuf_1_1__f_clk_CPU/A (sky130_fd_sc_hd__clkbuf_16)
    12    0.039951    0.094762    0.247169   10.439990 ^ clkbuf_1_1__f_clk_CPU/X (sky130_fd_sc_hd__clkbuf_16)
                                                         clknet_1_1__leaf_clk_CPU (net)
                      0.094882    0.002991   10.442981 ^ _375_/CLK (sky130_fd_sc_hd__dfrtp_1)
                                  0.000000   10.442981   clock reconvergence pessimism
                                 -0.270722   10.172259   library setup time
                                             10.172259   data required time
---------------------------------------------------------------------------------------------
                                             10.172259   data required time
                                             -1.646572   data arrival time
---------------------------------------------------------------------------------------------
                                              8.525688   slack (MET)


Startpoint: _374_ (rising edge-triggered flip-flop clocked by core_clock)
Endpoint: _374_ (rising edge-triggered flip-flop clocked by core_clock)
Path Group: core_clock
Path Type: max

Fanout         Cap        Slew       Delay        Time   Description
---------------------------------------------------------------------------------------------
                                  0.000000    0.000000   clock core_clock (rise edge)
                                  0.000000    0.000000   clock source latency
     1    0.017538    0.000000    0.000000    0.000000 ^ clk_CPU (in)
                                                         clk_CPU (net)
                      0.001235    0.000617    0.000617 ^ clkbuf_0_clk_CPU/A (sky130_fd_sc_hd__clkbuf_16)
     2    0.019570    0.066768    0.190770    0.191387 ^ clkbuf_0_clk_CPU/X (sky130_fd_sc_hd__clkbuf_16)
                                                         clknet_0_clk_CPU (net)
                      0.066787    0.001434    0.192821 ^ clkbuf_1_1__f_clk_CPU/A (sky130_fd_sc_hd__clkbuf_16)
    12    0.039951    0.094762    0.247168    0.439989 ^ clkbuf_1_1__f_clk_CPU/X (sky130_fd_sc_hd__clkbuf_16)
                                                         clknet_1_1__leaf_clk_CPU (net)
                      0.094875    0.002918    0.442907 ^ _374_/CLK (sky130_fd_sc_hd__dfrtp_1)
     2    0.006569    0.107997    0.782973    1.225879 v _374_/Q (sky130_fd_sc_hd__dfrtp_1)
                                                         net21 (net)
                      0.107997    0.000379    1.226258 v _342_/A1 (sky130_fd_sc_hd__o211a_1)
     1    0.002725    0.070468    0.415489    1.641747 v _342_/X (sky130_fd_sc_hd__o211a_1)
                                                         _020_ (net)
                      0.070468    0.000174    1.641921 v _374_/D (sky130_fd_sc_hd__dfrtp_1)
                                              1.641921   data arrival time

                                 10.000000   10.000000   clock core_clock (rise edge)
                                  0.000000   10.000000   clock source latency
     1    0.017538    0.000000    0.000000   10.000000 ^ clk_CPU (in)
                                                         clk_CPU (net)
                      0.001235    0.000617   10.000618 ^ clkbuf_0_clk_CPU/A (sky130_fd_sc_hd__clkbuf_16)
     2    0.019570    0.066768    0.190770   10.191387 ^ clkbuf_0_clk_CPU/X (sky130_fd_sc_hd__clkbuf_16)
                                                         clknet_0_clk_CPU (net)
                      0.066787    0.001434   10.192822 ^ clkbuf_1_1__f_clk_CPU/A (sky130_fd_sc_hd__clkbuf_16)
    12    0.039951    0.094762    0.247169   10.439990 ^ clkbuf_1_1__f_clk_CPU/X (sky130_fd_sc_hd__clkbuf_16)
                                                         clknet_1_1__leaf_clk_CPU (net)
                      0.094875    0.002918   10.442907 ^ _374_/CLK (sky130_fd_sc_hd__dfrtp_1)
                                  0.000000   10.442907   clock reconvergence pessimism
                                 -0.270130   10.172776   library setup time
                                             10.172776   data required time
---------------------------------------------------------------------------------------------
                                             10.172776   data required time
                                             -1.641921   data arrival time
---------------------------------------------------------------------------------------------
                                              8.530855   slack (MET)


Startpoint: _353_ (rising edge-triggered flip-flop clocked by core_clock)
Endpoint: _353_ (rising edge-triggered flip-flop clocked by core_clock)
Path Group: core_clock
Path Type: max

Fanout         Cap        Slew       Delay        Time   Description
---------------------------------------------------------------------------------------------
                                  0.000000    0.000000   clock core_clock (rise edge)
                                  0.000000    0.000000   clock source latency
     1    0.017538    0.000000    0.000000    0.000000 ^ clk_CPU (in)
                                                         clk_CPU (net)
                      0.001235    0.000617    0.000617 ^ clkbuf_0_clk_CPU/A (sky130_fd_sc_hd__clkbuf_16)
     2    0.019570    0.066768    0.190770    0.191387 ^ clkbuf_0_clk_CPU/X (sky130_fd_sc_hd__clkbuf_16)
                                                         clknet_0_clk_CPU (net)
                      0.066787    0.001434    0.192821 ^ clkbuf_1_1__f_clk_CPU/A (sky130_fd_sc_hd__clkbuf_16)
    12    0.039951    0.094762    0.247168    0.439989 ^ clkbuf_1_1__f_clk_CPU/X (sky130_fd_sc_hd__clkbuf_16)
                                                         clknet_1_1__leaf_clk_CPU (net)
                      0.094902    0.003200    0.443189 ^ _353_/CLK (sky130_fd_sc_hd__dfrtp_1)
     2    0.006948    0.111177    0.786447    1.229636 v _353_/Q (sky130_fd_sc_hd__dfrtp_1)
                                                         net24 (net)
                      0.111177    0.000432    1.230068 v _286_/A1 (sky130_fd_sc_hd__o211a_1)
     1    0.002276    0.066562    0.411147    1.641215 v _286_/X (sky130_fd_sc_hd__o211a_1)
                                                         _003_ (net)
                      0.066562    0.000160    1.641375 v _353_/D (sky130_fd_sc_hd__dfrtp_1)
                                              1.641375   data arrival time

                                 10.000000   10.000000   clock core_clock (rise edge)
                                  0.000000   10.000000   clock source latency
     1    0.017538    0.000000    0.000000   10.000000 ^ clk_CPU (in)
                                                         clk_CPU (net)
                      0.001235    0.000617   10.000618 ^ clkbuf_0_clk_CPU/A (sky130_fd_sc_hd__clkbuf_16)
     2    0.019570    0.066768    0.190770   10.191387 ^ clkbuf_0_clk_CPU/X (sky130_fd_sc_hd__clkbuf_16)
                                                         clknet_0_clk_CPU (net)
                      0.066787    0.001434   10.192822 ^ clkbuf_1_1__f_clk_CPU/A (sky130_fd_sc_hd__clkbuf_16)
    12    0.039951    0.094762    0.247169   10.439990 ^ clkbuf_1_1__f_clk_CPU/X (sky130_fd_sc_hd__clkbuf_16)
                                                         clknet_1_1__leaf_clk_CPU (net)
                      0.094902    0.003200   10.443190 ^ _353_/CLK (sky130_fd_sc_hd__dfrtp_1)
                                  0.000000   10.443190   clock reconvergence pessimism
                                 -0.268495   10.174695   library setup time
                                             10.174695   data required time
---------------------------------------------------------------------------------------------
                                             10.174695   data required time
                                             -1.641375   data arrival time
---------------------------------------------------------------------------------------------
                                              8.533320   slack (MET)


Startpoint: _354_ (rising edge-triggered flip-flop clocked by core_clock)
Endpoint: _354_ (rising edge-triggered flip-flop clocked by core_clock)
Path Group: core_clock
Path Type: max

Fanout         Cap        Slew       Delay        Time   Description
---------------------------------------------------------------------------------------------
                                  0.000000    0.000000   clock core_clock (rise edge)
                                  0.000000    0.000000   clock source latency
     1    0.017538    0.000000    0.000000    0.000000 ^ clk_CPU (in)
                                                         clk_CPU (net)
                      0.001235    0.000617    0.000617 ^ clkbuf_0_clk_CPU/A (sky130_fd_sc_hd__clkbuf_16)
     2    0.019570    0.066768    0.190770    0.191387 ^ clkbuf_0_clk_CPU/X (sky130_fd_sc_hd__clkbuf_16)
                                                         clknet_0_clk_CPU (net)
                      0.066787    0.001434    0.192821 ^ clkbuf_1_1__f_clk_CPU/A (sky130_fd_sc_hd__clkbuf_16)
    12    0.039951    0.094762    0.247168    0.439989 ^ clkbuf_1_1__f_clk_CPU/X (sky130_fd_sc_hd__clkbuf_16)
                                                         clknet_1_1__leaf_clk_CPU (net)
                      0.094887    0.003053    0.443042 ^ _354_/CLK (sky130_fd_sc_hd__dfrtp_1)
     2    0.006103    0.104137    0.778735    1.221777 v _354_/Q (sky130_fd_sc_hd__dfrtp_1)
                                                         net23 (net)
                      0.104137    0.000309    1.222087 v _289_/A1 (sky130_fd_sc_hd__o211a_1)
     1    0.002181    0.065776    0.407157    1.629244 v _289_/X (sky130_fd_sc_hd__o211a_1)
                                                         _004_ (net)
                      0.065776    0.000152    1.629396 v _354_/D (sky130_fd_sc_hd__dfrtp_1)
                                              1.629396   data arrival time

                                 10.000000   10.000000   clock core_clock (rise edge)
                                  0.000000   10.000000   clock source latency
     1    0.017538    0.000000    0.000000   10.000000 ^ clk_CPU (in)
                                                         clk_CPU (net)
                      0.001235    0.000617   10.000618 ^ clkbuf_0_clk_CPU/A (sky130_fd_sc_hd__clkbuf_16)
     2    0.019570    0.066768    0.190770   10.191387 ^ clkbuf_0_clk_CPU/X (sky130_fd_sc_hd__clkbuf_16)
                                                         clknet_0_clk_CPU (net)
                      0.066787    0.001434   10.192822 ^ clkbuf_1_1__f_clk_CPU/A (sky130_fd_sc_hd__clkbuf_16)
    12    0.039951    0.094762    0.247169   10.439990 ^ clkbuf_1_1__f_clk_CPU/X (sky130_fd_sc_hd__clkbuf_16)
                                                         clknet_1_1__leaf_clk_CPU (net)
                      0.094887    0.003053   10.443043 ^ _354_/CLK (sky130_fd_sc_hd__dfrtp_1)
                                  0.000000   10.443043   clock reconvergence pessimism
                                 -0.268171   10.174871   library setup time
                                             10.174871   data required time
---------------------------------------------------------------------------------------------
                                             10.174871   data required time
                                             -1.629396   data arrival time
---------------------------------------------------------------------------------------------
                                              8.545475   slack (MET)


Startpoint: _372_ (rising edge-triggered flip-flop clocked by core_clock)
Endpoint: _372_ (rising edge-triggered flip-flop clocked by core_clock)
Path Group: core_clock
Path Type: max

Fanout         Cap        Slew       Delay        Time   Description
---------------------------------------------------------------------------------------------
                                  0.000000    0.000000   clock core_clock (rise edge)
                                  0.000000    0.000000   clock source latency
     1    0.017538    0.000000    0.000000    0.000000 ^ clk_CPU (in)
                                                         clk_CPU (net)
                      0.001235    0.000617    0.000617 ^ clkbuf_0_clk_CPU/A (sky130_fd_sc_hd__clkbuf_16)
     2    0.019570    0.066768    0.190770    0.191387 ^ clkbuf_0_clk_CPU/X (sky130_fd_sc_hd__clkbuf_16)
                                                         clknet_0_clk_CPU (net)
                      0.066787    0.001434    0.192821 ^ clkbuf_1_1__f_clk_CPU/A (sky130_fd_sc_hd__clkbuf_16)
    12    0.039951    0.094762    0.247168    0.439989 ^ clkbuf_1_1__f_clk_CPU/X (sky130_fd_sc_hd__clkbuf_16)
                                                         clknet_1_1__leaf_clk_CPU (net)
                      0.094890    0.003085    0.443074 ^ _372_/CLK (sky130_fd_sc_hd__dfrtp_1)
     3    0.007852    0.118929    0.794732    1.237806 v _372_/Q (sky130_fd_sc_hd__dfrtp_1)
                                                         net28 (net)
                      0.118929    0.000455    1.238260 v _338_/B1 (sky130_fd_sc_hd__a31o_1)
     1    0.002267    0.061303    0.342335    1.580595 v _338_/X (sky130_fd_sc_hd__a31o_1)
                                                         _018_ (net)
                      0.061303    0.000158    1.580753 v _372_/D (sky130_fd_sc_hd__dfrtp_1)
                                              1.580753   data arrival time

                                 10.000000   10.000000   clock core_clock (rise edge)
                                  0.000000   10.000000   clock source latency
     1    0.017538    0.000000    0.000000   10.000000 ^ clk_CPU (in)
                                                         clk_CPU (net)
                      0.001235    0.000617   10.000618 ^ clkbuf_0_clk_CPU/A (sky130_fd_sc_hd__clkbuf_16)
     2    0.019570    0.066768    0.190770   10.191387 ^ clkbuf_0_clk_CPU/X (sky130_fd_sc_hd__clkbuf_16)
                                                         clknet_0_clk_CPU (net)
                      0.066787    0.001434   10.192822 ^ clkbuf_1_1__f_clk_CPU/A (sky130_fd_sc_hd__clkbuf_16)
    12    0.039951    0.094762    0.247169   10.439990 ^ clkbuf_1_1__f_clk_CPU/X (sky130_fd_sc_hd__clkbuf_16)
                                                         clknet_1_1__leaf_clk_CPU (net)
                      0.094890    0.003085   10.443074 ^ _372_/CLK (sky130_fd_sc_hd__dfrtp_1)
                                  0.000000   10.443074   clock reconvergence pessimism
                                 -0.266306   10.176769   library setup time
                                             10.176769   data required time
---------------------------------------------------------------------------------------------
                                             10.176769   data required time
                                             -1.580753   data arrival time
---------------------------------------------------------------------------------------------
                                              8.596017   slack (MET)



